#	date	

14:37:33.800263		MAIN	INFO	SCENARIO	FILENAME	complete_sysmon.txt
14:37:33.800644		MAIN	INFO	SCREENSIZE	WIDTH	1600
14:37:33.800910		MAIN	INFO	SCREENSIZE	HEIGHT	900
14:37:33.920063		MAIN	INFO	COMMUNICATIONS	AOI_X	[0, 469]
14:37:33.920375		MAIN	INFO	COMMUNICATIONS	AOI_Y	[483, 900]
14:37:33.948610		MAIN	INFO	SCHEDULING	AOI_X	[1313, 1600]
14:37:33.949026		MAIN	INFO	SCHEDULING	AOI_Y	[33, 450]
14:37:33.949648		MAIN	INFO	RESMAN	AOI_X	[469, 1321]
14:37:33.949907		MAIN	INFO	RESMAN	AOI_Y	[483, 900]
14:37:33.950411		MAIN	INFO	SYSMON	AOI_X	[0, 557]
14:37:33.950649		MAIN	INFO	SYSMON	AOI_Y	[33, 450]
14:37:33.951210		MAIN	INFO	TRACK	AOI_X	[469, 1321]
14:37:33.951446		MAIN	INFO	TRACK	AOI_Y	[33, 450]
14:37:33.952020		MAIN	INFO	PUMPSTATUS	AOI_X	[1313, 1600]
14:37:33.952252		MAIN	INFO	PUMPSTATUS	AOI_Y	[483, 900]
14:37:34.814440		MAIN	STATE	SYSMON	START
14:37:38.814908		MAIN	SCENARIO	SYSMON	LIGHTS-2-FAILURE	True
14:37:38.911216		SYSMON	STATE	E	FAILURE
14:37:39.722139		MAIN	INPUT	KEY_RELEASE	69
14:37:39.722489		SYSMON	ACTION	E	HIT
14:37:39.722561		SYSMON	STATE	E	SAFE
14:37:43.815595		MAIN	SCENARIO	SYSMON	SCALES-1-FAILURE	down
14:37:43.916905		SYSMON	STATE	A	FAILURE
14:37:46.766518		SYSMON	ACTION	A	MISS
14:37:46.766686		SYSMON	STATE	A	SAFE
14:37:48.814905		MAIN	SCENARIO	SYSMON	LIGHTS-1-FAILURE	True
14:37:48.923237		SYSMON	STATE	W	FAILURE
14:37:49.770328		MAIN	INPUT	KEY_RELEASE	87
14:37:49.770556		SYSMON	ACTION	W	HIT
14:37:49.770626		SYSMON	STATE	W	SAFE
14:37:53.815333		MAIN	SCENARIO	SYSMON	SCALES-2-FAILURE	up
14:37:53.928622		SYSMON	STATE	S	FAILURE
14:37:55.290183		MAIN	INPUT	KEY_RELEASE	68
14:37:55.290382		SYSMON	ACTION	S	MISS
14:37:55.290458		SYSMON	STATE	S	SAFE
14:37:58.815823		MAIN	SCENARIO	SYSMON	SCALES-3-FAILURE	down
14:37:58.934187		SYSMON	STATE	D	FAILURE
14:38:00.426271		MAIN	INPUT	KEY_RELEASE	70
14:38:00.426518		SYSMON	ACTION	D	MISS
14:38:00.426942		SYSMON	STATE	D	SAFE
14:38:02.410335		MAIN	INPUT	KEY_RELEASE	68
14:38:02.410538		SYSMON	ACTION	D	FA
14:38:02.815419		MAIN	STATE	SYSMON	STOP
14:38:09.836930		MAIN	STATE		END
14:38:09.837707		MAIN	STATE		END
