#	date	

11:56:00.480529		MAIN	INFO	SCENARIO	FILENAME	complete_comm.txt
11:56:00.480875		MAIN	INFO	SCREENSIZE	WIDTH	1920
11:56:00.481053		MAIN	INFO	SCREENSIZE	HEIGHT	1080
11:56:00.486318		MAIN	INFO	COMMUNICATIONS	AOI_X	[0, 563]
11:56:00.486380		MAIN	INFO	COMMUNICATIONS	AOI_Y	[580, 1080]
11:56:00.486663		MAIN	INFO	SYSMON	AOI_X	[0, 668]
11:56:00.486715		MAIN	INFO	SYSMON	AOI_Y	[40, 540]
11:56:00.486864		MAIN	INFO	TRACK	AOI_X	[563, 1585]
11:56:00.486915		MAIN	INFO	TRACK	AOI_Y	[40, 540]
11:56:00.487023		MAIN	INFO	RESMAN	AOI_X	[563, 1585]
11:56:00.487069		MAIN	INFO	RESMAN	AOI_Y	[580, 1080]
11:56:00.487169		MAIN	INFO	PUMPSTATUS	AOI_X	[1576, 1919]
11:56:00.487216		MAIN	INFO	PUMPSTATUS	AOI_Y	[580, 1080]
11:56:00.487322		MAIN	INFO	SCHEDULING	AOI_X	[1576, 1919]
11:56:00.487369		MAIN	INFO	SCHEDULING	AOI_Y	[40, 540]
11:56:00.515109		MAIN	SCENARIO	COMMUNICATIONS	CALLSIGNREGEX	[A-Z][A-Z]\d\d
11:56:00.515215		MAIN	SCENARIO	COMMUNICATIONS	OTHERCALLSIGNNUMBER	5
11:56:00.515252		MAIN	SCENARIO	COMMUNICATIONS	VOICEGENDER	male
11:56:00.515287		MAIN	SCENARIO	COMMUNICATIONS	VOICEIDIOM	english
11:56:00.517910		COMMUN	STATE	OWNCALLSIGN		RK24
11:56:00.519414		COMMUN	STATE	OTHERCALLSIGN		['ZF78', 'CX56', 'QH30', 'WP91', 'EN41']
11:56:00.521075		MAIN	STATE	COMMUNICATIONS	START
11:56:05.521858		MAIN	SCENARIO	COMMUNICATIONS	RADIOPROMPT	own
11:56:05.525885		COMMUN	STATE	OWN	NAV_2	TARGET	123.5
11:56:05.557791		COMMUN	STATE	OWN	NAV_2	START_PROMPT
11:56:16.925163		MAIN	INPUT	KEY_RELEASE	16777237
11:56:16.925333		COMMUN	STATE	OWN	{'name': 'NAV_2', 'currentfreq': 129.4, 'targetfreq': 123.5, 'lasttarget': 123.5, 'index': 1, 'ui': <Helpers.WCom.WCom(0x564bdcb294c0) at 0x7f12da2b7c40>}	SELECTED
11:56:16.925412		COMMUN	STATE	OWN	NAV_1	132.7
11:56:17.835704		COMMUN	STATE	OWN	NAV_2	END_PROMPT
11:56:18.415832		MAIN	INPUT	KEY_RELEASE	16777234
11:56:18.416082		COMMUN	STATE	OWN	NAV_2	129.3
11:56:18.445233		MAIN	INPUT	KEY_RELEASE	16777234
11:56:18.445400		COMMUN	STATE	OWN	NAV_2	129.2
11:56:18.475192		MAIN	INPUT	KEY_RELEASE	16777234
11:56:18.475364		COMMUN	STATE	OWN	NAV_2	129.1
11:56:18.505695		MAIN	INPUT	KEY_RELEASE	16777234
11:56:18.505882		COMMUN	STATE	OWN	NAV_2	129.0
11:56:18.535558		MAIN	INPUT	KEY_RELEASE	16777234
11:56:18.535708		COMMUN	STATE	OWN	NAV_2	128.9
11:56:18.566027		MAIN	INPUT	KEY_RELEASE	16777234
11:56:18.566167		COMMUN	STATE	OWN	NAV_2	128.8
11:56:18.586075		MAIN	INPUT	KEY_RELEASE	16777234
11:56:18.586184		COMMUN	STATE	OWN	NAV_2	128.7
11:56:19.177835		MAIN	INPUT	KEY_RELEASE	16777234
11:56:19.177999		COMMUN	STATE	OWN	NAV_2	128.6
11:56:19.207698		MAIN	INPUT	KEY_RELEASE	16777234
11:56:19.207842		COMMUN	STATE	OWN	NAV_2	128.5
11:56:19.237631		MAIN	INPUT	KEY_RELEASE	16777234
11:56:19.237790		COMMUN	STATE	OWN	NAV_2	128.4
11:56:19.268203		MAIN	INPUT	KEY_RELEASE	16777234
11:56:19.268378		COMMUN	STATE	OWN	NAV_2	128.3
11:56:19.298720		MAIN	INPUT	KEY_RELEASE	16777234
11:56:19.298855		COMMUN	STATE	OWN	NAV_2	128.2
11:56:19.328186		MAIN	INPUT	KEY_RELEASE	16777234
11:56:19.328311		COMMUN	STATE	OWN	NAV_2	128.1
11:56:19.359051		MAIN	INPUT	KEY_RELEASE	16777234
11:56:19.359199		COMMUN	STATE	OWN	NAV_2	128.0
11:56:19.388937		MAIN	INPUT	KEY_RELEASE	16777234
11:56:19.389064		COMMUN	STATE	OWN	NAV_2	127.9
11:56:19.418323		MAIN	INPUT	KEY_RELEASE	16777234
11:56:19.418454		COMMUN	STATE	OWN	NAV_2	127.8
11:56:19.448783		MAIN	INPUT	KEY_RELEASE	16777234
11:56:19.448898		COMMUN	STATE	OWN	NAV_2	127.7
11:56:19.478606		MAIN	INPUT	KEY_RELEASE	16777234
11:56:19.478756		COMMUN	STATE	OWN	NAV_2	127.6
11:56:19.509096		MAIN	INPUT	KEY_RELEASE	16777234
11:56:19.509227		COMMUN	STATE	OWN	NAV_2	127.5
11:56:19.539511		MAIN	INPUT	KEY_RELEASE	16777234
11:56:19.539649		COMMUN	STATE	OWN	NAV_2	127.4
11:56:19.570073		MAIN	INPUT	KEY_RELEASE	16777234
11:56:19.570200		COMMUN	STATE	OWN	NAV_2	127.3
11:56:19.600370		MAIN	INPUT	KEY_RELEASE	16777234
11:56:19.600492		COMMUN	STATE	OWN	NAV_2	127.2
11:56:19.630705		MAIN	INPUT	KEY_RELEASE	16777234
11:56:19.630847		COMMUN	STATE	OWN	NAV_2	127.1
11:56:19.660945		MAIN	INPUT	KEY_RELEASE	16777234
11:56:19.661051		COMMUN	STATE	OWN	NAV_2	127.0
11:56:19.690510		MAIN	INPUT	KEY_RELEASE	16777234
11:56:19.690678		COMMUN	STATE	OWN	NAV_2	126.9
11:56:19.720335		MAIN	INPUT	KEY_RELEASE	16777234
11:56:19.720466		COMMUN	STATE	OWN	NAV_2	126.8
11:56:19.750988		MAIN	INPUT	KEY_RELEASE	16777234
11:56:19.751178		COMMUN	STATE	OWN	NAV_2	126.7
11:56:19.780558		MAIN	INPUT	KEY_RELEASE	16777234
11:56:19.780743		COMMUN	STATE	OWN	NAV_2	126.6
11:56:19.810773		MAIN	INPUT	KEY_RELEASE	16777234
11:56:19.810969		COMMUN	STATE	OWN	NAV_2	126.5
11:56:19.840445		MAIN	INPUT	KEY_RELEASE	16777234
11:56:19.840558		COMMUN	STATE	OWN	NAV_2	126.4
11:56:19.870910		MAIN	INPUT	KEY_RELEASE	16777234
11:56:19.871074		COMMUN	STATE	OWN	NAV_2	126.3
11:56:19.900449		MAIN	INPUT	KEY_RELEASE	16777234
11:56:19.900550		COMMUN	STATE	OWN	NAV_2	126.2
11:56:19.930812		MAIN	INPUT	KEY_RELEASE	16777234
11:56:19.931001		COMMUN	STATE	OWN	NAV_2	126.1
11:56:19.961030		MAIN	INPUT	KEY_RELEASE	16777234
11:56:19.961188		COMMUN	STATE	OWN	NAV_2	126.0
11:56:19.990510		MAIN	INPUT	KEY_RELEASE	16777234
11:56:19.990688		COMMUN	STATE	OWN	NAV_2	125.9
11:56:20.020241		MAIN	INPUT	KEY_RELEASE	16777234
11:56:20.020378		COMMUN	STATE	OWN	NAV_2	125.8
11:56:20.051086		MAIN	INPUT	KEY_RELEASE	16777234
11:56:20.051272		COMMUN	STATE	OWN	NAV_2	125.7
11:56:20.081290		MAIN	INPUT	KEY_RELEASE	16777234
11:56:20.081407		COMMUN	STATE	OWN	NAV_2	125.6
11:56:20.111708		MAIN	INPUT	KEY_RELEASE	16777234
11:56:20.111866		COMMUN	STATE	OWN	NAV_2	125.5
11:56:20.142047		MAIN	INPUT	KEY_RELEASE	16777234
11:56:20.142194		COMMUN	STATE	OWN	NAV_2	125.4
11:56:20.172756		MAIN	INPUT	KEY_RELEASE	16777234
11:56:20.172939		COMMUN	STATE	OWN	NAV_2	125.3
11:56:20.202114		MAIN	INPUT	KEY_RELEASE	16777234
11:56:20.202256		COMMUN	STATE	OWN	NAV_2	125.2
11:56:20.232496		MAIN	INPUT	KEY_RELEASE	16777234
11:56:20.232669		COMMUN	STATE	OWN	NAV_2	125.1
11:56:20.262862		MAIN	INPUT	KEY_RELEASE	16777234
11:56:20.263003		COMMUN	STATE	OWN	NAV_2	125.0
11:56:20.292355		MAIN	INPUT	KEY_RELEASE	16777234
11:56:20.292491		COMMUN	STATE	OWN	NAV_2	124.9
11:56:20.322869		MAIN	INPUT	KEY_RELEASE	16777234
11:56:20.323005		COMMUN	STATE	OWN	NAV_2	124.8
11:56:20.352609		MAIN	INPUT	KEY_RELEASE	16777234
11:56:20.352746		COMMUN	STATE	OWN	NAV_2	124.7
11:56:20.382354		MAIN	INPUT	KEY_RELEASE	16777234
11:56:20.382469		COMMUN	STATE	OWN	NAV_2	124.6
11:56:20.592580		MAIN	INPUT	KEY_RELEASE	16777234
11:56:20.592727		COMMUN	STATE	OWN	NAV_2	124.5
11:56:20.777301		MAIN	INPUT	KEY_RELEASE	16777234
11:56:20.777451		COMMUN	STATE	OWN	NAV_2	124.4
11:56:20.943942		MAIN	INPUT	KEY_RELEASE	16777234
11:56:20.944090		COMMUN	STATE	OWN	NAV_2	124.3
11:56:21.125685		MAIN	INPUT	KEY_RELEASE	16777234
11:56:21.125822		COMMUN	STATE	OWN	NAV_2	124.2
11:56:21.698129		MAIN	INPUT	KEY_RELEASE	16777234
11:56:21.698347		COMMUN	STATE	OWN	NAV_2	124.1
11:56:21.728488		MAIN	INPUT	KEY_RELEASE	16777234
11:56:21.728642		COMMUN	STATE	OWN	NAV_2	124.0
11:56:21.758524		MAIN	INPUT	KEY_RELEASE	16777234
11:56:21.758667		COMMUN	STATE	OWN	NAV_2	123.9
11:56:21.788197		MAIN	INPUT	KEY_RELEASE	16777234
11:56:21.788341		COMMUN	STATE	OWN	NAV_2	123.8
11:56:21.819035		MAIN	INPUT	KEY_RELEASE	16777234
11:56:21.819239		COMMUN	STATE	OWN	NAV_2	123.7
11:56:21.850007		MAIN	INPUT	KEY_RELEASE	16777234
11:56:21.850140		COMMUN	STATE	OWN	NAV_2	123.6
11:56:21.880884		MAIN	INPUT	KEY_RELEASE	16777234
11:56:21.881020		COMMUN	STATE	OWN	NAV_2	123.5
11:56:21.910581		MAIN	INPUT	KEY_RELEASE	16777234
11:56:21.910700		COMMUN	STATE	OWN	NAV_2	123.4
11:56:21.931296		MAIN	INPUT	KEY_RELEASE	16777234
11:56:21.931394		COMMUN	STATE	OWN	NAV_2	123.3
11:56:22.440208		MAIN	INPUT	KEY_RELEASE	16777234
11:56:22.440381		COMMUN	STATE	OWN	NAV_2	123.2
11:56:22.708689		MAIN	INPUT	KEY_RELEASE	16777236
11:56:22.708861		COMMUN	STATE	OWN	NAV_2	123.3
11:56:22.941985		MAIN	INPUT	KEY_RELEASE	16777236
11:56:22.942145		COMMUN	STATE	OWN	NAV_2	123.4
11:56:23.367135		MAIN	INPUT	KEY_RELEASE	16777236
11:56:23.367287		COMMUN	STATE	OWN	NAV_2	123.5
11:56:30.521876		MAIN	SCENARIO	COMMUNICATIONS	RADIOPROMPT	other
11:56:30.549920		COMMUN	STATE	OTHER	COM_1	TARGET	114.2
11:56:30.574246		COMMUN	STATE	OTHER	COM_1	START_PROMPT
11:56:41.608262		COMMUN	STATE	OTHER	COM_1	END_PROMPT
11:56:50.521661		MAIN	SCENARIO	COMMUNICATIONS	RADIOPROMPT	own
11:56:50.564705		COMMUN	STATE	OWN	NAV_2	TARGET	128.8
11:56:50.587591		COMMUN	STATE	OWN	NAV_2	START_PROMPT
11:57:02.423209		COMMUN	STATE	OWN	NAV_2	END_PROMPT
11:57:03.306901		MAIN	INPUT	KEY_RELEASE	16777236
11:57:03.307088		COMMUN	STATE	OWN	NAV_2	123.6
11:57:03.336800		MAIN	INPUT	KEY_RELEASE	16777236
11:57:03.336963		COMMUN	STATE	OWN	NAV_2	123.7
11:57:03.367011		MAIN	INPUT	KEY_RELEASE	16777236
11:57:03.367204		COMMUN	STATE	OWN	NAV_2	123.8
11:57:03.397024		MAIN	INPUT	KEY_RELEASE	16777236
11:57:03.397191		COMMUN	STATE	OWN	NAV_2	123.9
11:57:03.427375		MAIN	INPUT	KEY_RELEASE	16777236
11:57:03.427552		COMMUN	STATE	OWN	NAV_2	124.0
11:57:03.457065		MAIN	INPUT	KEY_RELEASE	16777236
11:57:03.457180		COMMUN	STATE	OWN	NAV_2	124.1
11:57:03.487962		MAIN	INPUT	KEY_RELEASE	16777236
11:57:03.488091		COMMUN	STATE	OWN	NAV_2	124.2
11:57:03.517659		MAIN	INPUT	KEY_RELEASE	16777236
11:57:03.517794		COMMUN	STATE	OWN	NAV_2	124.3
11:57:03.547862		MAIN	INPUT	KEY_RELEASE	16777236
11:57:03.548026		COMMUN	STATE	OWN	NAV_2	124.4
11:57:03.577912		MAIN	INPUT	KEY_RELEASE	16777236
11:57:03.578062		COMMUN	STATE	OWN	NAV_2	124.5
11:57:03.607930		MAIN	INPUT	KEY_RELEASE	16777236
11:57:03.608096		COMMUN	STATE	OWN	NAV_2	124.6
11:57:03.637732		MAIN	INPUT	KEY_RELEASE	16777236
11:57:03.637899		COMMUN	STATE	OWN	NAV_2	124.7
11:57:03.667971		MAIN	INPUT	KEY_RELEASE	16777236
11:57:03.668139		COMMUN	STATE	OWN	NAV_2	124.8
11:57:03.697144		MAIN	INPUT	KEY_RELEASE	16777236
11:57:03.697307		COMMUN	STATE	OWN	NAV_2	124.9
11:57:03.727546		MAIN	INPUT	KEY_RELEASE	16777236
11:57:03.727730		COMMUN	STATE	OWN	NAV_2	125.0
11:57:03.757353		MAIN	INPUT	KEY_RELEASE	16777236
11:57:03.757507		COMMUN	STATE	OWN	NAV_2	125.1
11:57:03.787943		MAIN	INPUT	KEY_RELEASE	16777236
11:57:03.788099		COMMUN	STATE	OWN	NAV_2	125.2
11:57:03.817464		MAIN	INPUT	KEY_RELEASE	16777236
11:57:03.817624		COMMUN	STATE	OWN	NAV_2	125.3
11:57:03.847712		MAIN	INPUT	KEY_RELEASE	16777236
11:57:03.847852		COMMUN	STATE	OWN	NAV_2	125.4
11:57:03.877955		MAIN	INPUT	KEY_RELEASE	16777236
11:57:03.878137		COMMUN	STATE	OWN	NAV_2	125.5
11:57:03.907683		MAIN	INPUT	KEY_RELEASE	16777236
11:57:03.907871		COMMUN	STATE	OWN	NAV_2	125.6
11:57:03.937525		MAIN	INPUT	KEY_RELEASE	16777236
11:57:03.937656		COMMUN	STATE	OWN	NAV_2	125.7
11:57:03.968012		MAIN	INPUT	KEY_RELEASE	16777236
11:57:03.968142		COMMUN	STATE	OWN	NAV_2	125.8
11:57:03.998103		MAIN	INPUT	KEY_RELEASE	16777236
11:57:03.998220		COMMUN	STATE	OWN	NAV_2	125.9
11:57:04.028460		MAIN	INPUT	KEY_RELEASE	16777236
11:57:04.028589		COMMUN	STATE	OWN	NAV_2	126.0
11:57:04.058852		MAIN	INPUT	KEY_RELEASE	16777236
11:57:04.058962		COMMUN	STATE	OWN	NAV_2	126.1
11:57:04.088721		MAIN	INPUT	KEY_RELEASE	16777236
11:57:04.088835		COMMUN	STATE	OWN	NAV_2	126.2
11:57:04.118244		MAIN	INPUT	KEY_RELEASE	16777236
11:57:04.118363		COMMUN	STATE	OWN	NAV_2	126.3
11:57:04.148491		MAIN	INPUT	KEY_RELEASE	16777236
11:57:04.148618		COMMUN	STATE	OWN	NAV_2	126.4
11:57:04.179000		MAIN	INPUT	KEY_RELEASE	16777236
11:57:04.179123		COMMUN	STATE	OWN	NAV_2	126.5
11:57:04.208362		MAIN	INPUT	KEY_RELEASE	16777236
11:57:04.208529		COMMUN	STATE	OWN	NAV_2	126.6
11:57:04.238548		MAIN	INPUT	KEY_RELEASE	16777236
11:57:04.238753		COMMUN	STATE	OWN	NAV_2	126.7
11:57:04.268590		MAIN	INPUT	KEY_RELEASE	16777236
11:57:04.268716		COMMUN	STATE	OWN	NAV_2	126.8
11:57:04.299112		MAIN	INPUT	KEY_RELEASE	16777236
11:57:04.299293		COMMUN	STATE	OWN	NAV_2	126.9
11:57:04.329551		MAIN	INPUT	KEY_RELEASE	16777236
11:57:04.329698		COMMUN	STATE	OWN	NAV_2	127.0
11:57:04.360158		MAIN	INPUT	KEY_RELEASE	16777236
11:57:04.360280		COMMUN	STATE	OWN	NAV_2	127.1
11:57:04.390724		MAIN	INPUT	KEY_RELEASE	16777236
11:57:04.390890		COMMUN	STATE	OWN	NAV_2	127.2
11:57:04.421156		MAIN	INPUT	KEY_RELEASE	16777236
11:57:04.421353		COMMUN	STATE	OWN	NAV_2	127.3
11:57:04.451786		MAIN	INPUT	KEY_RELEASE	16777236
11:57:04.451927		COMMUN	STATE	OWN	NAV_2	127.4
11:57:04.481868		MAIN	INPUT	KEY_RELEASE	16777236
11:57:04.482061		COMMUN	STATE	OWN	NAV_2	127.5
11:57:04.511160		MAIN	INPUT	KEY_RELEASE	16777236
11:57:04.511312		COMMUN	STATE	OWN	NAV_2	127.6
11:57:04.541619		MAIN	INPUT	KEY_RELEASE	16777236
11:57:04.541776		COMMUN	STATE	OWN	NAV_2	127.7
11:57:04.571295		MAIN	INPUT	KEY_RELEASE	16777236
11:57:04.571423		COMMUN	STATE	OWN	NAV_2	127.8
11:57:04.601751		MAIN	INPUT	KEY_RELEASE	16777236
11:57:04.601874		COMMUN	STATE	OWN	NAV_2	127.9
11:57:04.631171		MAIN	INPUT	KEY_RELEASE	16777236
11:57:04.631266		COMMUN	STATE	OWN	NAV_2	128.0
11:57:04.661502		MAIN	INPUT	KEY_RELEASE	16777236
11:57:04.661638		COMMUN	STATE	OWN	NAV_2	128.1
11:57:04.692118		MAIN	INPUT	KEY_RELEASE	16777236
11:57:04.692311		COMMUN	STATE	OWN	NAV_2	128.2
11:57:04.722826		MAIN	INPUT	KEY_RELEASE	16777236
11:57:04.722991		COMMUN	STATE	OWN	NAV_2	128.3
11:57:04.753061		MAIN	INPUT	KEY_RELEASE	16777236
11:57:04.753209		COMMUN	STATE	OWN	NAV_2	128.4
11:57:04.783853		MAIN	INPUT	KEY_RELEASE	16777236
11:57:04.783997		COMMUN	STATE	OWN	NAV_2	128.5
11:57:04.801317		MAIN	INPUT	KEY_RELEASE	16777236
11:57:04.801418		COMMUN	STATE	OWN	NAV_2	128.6
11:57:05.464496		MAIN	INPUT	KEY_RELEASE	16777236
11:57:05.464667		COMMUN	STATE	OWN	NAV_2	128.7
11:57:05.868487		MAIN	INPUT	KEY_RELEASE	16777236
11:57:05.868646		COMMUN	STATE	OWN	NAV_2	128.8
11:57:15.521710		MAIN	STATE	COMMUNICATIONS	STOP
11:57:20.545728		MAIN	STATE		END
11:57:20.546283		MAIN	STATE		END
