#	date	

15:22:06.569186		MAIN	INFO	SCENARIO	FILENAME	complete_sysmon.txt
15:22:06.569660		MAIN	INFO	SCREENSIZE	WIDTH	1600
15:22:06.569917		MAIN	INFO	SCREENSIZE	HEIGHT	900
15:22:06.586897		MAIN	INFO	COMMUNICATIONS	AOI_X	[0, 469]
15:22:06.587192		MAIN	INFO	COMMUNICATIONS	AOI_Y	[483, 900]
15:22:06.588170		MAIN	INFO	SCHEDULING	AOI_X	[1313, 1600]
15:22:06.588442		MAIN	INFO	SCHEDULING	AOI_Y	[33, 450]
15:22:06.589008		MAIN	INFO	RESMAN	AOI_X	[469, 1321]
15:22:06.589260		MAIN	INFO	RESMAN	AOI_Y	[483, 900]
15:22:06.589750		MAIN	INFO	SYSMON	AOI_X	[0, 557]
15:22:06.589979		MAIN	INFO	SYSMON	AOI_Y	[33, 450]
15:22:06.590516		MAIN	INFO	TRACK	AOI_X	[469, 1321]
15:22:06.590753		MAIN	INFO	TRACK	AOI_Y	[33, 450]
15:22:06.591308		MAIN	INFO	PUMPSTATUS	AOI_X	[1313, 1600]
15:22:06.591545		MAIN	INFO	PUMPSTATUS	AOI_Y	[483, 900]
15:22:06.691736		MAIN	STATE	SYSMON	START
15:22:10.692197		MAIN	SCENARIO	SYSMON	LIGHTS-2-FAILURE	True
15:22:10.698211		SYSMON	STATE	E	FAILURE
15:22:11.290940		MAIN	INPUT	KEY_RELEASE	69
15:22:11.291155		SYSMON	ACTION	E	HIT
15:22:11.291226		SYSMON	STATE	E	SAFE
15:22:15.691907		MAIN	SCENARIO	SYSMON	SCALES-1-FAILURE	down
15:22:15.703968		SYSMON	STATE	A	FAILURE
15:22:16.507651		MAIN	INPUT	KEY_RELEASE	83
15:22:16.507919		SYSMON	ACTION	A	MISS
15:22:16.508030		SYSMON	STATE	A	SAFE
15:22:20.692342		MAIN	SCENARIO	SYSMON	LIGHTS-1-FAILURE	True
15:22:20.710407		SYSMON	STATE	W	FAILURE
15:22:23.756477		SYSMON	ACTION	W	MISS
15:22:23.756644		SYSMON	STATE	W	SAFE
15:22:25.692590		MAIN	SCENARIO	SYSMON	SCALES-2-FAILURE	up
15:22:25.717679		SYSMON	STATE	S	FAILURE
15:22:27.019184		MAIN	INPUT	KEY_RELEASE	68
15:22:27.019387		SYSMON	ACTION	S	MISS
15:22:27.019469		SYSMON	STATE	S	SAFE
15:22:30.691961		MAIN	SCENARIO	SYSMON	SCALES-3-FAILURE	down
15:22:30.724052		SYSMON	STATE	D	FAILURE
15:22:32.075176		MAIN	INPUT	KEY_RELEASE	75
15:22:33.756472		SYSMON	ACTION	D	MISS
15:22:33.756649		SYSMON	STATE	D	SAFE
15:22:34.692062		MAIN	STATE	SYSMON	STOP
15:22:40.663404		MAIN	STATE		END
