#	date	

16:07:45.789033		MAIN	INFO	SCENARIO	FILENAME	complete_comm.txt
16:07:45.789305		MAIN	INFO	SCREENSIZE	WIDTH	1920
16:07:45.789430		MAIN	INFO	SCREENSIZE	HEIGHT	1080
16:07:45.801451		MAIN	INFO	COMMUNICATIONS	AOI_X	[0, 563]
16:07:45.801632		MAIN	INFO	COMMUNICATIONS	AOI_Y	[580, 1080]
16:07:45.805579		MAIN	INFO	SYSMON	AOI_X	[0, 668]
16:07:45.805775		MAIN	INFO	SYSMON	AOI_Y	[40, 540]
16:07:45.806070		MAIN	INFO	TRACK	AOI_X	[563, 1585]
16:07:45.806179		MAIN	INFO	TRACK	AOI_Y	[40, 540]
16:07:45.806383		MAIN	INFO	RESMAN	AOI_X	[563, 1585]
16:07:45.806479		MAIN	INFO	RESMAN	AOI_Y	[580, 1080]
16:07:45.806689		MAIN	INFO	PUMPSTATUS	AOI_X	[1576, 1919]
16:07:45.806791		MAIN	INFO	PUMPSTATUS	AOI_Y	[580, 1080]
16:07:45.806996		MAIN	INFO	SCHEDULING	AOI_X	[1576, 1919]
16:07:45.807110		MAIN	INFO	SCHEDULING	AOI_Y	[40, 540]
16:07:45.837628		MAIN	SCENARIO	COMMUNICATIONS	CALLSIGNREGEX	[A-Z][A-Z]\d\d
16:07:45.837724		MAIN	SCENARIO	COMMUNICATIONS	OTHERCALLSIGNNUMBER	5
16:07:45.837756		MAIN	SCENARIO	COMMUNICATIONS	VOICEGENDER	male
16:07:45.837779		MAIN	SCENARIO	COMMUNICATIONS	VOICEIDIOM	english
16:07:45.839212		COMMUN	STATE	OWNCALLSIGN		SP97
16:07:45.873031		COMMUN	STATE	OTHERCALLSIGN		['YK43', 'WJ08', 'NR16', 'MI25', 'TG64']
16:07:45.874328		MAIN	STATE	COMMUNICATIONS	START
16:07:50.875397		MAIN	SCENARIO	COMMUNICATIONS	RADIOPROMPT	own
16:07:50.878397		COMMUN	STATE	OWN	COM_1	TARGET	108.8
16:07:50.914074		COMMUN	STATE	OWN	COM_1	START_PROMPT
16:07:58.612531		MAIN	INPUT	KEY_RELEASE	16777237
16:07:58.612723		COMMUN	STATE	OWN	{'name': 'NAV_2', 'currentfreq': 124.1, 'targetfreq': None, 'lasttarget': None, 'index': 1, 'ui': <Helpers.WCom.WCom(0x55ab8ae2d380) at 0x7f328756c0c0>}	SELECTED
16:07:58.612880		COMMUN	STATE	OWN	NAV_1	134.9
16:07:58.835620		MAIN	INPUT	KEY_RELEASE	16777237
16:07:58.835798		COMMUN	STATE	OWN	{'name': 'COM_1', 'currentfreq': 114.5, 'targetfreq': 108.8, 'lasttarget': 108.8, 'index': 2, 'ui': <Helpers.WCom.WCom(0x55ab8ae30900) at 0x7f328756c040>}	SELECTED
16:07:58.835894		COMMUN	STATE	OWN	NAV_2	124.1
16:08:02.839381		COMMUN	STATE	OWN	COM_1	END_PROMPT
16:08:03.953002		MAIN	INPUT	KEY_RELEASE	16777234
16:08:03.953214		COMMUN	STATE	OWN	COM_1	114.4
16:08:03.982480		MAIN	INPUT	KEY_RELEASE	16777234
16:08:03.982626		COMMUN	STATE	OWN	COM_1	114.3
16:08:04.012339		MAIN	INPUT	KEY_RELEASE	16777234
16:08:04.012500		COMMUN	STATE	OWN	COM_1	114.2
16:08:04.042210		MAIN	INPUT	KEY_RELEASE	16777234
16:08:04.042434		COMMUN	STATE	OWN	COM_1	114.1
16:08:04.072250		MAIN	INPUT	KEY_RELEASE	16777234
16:08:04.072472		COMMUN	STATE	OWN	COM_1	114.0
16:08:04.103188		MAIN	INPUT	KEY_RELEASE	16777234
16:08:04.103372		COMMUN	STATE	OWN	COM_1	113.9
16:08:04.133886		MAIN	INPUT	KEY_RELEASE	16777234
16:08:04.134040		COMMUN	STATE	OWN	COM_1	113.8
16:08:04.163907		MAIN	INPUT	KEY_RELEASE	16777234
16:08:04.164087		COMMUN	STATE	OWN	COM_1	113.7
16:08:04.193506		MAIN	INPUT	KEY_RELEASE	16777234
16:08:04.193698		COMMUN	STATE	OWN	COM_1	113.6
16:08:04.223291		MAIN	INPUT	KEY_RELEASE	16777234
16:08:04.223504		COMMUN	STATE	OWN	COM_1	113.5
16:08:04.253896		MAIN	INPUT	KEY_RELEASE	16777234
16:08:04.254055		COMMUN	STATE	OWN	COM_1	113.4
16:08:04.283591		MAIN	INPUT	KEY_RELEASE	16777234
16:08:04.283770		COMMUN	STATE	OWN	COM_1	113.3
16:08:04.313396		MAIN	INPUT	KEY_RELEASE	16777234
16:08:04.313578		COMMUN	STATE	OWN	COM_1	113.2
16:08:04.344002		MAIN	INPUT	KEY_RELEASE	16777234
16:08:04.344140		COMMUN	STATE	OWN	COM_1	113.1
16:08:04.373511		MAIN	INPUT	KEY_RELEASE	16777234
16:08:04.373662		COMMUN	STATE	OWN	COM_1	113.0
16:08:04.403789		MAIN	INPUT	KEY_RELEASE	16777234
16:08:04.403997		COMMUN	STATE	OWN	COM_1	112.9
16:08:04.433386		MAIN	INPUT	KEY_RELEASE	16777234
16:08:04.433582		COMMUN	STATE	OWN	COM_1	112.8
16:08:04.457787		MAIN	INPUT	KEY_RELEASE	16777234
16:08:04.457954		COMMUN	STATE	OWN	COM_1	112.7
16:08:04.675874		MAIN	INPUT	KEY_RELEASE	16777234
16:08:04.676064		COMMUN	STATE	OWN	COM_1	112.6
16:08:05.267848		MAIN	INPUT	KEY_RELEASE	16777234
16:08:05.268052		COMMUN	STATE	OWN	COM_1	112.5
16:08:05.297610		MAIN	INPUT	KEY_RELEASE	16777234
16:08:05.297811		COMMUN	STATE	OWN	COM_1	112.4
16:08:05.327622		MAIN	INPUT	KEY_RELEASE	16777234
16:08:05.327823		COMMUN	STATE	OWN	COM_1	112.3
16:08:05.357832		MAIN	INPUT	KEY_RELEASE	16777234
16:08:05.358035		COMMUN	STATE	OWN	COM_1	112.2
16:08:05.387360		MAIN	INPUT	KEY_RELEASE	16777234
16:08:05.387559		COMMUN	STATE	OWN	COM_1	112.1
16:08:05.418031		MAIN	INPUT	KEY_RELEASE	16777234
16:08:05.418244		COMMUN	STATE	OWN	COM_1	112.0
16:08:05.447623		MAIN	INPUT	KEY_RELEASE	16777234
16:08:05.447795		COMMUN	STATE	OWN	COM_1	111.9
16:08:05.477998		MAIN	INPUT	KEY_RELEASE	16777234
16:08:05.478183		COMMUN	STATE	OWN	COM_1	111.8
16:08:05.507219		MAIN	INPUT	KEY_RELEASE	16777234
16:08:05.507413		COMMUN	STATE	OWN	COM_1	111.7
16:08:05.537592		MAIN	INPUT	KEY_RELEASE	16777234
16:08:05.537784		COMMUN	STATE	OWN	COM_1	111.6
16:08:05.567562		MAIN	INPUT	KEY_RELEASE	16777234
16:08:05.567783		COMMUN	STATE	OWN	COM_1	111.5
16:08:05.580427		MAIN	INPUT	KEY_RELEASE	16777234
16:08:05.580567		COMMUN	STATE	OWN	COM_1	111.4
16:08:06.218621		MAIN	INPUT	KEY_RELEASE	16777234
16:08:06.218866		COMMUN	STATE	OWN	COM_1	111.3
16:08:06.248720		MAIN	INPUT	KEY_RELEASE	16777234
16:08:06.248922		COMMUN	STATE	OWN	COM_1	111.2
16:08:06.278771		MAIN	INPUT	KEY_RELEASE	16777234
16:08:06.278971		COMMUN	STATE	OWN	COM_1	111.1
16:08:06.309107		MAIN	INPUT	KEY_RELEASE	16777234
16:08:06.309305		COMMUN	STATE	OWN	COM_1	111.0
16:08:06.339351		MAIN	INPUT	KEY_RELEASE	16777234
16:08:06.339537		COMMUN	STATE	OWN	COM_1	110.9
16:08:06.369503		MAIN	INPUT	KEY_RELEASE	16777234
16:08:06.369685		COMMUN	STATE	OWN	COM_1	110.8
16:08:06.399144		MAIN	INPUT	KEY_RELEASE	16777234
16:08:06.399327		COMMUN	STATE	OWN	COM_1	110.7
16:08:06.403163		MAIN	INPUT	KEY_RELEASE	16777234
16:08:06.403267		COMMUN	STATE	OWN	COM_1	110.6
16:08:06.655672		MAIN	INPUT	KEY_RELEASE	16777234
16:08:06.655864		COMMUN	STATE	OWN	COM_1	110.5
16:08:07.072567		MAIN	INPUT	KEY_RELEASE	16777234
16:08:07.072768		COMMUN	STATE	OWN	COM_1	110.4
16:08:07.269458		MAIN	INPUT	KEY_RELEASE	16777234
16:08:07.269644		COMMUN	STATE	OWN	COM_1	110.3
16:08:07.493614		MAIN	INPUT	KEY_RELEASE	16777234
16:08:07.493805		COMMUN	STATE	OWN	COM_1	110.2
16:08:07.799409		MAIN	INPUT	KEY_RELEASE	16777234
16:08:07.799600		COMMUN	STATE	OWN	COM_1	110.1
16:08:07.999401		MAIN	INPUT	KEY_RELEASE	16777234
16:08:07.999583		COMMUN	STATE	OWN	COM_1	110.0
16:08:08.181159		MAIN	INPUT	KEY_RELEASE	16777234
16:08:08.181354		COMMUN	STATE	OWN	COM_1	109.9
16:08:08.357787		MAIN	INPUT	KEY_RELEASE	16777234
16:08:08.357973		COMMUN	STATE	OWN	COM_1	109.8
16:08:08.536449		MAIN	INPUT	KEY_RELEASE	16777234
16:08:08.536639		COMMUN	STATE	OWN	COM_1	109.7
16:08:08.728295		MAIN	INPUT	KEY_RELEASE	16777234
16:08:08.728483		COMMUN	STATE	OWN	COM_1	109.6
16:08:08.971552		MAIN	INPUT	KEY_RELEASE	16777234
16:08:08.971743		COMMUN	STATE	OWN	COM_1	109.5
16:08:09.201713		MAIN	INPUT	KEY_RELEASE	16777234
16:08:09.201915		COMMUN	STATE	OWN	COM_1	109.4
16:08:09.788996		MAIN	INPUT	KEY_RELEASE	16777234
16:08:09.789214		COMMUN	STATE	OWN	COM_1	109.3
16:08:09.818470		MAIN	INPUT	KEY_RELEASE	16777234
16:08:09.818676		COMMUN	STATE	OWN	COM_1	109.2
16:08:09.848176		MAIN	INPUT	KEY_RELEASE	16777234
16:08:09.848358		COMMUN	STATE	OWN	COM_1	109.1
16:08:09.878533		MAIN	INPUT	KEY_RELEASE	16777234
16:08:09.878724		COMMUN	STATE	OWN	COM_1	109.0
16:08:09.909087		MAIN	INPUT	KEY_RELEASE	16777234
16:08:09.909304		COMMUN	STATE	OWN	COM_1	108.9
16:08:09.939199		MAIN	INPUT	KEY_RELEASE	16777234
16:08:09.939401		COMMUN	STATE	OWN	COM_1	108.8
16:08:09.969638		MAIN	INPUT	KEY_RELEASE	16777234
16:08:09.969841		COMMUN	STATE	OWN	COM_1	108.7
16:08:09.999473		MAIN	INPUT	KEY_RELEASE	16777234
16:08:09.999656		COMMUN	STATE	OWN	COM_1	108.6
16:08:10.017418		MAIN	INPUT	KEY_RELEASE	16777234
16:08:10.017553		COMMUN	STATE	OWN	COM_1	108.5
16:08:10.487081		MAIN	INPUT	KEY_RELEASE	16777234
16:08:10.487264		COMMUN	STATE	OWN	COM_1	108.4
16:08:11.026946		MAIN	INPUT	KEY_RELEASE	16777236
16:08:11.027124		COMMUN	STATE	OWN	COM_1	108.5
16:08:11.259263		MAIN	INPUT	KEY_RELEASE	16777236
16:08:11.259449		COMMUN	STATE	OWN	COM_1	108.6
16:08:11.582241		MAIN	INPUT	KEY_RELEASE	16777236
16:08:11.582423		COMMUN	STATE	OWN	COM_1	108.7
16:08:12.239423		MAIN	INPUT	KEY_RELEASE	16777236
16:08:12.239617		COMMUN	STATE	OWN	COM_1	108.8
16:08:12.659393		MAIN	INPUT	KEY_RELEASE	92
16:08:12.674516		MAIN	INPUT	KEY_RELEASE	16777220
16:08:12.674589		COMMUN	INPUT	KEY_RELEASE	RETURN	RESPONSE_END
16:08:15.874439		MAIN	SCENARIO	COMMUNICATIONS	RADIOPROMPT	other
16:08:15.905507		COMMUN	STATE	OTHER	COM_2	TARGET	122.5
16:08:15.934012		COMMUN	STATE	OTHER	COM_2	START_PROMPT
16:08:27.214774		COMMUN	STATE	OTHER	COM_2	END_PROMPT
16:08:27.263809		MAIN	INPUT	KEY_RELEASE	16777237
16:08:27.263961		COMMUN	STATE	OWN	{'name': 'COM_2', 'currentfreq': 135.9, 'targetfreq': None, 'lasttarget': None, 'index': 3, 'ui': <Helpers.WCom.WCom(0x55ab8b24d720) at 0x7f328756c640>}	SELECTED
16:08:27.264044		COMMUN	STATE	OWN	COM_1	108.8
16:08:29.359736		MAIN	INPUT	KEY_RELEASE	16777234
16:08:29.359969		COMMUN	STATE	OWN	COM_2	135.8
16:08:29.389972		MAIN	INPUT	KEY_RELEASE	16777234
16:08:29.390162		COMMUN	STATE	OWN	COM_2	135.7
16:08:29.419267		MAIN	INPUT	KEY_RELEASE	16777234
16:08:29.419462		COMMUN	STATE	OWN	COM_2	135.6
16:08:29.450070		MAIN	INPUT	KEY_RELEASE	16777234
16:08:29.450251		COMMUN	STATE	OWN	COM_2	135.5
16:08:29.479599		MAIN	INPUT	KEY_RELEASE	16777234
16:08:29.479786		COMMUN	STATE	OWN	COM_2	135.4
16:08:29.509222		MAIN	INPUT	KEY_RELEASE	16777234
16:08:29.509409		COMMUN	STATE	OWN	COM_2	135.3
16:08:29.539594		MAIN	INPUT	KEY_RELEASE	16777234
16:08:29.539778		COMMUN	STATE	OWN	COM_2	135.2
16:08:29.569919		MAIN	INPUT	KEY_RELEASE	16777234
16:08:29.570097		COMMUN	STATE	OWN	COM_2	135.1
16:08:29.599498		MAIN	INPUT	KEY_RELEASE	16777234
16:08:29.599673		COMMUN	STATE	OWN	COM_2	135.0
16:08:29.629736		MAIN	INPUT	KEY_RELEASE	16777234
16:08:29.629923		COMMUN	STATE	OWN	COM_2	134.9
16:08:29.659363		MAIN	INPUT	KEY_RELEASE	16777234
16:08:29.659545		COMMUN	STATE	OWN	COM_2	134.8
16:08:29.690069		MAIN	INPUT	KEY_RELEASE	16777234
16:08:29.690234		COMMUN	STATE	OWN	COM_2	134.7
16:08:29.719423		MAIN	INPUT	KEY_RELEASE	16777234
16:08:29.719559		COMMUN	STATE	OWN	COM_2	134.6
16:08:29.750010		MAIN	INPUT	KEY_RELEASE	16777234
16:08:29.750165		COMMUN	STATE	OWN	COM_2	134.5
16:08:29.779405		MAIN	INPUT	KEY_RELEASE	16777234
16:08:29.779553		COMMUN	STATE	OWN	COM_2	134.4
16:08:29.809983		MAIN	INPUT	KEY_RELEASE	16777234
16:08:29.810147		COMMUN	STATE	OWN	COM_2	134.3
16:08:29.839730		MAIN	INPUT	KEY_RELEASE	16777234
16:08:29.839902		COMMUN	STATE	OWN	COM_2	134.2
16:08:29.869874		MAIN	INPUT	KEY_RELEASE	16777234
16:08:29.870051		COMMUN	STATE	OWN	COM_2	134.1
16:08:29.899239		MAIN	INPUT	KEY_RELEASE	16777234
16:08:29.899409		COMMUN	STATE	OWN	COM_2	134.0
16:08:29.929928		MAIN	INPUT	KEY_RELEASE	16777234
16:08:29.930116		COMMUN	STATE	OWN	COM_2	133.9
16:08:29.959591		MAIN	INPUT	KEY_RELEASE	16777234
16:08:29.959799		COMMUN	STATE	OWN	COM_2	133.8
16:08:29.989389		MAIN	INPUT	KEY_RELEASE	16777234
16:08:29.989602		COMMUN	STATE	OWN	COM_2	133.7
16:08:30.019243		MAIN	INPUT	KEY_RELEASE	16777234
16:08:30.019418		COMMUN	STATE	OWN	COM_2	133.6
16:08:30.050014		MAIN	INPUT	KEY_RELEASE	16777234
16:08:30.050195		COMMUN	STATE	OWN	COM_2	133.5
16:08:30.080097		MAIN	INPUT	KEY_RELEASE	16777234
16:08:30.080268		COMMUN	STATE	OWN	COM_2	133.4
16:08:30.110384		MAIN	INPUT	KEY_RELEASE	16777234
16:08:30.110591		COMMUN	STATE	OWN	COM_2	133.3
16:08:30.140356		MAIN	INPUT	KEY_RELEASE	16777234
16:08:30.140545		COMMUN	STATE	OWN	COM_2	133.2
16:08:30.170358		MAIN	INPUT	KEY_RELEASE	16777234
16:08:30.170538		COMMUN	STATE	OWN	COM_2	133.1
16:08:30.200443		MAIN	INPUT	KEY_RELEASE	16777234
16:08:30.200583		COMMUN	STATE	OWN	COM_2	133.0
16:08:30.230396		MAIN	INPUT	KEY_RELEASE	16777234
16:08:30.230556		COMMUN	STATE	OWN	COM_2	132.9
16:08:30.261000		MAIN	INPUT	KEY_RELEASE	16777234
16:08:30.261171		COMMUN	STATE	OWN	COM_2	132.8
16:08:30.290631		MAIN	INPUT	KEY_RELEASE	16777234
16:08:30.290824		COMMUN	STATE	OWN	COM_2	132.7
16:08:30.320464		MAIN	INPUT	KEY_RELEASE	16777234
16:08:30.320612		COMMUN	STATE	OWN	COM_2	132.6
16:08:30.350444		MAIN	INPUT	KEY_RELEASE	16777234
16:08:30.350630		COMMUN	STATE	OWN	COM_2	132.5
16:08:30.380780		MAIN	INPUT	KEY_RELEASE	16777234
16:08:30.380943		COMMUN	STATE	OWN	COM_2	132.4
16:08:30.410391		MAIN	INPUT	KEY_RELEASE	16777234
16:08:30.410637		COMMUN	STATE	OWN	COM_2	132.3
16:08:30.441161		MAIN	INPUT	KEY_RELEASE	16777234
16:08:30.441337		COMMUN	STATE	OWN	COM_2	132.2
16:08:30.472040		MAIN	INPUT	KEY_RELEASE	16777234
16:08:30.472216		COMMUN	STATE	OWN	COM_2	132.1
16:08:30.501384		MAIN	INPUT	KEY_RELEASE	16777234
16:08:30.501568		COMMUN	STATE	OWN	COM_2	132.0
16:08:30.531966		MAIN	INPUT	KEY_RELEASE	16777234
16:08:30.532130		COMMUN	STATE	OWN	COM_2	131.9
16:08:30.561324		MAIN	INPUT	KEY_RELEASE	16777234
16:08:30.561540		COMMUN	STATE	OWN	COM_2	131.8
16:08:30.591978		MAIN	INPUT	KEY_RELEASE	16777234
16:08:30.592125		COMMUN	STATE	OWN	COM_2	131.7
16:08:30.621611		MAIN	INPUT	KEY_RELEASE	16777234
16:08:30.621802		COMMUN	STATE	OWN	COM_2	131.6
16:08:30.651601		MAIN	INPUT	KEY_RELEASE	16777234
16:08:30.651780		COMMUN	STATE	OWN	COM_2	131.5
16:08:30.681728		MAIN	INPUT	KEY_RELEASE	16777234
16:08:30.681923		COMMUN	STATE	OWN	COM_2	131.4
16:08:30.711873		MAIN	INPUT	KEY_RELEASE	16777234
16:08:30.712089		COMMUN	STATE	OWN	COM_2	131.3
16:08:30.741804		MAIN	INPUT	KEY_RELEASE	16777234
16:08:30.741996		COMMUN	STATE	OWN	COM_2	131.2
16:08:30.771835		MAIN	INPUT	KEY_RELEASE	16777234
16:08:30.772020		COMMUN	STATE	OWN	COM_2	131.1
16:08:30.802050		MAIN	INPUT	KEY_RELEASE	16777234
16:08:30.802232		COMMUN	STATE	OWN	COM_2	131.0
16:08:30.831199		MAIN	INPUT	KEY_RELEASE	16777234
16:08:30.831392		COMMUN	STATE	OWN	COM_2	130.9
16:08:30.861466		MAIN	INPUT	KEY_RELEASE	16777234
16:08:30.861656		COMMUN	STATE	OWN	COM_2	130.8
16:08:30.891390		MAIN	INPUT	KEY_RELEASE	16777234
16:08:30.891577		COMMUN	STATE	OWN	COM_2	130.7
16:08:30.921490		MAIN	INPUT	KEY_RELEASE	16777234
16:08:30.921681		COMMUN	STATE	OWN	COM_2	130.6
16:08:30.951620		MAIN	INPUT	KEY_RELEASE	16777234
16:08:30.951809		COMMUN	STATE	OWN	COM_2	130.5
16:08:30.981804		MAIN	INPUT	KEY_RELEASE	16777234
16:08:30.981995		COMMUN	STATE	OWN	COM_2	130.4
16:08:31.011729		MAIN	INPUT	KEY_RELEASE	16777234
16:08:31.011912		COMMUN	STATE	OWN	COM_2	130.3
16:08:31.041572		MAIN	INPUT	KEY_RELEASE	16777234
16:08:31.041765		COMMUN	STATE	OWN	COM_2	130.2
16:08:31.071636		MAIN	INPUT	KEY_RELEASE	16777234
16:08:31.071838		COMMUN	STATE	OWN	COM_2	130.1
16:08:31.101774		MAIN	INPUT	KEY_RELEASE	16777234
16:08:31.101998		COMMUN	STATE	OWN	COM_2	130.0
16:08:31.132181		MAIN	INPUT	KEY_RELEASE	16777234
16:08:31.132338		COMMUN	STATE	OWN	COM_2	129.9
16:08:31.162213		MAIN	INPUT	KEY_RELEASE	16777234
16:08:31.162430		COMMUN	STATE	OWN	COM_2	129.8
16:08:31.193060		MAIN	INPUT	KEY_RELEASE	16777234
16:08:31.193282		COMMUN	STATE	OWN	COM_2	129.7
16:08:31.223008		MAIN	INPUT	KEY_RELEASE	16777234
16:08:31.223224		COMMUN	STATE	OWN	COM_2	129.6
16:08:31.253021		MAIN	INPUT	KEY_RELEASE	16777234
16:08:31.253211		COMMUN	STATE	OWN	COM_2	129.5
16:08:31.282314		MAIN	INPUT	KEY_RELEASE	16777234
16:08:31.282567		COMMUN	STATE	OWN	COM_2	129.4
16:08:31.312637		MAIN	INPUT	KEY_RELEASE	16777234
16:08:31.312815		COMMUN	STATE	OWN	COM_2	129.3
16:08:31.342629		MAIN	INPUT	KEY_RELEASE	16777234
16:08:31.342838		COMMUN	STATE	OWN	COM_2	129.2
16:08:31.372521		MAIN	INPUT	KEY_RELEASE	16777234
16:08:31.372728		COMMUN	STATE	OWN	COM_2	129.1
16:08:31.402867		MAIN	INPUT	KEY_RELEASE	16777234
16:08:31.403059		COMMUN	STATE	OWN	COM_2	129.0
16:08:31.433086		MAIN	INPUT	KEY_RELEASE	16777234
16:08:31.433254		COMMUN	STATE	OWN	COM_2	128.9
16:08:31.464039		MAIN	INPUT	KEY_RELEASE	16777234
16:08:31.464201		COMMUN	STATE	OWN	COM_2	128.8
16:08:31.495238		MAIN	INPUT	KEY_RELEASE	16777234
16:08:31.495419		COMMUN	STATE	OWN	COM_2	128.7
16:08:31.526033		MAIN	INPUT	KEY_RELEASE	16777234
16:08:31.526215		COMMUN	STATE	OWN	COM_2	128.6
16:08:31.555925		MAIN	INPUT	KEY_RELEASE	16777234
16:08:31.556083		COMMUN	STATE	OWN	COM_2	128.5
16:08:31.585926		MAIN	INPUT	KEY_RELEASE	16777234
16:08:31.586119		COMMUN	STATE	OWN	COM_2	128.4
16:08:31.616058		MAIN	INPUT	KEY_RELEASE	16777234
16:08:31.616215		COMMUN	STATE	OWN	COM_2	128.3
16:08:31.647001		MAIN	INPUT	KEY_RELEASE	16777234
16:08:31.647157		COMMUN	STATE	OWN	COM_2	128.2
16:08:31.676445		MAIN	INPUT	KEY_RELEASE	16777234
16:08:31.676605		COMMUN	STATE	OWN	COM_2	128.1
16:08:31.706442		MAIN	INPUT	KEY_RELEASE	16777234
16:08:31.706643		COMMUN	STATE	OWN	COM_2	128.0
16:08:31.736747		MAIN	INPUT	KEY_RELEASE	16777234
16:08:31.736971		COMMUN	STATE	OWN	COM_2	127.9
16:08:31.767014		MAIN	INPUT	KEY_RELEASE	16777234
16:08:31.767194		COMMUN	STATE	OWN	COM_2	127.8
16:08:31.796377		MAIN	INPUT	KEY_RELEASE	16777234
16:08:31.796552		COMMUN	STATE	OWN	COM_2	127.7
16:08:31.803557		MAIN	INPUT	KEY_RELEASE	16777234
16:08:31.803665		COMMUN	STATE	OWN	COM_2	127.6
16:08:32.472212		MAIN	INPUT	KEY_RELEASE	16777234
16:08:32.472441		COMMUN	STATE	OWN	COM_2	127.5
16:08:32.502783		MAIN	INPUT	KEY_RELEASE	16777234
16:08:32.502990		COMMUN	STATE	OWN	COM_2	127.4
16:08:32.532184		MAIN	INPUT	KEY_RELEASE	16777234
16:08:32.532343		COMMUN	STATE	OWN	COM_2	127.3
16:08:32.562475		MAIN	INPUT	KEY_RELEASE	16777234
16:08:32.562648		COMMUN	STATE	OWN	COM_2	127.2
16:08:32.592691		MAIN	INPUT	KEY_RELEASE	16777234
16:08:32.592865		COMMUN	STATE	OWN	COM_2	127.1
16:08:32.622395		MAIN	INPUT	KEY_RELEASE	16777234
16:08:32.622623		COMMUN	STATE	OWN	COM_2	127.0
16:08:32.652507		MAIN	INPUT	KEY_RELEASE	16777234
16:08:32.652659		COMMUN	STATE	OWN	COM_2	126.9
16:08:32.682845		MAIN	INPUT	KEY_RELEASE	16777234
16:08:32.682993		COMMUN	STATE	OWN	COM_2	126.8
16:08:32.712159		MAIN	INPUT	KEY_RELEASE	16777234
16:08:32.712326		COMMUN	STATE	OWN	COM_2	126.7
16:08:32.742502		MAIN	INPUT	KEY_RELEASE	16777234
16:08:32.742711		COMMUN	STATE	OWN	COM_2	126.6
16:08:32.772184		MAIN	INPUT	KEY_RELEASE	16777234
16:08:32.772337		COMMUN	STATE	OWN	COM_2	126.5
16:08:32.803137		MAIN	INPUT	KEY_RELEASE	16777234
16:08:32.803339		COMMUN	STATE	OWN	COM_2	126.4
16:08:32.834228		MAIN	INPUT	KEY_RELEASE	16777234
16:08:32.834395		COMMUN	STATE	OWN	COM_2	126.3
16:08:32.864301		MAIN	INPUT	KEY_RELEASE	16777234
16:08:32.864451		COMMUN	STATE	OWN	COM_2	126.2
16:08:32.894764		MAIN	INPUT	KEY_RELEASE	16777234
16:08:32.894973		COMMUN	STATE	OWN	COM_2	126.1
16:08:32.922219		MAIN	INPUT	KEY_RELEASE	16777234
16:08:32.922378		COMMUN	STATE	OWN	COM_2	126.0
16:08:33.586777		MAIN	INPUT	KEY_RELEASE	16777234
16:08:33.586996		COMMUN	STATE	OWN	COM_2	125.9
16:08:33.616982		MAIN	INPUT	KEY_RELEASE	16777234
16:08:33.617150		COMMUN	STATE	OWN	COM_2	125.8
16:08:33.647267		MAIN	INPUT	KEY_RELEASE	16777234
16:08:33.647441		COMMUN	STATE	OWN	COM_2	125.7
16:08:33.677663		MAIN	INPUT	KEY_RELEASE	16777234
16:08:33.677910		COMMUN	STATE	OWN	COM_2	125.6
16:08:33.707778		MAIN	INPUT	KEY_RELEASE	16777234
16:08:33.707972		COMMUN	STATE	OWN	COM_2	125.5
16:08:33.737710		MAIN	INPUT	KEY_RELEASE	16777234
16:08:33.737909		COMMUN	STATE	OWN	COM_2	125.4
16:08:33.767123		MAIN	INPUT	KEY_RELEASE	16777234
16:08:33.767308		COMMUN	STATE	OWN	COM_2	125.3
16:08:33.797349		MAIN	INPUT	KEY_RELEASE	16777234
16:08:33.797509		COMMUN	STATE	OWN	COM_2	125.2
16:08:33.827823		MAIN	INPUT	KEY_RELEASE	16777234
16:08:33.828065		COMMUN	STATE	OWN	COM_2	125.1
16:08:33.857383		MAIN	INPUT	KEY_RELEASE	16777234
16:08:33.857555		COMMUN	STATE	OWN	COM_2	125.0
16:08:33.887332		MAIN	INPUT	KEY_RELEASE	16777234
16:08:33.887507		COMMUN	STATE	OWN	COM_2	124.9
16:08:33.917470		MAIN	INPUT	KEY_RELEASE	16777234
16:08:33.917662		COMMUN	STATE	OWN	COM_2	124.8
16:08:33.947786		MAIN	INPUT	KEY_RELEASE	16777234
16:08:33.947934		COMMUN	STATE	OWN	COM_2	124.7
16:08:33.978007		MAIN	INPUT	KEY_RELEASE	16777234
16:08:33.978185		COMMUN	STATE	OWN	COM_2	124.6
16:08:33.990337		MAIN	INPUT	KEY_RELEASE	16777234
16:08:33.990470		COMMUN	STATE	OWN	COM_2	124.5
16:08:34.676841		MAIN	INPUT	KEY_RELEASE	16777234
16:08:34.677048		COMMUN	STATE	OWN	COM_2	124.4
16:08:34.706812		MAIN	INPUT	KEY_RELEASE	16777234
16:08:34.707026		COMMUN	STATE	OWN	COM_2	124.3
16:08:34.736768		MAIN	INPUT	KEY_RELEASE	16777234
16:08:34.736939		COMMUN	STATE	OWN	COM_2	124.2
16:08:34.766975		MAIN	INPUT	KEY_RELEASE	16777234
16:08:34.767217		COMMUN	STATE	OWN	COM_2	124.1
16:08:34.796224		MAIN	INPUT	KEY_RELEASE	16777234
16:08:34.796385		COMMUN	STATE	OWN	COM_2	124.0
16:08:34.827037		MAIN	INPUT	KEY_RELEASE	16777234
16:08:34.827283		COMMUN	STATE	OWN	COM_2	123.9
16:08:34.856960		MAIN	INPUT	KEY_RELEASE	16777234
16:08:34.857139		COMMUN	STATE	OWN	COM_2	123.8
16:08:34.887204		MAIN	INPUT	KEY_RELEASE	16777234
16:08:34.887425		COMMUN	STATE	OWN	COM_2	123.7
16:08:34.917717		MAIN	INPUT	KEY_RELEASE	16777234
16:08:34.917927		COMMUN	STATE	OWN	COM_2	123.6
16:08:34.947967		MAIN	INPUT	KEY_RELEASE	16777234
16:08:34.948099		COMMUN	STATE	OWN	COM_2	123.5
16:08:34.960417		MAIN	INPUT	KEY_RELEASE	16777234
16:08:34.960525		COMMUN	STATE	OWN	COM_2	123.4
16:08:35.764906		MAIN	INPUT	KEY_RELEASE	16777234
16:08:35.765154		COMMUN	STATE	OWN	COM_2	123.3
16:08:35.794442		MAIN	INPUT	KEY_RELEASE	16777234
16:08:35.794614		COMMUN	STATE	OWN	COM_2	123.2
16:08:35.825009		MAIN	INPUT	KEY_RELEASE	16777234
16:08:35.825160		COMMUN	STATE	OWN	COM_2	123.1
16:08:35.854956		MAIN	INPUT	KEY_RELEASE	16777234
16:08:35.855262		COMMUN	STATE	OWN	COM_2	123.0
16:08:35.874484		MAIN	SCENARIO	COMMUNICATIONS	RADIOPROMPT	own
16:08:35.882525		COMMUN	STATE	OWN	NAV_2	TARGET	118.4
16:08:35.909520		COMMUN	STATE	OWN	NAV_2	START_PROMPT
16:08:35.909804		MAIN	INPUT	KEY_RELEASE	16777234
16:08:35.909923		COMMUN	STATE	OWN	COM_2	122.9
16:08:35.914591		MAIN	INPUT	KEY_RELEASE	16777234
16:08:35.914744		COMMUN	STATE	OWN	COM_2	122.8
16:08:35.942858		MAIN	INPUT	KEY_RELEASE	16777234
16:08:35.943031		COMMUN	STATE	OWN	COM_2	122.7
16:08:41.707406		MAIN	INPUT	KEY_RELEASE	16777235
16:08:41.707605		COMMUN	STATE	OWN	{'name': 'COM_1', 'currentfreq': 108.8, 'targetfreq': 108.8, 'lasttarget': 108.8, 'index': 2, 'ui': <Helpers.WCom.WCom(0x55ab8ae30900) at 0x7f328756c040>}	SELECTED
16:08:41.707696		COMMUN	STATE	OWN	COM_2	122.7
16:08:44.576439		MAIN	INPUT	KEY_RELEASE	16777235
16:08:44.576649		COMMUN	STATE	OWN	{'name': 'NAV_2', 'currentfreq': 124.1, 'targetfreq': 118.4, 'lasttarget': 118.4, 'index': 1, 'ui': <Helpers.WCom.WCom(0x55ab8ae2d380) at 0x7f328756c0c0>}	SELECTED
16:08:44.576733		COMMUN	STATE	OWN	COM_1	108.8
16:08:47.891890		COMMUN	STATE	OWN	NAV_2	END_PROMPT
16:08:49.045699		MAIN	INPUT	KEY_RELEASE	16777234
16:08:49.045884		COMMUN	STATE	OWN	NAV_2	124.0
16:08:49.075993		MAIN	INPUT	KEY_RELEASE	16777234
16:08:49.076165		COMMUN	STATE	OWN	NAV_2	123.9
16:08:49.106000		MAIN	INPUT	KEY_RELEASE	16777234
16:08:49.106186		COMMUN	STATE	OWN	NAV_2	123.8
16:08:49.135864		MAIN	INPUT	KEY_RELEASE	16777234
16:08:49.136052		COMMUN	STATE	OWN	NAV_2	123.7
16:08:49.166107		MAIN	INPUT	KEY_RELEASE	16777234
16:08:49.166363		COMMUN	STATE	OWN	NAV_2	123.6
16:08:49.196470		MAIN	INPUT	KEY_RELEASE	16777234
16:08:49.196650		COMMUN	STATE	OWN	NAV_2	123.5
16:08:49.226886		MAIN	INPUT	KEY_RELEASE	16777234
16:08:49.227088		COMMUN	STATE	OWN	NAV_2	123.4
16:08:49.256265		MAIN	INPUT	KEY_RELEASE	16777234
16:08:49.256451		COMMUN	STATE	OWN	NAV_2	123.3
16:08:49.287106		MAIN	INPUT	KEY_RELEASE	16777234
16:08:49.287298		COMMUN	STATE	OWN	NAV_2	123.2
16:08:49.317807		MAIN	INPUT	KEY_RELEASE	16777234
16:08:49.317995		COMMUN	STATE	OWN	NAV_2	123.1
16:08:49.323234		MAIN	INPUT	KEY_RELEASE	16777234
16:08:49.323340		COMMUN	STATE	OWN	NAV_2	123.0
16:08:50.025074		MAIN	INPUT	KEY_RELEASE	16777234
16:08:50.025283		COMMUN	STATE	OWN	NAV_2	122.9
16:08:50.054462		MAIN	INPUT	KEY_RELEASE	16777234
16:08:50.054663		COMMUN	STATE	OWN	NAV_2	122.8
16:08:50.084432		MAIN	INPUT	KEY_RELEASE	16777234
16:08:50.084611		COMMUN	STATE	OWN	NAV_2	122.7
16:08:50.114542		MAIN	INPUT	KEY_RELEASE	16777234
16:08:50.114729		COMMUN	STATE	OWN	NAV_2	122.6
16:08:50.144738		MAIN	INPUT	KEY_RELEASE	16777234
16:08:50.144924		COMMUN	STATE	OWN	NAV_2	122.5
16:08:50.175032		MAIN	INPUT	KEY_RELEASE	16777234
16:08:50.175238		COMMUN	STATE	OWN	NAV_2	122.4
16:08:50.204450		MAIN	INPUT	KEY_RELEASE	16777234
16:08:50.204632		COMMUN	STATE	OWN	NAV_2	122.3
16:08:50.234294		MAIN	INPUT	KEY_RELEASE	16777234
16:08:50.234484		COMMUN	STATE	OWN	NAV_2	122.2
16:08:50.264633		MAIN	INPUT	KEY_RELEASE	16777234
16:08:50.264813		COMMUN	STATE	OWN	NAV_2	122.1
16:08:50.294939		MAIN	INPUT	KEY_RELEASE	16777234
16:08:50.295098		COMMUN	STATE	OWN	NAV_2	122.0
16:08:50.314766		MAIN	INPUT	KEY_RELEASE	16777234
16:08:50.314914		COMMUN	STATE	OWN	NAV_2	121.9
16:08:51.014453		MAIN	INPUT	KEY_RELEASE	16777234
16:08:51.014648		COMMUN	STATE	OWN	NAV_2	121.8
16:08:51.044478		MAIN	INPUT	KEY_RELEASE	16777234
16:08:51.044655		COMMUN	STATE	OWN	NAV_2	121.7
16:08:51.074352		MAIN	INPUT	KEY_RELEASE	16777234
16:08:51.074524		COMMUN	STATE	OWN	NAV_2	121.6
16:08:51.104382		MAIN	INPUT	KEY_RELEASE	16777234
16:08:51.104565		COMMUN	STATE	OWN	NAV_2	121.5
16:08:51.134157		MAIN	INPUT	KEY_RELEASE	16777234
16:08:51.134329		COMMUN	STATE	OWN	NAV_2	121.4
16:08:51.164946		MAIN	INPUT	KEY_RELEASE	16777234
16:08:51.165113		COMMUN	STATE	OWN	NAV_2	121.3
16:08:51.194970		MAIN	INPUT	KEY_RELEASE	16777234
16:08:51.195206		COMMUN	STATE	OWN	NAV_2	121.2
16:08:51.224951		MAIN	INPUT	KEY_RELEASE	16777234
16:08:51.225116		COMMUN	STATE	OWN	NAV_2	121.1
16:08:51.254966		MAIN	INPUT	KEY_RELEASE	16777234
16:08:51.255143		COMMUN	STATE	OWN	NAV_2	121.0
16:08:51.285037		MAIN	INPUT	KEY_RELEASE	16777234
16:08:51.285190		COMMUN	STATE	OWN	NAV_2	120.9
16:08:51.315384		MAIN	INPUT	KEY_RELEASE	16777234
16:08:51.315586		COMMUN	STATE	OWN	NAV_2	120.8
16:08:51.345984		MAIN	INPUT	KEY_RELEASE	16777234
16:08:51.346138		COMMUN	STATE	OWN	NAV_2	120.7
16:08:51.375454		MAIN	INPUT	KEY_RELEASE	16777234
16:08:51.375670		COMMUN	STATE	OWN	NAV_2	120.6
16:08:51.405630		MAIN	INPUT	KEY_RELEASE	16777234
16:08:51.405830		COMMUN	STATE	OWN	NAV_2	120.5
16:08:51.435542		MAIN	INPUT	KEY_RELEASE	16777234
16:08:51.435766		COMMUN	STATE	OWN	NAV_2	120.4
16:08:51.466047		MAIN	INPUT	KEY_RELEASE	16777234
16:08:51.466250		COMMUN	STATE	OWN	NAV_2	120.3
16:08:51.495377		MAIN	INPUT	KEY_RELEASE	16777234
16:08:51.495576		COMMUN	STATE	OWN	NAV_2	120.2
16:08:51.525789		MAIN	INPUT	KEY_RELEASE	16777234
16:08:51.526007		COMMUN	STATE	OWN	NAV_2	120.1
16:08:51.556168		MAIN	INPUT	KEY_RELEASE	16777234
16:08:51.556435		COMMUN	STATE	OWN	NAV_2	120.0
16:08:51.586617		MAIN	INPUT	KEY_RELEASE	16777234
16:08:51.586869		COMMUN	STATE	OWN	NAV_2	119.9
16:08:51.616459		MAIN	INPUT	KEY_RELEASE	16777234
16:08:51.616635		COMMUN	STATE	OWN	NAV_2	119.8
16:08:51.646892		MAIN	INPUT	KEY_RELEASE	16777234
16:08:51.647077		COMMUN	STATE	OWN	NAV_2	119.7
16:08:51.676303		MAIN	INPUT	KEY_RELEASE	16777234
16:08:51.676456		COMMUN	STATE	OWN	NAV_2	119.6
16:08:51.706641		MAIN	INPUT	KEY_RELEASE	16777234
16:08:51.706807		COMMUN	STATE	OWN	NAV_2	119.5
16:08:51.736711		MAIN	INPUT	KEY_RELEASE	16777234
16:08:51.736904		COMMUN	STATE	OWN	NAV_2	119.4
16:08:51.766691		MAIN	INPUT	KEY_RELEASE	16777234
16:08:51.766926		COMMUN	STATE	OWN	NAV_2	119.3
16:08:51.796296		MAIN	INPUT	KEY_RELEASE	16777234
16:08:51.796461		COMMUN	STATE	OWN	NAV_2	119.2
16:08:51.826737		MAIN	INPUT	KEY_RELEASE	16777234
16:08:51.826923		COMMUN	STATE	OWN	NAV_2	119.1
16:08:51.843135		MAIN	INPUT	KEY_RELEASE	16777234
16:08:51.843269		COMMUN	STATE	OWN	NAV_2	119.0
16:08:52.515846		MAIN	INPUT	KEY_RELEASE	16777234
16:08:52.516058		COMMUN	STATE	OWN	NAV_2	118.9
16:08:52.546036		MAIN	INPUT	KEY_RELEASE	16777234
16:08:52.546242		COMMUN	STATE	OWN	NAV_2	118.8
16:08:52.575333		MAIN	INPUT	KEY_RELEASE	16777234
16:08:52.575547		COMMUN	STATE	OWN	NAV_2	118.7
16:08:52.605266		MAIN	INPUT	KEY_RELEASE	16777234
16:08:52.605448		COMMUN	STATE	OWN	NAV_2	118.6
16:08:52.635522		MAIN	INPUT	KEY_RELEASE	16777234
16:08:52.635727		COMMUN	STATE	OWN	NAV_2	118.5
16:08:52.661029		MAIN	INPUT	KEY_RELEASE	16777234
16:08:52.661203		COMMUN	STATE	OWN	NAV_2	118.4
16:08:53.093082		MAIN	INPUT	KEY_RELEASE	16777234
16:08:53.093264		COMMUN	STATE	OWN	NAV_2	118.3
16:08:53.567646		MAIN	INPUT	KEY_RELEASE	16777236
16:08:53.567840		COMMUN	STATE	OWN	NAV_2	118.4
16:08:54.588277		MAIN	INPUT	KEY_RELEASE	16777234
16:08:54.588462		COMMUN	STATE	OWN	NAV_2	118.3
16:08:55.012231		MAIN	INPUT	KEY_RELEASE	16777234
16:08:55.012415		COMMUN	STATE	OWN	NAV_2	118.2
16:08:55.513158		MAIN	INPUT	KEY_RELEASE	16777234
16:08:55.513353		COMMUN	STATE	OWN	NAV_2	118.1
16:08:55.861295		MAIN	INPUT	KEY_RELEASE	16777236
16:08:55.861492		COMMUN	STATE	OWN	NAV_2	118.2
16:08:56.093560		MAIN	INPUT	KEY_RELEASE	16777236
16:08:56.093742		COMMUN	STATE	OWN	NAV_2	118.3
16:08:56.381264		MAIN	INPUT	KEY_RELEASE	16777236
16:08:56.381452		COMMUN	STATE	OWN	NAV_2	118.4
16:08:56.749797		MAIN	INPUT	KEY_RELEASE	16777236
16:08:56.749993		COMMUN	STATE	OWN	NAV_2	118.5
16:08:57.204043		MAIN	INPUT	KEY_RELEASE	16777236
16:08:57.204224		COMMUN	STATE	OWN	NAV_2	118.6
16:08:57.826907		MAIN	INPUT	KEY_RELEASE	16777220
16:08:57.827057		COMMUN	INPUT	KEY_RELEASE	RETURN	RESPONSE_END
16:08:58.569945		MAIN	INPUT	KEY_RELEASE	16777237
16:08:58.570111		COMMUN	STATE	OWN	{'name': 'COM_1', 'currentfreq': 108.8, 'targetfreq': 108.8, 'lasttarget': 108.8, 'index': 2, 'ui': <Helpers.WCom.WCom(0x55ab8ae30900) at 0x7f328756c040>}	SELECTED
16:08:58.572220		COMMUN	STATE	OWN	NAV_2	118.6
16:08:59.175688		MAIN	INPUT	KEY_RELEASE	16777235
16:08:59.175855		COMMUN	STATE	OWN	{'name': 'NAV_2', 'currentfreq': 118.6, 'targetfreq': 118.4, 'lasttarget': 118.4, 'index': 1, 'ui': <Helpers.WCom.WCom(0x55ab8ae2d380) at 0x7f328756c0c0>}	SELECTED
16:08:59.175938		COMMUN	STATE	OWN	COM_1	108.8
16:08:59.417010		MAIN	INPUT	KEY_RELEASE	16777235
16:08:59.417185		COMMUN	STATE	OWN	{'name': 'NAV_1', 'currentfreq': 134.9, 'targetfreq': None, 'lasttarget': None, 'index': 0, 'ui': <Helpers.WCom.WCom(0x55ab8ae40fd0) at 0x7f3287564bc0>}	SELECTED
16:08:59.417267		COMMUN	STATE	OWN	NAV_2	118.6
16:08:59.694557		MAIN	INPUT	KEY_RELEASE	16777234
16:08:59.694742		COMMUN	STATE	OWN	NAV_1	134.8
16:09:00.133766		MAIN	INPUT	KEY_RELEASE	16777237
16:09:00.133926		COMMUN	STATE	OWN	{'name': 'NAV_2', 'currentfreq': 118.6, 'targetfreq': 118.4, 'lasttarget': 118.4, 'index': 1, 'ui': <Helpers.WCom.WCom(0x55ab8ae2d380) at 0x7f328756c0c0>}	SELECTED
16:09:00.134000		COMMUN	STATE	OWN	NAV_1	134.8
16:09:00.626552		MAIN	INPUT	KEY_RELEASE	16777236
16:09:00.626727		COMMUN	STATE	OWN	NAV_2	118.7
16:09:00.875421		MAIN	STATE	COMMUNICATIONS	STOP
16:09:05.906048		MAIN	STATE		END
16:09:05.906629		MAIN	STATE		END
