#	date	

10:45:03.694559		MAIN	INFO	SCENARIO	FILENAME	complete_track.txt
10:45:03.694659		MAIN	INFO	SCREENSIZE	WIDTH	1920
10:45:03.694693		MAIN	INFO	SCREENSIZE	HEIGHT	1080
10:45:03.702201		MAIN	INFO	COMMUNICATIONS	AOI_X	[0, 563]
10:45:03.702283		MAIN	INFO	COMMUNICATIONS	AOI_Y	[580, 1080]
10:45:03.705294		MAIN	INFO	SYSMON	AOI_X	[0, 668]
10:45:03.705367		MAIN	INFO	SYSMON	AOI_Y	[40, 540]
10:45:03.705486		MAIN	INFO	TRACK	AOI_X	[563, 1585]
10:45:03.705524		MAIN	INFO	TRACK	AOI_Y	[40, 540]
10:45:03.705606		MAIN	INFO	RESMAN	AOI_X	[563, 1585]
10:45:03.705649		MAIN	INFO	RESMAN	AOI_Y	[580, 1080]
10:45:03.705721		MAIN	INFO	PUMPSTATUS	AOI_X	[1576, 1919]
10:45:03.705755		MAIN	INFO	PUMPSTATUS	AOI_Y	[580, 1080]
10:45:03.705825		MAIN	INFO	SCHEDULING	AOI_X	[1576, 1919]
10:45:03.705859		MAIN	INFO	SCHEDULING	AOI_Y	[40, 540]
10:45:03.730264		MAIN	SCENARIO	TRACK	CURSORCOLOR	#009900
10:45:03.730684		TRACK	STATE	TARGET	X	0.5
10:45:03.730751		TRACK	STATE	TARGET	Y	0.5
10:45:03.730778		TRACK	STATE	TARGET	RADIUS	0.1
10:45:03.730802		TRACK	STATE		MODE	MANUAL
10:45:03.730823		MAIN	STATE	TRACK	START
10:45:03.730869		MAIN	SCENARIO	TRACK	AUTOMATICSOLVER	True
10:45:03.752541		TRACK	STATE	CURSOR	X	-0.0055251087259057625
10:45:03.752779		TRACK	STATE	CURSOR	Y	0.10365877026351329
10:45:03.783640		TRACK	STATE	CURSOR	X	-0.005441524688620775
10:45:03.783870		TRACK	STATE	CURSOR	Y	0.09297119303085304
10:45:03.804152		TRACK	STATE	CURSOR	X	-0.005395263635831797
10:45:03.804267		TRACK	STATE	CURSOR	Y	0.0825149666238485
10:45:03.824581		TRACK	STATE	CURSOR	X	-0.005351677298299985
10:45:03.824878		TRACK	STATE	CURSOR	Y	0.07201412173196169
10:45:03.845156		TRACK	STATE	CURSOR	X	-0.00531494578534623
10:45:03.845269		TRACK	STATE	CURSOR	Y	0.061516460478225905
10:45:03.865292		TRACK	STATE	CURSOR	X	-0.005281425873793627
10:45:03.865400		TRACK	STATE	CURSOR	Y	0.05097232989711198
10:45:03.885393		TRACK	STATE	CURSOR	X	-0.00525433698528834
10:45:03.885506		TRACK	STATE	CURSOR	Y	0.04043366138593752
10:45:03.905517		TRACK	STATE	CURSOR	X	-0.0052319904346706525
10:45:03.905625		TRACK	STATE	CURSOR	Y	0.029875152748075298
10:45:03.925660		TRACK	STATE	CURSOR	X	-0.005214410272468374
10:45:03.925779		TRACK	STATE	CURSOR	Y	0.01929691539819691
10:45:03.945987		TRACK	STATE	CURSOR	X	-0.005201619597581447
10:45:03.946107		TRACK	STATE	CURSOR	Y	0.018699063881154214
10:45:03.966190		TRACK	STATE	CURSOR	X	-0.005193640550696793
10:45:03.966316		TRACK	STATE	CURSOR	Y	0.018081715852337553
10:45:03.986415		TRACK	STATE	CURSOR	X	-0.005190464223397566
10:45:03.986535		TRACK	STATE	CURSOR	Y	0.017412649461899292
10:45:04.007444		TRACK	STATE	CURSOR	X	-0.005192414153036173
10:45:04.007581		TRACK	STATE	CURSOR	Y	0.016755714424323366
10:45:04.026691		TRACK	STATE	CURSOR	X	-0.005199237255492188
10:45:04.026817		TRACK	STATE	CURSOR	Y	0.01607966072395558
10:45:04.046850		TRACK	STATE	CURSOR	X	-0.0052109517264302685
10:45:04.046971		TRACK	STATE	CURSOR	Y	0.015384618403569895
10:45:04.067093		TRACK	STATE	CURSOR	X	-0.005227574772336346
10:45:04.067229		TRACK	STATE	CURSOR	Y	0.014670720510326134
10:45:04.087574		TRACK	STATE	CURSOR	X	-0.005250329549247923
10:45:04.087688		TRACK	STATE	CURSOR	Y	0.013900983294080883
10:45:04.108226		TRACK	STATE	CURSOR	X	-0.005277064760800236
10:45:04.108351		TRACK	STATE	CURSOR	Y	0.013148859975258033
10:45:04.128503		TRACK	STATE	CURSOR	X	-0.005310469670358244
10:45:04.128658		TRACK	STATE	CURSOR	Y	0.01233929622190124
10:45:04.148925		TRACK	STATE	CURSOR	X	-0.005347376528584691
10:45:04.149054		TRACK	STATE	CURSOR	Y	0.011549544502078894
10:45:04.169255		TRACK	STATE	CURSOR	X	-0.005391489452108498
10:45:04.169383		TRACK	STATE	CURSOR	Y	0.010700794251608185
10:45:04.189437		TRACK	STATE	CURSOR	X	-0.005438618704053415
10:45:04.189561		TRACK	STATE	CURSOR	Y	0.00987403612425345
10:45:04.210264		TRACK	STATE	CURSOR	X	-0.005490750253554888
10:45:04.210510		TRACK	STATE	CURSOR	Y	0.009029459199525504
10:45:04.230631		TRACK	STATE	CURSOR	X	-0.0055508818788572905
10:45:04.230749		TRACK	STATE	CURSOR	Y	0.008123647401311877
10:45:04.250838		TRACK	STATE	CURSOR	X	-0.005613294976194866
10:45:04.251002		TRACK	STATE	CURSOR	Y	0.007243034745264755
10:45:04.271245		TRACK	STATE	CURSOR	X	-0.005684238440220035
10:45:04.271366		TRACK	STATE	CURSOR	Y	0.006299740505506059
10:45:04.291527		TRACK	STATE	CURSOR	X	-0.005756961742878773
10:45:04.291644		TRACK	STATE	CURSOR	Y	0.005383774312900207
10:45:04.311825		TRACK	STATE	CURSOR	X	-0.0058347221047295355
10:45:04.311963		TRACK	STATE	CURSOR	Y	0.00445081710392408
10:45:04.331899		TRACK	STATE	CURSOR	X	-0.005917523150620274
10:45:04.332020		TRACK	STATE	CURSOR	Y	0.00350103945537477
10:45:04.352177		TRACK	STATE	CURSOR	X	-0.0060053674502990595
10:45:04.352309		TRACK	STATE	CURSOR	Y	0.002534614589369426
10:45:04.372656		TRACK	STATE	CURSOR	X	-0.006103033405933471
10:45:04.372814		TRACK	STATE	CURSOR	Y	0.0015021443487338512
10:45:04.392594		TRACK	STATE	CURSOR	X	-0.006201219938672804
10:45:04.392703		TRACK	STATE	CURSOR	Y	0.0005021452357462999
10:45:04.412900		TRACK	STATE	CURSOR	X	-0.006304451011972541
10:45:04.413009		TRACK	STATE	CURSOR	Y	-0.0005139567254113311
10:45:04.433126		TRACK	STATE	CURSOR	X	-0.006412724889448153
10:45:04.433246		TRACK	STATE	CURSOR	Y	-0.001545977892517779
10:45:04.453497		TRACK	STATE	CURSOR	X	-0.006531836692821498
10:45:04.453602		TRACK	STATE	CURSOR	Y	-0.0026465294567151257
10:45:04.473755		TRACK	STATE	CURSOR	X	-0.006650438369521949
10:45:04.473894		TRACK	STATE	CURSOR	Y	-0.0037106003733154216
10:45:04.494139		TRACK	STATE	CURSOR	X	-0.006774070931933209
10:45:04.494308		TRACK	STATE	CURSOR	Y	-0.004790015083748066
10:45:04.514495		TRACK	STATE	CURSOR	X	-0.006909292938006166
10:45:04.514602		TRACK	STATE	CURSOR	Y	-0.005939702450147501
10:45:04.534742		TRACK	STATE	CURSOR	X	-0.007043218604730441
10:45:04.535039		TRACK	STATE	CURSOR	Y	-0.0070499641833889695
10:45:04.555229		TRACK	STATE	CURSOR	X	-0.007189231265046318
10:45:04.555335		TRACK	STATE	CURSOR	Y	-0.008231605805451243
10:45:04.575559		TRACK	STATE	CURSOR	X	-0.007333415141800341
10:45:04.575674		TRACK	STATE	CURSOR	Y	-0.00937188079866711
10:45:04.595824		TRACK	STATE	CURSOR	X	-0.0074825875511671065
10:45:04.595938		TRACK	STATE	CURSOR	Y	-0.010526487888251869
10:45:04.616053		TRACK	STATE	CURSOR	X	-0.007636736881221286
10:45:04.616170		TRACK	STATE	CURSOR	Y	-0.011695221728903367
10:45:04.636837		TRACK	STATE	CURSOR	X	-0.0078039361781530965
10:45:04.637108		TRACK	STATE	CURSOR	Y	-0.01293736904432314
10:45:04.657218		TRACK	STATE	CURSOR	X	-0.007976592525766277
10:45:04.657330		TRACK	STATE	CURSOR	Y	-0.014194619403303778
10:45:04.677559		TRACK	STATE	CURSOR	X	-0.008146084761175537
10:45:04.677663		TRACK	STATE	CURSOR	Y	-0.015405817528192055
10:45:04.697890		TRACK	STATE	CURSOR	X	-0.008320494928057068
10:45:04.698010		TRACK	STATE	CURSOR	Y	-0.01663027775613913
10:45:04.718186		TRACK	STATE	CURSOR	X	-0.008499805859328774
10:45:04.718314		TRACK	STATE	CURSOR	Y	-0.017867783828437213
10:45:04.738532		TRACK	STATE	CURSOR	X	-0.008693336792318448
10:45:04.738635		TRACK	STATE	CURSOR	Y	-0.019180966912058513
10:45:04.758795		TRACK	STATE	CURSOR	X	-0.008882636018015014
10:45:04.758953		TRACK	STATE	CURSOR	Y	-0.010444532334393757
10:45:04.779044		TRACK	STATE	CURSOR	X	-0.009076776910846879
10:45:04.779155		TRACK	STATE	CURSOR	Y	-0.011720471587880756
10:45:04.799281		TRACK	STATE	CURSOR	X	-0.009285812059612394
10:45:04.799393		TRACK	STATE	CURSOR	Y	-0.013073279703369427
10:45:04.819476		TRACK	STATE	CURSOR	X	-0.009489809696996273
10:45:04.819594		TRACK	STATE	CURSOR	Y	-0.0143738820679548
10:45:04.839846		TRACK	STATE	CURSOR	X	-0.009698579759466114
10:45:04.839959		TRACK	STATE	CURSOR	Y	-0.015686168316550966
10:45:04.860549		TRACK	STATE	CURSOR	X	-0.009922897378356452
10:45:04.860652		TRACK	STATE	CURSOR	Y	-0.017076392031665374
10:45:04.880764		TRACK	STATE	CURSOR	X	-0.010141371852382591
10:45:04.880881		TRACK	STATE	CURSOR	Y	-0.01841190943212729
10:45:04.901081		TRACK	STATE	CURSOR	X	-0.010364539381339133
10:45:04.901192		TRACK	STATE	CURSOR	Y	-0.019758403859594126
10:45:04.921347		TRACK	STATE	CURSOR	X	-0.010603885291249856
10:45:04.921468		TRACK	STATE	CURSOR	Y	-0.011183779591034457
10:45:04.941666		TRACK	STATE	CURSOR	X	-0.010836584165218247
10:45:04.941832		TRACK	STATE	CURSOR	Y	-0.012552039614164222
10:45:04.962183		TRACK	STATE	CURSOR	X	-0.011085872033984395
10:45:04.962296		TRACK	STATE	CURSOR	Y	-0.013999744534200111
10:45:04.982397		TRACK	STATE	CURSOR	X	-0.011327974317353781
10:45:04.982515		TRACK	STATE	CURSOR	Y	-0.015388767311270661
10:45:05.002655		TRACK	STATE	CURSOR	X	-0.011574614404887468
10:45:05.002771		TRACK	STATE	CURSOR	Y	-0.016787550253290325
10:45:05.022878		TRACK	STATE	CURSOR	X	-0.011825758564414804
10:45:05.023113		TRACK	STATE	CURSOR	Y	-0.018195849988890685
10:45:05.043611		TRACK	STATE	CURSOR	X	-0.012094269340456385
10:45:05.043739		TRACK	STATE	CURSOR	Y	-0.019684539234536766
10:45:05.063954		TRACK	STATE	CURSOR	X	-0.012354536863153687
10:45:05.064084		TRACK	STATE	CURSOR	Y	-0.011111581381793094
10:45:05.084396		TRACK	STATE	CURSOR	X	-0.012632546736989
10:45:05.084517		TRACK	STATE	CURSOR	Y	-0.012619405123781702
10:45:05.104749		TRACK	STATE	CURSOR	X	-0.012901782136651515
10:45:05.104871		TRACK	STATE	CURSOR	Y	-0.01406414858391473
10:45:05.125101		TRACK	STATE	CURSOR	X	-0.01317533292730741
10:45:05.125229		TRACK	STATE	CURSOR	Y	-0.015517145553473577
10:45:05.145427		TRACK	STATE	CURSOR	X	-0.0134671616528938
10:45:05.145540		TRACK	STATE	CURSOR	Y	-0.017051399731374275
10:45:05.165711		TRACK	STATE	CURSOR	X	-0.013749432040746773
10:45:05.165835		TRACK	STATE	CURSOR	Y	-0.01852052800996072
10:45:05.185964		TRACK	STATE	CURSOR	X	-0.014035891791977645
10:45:05.186088		TRACK	STATE	CURSOR	Y	-0.019997138145507035
10:45:05.206831		TRACK	STATE	CURSOR	X	-0.014341135778089495
10:45:05.207431		TRACK	STATE	CURSOR	Y	-0.011555351679187304
10:45:05.227173		TRACK	STATE	CURSOR	X	-0.014650899089531377
10:45:05.227286		TRACK	STATE	CURSOR	Y	-0.013121235424954783
10:45:05.247352		TRACK	STATE	CURSOR	X	-0.014950065111630495
10:45:05.247463		TRACK	STATE	CURSOR	Y	-0.014619411436972459
10:45:05.267546		TRACK	STATE	CURSOR	X	-0.015253235739981663
10:45:05.267671		TRACK	STATE	CURSOR	Y	-0.016124015337899818
10:45:05.287899		TRACK	STATE	CURSOR	X	-0.015560363270951607
10:45:05.288013		TRACK	STATE	CURSOR	Y	-0.017634787443912524
10:45:05.308191		TRACK	STATE	CURSOR	X	-0.01587139897435147
10:45:05.308307		TRACK	STATE	CURSOR	Y	-0.019151467127464374
10:45:05.328661		TRACK	STATE	CURSOR	X	-0.016202138181592534
10:45:05.328822		TRACK	STATE	CURSOR	Y	-0.010750052650621652
10:45:05.349072		TRACK	STATE	CURSOR	X	-0.01652102898882345
10:45:05.349197		TRACK	STATE	CURSOR	Y	-0.012278024317631446
10:45:05.369415		TRACK	STATE	CURSOR	X	-0.01685990283425638
10:45:05.369547		TRACK	STATE	CURSOR	Y	-0.013887886527155764
10:45:05.389873		TRACK	STATE	CURSOR	X	-0.01718643093144338
10:45:05.390030		TRACK	STATE	CURSOR	Y	-0.015426043910442404
10:45:05.410502		TRACK	STATE	CURSOR	X	-0.01753320616012193
10:45:05.410610		TRACK	STATE	CURSOR	Y	-0.017046017717592954
10:45:05.430657		TRACK	STATE	CURSOR	X	-0.01786714508986102
10:45:05.430780		TRACK	STATE	CURSOR	Y	-0.018593248049967176
10:45:05.451044		TRACK	STATE	CURSOR	X	-0.018204614307995637
10:45:05.451229		TRACK	STATE	CURSOR	Y	-0.01014449864832549
10:45:05.471711		TRACK	STATE	CURSOR	X	-0.018562694182964284
10:45:05.471836		TRACK	STATE	CURSOR	Y	-0.011777346678672826
10:45:05.491978		TRACK	STATE	CURSOR	X	-0.018907221527718333
10:45:05.492095		TRACK	STATE	CURSOR	Y	-0.013336004202831176
10:45:05.512509		TRACK	STATE	CURSOR	X	-0.01927258357319912
10:45:05.512677		TRACK	STATE	CURSOR	Y	-0.014976039053624199
10:45:05.532479		TRACK	STATE	CURSOR	X	-0.019623921526716197
10:45:05.532599		TRACK	STATE	CURSOR	Y	-0.01654097777042923
10:45:05.552798		TRACK	STATE	CURSOR	X	-0.019978489415494922
10:45:05.552928		TRACK	STATE	CURSOR	Y	-0.018108570771457517
10:45:05.573270		TRACK	STATE	CURSOR	X	-0.010336225421586779
10:45:05.573488		TRACK	STATE	CURSOR	Y	-0.019678548851475783
10:45:05.593324		TRACK	STATE	CURSOR	X	-0.010715189229101354
10:45:05.593453		TRACK	STATE	CURSOR	Y	-0.011329297831087758
10:45:05.613492		TRACK	STATE	CURSOR	X	-0.011079222645011847
10:45:05.613605		TRACK	STATE	CURSOR	Y	-0.012903322299969338
10:45:05.633640		TRACK	STATE	CURSOR	X	-0.011446229838931786
10:45:05.633753		TRACK	STATE	CURSOR	Y	-0.014478908803817008
10:45:05.654235		TRACK	STATE	CURSOR	X	-0.011834716137604477
10:45:05.654366		TRACK	STATE	CURSOR	Y	-0.016134659955743872
10:45:05.674580		TRACK	STATE	CURSOR	X	-0.012207613517054764
10:45:05.674713		TRACK	STATE	CURSOR	Y	-0.01771260325473502
10:45:05.694761		TRACK	STATE	CURSOR	X	-0.012583281768785296
10:45:05.694862		TRACK	STATE	CURSOR	Y	-0.019291283515513923
10:45:05.715315		TRACK	STATE	CURSOR	X	-0.012980640779399163
10:45:05.715436		TRACK	STATE	CURSOR	Y	-0.010949394688443805
10:45:05.735561		TRACK	STATE	CURSOR	X	-0.01336177465246313
10:45:05.735694		TRACK	STATE	CURSOR	Y	-0.012528739227708072
10:45:05.755927		TRACK	STATE	CURSOR	X	-0.013745468144441523
10:45:05.756058		TRACK	STATE	CURSOR	Y	-0.014107994833480667
10:45:05.776853		TRACK	STATE	CURSOR	X	-0.014151023356048389
10:45:05.776962		TRACK	STATE	CURSOR	Y	-0.015765821243433367
10:45:05.797026		TRACK	STATE	CURSOR	X	-0.014539741027228334
10:45:05.797134		TRACK	STATE	CURSOR	Y	-0.01734404816388742
10:45:05.817254		TRACK	STATE	CURSOR	X	-0.014950411958266704
10:45:05.817359		TRACK	STATE	CURSOR	Y	-0.019000197410593535
10:45:05.837793		TRACK	STATE	CURSOR	X	-0.015343847860589092
10:45:05.837914		TRACK	STATE	CURSOR	Y	-0.010576258740170765
10:45:05.858039		TRACK	STATE	CURSOR	X	-0.01573947212915583
10:45:05.858176		TRACK	STATE	CURSOR	Y	-0.012150851597490768
10:45:05.878698		TRACK	STATE	CURSOR	X	-0.016157150374684286
10:45:05.878811		TRACK	STATE	CURSOR	Y	-0.013802298351579985
10:45:05.898985		TRACK	STATE	CURSOR	X	-0.0165570243144444
10:45:05.899109		TRACK	STATE	CURSOR	Y	-0.015373037436691245
10:45:05.919336		TRACK	STATE	CURSOR	X	-0.016978995681298646
10:45:05.919471		TRACK	STATE	CURSOR	Y	-0.017019843350315592
10:45:05.939631		TRACK	STATE	CURSOR	X	-0.017382795606225653
10:45:05.939763		TRACK	STATE	CURSOR	Y	-0.018585597294419914
10:45:05.960321		TRACK	STATE	CURSOR	X	-0.017808716609924856
10:45:05.960431		TRACK	STATE	CURSOR	Y	-0.010226576186769488
10:45:05.980571		TRACK	STATE	CURSOR	X	-0.01821611199209921
10:45:05.980686		TRACK	STATE	CURSOR	Y	-0.011786217151749037
10:45:06.000851		TRACK	STATE	CURSOR	X	-0.018625139300426058
10:45:06.000974		TRACK	STATE	CURSOR	Y	-0.013342468164741399
10:45:06.021511		TRACK	STATE	CURSOR	X	-0.01905628569648945
10:45:06.021640		TRACK	STATE	CURSOR	Y	-0.014972591364490044
10:45:06.042097		TRACK	STATE	CURSOR	X	-0.019468404411667244
10:45:06.042216		TRACK	STATE	CURSOR	Y	-0.016521059532276186
10:45:06.062337		TRACK	STATE	CURSOR	X	-0.019902615542108593
10:45:06.062458		TRACK	STATE	CURSOR	Y	-0.01814242418686031
10:45:06.083280		TRACK	STATE	CURSOR	X	-0.01033825453432106
10:45:06.083401		TRACK	STATE	CURSOR	Y	-0.01975884982114465
10:45:06.103604		TRACK	STATE	CURSOR	X	-0.010754387321273049
10:45:06.103756		TRACK	STATE	CURSOR	Y	-0.011293431288844887
10:45:06.123956		TRACK	STATE	CURSOR	X	-0.011171642262894079
10:45:06.124085		TRACK	STATE	CURSOR	Y	-0.012822992401802182
10:45:06.144555		TRACK	STATE	CURSOR	X	-0.011610874176863835
10:45:06.144662		TRACK	STATE	CURSOR	Y	-0.014423341266320154
10:45:06.164864		TRACK	STATE	CURSOR	X	-0.01203016169007201
10:45:06.164973		TRACK	STATE	CURSOR	Y	-0.015941791137679115
10:45:06.185135		TRACK	STATE	CURSOR	X	-0.012450308650690604
10:45:06.185266		TRACK	STATE	CURSOR	Y	-0.01745442293960278
10:45:06.206040		TRACK	STATE	CURSOR	X	-0.012892292204387026
10:45:06.206136		TRACK	STATE	CURSOR	Y	-0.01903614049387603
10:45:06.226288		TRACK	STATE	CURSOR	X	-0.013335024793215479
10:45:06.226401		TRACK	STATE	CURSOR	Y	-0.010610857863238456
10:45:06.246387		TRACK	STATE	CURSOR	X	-0.013757277192845098
10:45:06.246488		TRACK	STATE	CURSOR	Y	-0.012103807719671603
10:45:06.266973		TRACK	STATE	CURSOR	X	-0.014180026273114555
10:45:06.267096		TRACK	STATE	CURSOR	Y	-0.01358988119244125
10:45:06.287228		TRACK	STATE	CURSOR	X	-0.01462434879407709
10:45:06.287333		TRACK	STATE	CURSOR	Y	-0.0151425781871948
10:45:06.307417		TRACK	STATE	CURSOR	X	-0.01504783381875102
10:45:06.307523		TRACK	STATE	CURSOR	Y	-0.01661375787647975
10:45:06.327947		TRACK	STATE	CURSOR	X	-0.01547153893233076
10:45:06.328056		TRACK	STATE	CURSOR	Y	-0.018077285838813455
10:45:06.348201		TRACK	STATE	CURSOR	X	-0.015916565641208413
10:45:06.348312		TRACK	STATE	CURSOR	Y	-0.019605479559153836
10:45:06.368425		TRACK	STATE	CURSOR	X	-0.016340434110013083
10:45:06.368547		TRACK	STATE	CURSOR	Y	-0.011052535769079339
10:45:06.389061		TRACK	STATE	CURSOR	X	-0.016764240711824682
10:45:06.389180		TRACK	STATE	CURSOR	Y	-0.012491176363353106
10:45:06.409395		TRACK	STATE	CURSOR	X	-0.01720906868678823
10:45:06.409520		TRACK	STATE	CURSOR	Y	-0.013992420590867293
10:45:06.429568		TRACK	STATE	CURSOR	X	-0.017632455412539008
10:45:06.429672		TRACK	STATE	CURSOR	Y	-0.01541303609840223
10:45:06.450232		TRACK	STATE	CURSOR	X	-0.018076634332200622
10:45:06.450352		TRACK	STATE	CURSOR	Y	-0.016894812101612484
10:45:06.470502		TRACK	STATE	CURSOR	X	-0.018499203554456202
10:45:06.470630		TRACK	STATE	CURSOR	Y	-0.01829637346417172
10:45:06.490816		TRACK	STATE	CURSOR	X	-0.018921228413750706
10:45:06.490928		TRACK	STATE	CURSOR	Y	-0.019688270536619104
10:45:06.511474		TRACK	STATE	CURSOR	X	-0.019363663478657964
10:45:06.511585		TRACK	STATE	CURSOR	Y	-0.011139098388241184
10:45:06.531765		TRACK	STATE	CURSOR	X	-0.019784271430674627
10:45:06.531886		TRACK	STATE	CURSOR	Y	-0.012510434249377771
10:45:06.552005		TRACK	STATE	CURSOR	X	-0.01020404046066307
10:45:06.552121		TRACK	STATE	CURSOR	Y	-0.01387137799071342
10:45:06.573218		TRACK	STATE	CURSOR	X	-0.010643788390088645
10:45:06.573326		TRACK	STATE	CURSOR	Y	-0.01528892694528511
10:45:06.593523		TRACK	STATE	CURSOR	X	-0.01108239059743603
10:45:06.593628		TRACK	STATE	CURSOR	Y	-0.016694488783987133
10:45:06.613597		TRACK	STATE	CURSOR	X	-0.011498937653459643
10:45:06.613699		TRACK	STATE	CURSOR	Y	-0.018021729145691362
10:45:06.634113		TRACK	STATE	CURSOR	X	-0.01191424351827341
10:45:06.634219		TRACK	STATE	CURSOR	Y	-0.019337623576391405
10:45:06.654406		TRACK	STATE	CURSOR	X	-0.012348870384599428
10:45:06.654540		TRACK	STATE	CURSOR	Y	-0.01070685210713126
10:45:06.674699		TRACK	STATE	CURSOR	X	-0.012761321536305189
10:45:06.674802		TRACK	STATE	CURSOR	Y	-0.01199877629581401
10:45:06.695324		TRACK	STATE	CURSOR	X	-0.013192731037116575
10:45:06.695435		TRACK	STATE	CURSOR	Y	-0.01334233914587222
10:45:06.715541		TRACK	STATE	CURSOR	X	-0.013601907849290032
10:45:06.715672		TRACK	STATE	CURSOR	Y	-0.014609350639823474
10:45:06.736187		TRACK	STATE	CURSOR	X	-0.014009334281359477
10:45:06.736360		TRACK	STATE	CURSOR	Y	-0.015863872617462867
10:45:06.756701		TRACK	STATE	CURSOR	X	-0.014435137842349769
10:45:06.756890		TRACK	STATE	CURSOR	Y	-0.017167440031246713
10:45:06.777114		TRACK	STATE	CURSOR	X	-0.014838660408733469
10:45:06.777240		TRACK	STATE	CURSOR	Y	-0.018395678299690417
10:45:06.797376		TRACK	STATE	CURSOR	X	-0.015260141428565252
10:45:06.797486		TRACK	STATE	CURSOR	Y	-0.019671173159070222
10:45:06.817598		TRACK	STATE	CURSOR	X	-0.01565933386335542
10:45:06.817720		TRACK	STATE	CURSOR	Y	-0.010872228058383534
10:45:06.837779		TRACK	STATE	CURSOR	X	-0.01605625867315149
10:45:06.837891		TRACK	STATE	CURSOR	Y	-0.01205970178183355
10:45:06.857944		TRACK	STATE	CURSOR	X	-0.016450813652594383
10:45:06.858048		TRACK	STATE	CURSOR	Y	-0.013233386759147122
10:45:06.878067		TRACK	STATE	CURSOR	X	-0.016842896372722932
10:45:06.878169		TRACK	STATE	CURSOR	Y	-0.014393077624006616
10:45:06.898191		TRACK	STATE	CURSOR	X	-0.017251810151635703
10:45:06.898301		TRACK	STATE	CURSOR	Y	-0.015595469637702185
10:45:06.918375		TRACK	STATE	CURSOR	X	-0.01763850365453929
10:45:06.918494		TRACK	STATE	CURSOR	Y	-0.01672584002160875
10:45:06.938867		TRACK	STATE	CURSOR	X	-0.018022411258432132
10:45:06.939217		TRACK	STATE	CURSOR	Y	-0.01784160387715332
10:45:06.959515		TRACK	STATE	CURSOR	X	-0.018422403010623957
10:45:06.959636		TRACK	STATE	CURSOR	Y	-0.018997221102224654
10:45:06.979879		TRACK	STATE	CURSOR	X	-0.01880027676853973
10:45:06.979986		TRACK	STATE	CURSOR	Y	-0.010082431080075555
10:45:07.000075		TRACK	STATE	CURSOR	X	-0.019175049452460152
10:45:07.000192		TRACK	STATE	CURSOR	Y	-0.011152443829927675
10:45:07.020357		TRACK	STATE	CURSOR	X	-0.01956510988010421
10:45:07.020467		TRACK	STATE	CURSOR	Y	-0.012259394657015749
10:45:07.040757		TRACK	STATE	CURSOR	X	-0.01993320136658088
10:45:07.040861		TRACK	STATE	CURSOR	Y	-0.013297665560759753
10:45:07.060982		TRACK	STATE	CURSOR	X	-0.01029787548397835
10:45:07.061076		TRACK	STATE	CURSOR	Y	-0.014320171134125185
10:45:07.081176		TRACK	STATE	CURSOR	X	-0.010676991702598186
10:45:07.081294		TRACK	STATE	CURSOR	Y	-0.015376636317814602
10:45:07.101429		TRACK	STATE	CURSOR	X	-0.011034335403611028
10:45:07.101544		TRACK	STATE	CURSOR	Y	-0.01636625927921475
10:45:07.121663		TRACK	STATE	CURSOR	X	-0.011387944739432736
10:45:07.121785		TRACK	STATE	CURSOR	Y	-0.017339572254823625
10:45:07.141960		TRACK	STATE	CURSOR	X	-0.011737715695575199
10:45:07.142068		TRACK	STATE	CURSOR	Y	-0.018296401912098907
10:45:07.162225		TRACK	STATE	CURSOR	X	-0.012100730315572407
10:45:07.162334		TRACK	STATE	CURSOR	Y	-0.01928314614394088
10:45:07.182348		TRACK	STATE	CURSOR	X	-0.012442307371308145
10:45:07.182457		TRACK	STATE	CURSOR	Y	-0.01020565427620561
10:45:07.202510		TRACK	STATE	CURSOR	X	-0.012779728773715764
10:45:07.202634		TRACK	STATE	CURSOR	Y	-0.011111166826690501
10:45:07.222808		TRACK	STATE	CURSOR	X	-0.01311289054017223
10:45:07.222931		TRACK	STATE	CURSOR	Y	-0.01199952131029096
10:45:07.243041		TRACK	STATE	CURSOR	X	-0.013441688733900796
10:45:07.243163		TRACK	STATE	CURSOR	Y	-0.01287055798800846
10:45:07.263312		TRACK	STATE	CURSOR	X	-0.013782116883518119
10:45:07.263428		TRACK	STATE	CURSOR	Y	-0.013766336498021047
10:45:07.283628		TRACK	STATE	CURSOR	X	-0.01410164509470656
10:45:07.283780		TRACK	STATE	CURSOR	Y	-0.014601384017495085
10:45:07.303901		TRACK	STATE	CURSOR	X	-0.014416493166113155
10:45:07.304027		TRACK	STATE	CURSOR	Y	-0.015418643755926874
10:45:07.324237		TRACK	STATE	CURSOR	X	-0.014726557501113577
10:45:07.324355		TRACK	STATE	CURSOR	Y	-0.016217967357659
10:45:07.344443		TRACK	STATE	CURSOR	X	-0.01504686333798934
10:45:07.344551		TRACK	STATE	CURSOR	Y	-0.01703779422679405
10:45:07.364626		TRACK	STATE	CURSOR	X	-0.015346797677002146
10:45:07.364731		TRACK	STATE	CURSOR	Y	-0.017799897103890003
10:45:07.384917		TRACK	STATE	CURSOR	X	-0.01564163312872696
10:45:07.385040		TRACK	STATE	CURSOR	Y	-0.018543629205239096
10:45:07.405297		TRACK	STATE	CURSOR	X	-0.015945609968025527
10:45:07.405441		TRACK	STATE	CURSOR	Y	-0.01930462696759426
10:45:07.425539		TRACK	STATE	CURSOR	X	-0.016229670873293835
10:45:07.425652		TRACK	STATE	CURSOR	Y	-0.010010275262249633
10:45:07.445802		TRACK	STATE	CURSOR	X	-0.016508319307745545
10:45:07.445901		TRACK	STATE	CURSOR	Y	-0.010697145531924962
10:45:07.466014		TRACK	STATE	CURSOR	X	-0.016781452871056625
10:45:07.466122		TRACK	STATE	CURSOR	Y	-0.01136511032159108
10:45:07.486158		TRACK	STATE	CURSOR	X	-0.017048969392878845
10:45:07.486285		TRACK	STATE	CURSOR	Y	-0.012014045209475447
10:45:07.506764		TRACK	STATE	CURSOR	X	-0.017323704878136316
10:45:07.507056		TRACK	STATE	CURSOR	Y	-0.012674813152859796
10:45:07.526685		TRACK	STATE	CURSOR	X	-0.01757938810631378
10:45:07.526826		TRACK	STATE	CURSOR	Y	-0.013284360680222243
10:45:07.546841		TRACK	STATE	CURSOR	X	-0.01782914425157972
10:45:07.546952		TRACK	STATE	CURSOR	Y	-0.013874517766800593
10:45:07.567022		TRACK	STATE	CURSOR	X	-0.018072872230108658
10:45:07.567139		TRACK	STATE	CURSOR	Y	-0.014445172482907548
10:45:07.587257		TRACK	STATE	CURSOR	X	-0.01832218852821319
10:45:07.587371		TRACK	STATE	CURSOR	Y	-0.015023251508050057
10:45:07.608263		TRACK	STATE	CURSOR	X	-0.0185532440620515
10:45:07.608714		TRACK	STATE	CURSOR	Y	-0.015553589688940767
10:45:07.627978		TRACK	STATE	CURSOR	X	-0.018777965080468223
10:45:07.628087		TRACK	STATE	CURSOR	Y	-0.016064103543268017
10:45:07.648188		TRACK	STATE	CURSOR	X	-0.01899625183438297
10:45:07.648313		TRACK	STATE	CURSOR	Y	-0.016554693943100253
10:45:07.668480		TRACK	STATE	CURSOR	X	-0.019218419312095378
10:45:07.668617		TRACK	STATE	CURSOR	Y	-0.017048266331376218
10:45:07.689288		TRACK	STATE	CURSOR	X	-0.0194232055515036
10:45:07.689690		TRACK	STATE	CURSOR	Y	-0.01749771729559122
10:45:07.709160		TRACK	STATE	CURSOR	X	-0.019621255625816666
10:45:07.709333		TRACK	STATE	CURSOR	Y	-0.017926962329122435
10:45:07.729987		TRACK	STATE	CURSOR	X	-0.019821850998478385
10:45:07.730103		TRACK	STATE	CURSOR	Y	-0.018355828873667983
10:45:07.750175		TRACK	STATE	CURSOR	X	-0.010005785507540313
10:45:07.750300		TRACK	STATE	CURSOR	Y	-0.01874338631926325
10:45:07.770444		TRACK	STATE	CURSOR	X	-0.010191344424121016
10:45:07.770550		TRACK	STATE	CURSOR	Y	-0.019128302184538253
10:45:07.790713		TRACK	STATE	CURSOR	X	-0.01036075459416068
10:45:07.790821		TRACK	STATE	CURSOR	Y	-0.01947383866916657
10:45:07.810761		TRACK	STATE	CURSOR	X	-0.010522932585055165
10:45:07.810859		TRACK	STATE	CURSOR	Y	-0.019798764709246804
10:45:07.830881		TRACK	STATE	CURSOR	X	-0.010677782569656203
10:45:07.831001		TRACK	STATE	CURSOR	Y	-0.010103011074705336
10:45:07.851081		TRACK	STATE	CURSOR	X	-0.01082520922485899
10:45:07.851188		TRACK	STATE	CURSOR	Y	-0.010386511873291192
10:45:07.871210		TRACK	STATE	CURSOR	X	-0.010971914128081893
10:45:07.871324		TRACK	STATE	CURSOR	Y	-0.01066179190827639
10:45:07.891367		TRACK	STATE	CURSOR	X	-0.011103827159790214
10:45:07.891478		TRACK	STATE	CURSOR	Y	-0.01090257244964886
10:45:07.911432		TRACK	STATE	CURSOR	X	-0.011228029392450671
10:45:07.911539		TRACK	STATE	CURSOR	Y	-0.011122427190247102
10:45:07.931534		TRACK	STATE	CURSOR	X	-0.011344427694307312
10:45:07.931652		TRACK	STATE	CURSOR	Y	-0.01132130387364984
10:45:07.951771		TRACK	STATE	CURSOR	X	-0.011452929511458309
10:45:07.951885		TRACK	STATE	CURSOR	Y	-0.011499153636794867
10:45:07.972080		TRACK	STATE	CURSOR	X	-0.011553442882315587
10:45:07.972202		TRACK	STATE	CURSOR	Y	-0.011655931019448494
10:45:07.992038		TRACK	STATE	CURSOR	X	-0.011645876452006982
10:45:07.992169		TRACK	STATE	CURSOR	Y	-0.011791593973168204
10:45:08.012361		TRACK	STATE	CURSOR	X	-0.011734136543030469
10:45:08.012474		TRACK	STATE	CURSOR	Y	-0.011911273450806297
10:45:08.032625		TRACK	STATE	CURSOR	X	-0.011809723559138932
10:45:08.032749		TRACK	STATE	CURSOR	Y	-0.012003534814969465
10:45:08.052899		TRACK	STATE	CURSOR	X	-0.011876956037765488
10:45:08.053024		TRACK	STATE	CURSOR	Y	-0.012074574659650438
10:45:08.073687		TRACK	STATE	CURSOR	X	-0.011935745227287515
10:45:08.073848		TRACK	STATE	CURSOR	Y	-0.012124364835252146
10:45:08.094044		TRACK	STATE	CURSOR	X	-0.011988290427326896
10:45:08.094161		TRACK	STATE	CURSOR	Y	-0.0121537475836883
10:45:08.114284		TRACK	STATE	CURSOR	X	-0.012031328673558337
10:45:08.114407		TRACK	STATE	CURSOR	Y	-0.012159650878406024
10:45:08.134482		TRACK	STATE	CURSOR	X	-0.012063387060017814
10:45:08.134607		TRACK	STATE	CURSOR	Y	-0.012143425485414487
10:45:08.154672		TRACK	STATE	CURSOR	X	-0.01208664552059185
10:45:08.154791		TRACK	STATE	CURSOR	Y	-0.012105871131940853
10:45:08.174905		TRACK	STATE	CURSOR	X	-0.012101018909834083
10:45:08.175021		TRACK	STATE	CURSOR	Y	-0.012046977315046158
10:45:08.195134		TRACK	STATE	CURSOR	X	-0.01210642283152945
10:45:08.195243		TRACK	STATE	CURSOR	Y	-0.01196673700545685
10:45:08.215557		TRACK	STATE	CURSOR	X	-0.012102352059878184
10:45:08.215762		TRACK	STATE	CURSOR	Y	-0.01185950667822089
10:45:08.236300		TRACK	STATE	CURSOR	X	-0.012088204357404946
10:45:08.236417		TRACK	STATE	CURSOR	Y	-0.011728737975485863
10:45:08.257089		TRACK	STATE	CURSOR	X	-0.012065274910105688
10:45:08.257471		TRACK	STATE	CURSOR	Y	-0.011582316444512424
10:45:08.277273		TRACK	STATE	CURSOR	X	-0.01203118048801711
10:45:08.277391		TRACK	STATE	CURSOR	Y	-0.011405607984736403
10:45:08.298036		TRACK	STATE	CURSOR	X	-0.011989084453642282
10:45:08.298166		TRACK	STATE	CURSOR	Y	-0.011215453240663144
10:45:08.318325		TRACK	STATE	CURSOR	X	-0.011934688798760655
10:45:08.318450		TRACK	STATE	CURSOR	Y	-0.010992852735376412
10:45:08.338591		TRACK	STATE	CURSOR	X	-0.011873092127426607
10:45:08.338709		TRACK	STATE	CURSOR	Y	-0.010759025229547902
10:45:08.359138		TRACK	STATE	CURSOR	X	-0.011801863929549414
10:45:08.359248		TRACK	STATE	CURSOR	Y	-0.010503924908648642
10:45:08.379261		TRACK	STATE	CURSOR	X	-0.011716624288226724
10:45:08.379367		TRACK	STATE	CURSOR	Y	-0.010213202119967126
10:45:08.399548		TRACK	STATE	CURSOR	X	-0.011625412099545826
10:45:08.399678		TRACK	STATE	CURSOR	Y	-0.009914574531848188
10:45:08.420036		TRACK	STATE	CURSOR	X	-0.011524336695122104
10:45:08.420162		TRACK	STATE	CURSOR	Y	-0.009594761298266962
10:45:08.440896		TRACK	STATE	CURSOR	X	-0.011407511126165124
10:45:08.441039		TRACK	STATE	CURSOR	Y	-0.009236195379553546
10:45:08.461178		TRACK	STATE	CURSOR	X	-0.011285985365043239
10:45:08.461308		TRACK	STATE	CURSOR	Y	-0.008873066744980717
10:45:08.481522		TRACK	STATE	CURSOR	X	-0.011147526503313286
10:45:08.481639		TRACK	STATE	CURSOR	Y	-0.008469110065263909
10:45:08.501748		TRACK	STATE	CURSOR	X	-0.011005246838916719
10:45:08.501856		TRACK	STATE	CURSOR	Y	-0.008062845647270294
10:45:08.522044		TRACK	STATE	CURSOR	X	-0.010852735634341847
10:45:08.522172		TRACK	STATE	CURSOR	Y	-0.007635613544249036
10:45:08.542451		TRACK	STATE	CURSOR	X	-0.010681511356229656
10:45:08.542594		TRACK	STATE	CURSOR	Y	-0.00716451172839354
10:45:08.562664		TRACK	STATE	CURSOR	X	-0.010507809910154509
10:45:08.562765		TRACK	STATE	CURSOR	Y	-0.006694466262745226
10:45:08.582850		TRACK	STATE	CURSOR	X	-0.010323668638060711
10:45:08.582966		TRACK	STATE	CURSOR	Y	-0.006203626442315939
10:45:08.603219		TRACK	STATE	CURSOR	X	-0.010119011948630284
10:45:08.603333		TRACK	STATE	CURSOR	Y	-0.005665934558583665
10:45:08.623796		TRACK	STATE	CURSOR	X	-0.009913262993076053
10:45:08.623943		TRACK	STATE	CURSOR	Y	-0.005132669505199127
10:45:08.643949		TRACK	STATE	CURSOR	X	-0.009696875310065087
10:45:08.644059		TRACK	STATE	CURSOR	Y	-0.004578815384805189
10:45:08.664603		TRACK	STATE	CURSOR	X	-0.009458149266702446
10:45:08.664726		TRACK	STATE	CURSOR	Y	-0.003975190840028566
10:45:08.684953		TRACK	STATE	CURSOR	X	-0.009219756032240437
10:45:08.685083		TRACK	STATE	CURSOR	Y	-0.0033793649077172878
10:45:08.705301		TRACK	STATE	CURSOR	X	-0.008957788509773927
10:45:08.705418		TRACK	STATE	CURSOR	Y	-0.0027318452900528273
10:45:08.726116		TRACK	STATE	CURSOR	X	-0.00869713363333833
10:45:08.726225		TRACK	STATE	CURSOR	Y	-0.0020943887433309983
10:45:08.731100		MAIN	SCENARIO	TRACK	AUTOMATICSOLVER	False
10:45:08.746390		TRACK	STATE	CURSOR	X	-0.008411660611848325
10:45:08.746498		TRACK	STATE	CURSOR	Y	-0.0014033476068502932
