#	date	

22:50:55.019436		MAIN	INFO	SCENARIO	FILENAME	complete_track.txt
22:50:55.019545		MAIN	INFO	SCREENSIZE	WIDTH	1920
22:50:55.019587		MAIN	INFO	SCREENSIZE	HEIGHT	1080
22:50:55.026099		MAIN	INFO	COMMUNICATIONS	AOI_X	[0, 563]
22:50:55.026165		MAIN	INFO	COMMUNICATIONS	AOI_Y	[580, 1080]
22:50:55.029036		MAIN	INFO	SYSMON	AOI_X	[0, 668]
22:50:55.029091		MAIN	INFO	SYSMON	AOI_Y	[40, 540]
22:50:55.029202		MAIN	INFO	TRACK	AOI_X	[563, 1585]
22:50:55.029246		MAIN	INFO	TRACK	AOI_Y	[40, 540]
22:50:55.029329		MAIN	INFO	RESMAN	AOI_X	[563, 1585]
22:50:55.029366		MAIN	INFO	RESMAN	AOI_Y	[580, 1080]
22:50:55.029440		MAIN	INFO	PUMPSTATUS	AOI_X	[1576, 1919]
22:50:55.029477		MAIN	INFO	PUMPSTATUS	AOI_Y	[580, 1080]
22:50:55.029549		MAIN	INFO	SCHEDULING	AOI_X	[1576, 1919]
22:50:55.029584		MAIN	INFO	SCHEDULING	AOI_Y	[40, 540]
22:50:55.052556		MAIN	SCENARIO	TRACK	CURSORCOLOR	#009900
22:50:55.053225		TRACK	STATE	TARGET	X	0.5
22:50:55.053340		TRACK	STATE	TARGET	Y	0.5
22:50:55.053384		TRACK	STATE	TARGET	RADIUS	0.1
22:50:55.053424		TRACK	STATE		MODE	MANUAL
22:50:55.053457		MAIN	STATE	TRACK	START
22:50:55.099961		TRACK	STATE	CURSOR	X	-0.0054588055206605994
22:50:55.100134		TRACK	STATE	CURSOR	Y	0.11312606724210182
22:50:55.120676		TRACK	STATE	CURSOR	X	-0.0054086566819160535
22:50:55.120821		TRACK	STATE	CURSOR	Y	0.11265396663740275
22:50:55.141414		TRACK	STATE	CURSOR	X	-0.005363607320375867
22:50:55.141579		TRACK	STATE	CURSOR	Y	0.11215949337377058
22:50:55.161938		TRACK	STATE	CURSOR	X	-0.005323690003202458
22:50:55.162082		TRACK	STATE	CURSOR	Y	0.11164276032035408
22:50:55.182201		TRACK	STATE	CURSOR	X	-0.005290473584020063
22:50:55.182319		TRACK	STATE	CURSOR	Y	0.11113004535737525
22:50:55.202502		TRACK	STATE	CURSOR	X	-0.005261966825442221
22:50:55.202618		TRACK	STATE	CURSOR	Y	0.11059735013973304
22:50:55.222916		TRACK	STATE	CURSOR	X	-0.005238195005028497
22:50:55.223092		TRACK	STATE	CURSOR	Y	0.11004478198426536
22:50:55.243627		TRACK	STATE	CURSOR	X	-0.005218357184558375
22:50:55.243750		TRACK	STATE	CURSOR	Y	0.10944331809155759
22:50:55.264761		TRACK	STATE	CURSOR	X	-0.005203793496970088
22:50:55.264909		TRACK	STATE	CURSOR	Y	0.1088201977151082
22:50:55.284522		TRACK	STATE	CURSOR	X	-0.005194850399441693
22:50:55.284753		TRACK	STATE	CURSOR	Y	0.10820673942758113
22:50:55.304502		TRACK	STATE	CURSOR	X	-0.005190735948221716
22:50:55.304627		TRACK	STATE	CURSOR	Y	0.10757388097868636
22:50:55.325022		TRACK	STATE	CURSOR	X	-0.005191634912888811
22:50:55.325149		TRACK	STATE	CURSOR	Y	0.1068886350331048
22:50:55.345680		TRACK	STATE	CURSOR	X	-0.005197481893576013
22:50:55.346353		TRACK	STATE	CURSOR	Y	0.10621639475840265
22:50:55.365806		TRACK	STATE	CURSOR	X	-0.005208216682562476
22:50:55.365918		TRACK	STATE	CURSOR	Y	0.10552513961406894
22:50:55.386160		TRACK	STATE	CURSOR	X	-0.005224767745196267
22:50:55.386321		TRACK	STATE	CURSOR	Y	0.10477900192299361
22:50:55.407159		TRACK	STATE	CURSOR	X	-0.00524674576481197
22:50:55.407397		TRACK	STATE	CURSOR	Y	0.10401220325847128
22:50:55.427428		TRACK	STATE	CURSOR	X	-0.005272738939520655
22:50:55.427557		TRACK	STATE	CURSOR	Y	0.1032628569834051
22:50:55.447770		TRACK	STATE	CURSOR	X	-0.005303684942490662
22:50:55.447884		TRACK	STATE	CURSOR	Y	0.10249505775343005
22:50:55.468005		TRACK	STATE	CURSOR	X	-0.005341523261381949
22:50:55.468126		TRACK	STATE	CURSOR	Y	0.10166916676969606
22:50:55.488515		TRACK	STATE	CURSOR	X	-0.005382663017464771
22:50:55.488640		TRACK	STATE	CURSOR	Y	0.10086399403281786
22:50:55.508890		TRACK	STATE	CURSOR	X	-0.0054312306519977245
22:50:55.509011		TRACK	STATE	CURSOR	Y	0.09999918958328809
22:50:55.529205		TRACK	STATE	CURSOR	X	-0.005482611261250585
22:50:55.529329		TRACK	STATE	CURSOR	Y	0.09915727555946247
22:50:55.549662		TRACK	STATE	CURSOR	X	-0.005539001838927342
22:50:55.549781		TRACK	STATE	CURSOR	Y	0.0982976757210771
22:50:55.569962		TRACK	STATE	CURSOR	X	-0.005603612736996111
22:50:55.570082		TRACK	STATE	CURSOR	Y	0.09737623557663737
22:50:55.590241		TRACK	STATE	CURSOR	X	-0.0056702978337348315
22:50:55.590353		TRACK	STATE	CURSOR	Y	0.0964808799991894
22:50:55.610619		TRACK	STATE	CURSOR	X	-0.0057420142521370605
22:50:55.610752		TRACK	STATE	CURSOR	Y	0.09556833224431516
22:50:55.631001		TRACK	STATE	CURSOR	X	-0.005822736783518412
22:50:55.631133		TRACK	STATE	CURSOR	Y	0.0945918371867986
22:50:55.651174		TRACK	STATE	CURSOR	X	-0.005904781537158603
22:50:55.651298		TRACK	STATE	CURSOR	Y	0.09364457162560225
22:50:55.671414		TRACK	STATE	CURSOR	X	-0.005991869226522441
22:50:55.671547		TRACK	STATE	CURSOR	Y	0.09268063269610166
22:50:55.691579		TRACK	STATE	CURSOR	X	-0.006084001521848422
22:50:55.691706		TRACK	STATE	CURSOR	Y	0.0917001958466962
22:50:55.711848		TRACK	STATE	CURSOR	X	-0.006186170340907894
22:50:55.711957		TRACK	STATE	CURSOR	Y	0.0906531761139563
22:50:55.732454		TRACK	STATE	CURSOR	X	-0.00628864481769172
22:50:55.732566		TRACK	STATE	CURSOR	Y	0.08963947793428274
22:50:55.752542		TRACK	STATE	CURSOR	X	-0.006396162427291287
22:50:55.752666		TRACK	STATE	CURSOR	Y	0.08860983284231601
22:50:55.773002		TRACK	STATE	CURSOR	X	-0.006514480678986624
22:50:55.773117		TRACK	STATE	CURSOR	Y	0.08751174593015053
22:50:55.793151		TRACK	STATE	CURSOR	X	-0.0066323272644663684
22:50:55.793272		TRACK	STATE	CURSOR	Y	0.08644999313002917
22:50:55.813583		TRACK	STATE	CURSOR	X	-0.006755205555711972
22:50:55.813696		TRACK	STATE	CURSOR	Y	0.08537286770682022
22:50:55.833691		TRACK	STATE	CURSOR	X	-0.0068831096274151
22:50:55.833795		TRACK	STATE	CURSOR	Y	0.0842805628746915
22:50:55.853836		TRACK	STATE	CURSOR	X	-0.007016032474732185
22:50:55.853961		TRACK	STATE	CURSOR	Y	0.0831732742264401
22:50:55.874012		TRACK	STATE	CURSOR	X	-0.007160994058961266
22:50:55.874114		TRACK	STATE	CURSOR	Y	0.08199471142870639
22:50:55.894239		TRACK	STATE	CURSOR	X	-0.007304178931387545
22:50:55.894471		TRACK	STATE	CURSOR	Y	0.08085732729948476
22:50:55.914705		TRACK	STATE	CURSOR	X	-0.00745235452840301
22:50:55.914817		TRACK	STATE	CURSOR	Y	0.07970557027281894
22:50:55.934888		TRACK	STATE	CURSOR	X	-0.00761329768996936
22:50:55.935018		TRACK	STATE	CURSOR	Y	0.07848098079285055
22:50:55.955057		TRACK	STATE	CURSOR	X	-0.007771667460414068
22:50:55.955160		TRACK	STATE	CURSOR	Y	0.07730040231740795
22:50:55.975196		TRACK	STATE	CURSOR	X	-0.00793498980163059
22:50:55.975332		TRACK	STATE	CURSOR	Y	0.07610608277811648
22:50:55.996303		TRACK	STATE	CURSOR	X	-0.008103249999623982
22:50:55.996440		TRACK	STATE	CURSOR	Y	0.07489823372757563
22:50:56.016435		TRACK	STATE	CURSOR	X	-0.008285220268476001
22:50:56.016539		TRACK	STATE	CURSOR	Y	0.07361566490680878
22:50:56.036535		TRACK	STATE	CURSOR	X	-0.008463552472594163
22:50:56.036658		TRACK	STATE	CURSOR	Y	0.07238075060447798
22:50:56.056982		TRACK	STATE	CURSOR	X	-0.008656059769936794
22:50:56.057105		TRACK	STATE	CURSOR	Y	0.07107024171087331
22:50:56.077507		TRACK	STATE	CURSOR	X	-0.008844388167978176
22:50:56.077706		TRACK	STATE	CURSOR	Y	0.06980917779999615
22:50:56.098631		TRACK	STATE	CURSOR	X	-0.009047347956878116
22:50:56.098878		TRACK	STATE	CURSOR	Y	0.06847169933621301
22:50:56.118648		TRACK	STATE	CURSOR	X	-0.009245587338426564
22:50:56.118770		TRACK	STATE	CURSOR	Y	0.06718541859598666
22:50:56.138801		TRACK	STATE	CURSOR	X	-0.009458905214891908
22:50:56.138909		TRACK	STATE	CURSOR	Y	0.0658219587298879
22:50:56.158977		TRACK	STATE	CURSOR	X	-0.009666960974901717
22:50:56.159098		TRACK	STATE	CURSOR	Y	0.06451141044899075
22:50:56.179534		TRACK	STATE	CURSOR	X	-0.009879768057347435
22:50:56.180086		TRACK	STATE	CURSOR	Y	0.06318937362184518
22:50:56.199366		TRACK	STATE	CURSOR	X	-0.010097300629148884
22:50:56.199504		TRACK	STATE	CURSOR	Y	0.06185607970870369
22:50:56.219708		TRACK	STATE	CURSOR	X	-0.01031953177022829
22:50:56.219836		TRACK	STATE	CURSOR	Y	0.06051176191978116
22:50:56.240065		TRACK	STATE	CURSOR	X	-0.010557900645098567
22:50:56.240194		TRACK	STATE	CURSOR	Y	0.059088620867985074
22:50:56.260467		TRACK	STATE	CURSOR	X	-0.010789675113603098
22:50:56.260636		TRACK	STATE	CURSOR	Y	0.05772244039466504
22:50:56.280919		TRACK	STATE	CURSOR	X	-0.011037999006503763
22:50:56.281041		TRACK	STATE	CURSOR	Y	0.05627686749075326
22:50:56.301229		TRACK	STATE	CURSOR	X	-0.011279189775843615
22:50:56.301359		TRACK	STATE	CURSOR	Y	0.05488982581885527
22:50:56.321565		TRACK	STATE	CURSOR	X	-0.011524924966713257
22:50:56.321692		TRACK	STATE	CURSOR	Y	0.053492975487946265
22:50:56.341866		TRACK	STATE	CURSOR	X	-0.011787801162085915
22:50:56.341981		TRACK	STATE	CURSOR	Y	0.05201599205798296
22:50:56.362711		TRACK	STATE	CURSOR	X	-0.012042746458738688
22:50:56.363099		TRACK	STATE	CURSOR	Y	0.050599795500213395
22:50:56.382224		TRACK	STATE	CURSOR	X	-0.012302130593875221
22:50:56.382348		TRACK	STATE	CURSOR	Y	0.04917453624119323
22:50:56.402591		TRACK	STATE	CURSOR	X	-0.01256591678169657
22:50:56.402720		TRACK	STATE	CURSOR	Y	0.04774046174901315
22:50:56.422891		TRACK	STATE	CURSOR	X	-0.01284758855639162
22:50:56.423025		TRACK	STATE	CURSOR	Y	0.04622546842273683
22:50:56.443230		TRACK	STATE	CURSOR	X	-0.01312027945417423
22:50:56.443367		TRACK	STATE	CURSOR	Y	0.044774102055163696
22:50:56.463658		TRACK	STATE	CURSOR	X	-0.01339725363581252
22:50:56.463768		TRACK	STATE	CURSOR	Y	0.04331468347892801
22:50:56.483802		TRACK	STATE	CURSOR	X	-0.013692641442181944
22:50:56.483916		TRACK	STATE	CURSOR	Y	0.04177390434670988
22:50:56.504065		TRACK	STATE	CURSOR	X	-0.013978266763121286
22:50:56.504195		TRACK	STATE	CURSOR	Y	0.0402987701878079
22:50:56.524311		TRACK	STATE	CURSOR	X	-0.0142680467723774
22:50:56.524426		TRACK	STATE	CURSOR	Y	0.03881635839184776
22:50:56.544717		TRACK	STATE	CURSOR	X	-0.01456193718571073
22:50:56.545008		TRACK	STATE	CURSOR	Y	0.03732692523832728
22:50:56.565206		TRACK	STATE	CURSOR	X	-0.014874896333469037
22:50:56.565322		TRACK	STATE	CURSOR	Y	0.03575574530319437
22:50:56.585427		TRACK	STATE	CURSOR	X	-0.015177070242270515
22:50:56.585529		TRACK	STATE	CURSOR	Y	0.034252724066902114
22:50:56.605687		TRACK	STATE	CURSOR	X	-0.015483213076021398
22:50:56.605811		TRACK	STATE	CURSOR	Y	0.03274346961449041
22:50:56.625853		TRACK	STATE	CURSOR	X	-0.015808881553297387
22:50:56.625963		TRACK	STATE	CURSOR	Y	0.031152328874667286
22:50:56.646094		TRACK	STATE	CURSOR	X	-0.016123008022102453
22:50:56.646206		TRACK	STATE	CURSOR	Y	0.029631111388845884
22:50:56.666305		TRACK	STATE	CURSOR	X	-0.01644095237741795
22:50:56.666416		TRACK	STATE	CURSOR	Y	0.028104457701883984
22:50:56.686503		TRACK	STATE	CURSOR	X	-0.016762663040620917
22:50:56.686624		TRACK	STATE	CURSOR	Y	0.02657263086453349
22:50:56.706781		TRACK	STATE	CURSOR	X	-0.01708808742555304
22:50:56.706901		TRACK	STATE	CURSOR	Y	0.02503589471430392
22:50:56.727097		TRACK	STATE	CURSOR	X	-0.01743372127345923
22:50:56.727228		TRACK	STATE	CURSOR	Y	0.023417327621360687
22:50:56.747382		TRACK	STATE	CURSOR	X	-0.017766590167188307
22:50:56.747487		TRACK	STATE	CURSOR	Y	0.021871355300458473
22:50:56.767563		TRACK	STATE	CURSOR	X	-0.018103006229115776
22:50:56.767690		TRACK	STATE	CURSOR	Y	0.020321282797286514
22:50:56.787879		TRACK	STATE	CURSOR	X	-0.018459998778859055
22:50:56.788032		TRACK	STATE	CURSOR	Y	0.01868958556335723
22:50:56.808354		TRACK	STATE	CURSOR	X	-0.018803508488774896
22:50:56.808464		TRACK	STATE	CURSOR	Y	0.017131941766096247
22:50:56.828921		TRACK	STATE	CURSOR	X	-0.019150389654755694
22:50:56.829453		TRACK	STATE	CURSOR	Y	0.015571012662410823
22:50:56.848717		TRACK	STATE	CURSOR	X	-0.01950058270204391
22:50:56.848951		TRACK	STATE	CURSOR	Y	0.014007066473917298
22:50:56.869421		TRACK	STATE	CURSOR	X	-0.019871783565527868
22:50:56.869552		TRACK	STATE	CURSOR	Y	0.012361969818082616
22:50:56.889767		TRACK	STATE	CURSOR	X	-0.02022857568355858
22:50:56.889886		TRACK	STATE	CURSOR	Y	0.010792678973707693
22:50:56.910060		TRACK	STATE	CURSOR	X	-0.02060656878372692
22:50:56.910177		TRACK	STATE	CURSOR	Y	0.009142564521449495
22:50:56.930308		TRACK	STATE	CURSOR	X	-0.020969697413096122
22:50:56.930423		TRACK	STATE	CURSOR	Y	0.00756906135000993
22:50:56.950615		TRACK	STATE	CURSOR	X	-0.0213358193191156
22:50:56.950732		TRACK	STATE	CURSOR	Y	0.005993915078896091
22:50:56.970844		TRACK	STATE	CURSOR	X	-0.021723397352331263
22:50:56.970965		TRACK	STATE	CURSOR	Y	0.004338538858897415
22:50:56.991796		TRACK	STATE	CURSOR	X	-0.022095450274902634
22:50:56.992075		TRACK	STATE	CURSOR	Y	0.002760869433308416
22:50:57.011665		TRACK	STATE	CURSOR	X	-0.02247029440150718
22:50:57.012249		TRACK	STATE	CURSOR	Y	0.001182381835128583
22:50:57.031416		TRACK	STATE	CURSOR	X	-0.022847861645892708
22:50:57.031566		TRACK	STATE	CURSOR	Y	-0.00039665320402007195
22:50:57.051588		TRACK	STATE	CURSOR	X	-0.023228083029946084
22:50:57.051708		TRACK	STATE	CURSOR	Y	-0.001975964893940016
22:50:57.071906		TRACK	STATE	CURSOR	X	-0.023610888691817416
22:50:57.072065		TRACK	STATE	CURSOR	Y	-0.00355528242843539
22:50:57.092201		TRACK	STATE	CURSOR	X	-0.024015538554019427
22:50:57.092310		TRACK	STATE	CURSOR	Y	-0.005213275847050291
22:50:57.112692		TRACK	STATE	CURSOR	X	-0.02440341989430464
22:50:57.112852		TRACK	STATE	CURSOR	Y	-0.006791758914426176
22:50:57.133231		TRACK	STATE	CURSOR	X	-0.024813240211571597
22:50:57.133359		TRACK	STATE	CURSOR	Y	-0.008448279005510517
22:50:57.153765		TRACK	STATE	CURSOR	X	-0.025205892535595603
22:50:57.153876		TRACK	STATE	CURSOR	Y	-0.010024790490512633
22:50:57.174067		TRACK	STATE	CURSOR	X	-0.02562055953794502
22:50:57.174188		TRACK	STATE	CURSOR	Y	-0.01167864399358985
22:50:57.194418		TRACK	STATE	CURSOR	X	-0.02601767087450042
22:50:57.194583		TRACK	STATE	CURSOR	Y	-0.013252048320566765
22:50:57.215155		TRACK	STATE	CURSOR	X	-0.026436853234523643
22:50:57.215278		TRACK	STATE	CURSOR	Y	-0.014902043985800854
22:50:57.235413		TRACK	STATE	CURSOR	X	-0.02683810449512093
22:50:57.235530		TRACK	STATE	CURSOR	Y	-0.016471207868972507
22:50:57.255798		TRACK	STATE	CURSOR	X	-0.027241257341505714
22:50:57.255944		TRACK	STATE	CURSOR	Y	-0.018037892882688315
22:50:57.277173		TRACK	STATE	CURSOR	X	-0.027666528641149185
22:50:57.277497		TRACK	STATE	CURSOR	Y	-0.01967995043644465
22:50:57.296750		TRACK	STATE	CURSOR	X	-0.02807333385333129
22:50:57.296903		TRACK	STATE	CURSOR	Y	-0.021240714746620648
22:50:57.317067		TRACK	STATE	CURSOR	X	-0.028502264560544388
22:50:57.317183		TRACK	STATE	CURSOR	Y	-0.022875964692059197
22:50:57.337384		TRACK	STATE	CURSOR	X	-0.02891238606760634
22:50:57.337499		TRACK	STATE	CURSOR	Y	-0.02442968395383156
22:50:57.357803		TRACK	STATE	CURSOR	X	-0.029324001356671774
22:50:57.358079		TRACK	STATE	CURSOR	Y	-0.025979560048761324
22:50:57.378240		TRACK	STATE	CURSOR	X	-0.029757715069124013
22:50:57.378352		TRACK	STATE	CURSOR	Y	-0.027602502960965242
22:50:57.398539		TRACK	STATE	CURSOR	X	-0.030172134628854957
22:50:57.398653		TRACK	STATE	CURSOR	Y	-0.02914367047787292
22:50:57.418738		TRACK	STATE	CURSOR	X	-0.030587794786656252
22:50:57.418853		TRACK	STATE	CURSOR	Y	-0.030680186419779293
22:50:57.439013		TRACK	STATE	CURSOR	X	-0.03102548071886262
22:50:57.439137		TRACK	STATE	CURSOR	Y	-0.03228823351425562
22:50:57.459380		TRACK	STATE	CURSOR	X	-0.03144341928829473
22:50:57.459504		TRACK	STATE	CURSOR	Y	-0.03381439061017736
22:50:57.479690		TRACK	STATE	CURSOR	X	-0.03186233867393785
22:50:57.479825		TRACK	STATE	CURSOR	Y	-0.035335094782496766
22:50:57.500016		TRACK	STATE	CURSOR	X	-0.03230316491187075
22:50:57.500147		TRACK	STATE	CURSOR	Y	-0.03692567988179037
22:50:57.520253		TRACK	STATE	CURSOR	X	-0.03272382363966772
22:50:57.520361		TRACK	STATE	CURSOR	Y	-0.03843439061704019
22:50:57.540428		TRACK	STATE	CURSOR	X	-0.033145197113878644
22:50:57.540541		TRACK	STATE	CURSOR	Y	-0.03993685531268184
22:50:57.560948		TRACK	STATE	CURSOR	X	-0.03356719678357206
22:50:57.561079		TRACK	STATE	CURSOR	Y	-0.041432815919335536
22:50:57.581112		TRACK	STATE	CURSOR	X	-0.03401087279045562
22:50:57.581230		TRACK	STATE	CURSOR	Y	-0.042996293340516356
22:50:57.601793		TRACK	STATE	CURSOR	X	-0.034433876682442556
22:50:57.602089		TRACK	STATE	CURSOR	Y	-0.04447811831672225
22:50:57.621624		TRACK	STATE	CURSOR	X	-0.03485723284764506
22:50:57.621737		TRACK	STATE	CURSOR	Y	-0.045952658812805
22:50:57.642044		TRACK	STATE	CURSOR	X	-0.03530203634315079
22:50:57.642160		TRACK	STATE	CURSOR	Y	-0.04749280900259906
22:50:57.662150		TRACK	STATE	CURSOR	X	-0.03572582944874466
22:50:57.662303		TRACK	STATE	CURSOR	Y	-0.04895162499752015
22:50:57.682618		TRACK	STATE	CURSOR	X	-0.03614969537902447
22:50:57.682732		TRACK	STATE	CURSOR	Y	-0.05040238703721007
22:50:57.702799		TRACK	STATE	CURSOR	X	-0.03657354136628992
22:50:57.702928		TRACK	STATE	CURSOR	Y	-0.051844845402089085
22:50:57.723094		TRACK	STATE	CURSOR	X	-0.037018456080455876
22:50:57.723226		TRACK	STATE	CURSOR	Y	-0.053350218093826555
22:50:57.743768		TRACK	STATE	CURSOR	X	-0.03744196888357803
22:50:57.744041		TRACK	STATE	CURSOR	Y	-0.05477487891431571
22:50:57.763908		TRACK	STATE	CURSOR	X	-0.03788632608183581
22:50:57.764015		TRACK	STATE	CURSOR	Y	-0.0562610208885518
22:50:57.784113		TRACK	STATE	CURSOR	X	-0.03830910903813046
22:50:57.784236		TRACK	STATE	CURSOR	Y	-0.05766685237839817
22:50:57.804444		TRACK	STATE	CURSOR	X	-0.038731390726052195
22:50:57.804562		TRACK	STATE	CURSOR	Y	-0.05906312820873707
22:50:57.824670		TRACK	STATE	CURSOR	X	-0.03915307524942973
22:50:57.824799		TRACK	STATE	CURSOR	Y	-0.06044960740460955
22:50:57.845818		TRACK	STATE	CURSOR	X	-0.039595095854397605
22:50:57.846001		TRACK	STATE	CURSOR	Y	-0.061894605000551654
22:50:57.865363		TRACK	STATE	CURSOR	X	-0.04001525443618414
22:50:57.865474		TRACK	STATE	CURSOR	Y	-0.0632602544163683
22:50:57.885587		TRACK	STATE	CURSOR	X	-0.04043452053740623
22:50:57.885714		TRACK	STATE	CURSOR	Y	-0.06461538208111735
22:50:57.905905		TRACK	STATE	CURSOR	X	-0.040873682493838166
22:50:57.906045		TRACK	STATE	CURSOR	Y	-0.06602668565889218
22:50:57.926599		TRACK	STATE	CURSOR	X	-0.041290813094103415
22:50:57.926805		TRACK	STATE	CURSOR	Y	-0.06735951287837705
22:50:57.947274		TRACK	STATE	CURSOR	X	-0.04172751580528605
22:50:57.947383		TRACK	STATE	CURSOR	Y	-0.06874688976843966
22:50:57.967466		TRACK	STATE	CURSOR	X	-0.04214209678925331
22:50:57.967617		TRACK	STATE	CURSOR	Y	-0.07005644659023015
22:50:57.987922		TRACK	STATE	CURSOR	X	-0.042575903685940164
22:50:57.988049		TRACK	STATE	CURSOR	Y	-0.07141888647374355
22:50:58.008200		TRACK	STATE	CURSOR	X	-0.04298751766782347
22:50:58.008341		TRACK	STATE	CURSOR	Y	-0.07270421859243331
22:50:58.028660		TRACK	STATE	CURSOR	X	-0.04339753194992074
22:50:58.028768		TRACK	STATE	CURSOR	Y	-0.0739773923609413
22:50:58.048926		TRACK	STATE	CURSOR	X	-0.04382621543714844
22:50:58.049031		TRACK	STATE	CURSOR	Y	-0.0753008973086841
22:50:58.069041		TRACK	STATE	CURSOR	X	-0.044232636194740056
22:50:58.069149		TRACK	STATE	CURSOR	Y	-0.07654845687779423
22:50:58.089192		TRACK	STATE	CURSOR	X	-0.04463715013733207
22:50:58.089303		TRACK	STATE	CURSOR	Y	-0.07778318944728697
22:50:58.109889		TRACK	STATE	CURSOR	X	-0.045039655968468595
22:50:58.110128		TRACK	STATE	CURSOR	Y	-0.07900487989254414
22:50:58.129592		TRACK	STATE	CURSOR	X	-0.04544005211758726
22:50:58.129699		TRACK	STATE	CURSOR	Y	-0.08021331517387248
22:50:58.149787		TRACK	STATE	CURSOR	X	-0.04583823675416285
22:50:58.149901		TRACK	STATE	CURSOR	Y	-0.08140828437043807
22:50:58.169987		TRACK	STATE	CURSOR	X	-0.04625383878840444
22:50:58.170106		TRACK	STATE	CURSOR	Y	-0.08264828075119361
22:50:58.190218		TRACK	STATE	CURSOR	X	-0.04664717045522517
22:50:58.190339		TRACK	STATE	CURSOR	Y	-0.08381499420403739
22:50:58.210560		TRACK	STATE	CURSOR	X	-0.04703797856888688
22:50:58.210741		TRACK	STATE	CURSOR	Y	-0.08496761169801424
22:50:58.230580		TRACK	STATE	CURSOR	X	-0.04742616039197886
22:50:58.230746		TRACK	STATE	CURSOR	Y	-0.08610593123412645
22:50:58.251350		TRACK	STATE	CURSOR	X	-0.04783081213935501
22:50:58.251481		TRACK	STATE	CURSOR	Y	-0.08728556007729206
22:50:58.271699		TRACK	STATE	CURSOR	X	-0.04821328810834377
22:50:58.271825		TRACK	STATE	CURSOR	Y	-0.08839394698084803
22:50:58.292075		TRACK	STATE	CURSOR	X	-0.04861172105334797
22:50:58.292216		TRACK	STATE	CURSOR	Y	-0.0895417138497024
22:50:58.312670		TRACK	STATE	CURSOR	X	-0.04898805721711478
22:50:58.312868		TRACK	STATE	CURSOR	Y	-0.09061934896548905
22:50:58.333070		TRACK	STATE	CURSOR	X	-0.049379815064642875
22:50:58.333180		TRACK	STATE	CURSOR	Y	-0.09173440452120107
22:50:58.353488		TRACK	STATE	CURSOR	X	-0.0497495763049706
22:50:58.353613		TRACK	STATE	CURSOR	Y	-0.09278048935139878
22:50:58.373798		TRACK	STATE	CURSOR	X	-0.05011597208709953
22:50:58.373954		TRACK	STATE	CURSOR	Y	-0.09381090039813843
22:50:58.394069		TRACK	STATE	CURSOR	X	-0.05049695196188516
22:50:58.394185		TRACK	STATE	CURSOR	Y	-0.09487576347293196
22:50:58.414256		TRACK	STATE	CURSOR	X	-0.05085612384884386
22:50:58.414366		TRACK	STATE	CURSOR	Y	-0.0958734756112244
22:50:58.434456		TRACK	STATE	CURSOR	X	-0.051211613367549
22:50:58.434604		TRACK	STATE	CURSOR	Y	-0.09685496540999679
22:50:58.454855		TRACK	STATE	CURSOR	X	-0.05158080041601195
22:50:58.454980		TRACK	STATE	CURSOR	Y	-0.09786787935227648
22:50:58.475211		TRACK	STATE	CURSOR	X	-0.05192841592110418
22:50:58.475446		TRACK	STATE	CURSOR	Y	-0.09881557025563299
22:50:58.495699		TRACK	STATE	CURSOR	X	-0.05227203179981372
22:50:58.495836		TRACK	STATE	CURSOR	Y	-0.09974651439592654
22:50:58.515982		TRACK	STATE	CURSOR	X	-0.05262841005401214
22:50:58.516089		TRACK	STATE	CURSOR	Y	-0.10070579983445849
22:50:58.536252		TRACK	STATE	CURSOR	X	-0.052963501521914404
22:50:58.536373		TRACK	STATE	CURSOR	Y	-0.10160189538071666
22:50:58.556541		TRACK	STATE	CURSOR	X	-0.053294276182000576
22:50:58.556732		TRACK	STATE	CURSOR	Y	-0.10248074466213881
22:50:58.577692		TRACK	STATE	CURSOR	X	-0.053636829919890196
22:50:58.578023		TRACK	STATE	CURSOR	Y	-0.10338480203349966
22:50:58.597111		TRACK	STATE	CURSOR	X	-0.05395843036650261
22:50:58.597210		TRACK	STATE	CURSOR	Y	-0.10422780489346588
22:50:58.617355		TRACK	STATE	CURSOR	X	-0.054275397327647835
22:50:58.617483		TRACK	STATE	CURSOR	Y	-0.10505308766334466
22:50:58.637803		TRACK	STATE	CURSOR	X	-0.054587627156650526
22:50:58.637914		TRACK	STATE	CURSOR	Y	-0.10586050070245977
22:50:58.658238		TRACK	STATE	CURSOR	X	-0.054910256857745726
22:50:58.658431		TRACK	STATE	CURSOR	Y	-0.10668889153212414
22:50:58.678889		TRACK	STATE	CURSOR	X	-0.0552274300336005
22:50:58.679007		TRACK	STATE	CURSOR	Y	-0.10749725269883083
22:50:58.699135		TRACK	STATE	CURSOR	X	-0.055524317410973
22:50:58.699242		TRACK	STATE	CURSOR	Y	-0.10824834966472839
22:50:58.719267		TRACK	STATE	CURSOR	X	-0.055816044075081256
22:50:58.719392		TRACK	STATE	CURSOR	Y	-0.10898099355587199
22:50:58.739519		TRACK	STATE	CURSOR	X	-0.05610250712632576
22:50:58.739674		TRACK	STATE	CURSOR	Y	-0.1096950495762511
22:50:58.759945		TRACK	STATE	CURSOR	X	-0.05638360385788432
22:50:58.760311		TRACK	STATE	CURSOR	Y	-0.11039038591038282
22:50:58.780082		TRACK	STATE	CURSOR	X	-0.056672867774499584
22:50:58.780193		TRACK	STATE	CURSOR	Y	-0.11110020109450823
22:50:58.800241		TRACK	STATE	CURSOR	X	-0.05694264335800924
22:50:58.800341		TRACK	STATE	CURSOR	Y	-0.11175676267872077
22:50:58.820343		TRACK	STATE	CURSOR	X	-0.057206740714523474
22:50:58.820460		TRACK	STATE	CURSOR	Y	-0.11239422117270058
22:50:58.840510		TRACK	STATE	CURSOR	X	-0.05746505807322069
22:50:58.840622		TRACK	STATE	CURSOR	Y	-0.1130124570508458
22:50:58.861556		TRACK	STATE	CURSOR	X	-0.05771749393270003
22:50:58.861695		TRACK	STATE	CURSOR	Y	-0.11361135387380183
22:50:58.881726		TRACK	STATE	CURSOR	X	-0.057976110875494986
22:50:58.881839		TRACK	STATE	CURSOR	Y	-0.11421925791429106
22:50:58.901900		TRACK	STATE	CURSOR	X	-0.05822801506163077
22:50:58.902014		TRACK	STATE	CURSOR	Y	-0.11480558823630882
22:50:58.922144		TRACK	STATE	CURSOR	X	-0.058461576392409266
22:50:58.922268		TRACK	STATE	CURSOR	Y	-0.11534382767730479
22:50:58.942443		TRACK	STATE	CURSOR	X	-0.05868884320696668
22:50:58.942640		TRACK	STATE	CURSOR	Y	-0.11586228333652417
22:50:58.962580		TRACK	STATE	CURSOR	X	-0.058909715613379564
22:50:58.962734		TRACK	STATE	CURSOR	Y	-0.11636085480876045
22:50:58.983073		TRACK	STATE	CURSOR	X	-0.05913464075865212
22:50:58.983181		TRACK	STATE	CURSOR	Y	-0.1168628481796844
22:50:59.003305		TRACK	STATE	CURSOR	X	-0.059342093884127506
22:50:59.003427		TRACK	STATE	CURSOR	Y	-0.11732035669341763
22:50:59.023549		TRACK	STATE	CURSOR	X	-0.059542850228049025
22:50:59.023672		TRACK	STATE	CURSOR	Y	-0.11775769460751438
22:50:59.044297		TRACK	STATE	CURSOR	X	-0.05974632938734647
22:50:59.044973		TRACK	STATE	CURSOR	Y	-0.11819509527549708
22:50:59.064380		TRACK	STATE	CURSOR	X	-0.05993305037314491
22:50:59.064512		TRACK	STATE	CURSOR	Y	-0.11859081394918229
22:50:59.084676		TRACK	STATE	CURSOR	X	-0.06011277599391548
22:50:59.084876		TRACK	STATE	CURSOR	Y	-0.11896610581889851
22:50:59.105316		TRACK	STATE	CURSOR	X	-0.060293853004723015
22:50:59.105438		TRACK	STATE	CURSOR	Y	-0.1193380933399091
22:50:59.125726		TRACK	STATE	CURSOR	X	-0.0604589353942643
22:50:59.125902		TRACK	STATE	CURSOR	Y	-0.11967127205192024
22:50:59.146381		TRACK	STATE	CURSOR	X	-0.060624424610221106
22:50:59.146536		TRACK	STATE	CURSOR	Y	-0.11999888135278121
22:50:59.167105		TRACK	STATE	CURSOR	X	-0.06078176632892852
22:50:59.167221		TRACK	STATE	CURSOR	Y	-0.1203036437044105
22:50:59.187286		TRACK	STATE	CURSOR	X	-0.060923940213509636
22:50:59.187402		TRACK	STATE	CURSOR	Y	-0.12057258519366576
22:50:59.207779		TRACK	STATE	CURSOR	X	-0.061058529917816774
22:50:59.207987		TRACK	STATE	CURSOR	Y	-0.12082067679328186
22:50:59.228694		TRACK	STATE	CURSOR	X	-0.06118544155302416
22:50:59.228881		TRACK	STATE	CURSOR	Y	-0.12104786168172162
22:50:59.248228		TRACK	STATE	CURSOR	X	-0.06131033313476736
22:50:59.248344		TRACK	STATE	CURSOR	Y	-0.12126384653770682
22:50:59.268483		TRACK	STATE	CURSOR	X	-0.061421213580526074
22:50:59.268628		TRACK	STATE	CURSOR	Y	-0.12144800930526012
22:50:59.288961		TRACK	STATE	CURSOR	X	-0.06152906846291445
22:50:59.289090		TRACK	STATE	CURSOR	Y	-0.12161871456736857
22:50:59.309402		TRACK	STATE	CURSOR	X	-0.06162353051369699
22:50:59.309653		TRACK	STATE	CURSOR	Y	-0.12175965988345848
22:50:59.329682		TRACK	STATE	CURSOR	X	-0.06170984465394965
22:50:59.329796		TRACK	STATE	CURSOR	Y	-0.12187946147837209
22:50:59.350157		TRACK	STATE	CURSOR	X	-0.061791606561432545
22:50:59.350274		TRACK	STATE	CURSOR	Y	-0.12198245781608669
22:50:59.370425		TRACK	STATE	CURSOR	X	-0.06186093602108957
22:50:59.370584		TRACK	STATE	CURSOR	Y	-0.12205880581426232
22:50:59.390746		TRACK	STATE	CURSOR	X	-0.06192184431648645
22:50:59.390867		TRACK	STATE	CURSOR	Y	-0.12211391085763316
22:50:59.411957		TRACK	STATE	CURSOR	X	-0.061976638202463775
22:50:59.412399		TRACK	STATE	CURSOR	Y	-0.12214888049929869
22:50:59.431755		TRACK	STATE	CURSOR	X	-0.06202000799227161
22:50:59.431880		TRACK	STATE	CURSOR	Y	-0.122160361347243
22:50:59.451997		TRACK	STATE	CURSOR	X	-0.06205619411419361
22:50:59.452130		TRACK	STATE	CURSOR	Y	-0.12214948093716188
22:50:59.472495		TRACK	STATE	CURSOR	X	-0.062081660567590645
22:50:59.472673		TRACK	STATE	CURSOR	Y	-0.12211725994407148
22:50:59.493597		TRACK	STATE	CURSOR	X	-0.06209885909960947
22:50:59.493886		TRACK	STATE	CURSOR	Y	-0.12206046362295198
22:50:59.513855		TRACK	STATE	CURSOR	X	-0.06210606363008967
22:50:59.514164		TRACK	STATE	CURSOR	Y	-0.12198449300739574
22:50:59.533999		TRACK	STATE	CURSOR	X	-0.06210423172466086
22:50:59.534206		TRACK	STATE	CURSOR	Y	-0.12188717277893953
22:50:59.554838		TRACK	STATE	CURSOR	X	-0.06209249193842897
22:50:59.555358		TRACK	STATE	CURSOR	Y	-0.121762008224423
22:50:59.575179		TRACK	STATE	CURSOR	X	-0.06207060280304122
22:50:59.575295		TRACK	STATE	CURSOR	Y	-0.12161330814745512
22:50:59.595387		TRACK	STATE	CURSOR	X	-0.06204023391499638
22:50:59.595499		TRACK	STATE	CURSOR	Y	-0.12144981472123895
22:50:59.615751		TRACK	STATE	CURSOR	X	-0.06200049329863714
22:50:59.615910		TRACK	STATE	CURSOR	Y	-0.12126499066048609
22:50:59.635946		TRACK	STATE	CURSOR	X	-0.06194859213246218
22:50:59.636060		TRACK	STATE	CURSOR	Y	-0.12104798313504274
22:50:59.656968		TRACK	STATE	CURSOR	X	-0.06188939122871536
22:50:59.657162		TRACK	STATE	CURSOR	Y	-0.12081947733291913
22:50:59.676828		TRACK	STATE	CURSOR	X	-0.06182057815372181
22:50:59.677027		TRACK	STATE	CURSOR	Y	-0.12056969300695969
22:50:59.697360		TRACK	STATE	CURSOR	X	-0.06173789498283307
22:50:59.697486		TRACK	STATE	CURSOR	Y	-0.12028454491615807
22:50:59.718098		TRACK	STATE	CURSOR	X	-0.06164913690707796
22:50:59.718423		TRACK	STATE	CURSOR	Y	-0.11999121889834886
22:50:59.739359		TRACK	STATE	CURSOR	X	-0.06154534440510127
22:50:59.739486		TRACK	STATE	CURSOR	Y	-0.11966041713668513
22:50:59.758980		TRACK	STATE	CURSOR	X	-0.06143632500455989
22:50:59.759207		TRACK	STATE	CURSOR	Y	-0.11932368086963008
22:50:59.778812		TRACK	STATE	CURSOR	X	-0.06131730960345879
22:50:59.778926		TRACK	STATE	CURSOR	Y	-0.11896582558261742
22:50:59.799148		TRACK	STATE	CURSOR	X	-0.061181505955625354
22:50:59.799257		TRACK	STATE	CURSOR	Y	-0.1185673940522271
22:50:59.819403		TRACK	STATE	CURSOR	X	-0.061041773233250406
22:50:59.819516		TRACK	STATE	CURSOR	Y	-0.11816637947824897
22:50:59.839650		TRACK	STATE	CURSOR	X	-0.060891826449180377
22:50:59.839781		TRACK	STATE	CURSOR	Y	-0.1177443844348308
22:50:59.860978		TRACK	STATE	CURSOR	X	-0.06072331335643727
22:50:59.861200		TRACK	STATE	CURSOR	Y	-0.11727876682777046
22:50:59.880188		TRACK	STATE	CURSOR	X	-0.06055221139467934
22:50:59.880340		TRACK	STATE	CURSOR	Y	-0.1168139295165249
22:50:59.901156		TRACK	STATE	CURSOR	X	-0.06037068633092032
22:50:59.901450		TRACK	STATE	CURSOR	Y	-0.11632828243797037
22:50:59.920915		TRACK	STATE	CURSOR	X	-0.060168794382253865
22:50:59.921028		TRACK	STATE	CURSOR	Y	-0.11579602540640742
22:50:59.941237		TRACK	STATE	CURSOR	X	-0.059965695124191455
22:50:59.941352		TRACK	STATE	CURSOR	Y	-0.11526791881818561
22:50:59.961819		TRACK	STATE	CURSOR	X	-0.05975197308109079
22:50:59.961935		TRACK	STATE	CURSOR	Y	-0.11471920513885525
22:50:59.982240		TRACK	STATE	CURSOR	X	-0.059516062830918086
22:50:59.982411		TRACK	STATE	CURSOR	Y	-0.11412095772650761
22:51:00.002901		TRACK	STATE	CURSOR	X	-0.05926829897800757
22:51:00.003034		TRACK	STATE	CURSOR	Y	-0.11350016090491111
22:51:00.023400		TRACK	STATE	CURSOR	X	-0.059021248231983486
22:51:00.023516		TRACK	STATE	CURSOR	Y	-0.11288804667653934
22:51:00.043835		TRACK	STATE	CURSOR	X	-0.058763321589879784
22:51:00.044030		TRACK	STATE	CURSOR	Y	-0.11225564778967358
22:51:00.063870		TRACK	STATE	CURSOR	X	-0.05848072889822085
22:51:00.063984		TRACK	STATE	CURSOR	Y	-0.11156989313323311
22:51:00.084101		TRACK	STATE	CURSOR	X	-0.058200323443281465
22:51:00.084224		TRACK	STATE	CURSOR	Y	-0.11089618721153942
22:51:00.104525		TRACK	STATE	CURSOR	X	-0.05790886560550973
22:51:00.104689		TRACK	STATE	CURSOR	Y	-0.1102024733131702
22:51:00.125642		TRACK	STATE	CURSOR	X	-0.057590878912542005
22:51:00.125914		TRACK	STATE	CURSOR	Y	-0.10945264685605705
22:51:00.145410		TRACK	STATE	CURSOR	X	-0.05727659106351952
22:51:00.145531		TRACK	STATE	CURSOR	Y	-0.10871822503218391
22:51:00.165627		TRACK	STATE	CURSOR	X	-0.05695108475111605
22:51:00.165745		TRACK	STATE	CURSOR	Y	-0.10796410296963006
22:51:00.185872		TRACK	STATE	CURSOR	X	-0.05659717221874954
22:51:00.185984		TRACK	STATE	CURSOR	Y	-0.10715119019814658
22:51:00.206084		TRACK	STATE	CURSOR	X	-0.056248506328479636
22:51:00.206195		TRACK	STATE	CURSOR	Y	-0.10635702261508084
22:51:00.226441		TRACK	STATE	CURSOR	X	-0.05588846658965647
22:51:00.226560		TRACK	STATE	CURSOR	Y	-0.10554349321739405
22:51:00.246794		TRACK	STATE	CURSOR	X	-0.055517004431693086
22:51:00.246950		TRACK	STATE	CURSOR	Y	-0.10471071957503446
22:51:00.267147		TRACK	STATE	CURSOR	X	-0.055114623959375275
22:51:00.267261		TRACK	STATE	CURSOR	Y	-0.10381572786401354
22:51:00.287494		TRACK	STATE	CURSOR	X	-0.05471959902726748
22:51:00.287609		TRACK	STATE	CURSOR	Y	-0.10294388472539727
22:51:00.307929		TRACK	STATE	CURSOR	X	-0.05429237719138125
22:51:00.308106		TRACK	STATE	CURSOR	Y	-0.10200814752789332
22:51:00.329062		TRACK	STATE	CURSOR	X	-0.05387360074088299
22:51:00.329257		TRACK	STATE	CURSOR	Y	-0.1010977702647776
22:51:00.349521		TRACK	STATE	CURSOR	X	-0.053421344865444496
22:51:00.349647		TRACK	STATE	CURSOR	Y	-0.10012186414056949
22:51:00.369762		TRACK	STATE	CURSOR	X	-0.05297863867782499
22:51:00.369884		TRACK	STATE	CURSOR	Y	-0.09917351551337505
22:51:00.390099		TRACK	STATE	CURSOR	X	-0.05250116722027515
22:51:00.390241		TRACK	STATE	CURSOR	Y	-0.09815804561515991
22:51:00.411179		TRACK	STATE	CURSOR	X	-0.05203436375645598
22:51:00.411321		TRACK	STATE	CURSOR	Y	-0.09717231545402356
22:51:00.431416		TRACK	STATE	CURSOR	X	-0.051531506466618054
22:51:00.431529		TRACK	STATE	CURSOR	Y	-0.09611791518339653
22:51:00.451714		TRACK	STATE	CURSOR	X	-0.05104044901578455
22:51:00.451885		TRACK	STATE	CURSOR	Y	-0.09509542005188774
22:51:00.472356		TRACK	STATE	CURSOR	X	-0.05051204708896697
22:51:00.472479		TRACK	STATE	CURSOR	Y	-0.0940027506972176
22:51:00.493047		TRACK	STATE	CURSOR	X	-0.0499965899115605
22:51:00.493325		TRACK	STATE	CURSOR	Y	-0.09294413353891244
22:51:00.513251		TRACK	STATE	CURSOR	X	-0.04944249613571066
22:51:00.513438		TRACK	STATE	CURSOR	Y	-0.09181388389532526
22:51:00.533812		TRACK	STATE	CURSOR	X	-0.04890250460070409
22:51:00.533935		TRACK	STATE	CURSOR	Y	-0.09071981366344213
22:51:00.554144		TRACK	STATE	CURSOR	X	-0.048322583497511645
22:51:00.554294		TRACK	STATE	CURSOR	Y	-0.08955269963513117
22:51:00.574455		TRACK	STATE	CURSOR	X	-0.04775793421388158
22:51:00.574581		TRACK	STATE	CURSOR	Y	-0.08842387090544497
22:51:00.594800		TRACK	STATE	CURSOR	X	-0.04718121539965044
22:51:00.594917		TRACK	STATE	CURSOR	Y	-0.08727834646309496
22:51:00.615007		TRACK	STATE	CURSOR	X	-0.046562643116044376
22:51:00.615127		TRACK	STATE	CURSOR	Y	-0.08605776765779416
22:51:00.635294		TRACK	STATE	CURSOR	X	-0.04596110404174719
22:51:00.635426		TRACK	STATE	CURSOR	Y	-0.08487856465749377
22:51:00.655611		TRACK	STATE	CURSOR	X	-0.04534742236829766
22:51:00.655723		TRACK	STATE	CURSOR	Y	-0.08368320611628559
22:51:00.676027		TRACK	STATE	CURSOR	X	-0.044689964924248676
22:51:00.676195		TRACK	STATE	CURSOR	Y	-0.08241089234965666
22:51:00.696068		TRACK	STATE	CURSOR	X	-0.044051326025394806
22:51:00.696171		TRACK	STATE	CURSOR	Y	-0.08118298961497744
22:51:00.716242		TRACK	STATE	CURSOR	X	-0.04340048400999615
22:51:00.716357		TRACK	STATE	CURSOR	Y	-0.07993949770560863
22:51:00.736487		TRACK	STATE	CURSOR	X	-0.04273742179723167
22:51:00.736607		TRACK	STATE	CURSOR	Y	-0.07868060789398557
22:51:00.756924		TRACK	STATE	CURSOR	X	-0.042028037317895804
22:51:00.757051		TRACK	STATE	CURSOR	Y	-0.07734241388942621
22:51:00.777557		TRACK	STATE	CURSOR	X	-0.041339876102035204
22:51:00.778003		TRACK	STATE	CURSOR	Y	-0.07605256775089846
22:51:00.797620		TRACK	STATE	CURSOR	X	-0.04063945109455027
22:51:00.797747		TRACK	STATE	CURSOR	Y	-0.07474792371326587
22:51:00.818049		TRACK	STATE	CURSOR	X	-0.03989079338019002
22:51:00.818181		TRACK	STATE	CURSOR	Y	-0.07336234238148659
22:51:00.838438		TRACK	STATE	CURSOR	X	-0.03916519321115842
22:51:00.838548		TRACK	STATE	CURSOR	Y	-0.07202799723778601
22:51:00.858753		TRACK	STATE	CURSOR	X	-0.03842729857488341
22:51:00.858873		TRACK	STATE	CURSOR	Y	-0.07067947861969272
22:51:00.879125		TRACK	STATE	CURSOR	X	-0.03763926940282012
22:51:00.879240		TRACK	STATE	CURSOR	Y	-0.06924850958184615
22:51:00.899405		TRACK	STATE	CURSOR	X	-0.03687615006918596
22:51:00.899546		TRACK	STATE	CURSOR	Y	-0.06787159430911233
22:51:00.919717		TRACK	STATE	CURSOR	X	-0.036100718643951646
22:51:00.919833		TRACK	STATE	CURSOR	Y	-0.06648115358730186
22:51:00.939920		TRACK	STATE	CURSOR	X	-0.03527326158630722
22:51:00.940033		TRACK	STATE	CURSOR	Y	-0.06500687204135748
22:51:00.960181		TRACK	STATE	CURSOR	X	-0.034472582806592406
22:51:00.960451		TRACK	STATE	CURSOR	Y	-0.06358938662870749
22:51:00.980529		TRACK	STATE	CURSOR	X	-0.033659587479322656
22:51:00.980640		TRACK	STATE	CURSOR	Y	-0.06215904653779017
22:51:01.000754		TRACK	STATE	CURSOR	X	-0.03283427702765931
22:51:01.000908		TRACK	STATE	CURSOR	Y	-0.06071607649567524
22:51:01.021129		TRACK	STATE	CURSOR	X	-0.03195445004206676
22:51:01.021250		TRACK	STATE	CURSOR	Y	-0.059187613427497794
22:51:01.041344		TRACK	STATE	CURSOR	X	-0.03110390407235371
22:51:01.041462		TRACK	STATE	CURSOR	Y	-0.057719464284707804
22:51:01.061556		TRACK	STATE	CURSOR	X	-0.030241056162349178
22:51:01.061673		TRACK	STATE	CURSOR	Y	-0.056239384786468026
22:51:01.081841		TRACK	STATE	CURSOR	X	-0.029365913543864097
22:51:01.082016		TRACK	STATE	CURSOR	Y	-0.05474760884525092
22:51:01.102294		TRACK	STATE	CURSOR	X	-0.028433791123778168
22:51:01.102410		TRACK	STATE	CURSOR	Y	-0.053168914173866565
22:51:01.122542		TRACK	STATE	CURSOR	X	-0.027533473045178974
22:51:01.122683		TRACK	STATE	CURSOR	Y	-0.05165390097464798
22:51:01.142796		TRACK	STATE	CURSOR	X	-0.02662089122398038
22:51:01.142933		TRACK	STATE	CURSOR	Y	-0.05012791811309722
22:51:01.163341		TRACK	STATE	CURSOR	X	-0.025649495791389264
22:51:01.163445		TRACK	STATE	CURSOR	Y	-0.04851409543091365
22:51:01.183493		TRACK	STATE	CURSOR	X	-0.024711815777116463
22:51:01.183621		TRACK	STATE	CURSOR	Y	-0.046966385265916046
22:51:01.203916		TRACK	STATE	CURSOR	X	-0.02371410103246005
22:51:01.204034		TRACK	STATE	CURSOR	Y	-0.04533029096597607
22:51:01.224138		TRACK	STATE	CURSOR	X	-0.02275139028846107
22:51:01.224257		TRACK	STATE	CURSOR	Y	-0.04376189022741147
22:51:01.244695		TRACK	STATE	CURSOR	X	-0.021776497678117995
22:51:01.244833		TRACK	STATE	CURSOR	Y	-0.042183777823430336
22:51:01.264974		TRACK	STATE	CURSOR	X	-0.020739772137197965
22:51:01.265093		TRACK	STATE	CURSOR	Y	-0.040516584044600686
22:51:01.285280		TRACK	STATE	CURSOR	X	-0.0197399723317359
22:51:01.285404		TRACK	STATE	CURSOR	Y	-0.038919354477160044
22:51:01.305593		TRACK	STATE	CURSOR	X	-0.01872805768557237
22:51:01.305712		TRACK	STATE	CURSOR	Y	-0.037313189478299626
22:51:01.325887		TRACK	STATE	CURSOR	X	-0.017652535999880852
22:51:01.326011		TRACK	STATE	CURSOR	Y	-0.03561738198412983
22:51:01.346266		TRACK	STATE	CURSOR	X	-0.016615865437997025
22:51:01.346379		TRACK	STATE	CURSOR	Y	-0.033993708374864325
22:51:01.366802		TRACK	STATE	CURSOR	X	-0.015567160601046737
22:51:01.366971		TRACK	STATE	CURSOR	Y	-0.032361892186467116
22:51:01.387226		TRACK	STATE	CURSOR	X	-0.014453100781921274
22:51:01.387354		TRACK	STATE	CURSOR	Y	-0.030640009957573978
22:51:01.407532		TRACK	STATE	CURSOR	X	-0.013379819068440721
22:51:01.407643		TRACK	STATE	CURSOR	Y	-0.028992326689600677
22:51:01.428044		TRACK	STATE	CURSOR	X	-0.012240023261030769
22:51:01.428216		TRACK	STATE	CURSOR	Y	-0.02725437065538658
22:51:01.448842		TRACK	STATE	CURSOR	X	-0.01114230060034536
22:51:01.448956		TRACK	STATE	CURSOR	Y	-0.02559194105685676
22:51:01.469153		TRACK	STATE	CURSOR	X	-0.009976918105090401
22:51:01.469282		TRACK	STATE	CURSOR	Y	-0.023839095030771067
22:51:01.489632		TRACK	STATE	CURSOR	X	-0.008854902945272544
22:51:01.489889		TRACK	STATE	CURSOR	Y	-0.022163053064519378
22:51:01.510680		TRACK	STATE	CURSOR	X	-0.007721095416428098
22:51:01.510824		TRACK	STATE	CURSOR	Y	-0.02048078620502783
22:51:01.530049		TRACK	STATE	CURSOR	X	-0.0065179494837891705
22:51:01.530167		TRACK	STATE	CURSOR	Y	-0.018708006520421344
22:51:01.550332		TRACK	STATE	CURSOR	X	-0.005360093438476922
22:51:01.550437		TRACK	STATE	CURSOR	Y	-0.017013837368304734
22:51:01.570855		TRACK	STATE	CURSOR	X	-0.004190570770972013
22:51:01.570985		TRACK	STATE	CURSOR	Y	-0.015314283858179132
22:51:01.591212		TRACK	STATE	CURSOR	X	-0.0029500640984287305
22:51:01.591332		TRACK	STATE	CURSOR	Y	-0.013524262191473827
22:51:01.611534		TRACK	STATE	CURSOR	X	-0.0017567644617970852
22:51:01.611658		TRACK	STATE	CURSOR	Y	-0.011814541855789673
22:51:01.631891		TRACK	STATE	CURSOR	X	-0.0005519373661503346
22:51:01.632064		TRACK	STATE	CURSOR	Y	-0.010100289510682267
22:51:01.652196		TRACK	STATE	CURSOR	X	0.0007254843849620884
22:51:01.652312		TRACK	STATE	CURSOR	Y	-0.008295755368322666
22:51:01.672453		TRACK	STATE	CURSOR	X	0.001953789469467606
22:51:01.672592		TRACK	STATE	CURSOR	Y	-0.006573094696863226
22:51:01.692992		TRACK	STATE	CURSOR	X	0.003193469505961999
22:51:01.693344		TRACK	STATE	CURSOR	Y	-0.004846765017638088
22:51:01.713174		TRACK	STATE	CURSOR	X	0.004507317942611472
22:51:01.713296		TRACK	STATE	CURSOR	Y	-0.0030304820204682947
22:51:01.733336		TRACK	STATE	CURSOR	X	0.005770149720221385
22:51:01.733446		TRACK	STATE	CURSOR	Y	-0.0012975231497835509
22:51:01.753540		TRACK	STATE	CURSOR	X	0.007044190687853789
22:51:01.753687		TRACK	STATE	CURSOR	Y	0.00043823225131603416
22:51:01.773900		TRACK	STATE	CURSOR	X	0.008393934970033212
22:51:01.774053		TRACK	STATE	CURSOR	Y	0.0022634701384132796
22:51:01.794272		TRACK	STATE	CURSOR	X	0.009690774362596744
22:51:01.794385		TRACK	STATE	CURSOR	Y	0.004004057390292785
22:51:01.814488		TRACK	STATE	CURSOR	X	0.010998644033529412
22:51:01.814595		TRACK	STATE	CURSOR	Y	0.005746560412449429
22:51:01.834606		TRACK	STATE	CURSOR	X	0.01231748248086876
22:51:01.834716		TRACK	STATE	CURSOR	Y	0.0074906888315298585
22:51:01.855011		TRACK	STATE	CURSOR	X	0.01371399915501085
22:51:01.855121		TRACK	STATE	CURSOR	Y	0.009323454487239128
22:51:01.875498		TRACK	STATE	CURSOR	X	0.015055125437239294
22:51:01.875790		TRACK	STATE	CURSOR	Y	0.011070004208034834
22:51:01.895326		TRACK	STATE	CURSOR	X	0.016407024313689105
22:51:01.895449		TRACK	STATE	CURSOR	Y	0.012817289434549536
22:51:01.915568		TRACK	STATE	CURSOR	X	0.017769628659437913
22:51:01.915679		TRACK	STATE	CURSOR	Y	0.014565017151855875
22:51:01.935764		TRACK	STATE	CURSOR	X	0.019142869974370008
22:51:01.935879		TRACK	STATE	CURSOR	Y	0.01631289380194037
22:51:01.955994		TRACK	STATE	CURSOR	X	0.02059614492389487
22:51:01.956117		TRACK	STATE	CURSOR	Y	0.018148002812890463
22:51:01.977087		TRACK	STATE	CURSOR	X	0.021990972103263878
22:51:01.977522		TRACK	STATE	CURSOR	Y	0.019895264979072774
22:51:01.996605		TRACK	STATE	CURSOR	X	0.023396218892072367
22:51:01.996737		TRACK	STATE	CURSOR	Y	0.02164177782428578
22:51:02.016893		TRACK	STATE	CURSOR	X	0.024882861125174943
22:51:02.017021		TRACK	STATE	CURSOR	Y	0.023474486723860405
22:51:02.037195		TRACK	STATE	CURSOR	X	0.026309235266262266
22:51:02.037325		TRACK	STATE	CURSOR	Y	0.025218539889634923
22:51:02.057465		TRACK	STATE	CURSOR	X	0.027745799086802848
22:51:02.057606		TRACK	STATE	CURSOR	Y	0.026960942072487098
22:51:02.078068		TRACK	STATE	CURSOR	X	0.029265072275002135
22:51:02.078179		TRACK	STATE	CURSOR	Y	0.02878836343855462
22:51:02.098219		TRACK	STATE	CURSOR	X	0.03072227935270878
22:51:02.098332		TRACK	STATE	CURSOR	Y	0.030526455035576383
22:51:02.118535		TRACK	STATE	CURSOR	X	0.03218943379459696
22:51:02.118718		TRACK	STATE	CURSOR	Y	0.03226199182582796
22:51:02.139137		TRACK	STATE	CURSOR	X	0.03374056194740585
22:51:02.139261		TRACK	STATE	CURSOR	Y	0.03408123131348887
22:51:02.159648		TRACK	STATE	CURSOR	X	0.035227850363489556
22:51:02.159960		TRACK	STATE	CURSOR	Y	0.03581060346191601
22:51:02.179878		TRACK	STATE	CURSOR	X	0.03672483164365529
22:51:02.180060		TRACK	STATE	CURSOR	Y	0.037536516069933155
22:51:02.200423		TRACK	STATE	CURSOR	X	0.03830699975051836
22:51:02.200558		TRACK	STATE	CURSOR	Y	0.03934467642117656
22:51:02.220616		TRACK	STATE	CURSOR	X	0.039823580960706984
22:51:02.220728		TRACK	STATE	CURSOR	Y	0.04106256975318434
22:51:02.240872		TRACK	STATE	CURSOR	X	0.04142613478108087
22:51:02.241001		TRACK	STATE	CURSOR	Y	0.04286165576017106
22:51:02.261074		TRACK	STATE	CURSOR	X	0.042961943286981295
22:51:02.261190		TRACK	STATE	CURSOR	Y	0.044570284224116664
22:51:02.281264		TRACK	STATE	CURSOR	X	0.04450699247447992
22:51:02.281377		TRACK	STATE	CURSOR	Y	0.04627394171824891
22:51:02.301429		TRACK	STATE	CURSOR	X	0.046061189849410385
22:51:02.301570		TRACK	STATE	CURSOR	Y	0.04797233250263521
22:51:02.321658		TRACK	STATE	CURSOR	X	0.04762444168205061
22:51:02.321765		TRACK	STATE	CURSOR	Y	0.04966516114527742
22:51:02.342070		TRACK	STATE	CURSOR	X	0.0492754970497836
22:51:02.342269		TRACK	STATE	CURSOR	Y	0.05143632209780937
22:51:02.362722		TRACK	STATE	CURSOR	X	0.05085701233173153
22:51:02.362864		TRACK	STATE	CURSOR	Y	0.05311682629166259
22:51:02.382943		TRACK	STATE	CURSOR	X	0.05252703068861092
22:51:02.383053		TRACK	STATE	CURSOR	Y	0.054874396938541216
22:51:02.403158		TRACK	STATE	CURSOR	X	0.05412639993099564
22:51:02.403269		TRACK	STATE	CURSOR	Y	0.0565413402788895
22:51:02.423331		TRACK	STATE	CURSOR	X	0.05573432672797674
22:51:02.423440		TRACK	STATE	CURSOR	Y	0.058201221197202384
22:51:02.444304		TRACK	STATE	CURSOR	X	0.05735071001390898
22:51:02.444450		TRACK	STATE	CURSOR	Y	0.05985374710005095
22:51:02.464491		TRACK	STATE	CURSOR	X	0.0590569018816301
22:51:02.464604		TRACK	STATE	CURSOR	Y	0.06158066400062359
22:51:02.484733		TRACK	STATE	CURSOR	X	0.06069030009483686
22:51:02.484866		TRACK	STATE	CURSOR	Y	0.06321720007733124
22:51:02.505059		TRACK	STATE	CURSOR	X	0.06241412815067621
22:51:02.505183		TRACK	STATE	CURSOR	Y	0.06492668580230916
22:51:02.525348		TRACK	STATE	CURSOR	X	0.06406410173657821
22:51:02.525474		TRACK	STATE	CURSOR	Y	0.06654601103563836
22:51:02.545873		TRACK	STATE	CURSOR	X	0.06580509930838861
22:51:02.545989		TRACK	STATE	CURSOR	Y	0.06823678694302265
22:51:02.566118		TRACK	STATE	CURSOR	X	0.06747119896884472
22:51:02.566239		TRACK	STATE	CURSOR	Y	0.0698376870339149
22:51:02.586415		TRACK	STATE	CURSOR	X	0.06914499908399409
22:51:02.586543		TRACK	STATE	CURSOR	Y	0.07142916083133778
22:51:02.606929		TRACK	STATE	CURSOR	X	0.07091065613722174
22:51:02.607040		TRACK	STATE	CURSOR	Y	0.07308975008393688
22:51:02.627952		TRACK	STATE	CURSOR	X	0.07259989623858813
22:51:02.628079		TRACK	STATE	CURSOR	Y	0.07466100619630915
22:51:02.648185		TRACK	STATE	CURSOR	X	0.07438151830266017
22:51:02.648301		TRACK	STATE	CURSOR	Y	0.07629973873175154
22:51:02.668908		TRACK	STATE	CURSOR	X	0.07608572569147841
22:51:02.669027		TRACK	STATE	CURSOR	Y	0.07784958292371204
22:51:02.689069		TRACK	STATE	CURSOR	X	0.0778828116521433
22:51:02.689178		TRACK	STATE	CURSOR	Y	0.07946520963157375
22:51:02.709721		TRACK	STATE	CURSOR	X	0.07960150457516456
22:51:02.710125		TRACK	STATE	CURSOR	Y	0.08099245706962577
22:51:02.730584		TRACK	STATE	CURSOR	X	0.08141354392031673
22:51:02.730755		TRACK	STATE	CURSOR	Y	0.08258373911118061
22:51:02.751426		TRACK	STATE	CURSOR	X	0.08323304162587807
22:51:02.751760		TRACK	STATE	CURSOR	Y	0.0841620757268003
22:51:02.771738		TRACK	STATE	CURSOR	X	0.08497270482186448
22:51:02.771866		TRACK	STATE	CURSOR	Y	0.08565292472785528
22:51:02.792430		TRACK	STATE	CURSOR	X	0.08680636656406572
22:51:02.792631		TRACK	STATE	CURSOR	Y	0.08720506458994104
22:51:02.812981		TRACK	STATE	CURSOR	X	0.08864707713971239
22:51:02.813147		TRACK	STATE	CURSOR	Y	0.08874331738324541
22:51:02.833580		TRACK	STATE	CURSOR	X	0.09040655914664682
22:51:02.833874		TRACK	STATE	CURSOR	Y	0.09019512038639797
22:51:02.853909		TRACK	STATE	CURSOR	X	0.09217218395165538
22:51:02.854110		TRACK	STATE	CURSOR	Y	0.0916337700109635
22:51:02.874396		TRACK	STATE	CURSOR	X	0.09403256579535058
22:51:02.874521		TRACK	STATE	CURSOR	Y	0.09312990079901061
22:51:02.894629		TRACK	STATE	CURSOR	X	0.09581039554670041
22:51:02.894759		TRACK	STATE	CURSOR	Y	0.09454074479167822
22:51:02.914867		TRACK	STATE	CURSOR	X	0.09768331651232971
22:51:02.915031		TRACK	STATE	CURSOR	Y	0.09600709011622066
22:51:02.935455		TRACK	STATE	CURSOR	X	0.09947282344499347
22:51:02.935652		TRACK	STATE	CURSOR	Y	0.09738900896862683
22:51:02.955471		TRACK	STATE	CURSOR	X	0.10126783275239844
22:51:02.955591		TRACK	STATE	CURSOR	Y	0.09875641601092174
22:51:02.975821		TRACK	STATE	CURSOR	X	0.10306821617738005
22:51:02.975948		TRACK	STATE	CURSOR	Y	0.10010904994888663
22:51:02.996163		TRACK	STATE	CURSOR	X	0.10496426139129765
22:51:02.996295		TRACK	STATE	CURSOR	Y	0.10151313207241104
22:51:03.016507		TRACK	STATE	CURSOR	X	0.10677525723113464
22:51:03.016621		TRACK	STATE	CURSOR	Y	0.10283467173580023
22:51:03.037260		TRACK	STATE	CURSOR	X	0.10859123082744133
22:51:03.037701		TRACK	STATE	CURSOR	Y	0.10414065236963466
22:51:03.053814		MAIN	SCENARIO	TRACK	AUTOMATICSOLVER	False
22:51:03.057228		TRACK	STATE	CURSOR	X	0.11050321640367533
22:51:03.057360		TRACK	STATE	CURSOR	Y	0.10549490880878298
22:51:03.077750		TRACK	STATE	CURSOR	X	0.11232898210881576
22:51:03.077915		TRACK	STATE	CURSOR	Y	0.10676820168381045
22:51:03.098110		TRACK	STATE	CURSOR	X	0.11425095636794691
22:51:03.098215		TRACK	STATE	CURSOR	Y	0.10808758230279969
22:51:03.118311		TRACK	STATE	CURSOR	X	0.11608595438547292
22:51:03.118432		TRACK	STATE	CURSOR	Y	0.109327137032477
22:51:03.138578		TRACK	STATE	CURSOR	X	0.11792525086825462
22:51:03.138710		TRACK	STATE	CURSOR	Y	0.11054985817657352
22:51:03.159027		TRACK	STATE	CURSOR	X	0.11986099014239852
22:51:03.159133		TRACK	STATE	CURSOR	Y	0.11181533156914565
22:51:03.179273		TRACK	STATE	CURSOR	X	0.12170867413489671
22:51:03.179384		TRACK	STATE	CURSOR	Y	0.11300278420519401
22:51:03.199559		TRACK	STATE	CURSOR	X	0.12356024113987955
22:51:03.199736		TRACK	STATE	CURSOR	Y	0.11417266652587695
22:51:03.220163		TRACK	STATE	CURSOR	X	0.12550841499254586
22:51:03.220550		TRACK	STATE	CURSOR	Y	0.11538187344495436
22:51:03.240191		TRACK	STATE	CURSOR	X	0.12736751119525969
22:51:03.240303		TRACK	STATE	CURSOR	Y	0.11651499764445483
22:51:03.260391		TRACK	STATE	CURSOR	X	0.12923006858028038
22:51:03.260508		TRACK	STATE	CURSOR	Y	0.11762983521331351
22:51:03.280606		TRACK	STATE	CURSOR	X	0.13109594752705347
22:51:03.280720		TRACK	STATE	CURSOR	Y	0.11872615591672138
22:51:03.300820		TRACK	STATE	CURSOR	X	0.1330585417900064
22:51:03.300945		TRACK	STATE	CURSOR	Y	0.11985711455668073
22:51:03.321128		TRACK	STATE	CURSOR	X	0.13493079083402035
22:51:03.321250		TRACK	STATE	CURSOR	Y	0.12091476584961837
22:51:03.341345		TRACK	STATE	CURSOR	X	0.13680593180978096
22:51:03.341458		TRACK	STATE	CURSOR	Y	0.12195321269422173
22:51:03.361828		TRACK	STATE	CURSOR	X	0.13868382266639304
22:51:03.362053		TRACK	STATE	CURSOR	Y	0.12297223457371609
22:51:03.382090		TRACK	STATE	CURSOR	X	0.14065841157400896
22:51:03.382222		TRACK	STATE	CURSOR	Y	0.12402106290009018
22:51:03.402354		TRACK	STATE	CURSOR	X	0.14254149325177545
22:51:03.402493		TRACK	STATE	CURSOR	Y	0.12499958475559307
22:51:03.423208		TRACK	STATE	CURSOR	X	0.14452121604326637
22:51:03.423365		TRACK	STATE	CURSOR	Y	0.1260054156489118
22:51:03.443682		TRACK	STATE	CURSOR	X	0.14640888461564402
