#	date	

17:55:11.778805		MAIN	INFO	SCENARIO	FILENAME	complete_sysmon.txt
17:55:11.779011		MAIN	INFO	SCREENSIZE	WIDTH	1920
17:55:11.779104		MAIN	INFO	SCREENSIZE	HEIGHT	1080
17:55:11.795445		MAIN	INFO	COMMUNICATIONS	AOI_X	[0, 563]
17:55:11.795530		MAIN	INFO	COMMUNICATIONS	AOI_Y	[580, 1080]
17:55:11.798294		MAIN	INFO	SYSMON	AOI_X	[0, 668]
17:55:11.798349		MAIN	INFO	SYSMON	AOI_Y	[40, 540]
17:55:11.798455		MAIN	INFO	TRACK	AOI_X	[563, 1585]
17:55:11.798493		MAIN	INFO	TRACK	AOI_Y	[40, 540]
17:55:11.798567		MAIN	INFO	RESMAN	AOI_X	[563, 1585]
17:55:11.798601		MAIN	INFO	RESMAN	AOI_Y	[580, 1080]
17:55:11.798671		MAIN	INFO	PUMPSTATUS	AOI_X	[1576, 1919]
17:55:11.798705		MAIN	INFO	PUMPSTATUS	AOI_Y	[580, 1080]
17:55:11.798776		MAIN	INFO	SCHEDULING	AOI_X	[1576, 1919]
17:55:11.798809		MAIN	INFO	SCHEDULING	AOI_Y	[40, 540]
17:55:11.841495		MAIN	STATE	SYSMON	START
17:55:15.841964		MAIN	SCENARIO	SYSMON	LIGHTS-2-FAILURE	True
17:55:15.850997		SYSMON	STATE	E	FAILURE
17:55:20.841802		MAIN	SCENARIO	SYSMON	SCALES-1-FAILURE	down
17:55:21.049901		SYSMON	ACTION	E	MISS
17:55:21.050069		SYSMON	STATE	E	SAFE
17:55:21.063144		SYSMON	STATE	A	FAILURE
17:55:25.841820		MAIN	SCENARIO	SYSMON	LIGHTS-1-FAILURE	True
17:55:26.049873		SYSMON	ACTION	A	MISS
17:55:26.050039		SYSMON	STATE	A	SAFE
17:55:26.072011		SYSMON	STATE	W	FAILURE
17:55:30.841715		MAIN	SCENARIO	SYSMON	SCALES-2-FAILURE	up
17:55:31.049898		SYSMON	ACTION	W	MISS
17:55:31.050050		SYSMON	STATE	W	SAFE
17:55:31.081142		SYSMON	STATE	S	FAILURE
17:55:32.266334		MAIN	INPUT	KEY_RELEASE	83
17:55:32.266510		SYSMON	ACTION	S	HIT
17:55:32.266574		SYSMON	STATE	S	SAFE
17:55:35.842264		MAIN	SCENARIO	SYSMON	SCALES-3-FAILURE	down
17:55:35.888303		SYSMON	STATE	D	FAILURE
17:55:36.474277		MAIN	INPUT	KEY_RELEASE	68
17:55:36.474435		SYSMON	ACTION	D	HIT
17:55:36.474500		SYSMON	STATE	D	SAFE
17:55:39.841820		MAIN	STATE	SYSMON	STOP
17:55:43.887889		MAIN	STATE		END
