#	date	

15:29:19.781040		MAIN	INFO	SCENARIO	FILENAME	complete_track.txt
15:29:19.781185		MAIN	INFO	SCREENSIZE	WIDTH	1600
15:29:19.781273		MAIN	INFO	SCREENSIZE	HEIGHT	900
15:29:19.786509		MAIN	INFO	COMMUNICATIONS	AOI_X	[0, 469]
15:29:19.786613		MAIN	INFO	COMMUNICATIONS	AOI_Y	[483, 900]
15:29:19.786964		MAIN	INFO	SCHEDULING	AOI_X	[1313, 1600]
15:29:19.787050		MAIN	INFO	SCHEDULING	AOI_Y	[33, 450]
15:29:19.787194		MAIN	INFO	RESMAN	AOI_X	[469, 1321]
15:29:19.787285		MAIN	INFO	RESMAN	AOI_Y	[483, 900]
15:29:19.787442		MAIN	INFO	SYSMON	AOI_X	[0, 557]
15:29:19.787503		MAIN	INFO	SYSMON	AOI_Y	[33, 450]
15:29:19.787648		MAIN	INFO	TRACK	AOI_X	[469, 1321]
15:29:19.787762		MAIN	INFO	TRACK	AOI_Y	[33, 450]
15:29:19.787938		MAIN	INFO	PUMPSTATUS	AOI_X	[1313, 1600]
15:29:19.788041		MAIN	INFO	PUMPSTATUS	AOI_Y	[483, 900]
15:29:19.831251		MAIN	SCENARIO	TRACK	CURSORCOLOR	#009900
15:29:19.831792		TRACK	STATE	TARGET	X	0.5
15:29:19.831889		TRACK	STATE	TARGET	Y	0.5
15:29:19.832146		TRACK	STATE	TARGET	RADIUS	0.1
15:29:19.832210		TRACK	STATE		MODE	MANUAL
15:29:19.832258		MAIN	STATE	TRACK	START
15:29:19.870690		TRACK	STATE	CURSOR	X	-0.0055251087259057625
15:29:19.870816		TRACK	STATE	CURSOR	Y	0.11365877026351329
15:29:19.874052		TRACK	STATE	CURSOR	X	-0.005468933082961462
15:29:19.874119		TRACK	STATE	CURSOR	Y	0.11321344549921651
15:29:19.894090		TRACK	STATE	CURSOR	X	-0.005420135586415316
15:29:19.894167		TRACK	STATE	CURSOR	Y	0.11276840495240177
15:29:19.914133		TRACK	STATE	CURSOR	X	-0.005375956291845174
15:29:19.914210		TRACK	STATE	CURSOR	Y	0.11230304786550512
15:29:19.934236		TRACK	STATE	CURSOR	X	-0.005336423584104799
15:29:19.934354		TRACK	STATE	CURSOR	Y	0.11181747085341749
15:29:19.954241		TRACK	STATE	CURSOR	X	-0.005301564928950499
15:29:19.954317		TRACK	STATE	CURSOR	Y	0.11131177374640984
15:29:19.974281		TRACK	STATE	CURSOR	X	-0.005271406865783303
15:29:19.974341		TRACK	STATE	CURSOR	Y	0.11078605957267011
15:29:19.994346		TRACK	STATE	CURSOR	X	-0.005245975000532255
15:29:19.994419		TRACK	STATE	CURSOR	Y	0.11024043454036785
15:29:20.014429		TRACK	STATE	CURSOR	X	-0.005225293998683184
15:29:20.014487		TRACK	STATE	CURSOR	Y	0.10967500801924542
15:29:20.034527		TRACK	STATE	CURSOR	X	-0.005208718002623551
15:29:20.034641		TRACK	STATE	CURSOR	Y	0.10906012197219983
15:29:20.054554		TRACK	STATE	CURSOR	X	-0.005197849375932835
15:29:20.054639		TRACK	STATE	CURSOR	Y	0.10845445755828122
15:29:20.074599		TRACK	STATE	CURSOR	X	-0.0051918009637728635
15:29:20.074671		TRACK	STATE	CURSOR	Y	0.10782934456120752
15:29:20.094685		TRACK	STATE	CURSOR	X	-0.005190593554553276
15:29:20.094759		TRACK	STATE	CURSOR	Y	0.10718490495724985
15:29:20.114747		TRACK	STATE	CURSOR	X	-0.005194246963275352
15:29:20.114831		TRACK	STATE	CURSOR	Y	0.10652126378420723
15:29:20.134829		TRACK	STATE	CURSOR	X	-0.005202780025455396
15:29:20.134945		TRACK	STATE	CURSOR	Y	0.10583854912021318
15:29:20.154849		TRACK	STATE	CURSOR	X	-0.005216210591200189
15:29:20.154909		TRACK	STATE	CURSOR	Y	0.1051368920620942
15:29:20.174897		TRACK	STATE	CURSOR	X	-0.005234555519435358
15:29:20.174969		TRACK	STATE	CURSOR	Y	0.1044164267032814
15:29:20.194952		TRACK	STATE	CURSOR	X	-0.005257830672287596
15:29:20.195010		TRACK	STATE	CURSOR	Y	0.1036772901112774
15:29:20.215020		TRACK	STATE	CURSOR	X	-0.0052860509096201895
15:29:20.215091		TRACK	STATE	CURSOR	Y	0.10291962230468714
15:29:20.235119		TRACK	STATE	CURSOR	X	-0.005319230083725988
15:29:20.235229		TRACK	STATE	CURSOR	Y	0.10214356622981087
15:29:20.255148		TRACK	STATE	CURSOR	X	-0.0053573810341756385
15:29:20.255221		TRACK	STATE	CURSOR	Y	0.10134926773680464
15:29:20.275231		TRACK	STATE	CURSOR	X	-0.005400515582823405
15:29:20.275361		TRACK	STATE	CURSOR	Y	0.10053687555541242
15:29:20.295240		TRACK	STATE	CURSOR	X	-0.005448644528971601
15:29:20.295311		TRACK	STATE	CURSOR	Y	0.09970654127027408
15:29:20.315292		TRACK	STATE	CURSOR	X	-0.005501777644693719
15:29:20.315364		TRACK	STATE	CURSOR	Y	0.0988584192958092
15:29:20.335417		TRACK	STATE	CURSOR	X	-0.005559923670317259
15:29:20.335533		TRACK	STATE	CURSOR	Y	0.09799266685068764
15:29:20.355436		TRACK	STATE	CURSOR	X	-0.0056263805571530046
15:29:20.355510		TRACK	STATE	CURSOR	Y	0.09706482709366117
15:29:20.375548		TRACK	STATE	CURSOR	X	-0.005694825995074593
15:29:20.375658		TRACK	STATE	CURSOR	Y	0.09616343538500981
15:29:20.395559		TRACK	STATE	CURSOR	X	-0.005768304584148102
15:29:20.395617		TRACK	STATE	CURSOR	Y	0.09524490977045591
15:29:20.415607		TRACK	STATE	CURSOR	X	-0.005846820843265442
15:29:20.415679		TRACK	STATE	CURSOR	Y	0.0943094185563106
15:29:20.435687		TRACK	STATE	CURSOR	X	-0.005930378239232342
15:29:20.435759		TRACK	STATE	CURSOR	Y	0.09335713271795786
15:29:20.455794		TRACK	STATE	CURSOR	X	-0.006018979183235074
15:29:20.455908		TRACK	STATE	CURSOR	Y	0.09238822587188096
15:29:20.475793		TRACK	STATE	CURSOR	X	-0.006112625027471887
15:29:20.475865		TRACK	STATE	CURSOR	Y	0.09140287424729925
15:29:20.495844		TRACK	STATE	CURSOR	X	-0.006211316061949616
15:29:20.495900		TRACK	STATE	CURSOR	Y	0.09040125665741945
15:29:20.515918		TRACK	STATE	CURSOR	X	-0.00631505151144741
15:29:20.515990		TRACK	STATE	CURSOR	Y	0.08938355447030717
15:29:20.535963		TRACK	STATE	CURSOR	X	-0.006423829532646345
15:29:20.536034		TRACK	STATE	CURSOR	Y	0.08834995157937997
15:29:20.556052		TRACK	STATE	CURSOR	X	-0.00653764721142706
15:29:20.556164		TRACK	STATE	CURSOR	Y	0.0873006343735313
15:29:20.576064		TRACK	STATE	CURSOR	X	-0.006656500560334899
15:29:20.576137		TRACK	STATE	CURSOR	Y	0.08623579170688622
15:29:20.596120		TRACK	STATE	CURSOR	X	-0.00678038451621311
15:29:20.596192		TRACK	STATE	CURSOR	Y	0.08515561486819172
15:29:20.616222		TRACK	STATE	CURSOR	X	-0.006909292938006166
15:29:20.616297		TRACK	STATE	CURSOR	Y	0.08406029754985249
15:29:20.636275		TRACK	STATE	CURSOR	X	-0.007043218604730441
15:29:20.636359		TRACK	STATE	CURSOR	Y	0.08295003581661102
15:29:20.656368		TRACK	STATE	CURSOR	X	-0.007182153213616195
15:29:20.656485		TRACK	STATE	CURSOR	Y	0.08182502807387745
15:29:20.676384		TRACK	STATE	CURSOR	X	-0.007326087378419259
15:29:20.676464		TRACK	STATE	CURSOR	Y	0.0806854750357187
15:29:20.696481		TRACK	STATE	CURSOR	X	-0.0074825875511671065
15:29:20.696571		TRACK	STATE	CURSOR	Y	0.07947351211174812
15:29:20.716565		TRACK	STATE	CURSOR	X	-0.007636736881221286
15:29:20.716672		TRACK	STATE	CURSOR	Y	0.07830477827109662
15:29:20.736633		TRACK	STATE	CURSOR	X	-0.007795850432468054
15:29:20.736726		TRACK	STATE	CURSOR	Y	0.07712212523361951
15:29:20.756747		TRACK	STATE	CURSOR	X	-0.007959914416847208
15:29:20.756858		TRACK	STATE	CURSOR	Y	0.07592576272913991
15:29:20.776831		TRACK	STATE	CURSOR	X	-0.008128913956909753
15:29:20.776928		TRACK	STATE	CURSOR	Y	0.07471590262938403
15:29:20.796842		TRACK	STATE	CURSOR	X	-0.008302833085165662
15:29:20.796931		TRACK	STATE	CURSOR	Y	0.07349275891398802
15:29:20.816902		TRACK	STATE	CURSOR	X	-0.008481654743604674
15:29:20.817030		TRACK	STATE	CURSOR	Y	0.07225654763619764
15:29:20.836993		TRACK	STATE	CURSOR	X	-0.008665360783389595
15:29:20.837073		TRACK	STATE	CURSOR	Y	0.07100748688826033
15:29:20.857161		TRACK	STATE	CURSOR	X	-0.008853931964721415
15:29:20.857329		TRACK	STATE	CURSOR	Y	0.0697457967665193
15:29:20.877196		TRACK	STATE	CURSOR	X	-0.009047347956878116
15:29:20.877311		TRACK	STATE	CURSOR	Y	0.06847169933621301
15:29:20.897322		TRACK	STATE	CURSOR	X	-0.009245587338426564
15:29:20.897442		TRACK	STATE	CURSOR	Y	0.06718541859598666
15:29:20.917285		TRACK	STATE	CURSOR	X	-0.009448627597606682
15:29:20.917379		TRACK	STATE	CURSOR	Y	0.06588718044211936
15:29:20.937328		TRACK	STATE	CURSOR	X	-0.00965644513288961
15:29:20.937414		TRACK	STATE	CURSOR	Y	0.06457721263247118
15:29:20.957443		TRACK	STATE	CURSOR	X	-0.009869015253708646
15:29:20.957638		TRACK	STATE	CURSOR	Y	0.06325574475016109
15:29:20.977479		TRACK	STATE	CURSOR	X	-0.010086312181363308
15:29:20.977649		TRACK	STATE	CURSOR	Y	0.0619230081669733
15:29:20.997685		TRACK	STATE	CURSOR	X	-0.01031953177022829
15:29:20.997868		TRACK	STATE	CURSOR	Y	0.06051176191978116
15:29:21.017717		TRACK	STATE	CURSOR	X	-0.010546433474769523
15:29:21.017862		TRACK	STATE	CURSOR	Y	0.05915665517813103
15:29:21.037783		TRACK	STATE	CURSOR	X	-0.010777976652650872
15:29:21.037946		TRACK	STATE	CURSOR	Y	0.0577909960822706
15:29:21.057816		TRACK	STATE	CURSOR	X	-0.011014131131051033
15:29:21.057954		TRACK	STATE	CURSOR	Y	0.05641502286856211
15:29:21.077880		TRACK	STATE	CURSOR	X	-0.011254865656227278
15:29:21.078003		TRACK	STATE	CURSOR	Y	0.05502897537335127
15:29:21.097908		TRACK	STATE	CURSOR	X	-0.01150014789546755
15:29:21.097999		TRACK	STATE	CURSOR	Y	0.05363309499487521
15:29:21.117955		TRACK	STATE	CURSOR	X	-0.011749944439214547
15:29:21.118044		TRACK	STATE	CURSOR	Y	0.052227624654938305
15:29:21.138031		TRACK	STATE	CURSOR	X	-0.012004220803363016
15:29:21.138158		TRACK	STATE	CURSOR	Y	0.05081280876036736
15:29:21.158126		TRACK	STATE	CURSOR	X	-0.012262941431728505
15:29:21.158232		TRACK	STATE	CURSOR	Y	0.04938889316424866
15:29:21.178169		TRACK	STATE	CURSOR	X	-0.012526069698689496
15:29:21.178300		TRACK	STATE	CURSOR	Y	0.04795612512695538
15:29:21.198184		TRACK	STATE	CURSOR	X	-0.01279356791200024
15:29:21.198279		TRACK	STATE	CURSOR	Y	0.04651475327696503
15:29:21.218235		TRACK	STATE	CURSOR	X	-0.013065397315776014
15:29:21.218321		TRACK	STATE	CURSOR	Y	0.04506502757148189
15:29:21.238342		TRACK	STATE	CURSOR	X	-0.013341518093649132
15:29:21.238451		TRACK	STATE	CURSOR	Y	0.04360719925686237
15:29:21.258452		TRACK	STATE	CURSOR	X	-0.013621889372096796
15:29:21.258582		TRACK	STATE	CURSOR	Y	0.04214152082885411
15:29:21.278855		TRACK	STATE	CURSOR	X	-0.013920807925142284
15:29:21.279340		TRACK	STATE	CURSOR	Y	0.04059438741205946
15:29:21.298719		TRACK	STATE	CURSOR	X	-0.014209760506086114
15:29:21.298840		TRACK	STATE	CURSOR	Y	0.0391134106763752
15:29:21.318773		TRACK	STATE	CURSOR	X	-0.014502832431376345
15:29:21.318882		TRACK	STATE	CURSOR	Y	0.03762536123965739
15:29:21.338801		TRACK	STATE	CURSOR	X	-0.0147999785835492
15:29:21.338888		TRACK	STATE	CURSOR	Y	0.036130496247402964
15:29:21.358901		TRACK	STATE	CURSOR	X	-0.015101152807386988
15:29:21.359001		TRACK	STATE	CURSOR	Y	0.03462907389103815
15:29:21.379037		TRACK	STATE	CURSOR	X	-0.015406307914271325
15:29:21.379201		TRACK	STATE	CURSOR	Y	0.0331213533671451
15:29:21.398998		TRACK	STATE	CURSOR	X	-0.015715395686705047
15:29:21.399083		TRACK	STATE	CURSOR	Y	0.031607594836542026
15:29:21.419080		TRACK	STATE	CURSOR	X	-0.016028366883000855
15:29:21.419180		TRACK	STATE	CURSOR	Y	0.030088059383220928
15:29:21.439119		TRACK	STATE	CURSOR	X	-0.01634517124213729
15:29:21.439222		TRACK	STATE	CURSOR	Y	0.02856300897315575
15:29:21.459213		TRACK	STATE	CURSOR	X	-0.016665757488780752
15:29:21.459316		TRACK	STATE	CURSOR	Y	0.02703270641297779
15:29:21.479309		TRACK	STATE	CURSOR	X	-0.016990073338473882
15:29:21.479424		TRACK	STATE	CURSOR	Y	0.025497415308530596
15:29:21.499363		TRACK	STATE	CURSOR	X	-0.017318065502988172
15:29:21.499490		TRACK	STATE	CURSOR	Y	0.023957400023312852
15:29:21.519437		TRACK	STATE	CURSOR	X	-0.017649679695841868
15:29:21.519557		TRACK	STATE	CURSOR	Y	0.02241292563680544
15:29:21.539486		TRACK	STATE	CURSOR	X	-0.017984860637981104
15:29:21.539593		TRACK	STATE	CURSOR	Y	0.020864257902699957
15:29:21.559492		TRACK	STATE	CURSOR	X	-0.018340577762401816
15:29:21.559555		TRACK	STATE	CURSOR	Y	0.019233935175985126
15:29:21.579538		TRACK	STATE	CURSOR	X	-0.018682893566669533
15:29:21.579612		TRACK	STATE	CURSOR	Y	0.017677504514040328
15:29:21.599650		TRACK	STATE	CURSOR	X	-0.019028601450364013
15:29:21.599760		TRACK	STATE	CURSOR	Y	0.016117694781551766
15:29:21.619710		TRACK	STATE	CURSOR	X	-0.01937764217596664
15:29:21.619797		TRACK	STATE	CURSOR	Y	0.014554774033667566
15:29:21.639839		TRACK	STATE	CURSOR	X	-0.019729955544554433
15:29:21.639958		TRACK	STATE	CURSOR	Y	0.012989010787432545
15:29:21.659994		TRACK	STATE	CURSOR	X	-0.020085480402456706
15:29:21.660113		TRACK	STATE	CURSOR	Y	0.011420673979520434
15:29:21.682928		TRACK	STATE	CURSOR	X	-0.020498223535084636
15:29:21.683371		TRACK	STATE	CURSOR	Y	0.00961425468782528
15:29:21.704296		TRACK	STATE	CURSOR	X	-0.02087863210483265
15:29:21.704482		TRACK	STATE	CURSOR	Y	0.007962601736923204
15:29:21.724217		TRACK	STATE	CURSOR	X	-0.021244011779266103
15:29:21.724365		TRACK	STATE	CURSOR	Y	0.006387840909327929
15:29:21.744554		TRACK	STATE	CURSOR	X	-0.02163082814061093
15:29:21.744691		TRACK	STATE	CURSOR	Y	0.004732796658489213
15:29:21.765378		TRACK	STATE	CURSOR	X	-0.02200217272897345
15:29:21.765507		TRACK	STATE	CURSOR	Y	0.003155374066944797
15:29:21.785762		TRACK	STATE	CURSOR	X	-0.022395105535109927
15:29:21.785918		TRACK	STATE	CURSOR	Y	0.0014981318145675996
15:29:21.806102		TRACK	STATE	CURSOR	X	-0.022772133645764803
15:29:21.806240		TRACK	STATE	CURSOR	Y	-8.081539834252816e-05
15:29:21.826563		TRACK	STATE	CURSOR	X	-0.02315182976267118
15:29:21.826698		TRACK	STATE	CURSOR	Y	-0.001660093422704818
15:29:21.847223		TRACK	STATE	CURSOR	X	-0.023553305865845513
15:29:21.847367		TRACK	STATE	CURSOR	Y	-0.0033183950712673284
15:29:21.867790		TRACK	STATE	CURSOR	X	-0.023957564898600864
15:29:21.867931		TRACK	STATE	CURSOR	Y	-0.004976449406009398
15:29:21.888114		TRACK	STATE	CURSOR	X	-0.024345085090243662
15:29:21.888269		TRACK	STATE	CURSOR	Y	-0.00655503210365432
15:29:21.908310		TRACK	STATE	CURSOR	X	-0.02473498203987798
15:29:21.908439		TRACK	STATE	CURSOR	Y	-0.008132835610723699
15:29:21.928723		TRACK	STATE	CURSOR	X	-0.02514685168607908
15:29:21.928854		TRACK	STATE	CURSOR	Y	-0.009788394755894677
15:29:21.949012		TRACK	STATE	CURSOR	X	-0.02554139113959462
15:29:21.949139		TRACK	STATE	CURSOR	Y	-0.011363755602345217
15:29:21.969329		TRACK	STATE	CURSOR	X	-0.025938081383880474
15:29:21.969460		TRACK	STATE	CURSOR	Y	-0.012937512998155173
15:29:21.989757		TRACK	STATE	CURSOR	X	-0.02635683801426067
15:29:21.989910		TRACK	STATE	CURSOR	Y	-0.01458793740623808
15:29:22.010109		TRACK	STATE	CURSOR	X	-0.026757699621935627
15:29:22.010250		TRACK	STATE	CURSOR	Y	-0.016157564800990388
15:29:22.030610		TRACK	STATE	CURSOR	X	-0.02718066626078693
15:29:22.030741		TRACK	STATE	CURSOR	Y	-0.017803058720541966
15:29:22.051000		TRACK	STATE	CURSOR	X	-0.027585373861414242
15:29:22.051200		TRACK	STATE	CURSOR	Y	-0.019367425537730746
15:29:22.071367		TRACK	STATE	CURSOR	X	-0.02799183743299106
15:29:22.071538		TRACK	STATE	CURSOR	Y	-0.020928817045292914
15:29:22.091787		TRACK	STATE	CURSOR	X	-0.028420426700253864
15:29:22.091920		TRACK	STATE	CURSOR	Y	-0.022564783091270923
15:29:22.112192		TRACK	STATE	CURSOR	X	-0.028830239644121385
15:29:22.112336		TRACK	STATE	CURSOR	Y	-0.02411923903920807
15:29:22.132547		TRACK	STATE	CURSOR	X	-0.029262167060459077
15:29:22.132680		TRACK	STATE	CURSOR	Y	-0.025747334091400315
15:29:22.152907		TRACK	STATE	CURSOR	X	-0.02967498741180949
15:29:22.153037		TRACK	STATE	CURSOR	Y	-0.027293734516865897
15:29:22.173273		TRACK	STATE	CURSOR	X	-0.03008914877868653
15:29:22.173413		TRACK	STATE	CURSOR	Y	-0.02883580065254943
15:29:22.193559		TRACK	STATE	CURSOR	X	-0.030525369987334527
15:29:22.193763		TRACK	STATE	CURSOR	Y	-0.03045001593694069
15:29:22.213884		TRACK	STATE	CURSOR	X	-0.03094201827260933
15:29:22.214024		TRACK	STATE	CURSOR	Y	-0.03198237077519293
15:29:22.234274		TRACK	STATE	CURSOR	X	-0.03135975035106439
15:29:22.234398		TRACK	STATE	CURSOR	Y	-0.03350958705697741
15:29:22.254527		TRACK	STATE	CURSOR	X	-0.031799441634323106
15:29:22.254666		TRACK	STATE	CURSOR	Y	-0.035107347051439676
15:29:22.274825		TRACK	STATE	CURSOR	X	-0.03221912668332578
15:29:22.274962		TRACK	STATE	CURSOR	Y	-0.0366232109898925
15:29:22.295257		TRACK	STATE	CURSOR	X	-0.03263963189198435
15:29:22.295388		TRACK	STATE	CURSOR	Y	-0.038133139877545706
15:29:22.315494		TRACK	STATE	CURSOR	X	-0.03306086948062228
15:29:22.315630		TRACK	STATE	CURSOR	Y	-0.03963687445796384
15:29:22.335879		TRACK	STATE	CURSOR	X	-0.03350386041203673
15:29:22.336012		TRACK	STATE	CURSOR	Y	-0.04120884657941015
15:29:22.356192		TRACK	STATE	CURSOR	X	-0.03392632225380094
15:29:22.356335		TRACK	STATE	CURSOR	Y	-0.04269907660269806
15:29:22.376602		TRACK	STATE	CURSOR	X	-0.03437040142442469
15:29:22.376743		TRACK	STATE	CURSOR	Y	-0.04425630274428192
15:29:22.397068		TRACK	STATE	CURSOR	X	-0.03479371053743047
15:29:22.397213		TRACK	STATE	CURSOR	Y	-0.04573195210501337
15:29:22.417346		TRACK	STATE	CURSOR	X	-0.03521729458546174
15:29:22.417491		TRACK	STATE	CURSOR	Y	-0.04720010139591693
15:29:22.437868		TRACK	STATE	CURSOR	X	-0.035662253580580804
15:29:22.437994		TRACK	STATE	CURSOR	Y	-0.04873330991820498
15:29:22.458208		TRACK	STATE	CURSOR	X	-0.03608611448762031
15:29:22.458346		TRACK	STATE	CURSOR	Y	-0.050185296002893544
15:29:22.478485		TRACK	STATE	CURSOR	X	-0.03650996940184004
15:29:22.478612		TRACK	STATE	CURSOR	Y	-0.05162901578660625
15:29:22.498830		TRACK	STATE	CURSOR	X	-0.03695490859174843
15:29:22.498960		TRACK	STATE	CURSOR	Y	-0.053135752969890794
15:29:22.519109		TRACK	STATE	CURSOR	X	-0.03737845917073173
15:29:22.519277		TRACK	STATE	CURSOR	Y	-0.05456175118561918
15:29:22.539424		TRACK	STATE	CURSOR	X	-0.03780171774355402
15:29:22.539552		TRACK	STATE	CURSOR	Y	-0.0559787292255244
15:29:22.559838		TRACK	STATE	CURSOR	X	-0.03824572121333108
15:29:22.559994		TRACK	STATE	CURSOR	Y	-0.05745658091908023
15:29:22.580113		TRACK	STATE	CURSOR	X	-0.0386680841932935
15:29:22.580252		TRACK	STATE	CURSOR	Y	-0.05885430549836948
15:29:22.600440		TRACK	STATE	CURSOR	X	-0.03908986442326113
15:29:22.600579		TRACK	STATE	CURSOR	Y	-0.06024226949026892
15:29:22.620843		TRACK	STATE	CURSOR	X	-0.03953200110961419
15:29:22.620990		TRACK	STATE	CURSOR	Y	-0.061688864657278665
15:29:22.640877		TRACK	STATE	CURSOR	X	-0.03995228516234074
15:29:22.641009		TRACK	STATE	CURSOR	Y	-0.06305607201557734
15:29:22.661222		TRACK	STATE	CURSOR	X	-0.04037169135429621
15:29:22.661353		TRACK	STATE	CURSOR	Y	-0.06441279292650405
15:29:22.681597		TRACK	STATE	CURSOR	X	-0.040811016209773336
15:29:22.681731		TRACK	STATE	CURSOR	Y	-0.06582580712916693
15:29:22.701910		TRACK	STATE	CURSOR	X	-0.04122831706701743
15:29:22.702038		TRACK	STATE	CURSOR	Y	-0.06716029916383022
15:29:22.722324		TRACK	STATE	CURSOR	X	-0.041644440957403515
15:29:22.722456		TRACK	STATE	CURSOR	Y	-0.06848359451085152
15:29:22.742651		TRACK	STATE	CURSOR	X	-0.042079996140488095
15:29:22.742786		TRACK	STATE	CURSOR	Y	-0.06986075333088075
15:29:22.762948		TRACK	STATE	CURSOR	X	-0.04249339773535408
15:29:22.763093		TRACK	STATE	CURSOR	Y	-0.0711603806570998
15:29:22.783246		TRACK	STATE	CURSOR	X	-0.042905319641202276
15:29:22.783386		TRACK	STATE	CURSOR	Y	-0.07244811772159816
15:29:22.803601		TRACK	STATE	CURSOR	X	-0.0433361357307624
15:29:22.803774		TRACK	STATE	CURSOR	Y	-0.07378720011140229
15:29:22.823984		TRACK	STATE	CURSOR	X	-0.043744711361787945
15:29:22.824126		TRACK	STATE	CURSOR	Y	-0.07504986523063063
15:29:22.844548		TRACK	STATE	CURSOR	X	-0.04417179216884264
15:29:22.844688		TRACK	STATE	CURSOR	Y	-0.07636213537944225
15:29:22.864884		TRACK	STATE	CURSOR	X	-0.04457659858444967
15:29:22.865020		TRACK	STATE	CURSOR	Y	-0.07759880576357378
15:29:22.885176		TRACK	STATE	CURSOR	X	-0.04497941210088913
15:29:22.885312		TRACK	STATE	CURSOR	Y	-0.07882246616008241
15:29:22.905516		TRACK	STATE	CURSOR	X	-0.0453801311878138
15:29:22.905723		TRACK	STATE	CURSOR	Y	-0.08003290321436447
15:29:22.925839		TRACK	STATE	CURSOR	X	-0.04579852071588222
15:29:22.925995		TRACK	STATE	CURSOR	Y	-0.08128939939151598
15:29:22.945947		TRACK	STATE	CURSOR	X	-0.046194627722662605
15:29:22.946087		TRACK	STATE	CURSOR	Y	-0.08247207055281784
15:29:22.966353		TRACK	STATE	CURSOR	X	-0.04658832907365403
15:29:22.966497		TRACK	STATE	CURSOR	Y	-0.08364088083738663
15:29:22.986711		TRACK	STATE	CURSOR	X	-0.04699901424391121
15:29:22.986854		TRACK	STATE	CURSOR	Y	-0.08485299004154225
15:29:23.007092		TRACK	STATE	CURSOR	X	-0.04738746332470325
15:29:23.007234		TRACK	STATE	CURSOR	Y	-0.08599274839851623
15:29:23.027584		TRACK	STATE	CURSOR	X	-0.04779240677891189
15:29:23.027712		TRACK	STATE	CURSOR	Y	-0.08717390938193854
15:29:23.047926		TRACK	STATE	CURSOR	X	-0.0481751711395789
15:29:23.048064		TRACK	STATE	CURSOR	Y	-0.08828377558397783
15:29:23.068208		TRACK	STATE	CURSOR	X	-0.0485550050963981
15:29:23.068348		TRACK	STATE	CURSOR	Y	-0.0893787613666317
15:29:23.088514		TRACK	STATE	CURSOR	X	-0.04895056377006179
15:29:23.088639		TRACK	STATE	CURSOR	Y	-0.09051227047464595
15:29:23.108915		TRACK	STATE	CURSOR	X	-0.04932406702256372
15:29:23.109083		TRACK	STATE	CURSOR	Y	-0.091576151333614
15:29:23.129358		TRACK	STATE	CURSOR	X	-0.04969432413029223
15:29:23.129526		TRACK	STATE	CURSOR	Y	-0.0926245713385483
15:29:23.149786		TRACK	STATE	CURSOR	X	-0.0500794869133813
15:29:23.149918		TRACK	STATE	CURSOR	Y	-0.09370856983370897
15:29:23.170177		TRACK	STATE	CURSOR	X	-0.05044276500146499
15:29:23.170354		TRACK	STATE	CURSOR	Y	-0.0947247183968905
15:29:23.190506		TRACK	STATE	CURSOR	X	-0.05080248027566193
15:29:23.190637		TRACK	STATE	CURSOR	Y	-0.09572484866263371
15:29:23.210782		TRACK	STATE	CURSOR	X	-0.05117623308606328
15:29:23.210912		TRACK	STATE	CURSOR	Y	-0.09675755143311211
15:29:23.231047		TRACK	STATE	CURSOR	X	-0.05152831955292814
15:29:23.231189		TRACK	STATE	CURSOR	Y	-0.09772429173426338
15:29:23.251332		TRACK	STATE	CURSOR	X	-0.051876526029275366
15:29:23.251491		TRACK	STATE	CURSOR	Y	-0.09867448012077101
15:29:23.271650		TRACK	STATE	CURSOR	X	-0.052237853159922465
15:29:23.271778		TRACK	STATE	CURSOR	Y	-0.09965417835416392
15:29:23.291940		TRACK	STATE	CURSOR	X	-0.05257778043454885
15:29:23.292081		TRACK	STATE	CURSOR	Y	-0.10056990792658588
15:29:23.312344		TRACK	STATE	CURSOR	X	-0.05291351045826109
15:29:23.312483		TRACK	STATE	CURSOR	Y	-0.10146857659533497
15:29:23.332753		TRACK	STATE	CURSOR	X	-0.053261395934132816
15:29:23.332894		TRACK	STATE	CURSOR	Y	-0.1023936403468666
15:29:23.353238		TRACK	STATE	CURSOR	X	-0.053588196626441785
15:29:23.353380		TRACK	STATE	CURSOR	Y	-0.10325683263474006
15:29:23.373627		TRACK	STATE	CURSOR	X	-0.05392647711759899
15:29:23.373779		TRACK	STATE	CURSOR	Y	-0.1041442995177882
15:29:23.394088		TRACK	STATE	CURSOR	X	-0.05424391209316404
15:29:23.394217		TRACK	STATE	CURSOR	Y	-0.10497136107752307
15:29:23.414377		TRACK	STATE	CURSOR	X	-0.05455662029631141
15:29:23.414509		TRACK	STATE	CURSOR	Y	-0.10578056774216003
15:29:23.434662		TRACK	STATE	CURSOR	X	-0.05487976342651949
15:29:23.434821		TRACK	STATE	CURSOR	Y	-0.10661085753109494
15:29:23.455003		TRACK	STATE	CURSOR	X	-0.055182458184727425
15:29:23.455150		TRACK	STATE	CURSOR	Y	-0.10738300505251346
15:29:23.475338		TRACK	STATE	CURSOR	X	-0.05548011078282219
15:29:23.475551		TRACK	STATE	CURSOR	Y	-0.10813685817031514
15:29:23.495809		TRACK	STATE	CURSOR	X	-0.05578710657486676
15:29:23.495954		TRACK	STATE	CURSOR	Y	-0.10890856342009507
15:29:23.516353		TRACK	STATE	CURSOR	X	-0.05607410061250443
15:29:23.516494		TRACK	STATE	CURSOR	Y	-0.1096244842085987
15:29:23.536645		TRACK	STATE	CURSOR	X	-0.056369678054604085
15:29:23.536782		TRACK	STATE	CURSOR	Y	-0.1103560656869949
15:29:23.557071		TRACK	STATE	CURSOR	X	-0.056645581839508276
15:29:23.557320		TRACK	STATE	CURSOR	Y	-0.11103349895945751
15:29:23.577843		TRACK	STATE	CURSOR	X	-0.05692928858964655
15:29:23.577971		TRACK	STATE	CURSOR	Y	-0.1117243872912505
15:29:23.598319		TRACK	STATE	CURSOR	X	-0.05719367227674254
15:29:23.598461		TRACK	STATE	CURSOR	Y	-0.11236280380404463
15:29:23.618692		TRACK	STATE	CURSOR	X	-0.05746505807322069
15:29:23.618834		TRACK	STATE	CURSOR	Y	-0.1130124570508458
15:29:23.638998		TRACK	STATE	CURSOR	X	-0.05771749393270003
15:29:23.639124		TRACK	STATE	CURSOR	Y	-0.11361135387380183
15:29:23.659282		TRACK	STATE	CURSOR	X	-0.057963947076136065
15:29:23.659409		TRACK	STATE	CURSOR	Y	-0.11419079830801436
15:29:23.679590		TRACK	STATE	CURSOR	X	-0.05821617356063155
15:29:23.679728		TRACK	STATE	CURSOR	Y	-0.11477815878456056
15:29:23.699959		TRACK	STATE	CURSOR	X	-0.058450046988777475
15:29:23.700093		TRACK	STATE	CURSOR	Y	-0.11531738472187297
15:29:23.720320		TRACK	STATE	CURSOR	X	-0.058677630904521015
15:29:23.720456		TRACK	STATE	CURSOR	Y	-0.11583683198131837
15:29:23.740738		TRACK	STATE	CURSOR	X	-0.058909715613379564
15:29:23.740876		TRACK	STATE	CURSOR	Y	-0.11636085480876045
15:29:23.761140		TRACK	STATE	CURSOR	X	-0.059124094081349644
15:29:23.761279		TRACK	STATE	CURSOR	Y	-0.11683944488707876
15:29:23.781638		TRACK	STATE	CURSOR	X	-0.059342093884127506
15:29:23.781775		TRACK	STATE	CURSOR	Y	-0.11732035669341763
15:29:23.801995		TRACK	STATE	CURSOR	X	-0.059542850228049025
15:29:23.802131		TRACK	STATE	CURSOR	Y	-0.11775769460751438
15:29:23.822412		TRACK	STATE	CURSOR	X	-0.05973681145588886
15:29:23.822577		TRACK	STATE	CURSOR	Y	-0.11817477457081316
15:29:23.842763		TRACK	STATE	CURSOR	X	-0.05993305037314491
15:29:23.842904		TRACK	STATE	CURSOR	Y	-0.11859081394918229
15:29:23.863110		TRACK	STATE	CURSOR	X	-0.06011277599391548
15:29:23.863245		TRACK	STATE	CURSOR	Y	-0.11896610581889851
15:29:23.883383		TRACK	STATE	CURSOR	X	-0.060285409250057764
15:29:23.883520		TRACK	STATE	CURSOR	Y	-0.11932089353080437
15:29:23.903803		TRACK	STATE	CURSOR	X	-0.0604589353942643
15:29:23.904021		TRACK	STATE	CURSOR	Y	-0.11967127205192024
15:29:23.924304		TRACK	STATE	CURSOR	X	-0.06061672804871182
15:29:23.924439		TRACK	STATE	CURSOR	Y	-0.11998379838149027
15:29:23.944601		TRACK	STATE	CURSOR	X	-0.06077446024157188
15:29:23.944738		TRACK	STATE	CURSOR	Y	-0.12028965038569024
15:29:23.965110		TRACK	STATE	CURSOR	X	-0.06091701086077084
15:29:23.965236		TRACK	STATE	CURSOR	Y	-0.12055963281738187
15:29:23.985374		TRACK	STATE	CURSOR	X	-0.0610519820085297
15:29:23.985513		TRACK	STATE	CURSOR	Y	-0.12080876828904112
15:29:24.005949		TRACK	STATE	CURSOR	X	-0.06118544155302416
15:29:24.006071		TRACK	STATE	CURSOR	Y	-0.12104786168172162
15:29:24.026176		TRACK	STATE	CURSOR	X	-0.06130458178855325
15:29:24.026476		TRACK	STATE	CURSOR	Y	-0.12125408641721869
15:29:24.046763		TRACK	STATE	CURSOR	X	-0.061421213580526074
15:29:24.046902		TRACK	STATE	CURSOR	Y	-0.12144800930526012
15:29:24.067111		TRACK	STATE	CURSOR	X	-0.061524133105416434
15:29:24.067244		TRACK	STATE	CURSOR	Y	-0.12161111297255223
15:29:24.087545		TRACK	STATE	CURSOR	X	-0.06162353051369699
15:29:24.087677		TRACK	STATE	CURSOR	Y	-0.12175965988345848
15:29:24.107835		TRACK	STATE	CURSOR	X	-0.06170984465394965
15:29:24.107966		TRACK	STATE	CURSOR	Y	-0.12187946147837209
15:29:24.128128		TRACK	STATE	CURSOR	X	-0.06178792062503436
15:29:24.128260		TRACK	STATE	CURSOR	Y	-0.12197808329432673
15:29:24.148428		TRACK	STATE	CURSOR	X	-0.06185766881433034
15:29:24.148559		TRACK	STATE	CURSOR	Y	-0.12205549270733762
15:29:24.168869		TRACK	STATE	CURSOR	X	-0.06192184431648645
15:29:24.168995		TRACK	STATE	CURSOR	Y	-0.12211391085763316
15:29:24.189222		TRACK	STATE	CURSOR	X	-0.06197424320356785
15:29:24.189352		TRACK	STATE	CURSOR	Y	-0.12214774738295019
15:29:24.209675		TRACK	STATE	CURSOR	X	-0.06202000799227161
15:29:24.209856		TRACK	STATE	CURSOR	Y	-0.122160361347243
15:29:24.230026		TRACK	STATE	CURSOR	X	-0.06205468964281486
15:29:24.230199		TRACK	STATE	CURSOR	Y	-0.122150532075461
15:29:24.250472		TRACK	STATE	CURSOR	X	-0.062080597055158206
15:29:24.250598		TRACK	STATE	CURSOR	Y	-0.12211937767089946
15:29:24.270938		TRACK	STATE	CURSOR	X	-0.06209826316631142
15:29:24.271077		TRACK	STATE	CURSOR	Y	-0.12206370178777538
15:29:24.291375		TRACK	STATE	CURSOR	X	-0.06210591732555199
15:29:24.291538		TRACK	STATE	CURSOR	Y	-0.12198879857026247
15:29:24.311700		TRACK	STATE	CURSOR	X	-0.06210423172466086
15:29:24.311831		TRACK	STATE	CURSOR	Y	-0.12188717277893953
15:29:24.331980		TRACK	STATE	CURSOR	X	-0.06209328037002191
15:29:24.332121		TRACK	STATE	CURSOR	Y	-0.12176850216864366
15:29:24.352352		TRACK	STATE	CURSOR	X	-0.06207312734006807
15:29:24.352493		TRACK	STATE	CURSOR	Y	-0.12162848388890256
15:29:24.372815		TRACK	STATE	CURSOR	X	-0.062041974271880206
15:29:24.372956		TRACK	STATE	CURSOR	Y	-0.12145849609260184
15:29:24.393228		TRACK	STATE	CURSOR	X	-0.06200270414177589
15:29:24.393371		TRACK	STATE	CURSOR	Y	-0.1212747382716055
15:29:24.413611		TRACK	STATE	CURSOR	X	-0.0619513012529288
15:29:24.413738		TRACK	STATE	CURSOR	Y	-0.12105884947850996
15:29:24.433911		TRACK	STATE	CURSOR	X	-0.0618925789184094
15:29:24.434047		TRACK	STATE	CURSOR	Y	-0.12083140817380154
15:29:24.454256		TRACK	STATE	CURSOR	X	-0.061824248290220096
15:29:24.454388		TRACK	STATE	CURSOR	Y	-0.12058268722963215
15:29:24.474557		TRACK	STATE	CURSOR	X	-0.06174207581387751
15:29:24.474692		TRACK	STATE	CURSOR	Y	-0.12029865429845683
15:29:24.494920		TRACK	STATE	CURSOR	X	-0.0616538079965969
15:29:24.495061		TRACK	STATE	CURSOR	Y	-0.12000638883103486
15:29:24.515323		TRACK	STATE	CURSOR	X	-0.061555699383048945
15:29:24.515455		TRACK	STATE	CURSOR	Y	-0.11969292770865785
15:29:24.535628		TRACK	STATE	CURSOR	X	-0.06144201277321367
15:29:24.535761		TRACK	STATE	CURSOR	Y	-0.11934101959301052
15:29:24.556009		TRACK	STATE	CURSOR	X	-0.06132349890106622
15:29:24.556158		TRACK	STATE	CURSOR	Y	-0.11898421929130688
15:29:24.576466		TRACK	STATE	CURSOR	X	-0.06119492016108349
15:29:24.576668		TRACK	STATE	CURSOR	Y	-0.11860633966824184
15:29:24.597383		TRACK	STATE	CURSOR	X	-0.06104900187106219
15:29:24.597635		TRACK	STATE	CURSOR	Y	-0.11818692891422994
15:29:24.618153		TRACK	STATE	CURSOR	X	-0.060891826449180377
15:29:24.618286		TRACK	STATE	CURSOR	Y	-0.1177443844348308
15:29:24.638928		TRACK	STATE	CURSOR	X	-0.06072331335643727
15:29:24.639075		TRACK	STATE	CURSOR	Y	-0.11727876682777046
15:29:24.659553		TRACK	STATE	CURSOR	X	-0.06055221139467934
15:29:24.659687		TRACK	STATE	CURSOR	Y	-0.1168139295165249
15:29:24.680020		TRACK	STATE	CURSOR	X	-0.06036133527384011
15:29:24.680161		TRACK	STATE	CURSOR	Y	-0.1163034549419767
15:29:24.700811		TRACK	STATE	CURSOR	X	-0.06015889072022538
15:29:24.700938		TRACK	STATE	CURSOR	Y	-0.11577011058929483
15:29:24.721579		TRACK	STATE	CURSOR	X	-0.059955261844244136
15:29:24.721708		TRACK	STATE	CURSOR	Y	-0.11524097195652076
15:29:24.742116		TRACK	STATE	CURSOR	X	-0.059730014174490476
15:29:24.742268		TRACK	STATE	CURSOR	Y	-0.11466320317633062
15:29:24.762527		TRACK	STATE	CURSOR	X	-0.05949297809667856
15:29:24.762671		TRACK	STATE	CURSOR	Y	-0.11406280430257183
15:29:24.782876		TRACK	STATE	CURSOR	X	-0.0592562038201409
15:29:24.783015		TRACK	STATE	CURSOR	Y	-0.11347003826301334
15:29:24.803218		TRACK	STATE	CURSOR	X	-0.0590086106972088
15:29:24.803359		TRACK	STATE	CURSOR	Y	-0.11285690778103734
15:29:24.823478		TRACK	STATE	CURSOR	X	-0.05875013870266166
15:29:24.823638		TRACK	STATE	CURSOR	Y	-0.1122234969241495
15:29:24.843851		TRACK	STATE	CURSOR	X	-0.058466970248269357
15:29:24.844016		TRACK	STATE	CURSOR	Y	-0.11153668449365765
15:29:24.864163		TRACK	STATE	CURSOR	X	-0.058186013512323886
15:29:24.864293		TRACK	STATE	CURSOR	Y	-0.11086197590916665
15:29:24.884473		TRACK	STATE	CURSOR	X	-0.05789400158621005
15:29:24.884604		TRACK	STATE	CURSOR	Y	-0.11016726414345164
15:29:24.904828		TRACK	STATE	CURSOR	X	-0.05757543014059798
15:29:24.904959		TRACK	STATE	CURSOR	Y	-0.10941639526903087
15:29:24.925209		TRACK	STATE	CURSOR	X	-0.0572605826244795
15:29:24.925333		TRACK	STATE	CURSOR	Y	-0.10868098592867204
15:29:24.945648		TRACK	STATE	CURSOR	X	-0.05691791508705499
15:29:24.945778		TRACK	STATE	CURSOR	Y	-0.10788761136422202
15:29:24.966024		TRACK	STATE	CURSOR	X	-0.05658000828987759
15:29:24.966365		TRACK	STATE	CURSOR	Y	-0.10711194344005896
15:29:24.986583		TRACK	STATE	CURSOR	X	-0.056213014988473524
15:29:24.986708		TRACK	STATE	CURSOR	Y	-0.10627653904252336
15:29:25.006841		TRACK	STATE	CURSOR	X	-0.055851835173866375
15:29:25.007041		TRACK	STATE	CURSOR	Y	-0.10546107987615416
15:29:25.027380		TRACK	STATE	CURSOR	X	-0.055479228148306046
15:29:25.027520		TRACK	STATE	CURSOR	Y	-0.10462638840051408
15:29:25.047683		TRACK	STATE	CURSOR	X	-0.055075640538510134
15:29:25.047823		TRACK	STATE	CURSOR	Y	-0.10372939616345449
15:29:25.068006		TRACK	STATE	CURSOR	X	-0.054679461289958355
15:29:25.068159		TRACK	STATE	CURSOR	Y	-0.10285566066720515
15:29:25.088258		TRACK	STATE	CURSOR	X	-0.054271714440752294
15:29:25.088387		TRACK	STATE	CURSOR	Y	-0.10196307236673686
15:29:25.108547		TRACK	STATE	CURSOR	X	-0.05383108295592012
15:29:25.108675		TRACK	STATE	CURSOR	Y	-0.10100570759823942
15:29:25.129057		TRACK	STATE	CURSOR	X	-0.053399487640172084
15:29:25.129187		TRACK	STATE	CURSOR	Y	-0.1000748837569297
15:29:25.149369		TRACK	STATE	CURSOR	X	-0.05295619566373777
15:29:25.149508		TRACK	STATE	CURSOR	Y	-0.0991256162580982
15:29:25.169809		TRACK	STATE	CURSOR	X	-0.05247810701893269
15:29:25.170035		TRACK	STATE	CURSOR	Y	-0.0981091891885606
15:29:25.190427		TRACK	STATE	CURSOR	X	-0.05201071381465976
15:29:25.190567		TRACK	STATE	CURSOR	Y	-0.0971225548772589
15:29:25.210851		TRACK	STATE	CURSOR	X	-0.05150723532749685
15:29:25.210994		TRACK	STATE	CURSOR	Y	-0.09606721323401413
15:29:25.231305		TRACK	STATE	CURSOR	X	-0.05101558445048474
15:29:25.231470		TRACK	STATE	CURSOR	Y	-0.09504382932150046
15:29:25.251875		TRACK	STATE	CURSOR	X	-0.05048655759729339
15:29:25.252011		TRACK	STATE	CURSOR	Y	-0.0939502350684076
15:29:25.272191		TRACK	STATE	CURSOR	X	-0.04997050357731284
15:29:25.272331		TRACK	STATE	CURSOR	Y	-0.09289074513711439
15:29:25.292617		TRACK	STATE	CURSOR	X	-0.04941578143057516
15:29:25.292764		TRACK	STATE	CURSOR	Y	-0.09175958773529909
15:29:25.313069		TRACK	STATE	CURSOR	X	-0.04887518990920562
15:29:25.313197		TRACK	STATE	CURSOR	Y	-0.09066466136805844
15:29:25.333260		TRACK	STATE	CURSOR	X	-0.048322583497511645
15:29:25.333382		TRACK	STATE	CURSOR	Y	-0.08955269963513117
15:29:25.353497		TRACK	STATE	CURSOR	X	-0.04775793421388158
15:29:25.353710		TRACK	STATE	CURSOR	Y	-0.08842387090544497
15:29:25.373872		TRACK	STATE	CURSOR	X	-0.04715206217374041
15:29:25.374014		TRACK	STATE	CURSOR	Y	-0.08722063509053758
15:29:25.394276		TRACK	STATE	CURSOR	X	-0.046562643116044376
15:29:25.394420		TRACK	STATE	CURSOR	Y	-0.08605776765779416
15:29:25.414864		TRACK	STATE	CURSOR	X	-0.04593070852678389
15:29:25.415005		TRACK	STATE	CURSOR	Y	-0.08481917891601921
15:29:25.435207		TRACK	STATE	CURSOR	X	-0.04531641915476244
15:29:25.435352		TRACK	STATE	CURSOR	Y	-0.08362301737408784
15:29:25.455667		TRACK	STATE	CURSOR	X	-0.04465832252405746
15:29:25.455802		TRACK	STATE	CURSOR	Y	-0.08234987037749351
15:29:25.475965		TRACK	STATE	CURSOR	X	-0.04401907389617763
15:29:25.476094		TRACK	STATE	CURSOR	Y	-0.08112118368350214
15:29:25.496271		TRACK	STATE	CURSOR	X	-0.04336762126518976
15:29:25.496401		TRACK	STATE	CURSOR	Y	-0.07987691731366389
15:29:25.516518		TRACK	STATE	CURSOR	X	-0.04267044284842467
15:29:25.516655		TRACK	STATE	CURSOR	Y	-0.07855387947319432
15:29:25.536979		TRACK	STATE	CURSOR	X	-0.04199392032898654
15:29:25.537111		TRACK	STATE	CURSOR	Y	-0.07727827612235555
15:29:25.557219		TRACK	STATE	CURSOR	X	-0.04130514621784065
15:29:25.557363		TRACK	STATE	CURSOR	Y	-0.07598768532994093
15:29:25.577635		TRACK	STATE	CURSOR	X	-0.040568733630924614
15:29:25.577765		TRACK	STATE	CURSOR	Y	-0.07461665318245775
15:29:25.597963		TRACK	STATE	CURSOR	X	-0.039854805237851954
15:29:25.598129		TRACK	STATE	CURSOR	Y	-0.07329596495595468
15:29:25.618253		TRACK	STATE	CURSOR	X	-0.039128590538672535
15:29:25.618394		TRACK	STATE	CURSOR	Y	-0.07196090619227162
15:29:25.638509		TRACK	STATE	CURSOR	X	-0.038390080977760865
15:29:25.638651		TRACK	STATE	CURSOR	Y	-0.07061168438957571
15:29:25.658892		TRACK	STATE	CURSOR	X	-0.0376014057871523
15:29:25.659079		TRACK	STATE	CURSOR	Y	-0.0691799883769161
15:29:25.679285		TRACK	STATE	CURSOR	X	-0.03683767094009232
15:29:25.679440		TRACK	STATE	CURSOR	Y	-0.06780239170464884
15:29:25.699715		TRACK	STATE	CURSOR	X	-0.03602249821179385
15:29:25.699842		TRACK	STATE	CURSOR	Y	-0.06634137396666366
15:29:25.720124		TRACK	STATE	CURSOR	X	-0.035233520171045814
15:29:25.720262		TRACK	STATE	CURSOR	Y	-0.06493630651188047
15:29:25.740427		TRACK	STATE	CURSOR	X	-0.03443222555218981
15:29:25.740560		TRACK	STATE	CURSOR	Y	-0.06351817306419616
15:29:25.760968		TRACK	STATE	CURSOR	X	-0.033577610578896445
15:29:25.761113		TRACK	STATE	CURSOR	Y	-0.06201531415320179
15:29:25.781308		TRACK	STATE	CURSOR	X	-0.03275106874808865
15:29:25.781475		TRACK	STATE	CURSOR	Y	-0.0605710935654715
15:29:25.801780		TRACK	STATE	CURSOR	X	-0.03186994920878126
15:29:25.802005		TRACK	STATE	CURSOR	Y	-0.059041342000045155
15:29:25.822193		TRACK	STATE	CURSOR	X	-0.03101817276062387
15:29:25.822334		TRACK	STATE	CURSOR	Y	-0.05757198935859548
15:29:25.842689		TRACK	STATE	CURSOR	X	-0.030110568361599477
15:29:25.842902		TRACK	STATE	CURSOR	Y	-0.05601635829843427
15:29:25.863065		TRACK	STATE	CURSOR	X	-0.029233582249622036
15:29:25.863204		TRACK	STATE	CURSOR	Y	-0.054522848201181966
15:29:25.883400		TRACK	STATE	CURSOR	X	-0.028344311527225042
15:29:25.883539		TRACK	STATE	CURSOR	Y	-0.05301791335855941
15:29:25.903776		TRACK	STATE	CURSOR	X	-0.027397367282294572
15:29:25.903906		TRACK	STATE	CURSOR	Y	-0.05142569695745192
15:29:25.923980		TRACK	STATE	CURSOR	X	-0.026482946992532508
15:29:25.924123		TRACK	STATE	CURSOR	Y	-0.049898089515980106
15:29:25.944422		TRACK	STATE	CURSOR	X	-0.025556278128002614
15:29:25.944552		TRACK	STATE	CURSOR	Y	-0.04835979152012695
15:29:25.964790		TRACK	STATE	CURSOR	X	-0.02457010944772566
15:29:25.964919		TRACK	STATE	CURSOR	Y	-0.04673334090642481
15:29:25.985128		TRACK	STATE	CURSOR	X	-0.023618378695802206
15:29:25.985270		TRACK	STATE	CURSOR	Y	-0.04517389507730037
15:29:26.005451		TRACK	STATE	CURSOR	X	-0.022654448884819118
15:29:26.005613		TRACK	STATE	CURSOR	Y	-0.04360451185869996
15:29:26.025935		TRACK	STATE	CURSOR	X	-0.021629214347677266
15:29:26.026064		TRACK	STATE	CURSOR	Y	-0.041946238921335983
15:29:26.046312		TRACK	STATE	CURSOR	X	-0.02064033800470329
15:29:26.046453		TRACK	STATE	CURSOR	Y	-0.04035727050342797
15:29:26.066624		TRACK	STATE	CURSOR	X	-0.01958895686330962
15:29:26.066821		TRACK	STATE	CURSOR	Y	-0.03867899307201577
15:29:26.087011		TRACK	STATE	CURSOR	X	-0.01857522710505342
15:29:26.087152		TRACK	STATE	CURSOR	Y	-0.037071509982614013
15:29:26.107244		MAIN	INPUT	KEY_RELEASE	54
15:29:26.107433		RESMAN	STATE	PUMP6	ON
15:29:26.108172		TRACK	STATE	CURSOR	X	0.08250219628581328
15:29:26.108274		TRACK	STATE	CURSOR	Y	-0.03537436034007016
15:29:26.128866		TRACK	STATE	CURSOR	X	0.0835929137060365
15:29:26.129106		TRACK	STATE	CURSOR	Y	-0.03366798813888989
15:29:26.149388		TRACK	STATE	CURSOR	X	0.08464402192104675
15:29:26.149586		TRACK	STATE	CURSOR	Y	-0.032034574988556525
15:29:26.169792		TRACK	STATE	CURSOR	X	0.08576059877364313
15:29:26.169926		TRACK	STATE	CURSOR	Y	-0.030311072862278188
15:29:26.190069		TRACK	STATE	CURSOR	X	0.08683627115533
15:29:26.190212		TRACK	STATE	CURSOR	Y	-0.02866190137286288
15:29:26.210543		TRACK	STATE	CURSOR	X	0.0879238770638693
15:29:26.210705		TRACK	STATE	CURSOR	Y	-0.027005449233464734
15:29:26.231113		TRACK	STATE	CURSOR	X	0.08907866940604488
15:29:26.231252		TRACK	STATE	CURSOR	Y	-0.02525863256015125
15:29:26.251504		TRACK	STATE	CURSOR	X	0.09019063088338494
15:29:26.251643		TRACK	STATE	CURSOR	Y	-0.023588096314026186
15:29:26.271863		TRACK	STATE	CURSOR	X	0.09137091642201321
15:29:26.272002		TRACK	STATE	CURSOR	Y	-0.021827088929062988
15:29:26.292144		TRACK	STATE	CURSOR	X	0.09250707770141228
15:29:26.292272		TRACK	STATE	CURSOR	Y	-0.0201436099526347
15:29:26.312426		TRACK	STATE	CURSOR	X	0.09365498348049636
15:29:26.312569		TRACK	STATE	CURSOR	Y	-0.01845423530236673
15:29:26.332728		TRACK	STATE	CURSOR	X	0.09487287915736294
15:29:26.332865		TRACK	STATE	CURSOR	Y	-0.016674348530132388
15:29:26.353056		TRACK	STATE	CURSOR	X	0.09604472989715936
15:29:26.353191		TRACK	STATE	CURSOR	Y	-0.014973751494051557
15:29:26.373463		TRACK	STATE	CURSOR	X	0.09722819410364633
15:29:26.373661		TRACK	STATE	CURSOR	Y	-0.01326810410453084
15:29:26.393981		TRACK	STATE	CURSOR	X	0.0984832802931236
15:29:26.394124		TRACK	STATE	CURSOR	Y	-0.011472044945045168
15:29:26.414333		TRACK	STATE	CURSOR	X	0.09969040710210827
15:29:26.414472		TRACK	STATE	CURSOR	Y	-0.009756919982285108
15:29:26.434556		TRACK	STATE	CURSOR	X	0.10097023291471775
15:29:26.434691		TRACK	STATE	CURSOR	Y	-0.00795153040421225
15:29:26.454833		TRACK	STATE	CURSOR	X	0.10220081715266835
15:29:26.454961		TRACK	STATE	CURSOR	Y	-0.006228113173742546
15:29:26.475061		TRACK	STATE	CURSOR	X	0.10344276587800202
15:29:26.475188		TRACK	STATE	CURSOR	Y	-0.004501083869732979
15:29:26.491197		MAIN	INPUT	KEY_RELEASE	52
15:29:26.491373		RESMAN	STATE	PUMP4	ON
15:29:26.495337		TRACK	STATE	CURSOR	X	0.004696025913647331
15:29:26.495480		TRACK	STATE	CURSOR	Y	-0.0027707277628545948
15:29:26.515642		TRACK	STATE	CURSOR	X	0.006024062989134211
15:29:26.515783		TRACK	STATE	CURSOR	Y	-0.00095058659111949
15:29:26.535902		TRACK	STATE	CURSOR	X	0.007300338973988504
15:29:26.536041		TRACK	STATE	CURSOR	Y	0.0007856935934424472
15:29:26.556169		TRACK	STATE	CURSOR	X	0.008587755320078555
15:29:26.556309		TRACK	STATE	CURSOR	Y	0.0025244247015709653
15:29:26.576553		TRACK	STATE	CURSOR	X	0.009886253120136676
15:29:26.576698		TRACK	STATE	CURSOR	Y	0.004265317800869565
15:29:26.597125		TRACK	STATE	CURSOR	X	0.01126153621354683
15:29:26.597349		TRACK	STATE	CURSOR	Y	0.006095265369366008
15:29:26.617694		TRACK	STATE	CURSOR	X	0.012648898623770338
15:29:26.617825		TRACK	STATE	CURSOR	Y	0.007926940807473146
15:29:26.638066		TRACK	STATE	CURSOR	X	0.01398135942826835
15:29:26.638198		TRACK	STATE	CURSOR	Y	0.009672691545579454
15:29:26.658364		TRACK	STATE	CURSOR	X	0.015324645533142098
15:29:26.658492		TRACK	STATE	CURSOR	Y	0.011419411781187513
15:29:26.678658		TRACK	STATE	CURSOR	X	0.016746674414705644
15:29:26.678801		TRACK	STATE	CURSOR	Y	0.013254191338526927
15:29:26.698958		TRACK	STATE	CURSOR	X	0.01811194447823332
15:29:26.699131		TRACK	STATE	CURSOR	Y	0.015001983830351765
15:29:26.719433		TRACK	STATE	CURSOR	X	0.019487834171692673
15:29:26.719564		TRACK	STATE	CURSOR	Y	0.01674985178568501
15:29:26.739919		TRACK	STATE	CURSOR	X	0.020943870883652623
15:29:26.740059		TRACK	STATE	CURSOR	Y	0.01858487246676832
15:29:26.760233		TRACK	STATE	CURSOR	X	0.022341309830070048
15:29:26.760361		TRACK	STATE	CURSOR	Y	0.020331974968915867
15:29:26.780493		TRACK	STATE	CURSOR	X	0.023749150009745198
15:29:26.780622		TRACK	STATE	CURSOR	Y	0.022078254354740184
15:29:26.801090		TRACK	STATE	CURSOR	X	0.02523849515731745
15:29:26.801226		TRACK	STATE	CURSOR	Y	0.02391063860711351
15:29:26.821404		TRACK	STATE	CURSOR	X	0.026667423966730667
15:29:26.821562		TRACK	STATE	CURSOR	Y	0.02565430678005255
15:29:26.841775		TRACK	STATE	CURSOR	X	0.02817874358036013
15:29:26.841906		TRACK	STATE	CURSOR	Y	0.02748329651530616
15:29:26.843159		MAIN	INPUT	KEY_RELEASE	52
15:29:26.843310		RESMAN	STATE	PUMP4	OFF
15:29:26.862216		TRACK	STATE	CURSOR	X	-0.07037156296218619
15:29:26.862352		TRACK	STATE	CURSOR	Y	0.029223109634172146
15:29:26.882505		TRACK	STATE	CURSOR	X	-0.06891186141710912
15:29:26.882642		TRACK	STATE	CURSOR	Y	0.030960590330681697
15:29:26.902748		TRACK	STATE	CURSOR	X	-0.06736849237816293
15:29:26.902881		TRACK	STATE	CURSOR	Y	0.03278211033643632
15:29:26.923078		TRACK	STATE	CURSOR	X	-0.06588852931263091
15:29:26.923215		TRACK	STATE	CURSOR	Y	0.03451388245929108
15:29:26.943374		TRACK	STATE	CURSOR	X	-0.06439880968272413
15:29:26.943559		TRACK	STATE	CURSOR	Y	0.036242417533526416
15:29:26.963828		TRACK	STATE	CURSOR	X	-0.06282419669610248
15:29:26.963960		TRACK	STATE	CURSOR	Y	0.03805357089554106
15:29:26.984145		TRACK	STATE	CURSOR	X	-0.061314743542345944
15:29:26.984275		TRACK	STATE	CURSOR	Y	0.03977454266527824
15:29:27.004453		TRACK	STATE	CURSOR	X	-0.05979579737100383
15:29:27.004580		TRACK	STATE	CURSOR	Y	0.04149137279736431
15:29:27.024992		TRACK	STATE	CURSOR	X	-0.058190784417914566
15:29:27.025132		TRACK	STATE	CURSOR	Y	0.04328926272097394
15:29:27.045328		TRACK	STATE	CURSOR	X	-0.05665265713818974
15:29:27.045474		TRACK	STATE	CURSOR	Y	0.04499667618325621
15:29:27.065792		TRACK	STATE	CURSOR	X	-0.05502770463183221
15:29:27.065949		TRACK	STATE	CURSOR	Y	0.046784025406593495
15:29:27.086104		TRACK	STATE	CURSOR	X	-0.053470781021984076
15:29:27.086248		TRACK	STATE	CURSOR	Y	0.04848077855364411
15:29:27.106428		TRACK	STATE	CURSOR	X	-0.05190483131293563
15:29:27.106558		TRACK	STATE	CURSOR	Y	0.050171880996034084
15:29:27.126749		TRACK	STATE	CURSOR	X	-0.05025097409645892
15:29:27.126918		TRACK	STATE	CURSOR	Y	0.05194113424775939
15:29:27.147035		TRACK	STATE	CURSOR	X	-0.04866682021479535
15:29:27.147164		TRACK	STATE	CURSOR	Y	0.0536197310594119
15:29:27.167299		TRACK	STATE	CURSOR	X	-0.04707393475436334
15:29:27.167441		TRACK	STATE	CURSOR	Y	0.05529177885233442
15:29:27.187686		TRACK	STATE	CURSOR	X	-0.04539211599734883
15:29:27.187815		TRACK	STATE	CURSOR	Y	0.05704005943327293
15:29:27.208020		TRACK	STATE	CURSOR	X	-0.043781641588446774
15:29:27.208181		TRACK	STATE	CURSOR	Y	0.05869776454179032
15:29:27.227184		MAIN	INPUT	KEY_RELEASE	56
15:29:27.227422		RESMAN	STATE	PUMP8	ON
15:29:27.228098		TRACK	STATE	CURSOR	X	-0.04216274123852414
15:29:27.228208		TRACK	STATE	CURSOR	Y	-0.03965197302382181
15:29:27.248676		TRACK	STATE	CURSOR	X	-0.04045393971205507
15:29:27.248824		TRACK	STATE	CURSOR	Y	-0.037927526893860135
15:29:27.269181		TRACK	STATE	CURSOR	X	-0.0388180881441
15:29:27.269319		TRACK	STATE	CURSOR	Y	-0.036293433360749736
15:29:27.289560		TRACK	STATE	CURSOR	X	-0.03717412710982501
15:29:27.289728		TRACK	STATE	CURSOR	Y	-0.0346676702442799
15:29:27.309912		TRACK	STATE	CURSOR	X	-0.03543935628866268
15:29:27.310047		TRACK	STATE	CURSOR	Y	-0.03296990141006645
15:29:27.330412		TRACK	STATE	CURSOR	X	-0.033779103684121944
15:29:27.330543		TRACK	STATE	CURSOR	Y	-0.03136212000857265
15:29:27.350788		TRACK	STATE	CURSOR	X	-0.03202746454762072
15:29:27.350929		TRACK	STATE	CURSOR	Y	-0.029683868023656163
15:29:27.371171		TRACK	STATE	CURSOR	X	-0.030351375751311763
15:29:27.371300		TRACK	STATE	CURSOR	Y	-0.028095277974707747
15:29:27.391500		TRACK	STATE	CURSOR	X	-0.02866773007585023
15:29:27.391632		TRACK	STATE	CURSOR	Y	-0.026516486141443127
15:29:27.411830		TRACK	STATE	CURSOR	X	-0.026891891242142626
15:29:27.411974		TRACK	STATE	CURSOR	Y	-0.024869611828756563
15:29:27.432259		TRACK	STATE	CURSOR	X	-0.025193104279409198
15:29:27.432391		TRACK	STATE	CURSOR	Y	-0.02331179605086965
15:29:27.452646		TRACK	STATE	CURSOR	X	-0.023401617112856626
15:29:27.452788		TRACK	STATE	CURSOR	Y	-0.021687571723502413
15:29:27.473039		TRACK	STATE	CURSOR	X	-0.021688167327521213
15:29:27.473181		TRACK	STATE	CURSOR	Y	-0.020151920362634093
15:29:27.493361		TRACK	STATE	CURSOR	X	-0.019967741263731686
15:29:27.493493		TRACK	STATE	CURSOR	Y	-0.018627509199015943
15:29:27.513655		TRACK	STATE	CURSOR	X	-0.01815391370645769
15:29:27.513796		TRACK	STATE	CURSOR	Y	-0.017039280243098587
15:29:27.533942		TRACK	STATE	CURSOR	X	-0.016419553130410644
15:29:27.534078		TRACK	STATE	CURSOR	Y	-0.015538783025583786
15:29:27.554269		TRACK	STATE	CURSOR	X	-0.014678576242787886
15:29:27.554400		TRACK	STATE	CURSOR	Y	-0.01405037365901686
15:29:27.574558		TRACK	STATE	CURSOR	X	-0.01284356104651481
15:29:27.574685		TRACK	STATE	CURSOR	Y	-0.012500854539865283
15:29:27.594860		TRACK	STATE	CURSOR	X	-0.011089397000499407
15:29:27.595003		TRACK	STATE	CURSOR	Y	-0.01103808428031064
15:29:27.615290		TRACK	STATE	CURSOR	X	-0.009328985722959912
15:29:27.615423		TRACK	STATE	CURSOR	Y	-0.009588237035957112
15:29:27.627250		MAIN	INPUT	KEY_RELEASE	54
15:29:27.627443		RESMAN	STATE	PUMP6	OFF
15:29:27.636133		TRACK	STATE	CURSOR	X	0.0925260351770782
15:29:27.636262		TRACK	STATE	CURSOR	Y	-0.008080102223120236
15:29:27.656430		TRACK	STATE	CURSOR	X	0.09429886794541198
15:29:27.656566		TRACK	STATE	CURSOR	Y	-0.0066575924160852396
15:29:27.676807		TRACK	STATE	CURSOR	X	0.09616665704275874
15:29:27.677033		TRACK	STATE	CURSOR	Y	-0.005178754413625003
15:29:27.697197		TRACK	STATE	CURSOR	X	0.09795138675777144
15:29:27.697337		TRACK	STATE	CURSOR	Y	-0.003784707248495653
15:29:27.717701		TRACK	STATE	CURSOR	X	0.09983138920840624
15:29:27.717892		TRACK	STATE	CURSOR	Y	-0.0023363402917146586
15:29:27.738355		TRACK	STATE	CURSOR	X	0.1016274836272248
15:29:27.738531		TRACK	STATE	CURSOR	Y	-0.0009718670223923392
15:29:27.758880		TRACK	STATE	CURSOR	X	0.1035191366284501
15:29:27.759009		TRACK	STATE	CURSOR	Y	0.0004448696821346271
15:29:27.779157		TRACK	STATE	CURSOR	X	0.10532605604868796
15:29:27.779285		TRACK	STATE	CURSOR	Y	0.0017786724753492134
15:29:27.799411		TRACK	STATE	CURSOR	X	0.10713805792970503
15:29:27.799537		TRACK	STATE	CURSOR	Y	0.0030971207380039584
15:29:27.819735		TRACK	STATE	CURSOR	X	0.1090459865961076
15:29:27.819863		TRACK	STATE	CURSOR	Y	0.004464686630449674
15:29:27.833114		MAIN	SCENARIO	TRACK	AUTOMATICSOLVER	False
15:29:27.840281		TRACK	STATE	CURSOR	X	0.11086799722692238
15:29:27.840365		TRACK	STATE	CURSOR	Y	0.005750861612378214
15:29:27.860552		TRACK	STATE	CURSOR	X	0.11269468839500967
15:29:27.860719		TRACK	STATE	CURSOR	Y	0.007020908925556638
15:29:27.880920		TRACK	STATE	CURSOR	X	0.11461760561538985
15:29:27.881062		TRACK	STATE	CURSOR	Y	0.008336828166175564
15:29:27.901320		TRACK	STATE	CURSOR	X	0.11645347412989972
15:29:27.901483		TRACK	STATE	CURSOR	Y	0.00957303577782044
15:29:27.921998		TRACK	STATE	CURSOR	X	0.11838573076283226
15:29:27.922142		TRACK	STATE	CURSOR	Y	0.010852879606004909
15:29:27.931210		MAIN	INPUT	KEY_RELEASE	52
15:29:27.931516		RESMAN	STATE	PUMP4	ON
15:29:27.942116		TRACK	STATE	CURSOR	X	0.020230209716903327
15:29:27.942241		TRACK	STATE	CURSOR	Y	0.012054216263917977
15:29:27.962556		TRACK	STATE	CURSOR	X	0.02207868128905814
15:29:27.962704		TRACK	STATE	CURSOR	Y	0.013238173915482584
15:29:27.982931		TRACK	STATE	CURSOR	X	0.024023723498961327
15:29:27.983060		TRACK	STATE	CURSOR	Y	0.014462363903468708
15:29:28.003289		TRACK	STATE	CURSOR	X	0.025879950658071443
15:29:28.003423		TRACK	STATE	CURSOR	Y	0.015609950086188998
15:29:28.023630		TRACK	STATE	CURSOR	X	0.02783283149879559
15:29:28.023768		TRACK	STATE	CURSOR	Y	0.016795430441565437
15:29:28.044178		TRACK	STATE	CURSOR	X	0.029696232388312926
15:29:28.044322		TRACK	STATE	CURSOR	Y	0.017905660287612327
15:29:28.064528		TRACK	STATE	CURSOR	X	0.03165633796514747
15:29:28.064736		TRACK	STATE	CURSOR	Y	0.019051407207423238
15:29:28.085006		TRACK	STATE	CURSOR	X	0.03352632518551904
15:29:28.085162		TRACK	STATE	CURSOR	Y	0.020123315644832815
15:29:28.105373		TRACK	STATE	CURSOR	X	0.03539931049849537
15:29:28.105502		TRACK	STATE	CURSOR	Y	0.021176186633950086
15:29:28.125828		TRACK	STATE	CURSOR	X	0.037369016807395516
15:29:28.125970		TRACK	STATE	CURSOR	Y	0.022260968848102955
15:29:28.146217		TRACK	STATE	CURSOR	X	0.03924770484413018
15:29:28.146414		TRACK	STATE	CURSOR	Y	0.023274120608541587
15:29:28.166516		TRACK	STATE	CURSOR	X	0.041223084627243556
15:29:28.166656		TRACK	STATE	CURSOR	Y	0.024316715456056112
15:29:28.186833		TRACK	STATE	CURSOR	X	0.043106875387494525
15:29:28.187068		TRACK	STATE	CURSOR	Y	0.02528923493403812
15:29:28.207484		TRACK	STATE	CURSOR	X	0.04499293616480354
15:29:28.207625		TRACK	STATE	CURSOR	Y	0.026241609052871095
15:29:28.228009		TRACK	STATE	CURSOR	X	0.046975585108831736
15:29:28.228167		TRACK	STATE	CURSOR	Y	0.02721969130946772
15:29:28.248382		TRACK	STATE	CURSOR	X	0.04886584753770115
15:29:28.248518		TRACK	STATE	CURSOR	Y	0.02813011558313644
15:29:28.251191		MAIN	INPUT	KEY_RELEASE	52
15:29:28.251426		RESMAN	STATE	PUMP4	OFF
15:29:28.268429		TRACK	STATE	CURSOR	X	-0.049242061871510284
15:29:28.268559		TRACK	STATE	CURSOR	Y	0.029019764006802257
15:29:28.288749		TRACK	STATE	CURSOR	X	-0.04725355875226386
15:29:28.288895		TRACK	STATE	CURSOR	Y	0.02993131463992224
15:29:28.309305		TRACK	STATE	CURSOR	X	-0.045358176781586185
15:29:28.309503		TRACK	STATE	CURSOR	Y	0.030777746310710452
15:29:28.329998		TRACK	STATE	CURSOR	X	-0.043366540918789526
15:29:28.330140		TRACK	STATE	CURSOR	Y	0.03164348462063915
15:29:28.350361		TRACK	STATE	CURSOR	X	-0.04146848408590237
15:29:28.350495		TRACK	STATE	CURSOR	Y	0.0324458774360592
15:29:28.370608		TRACK	STATE	CURSOR	X	-0.03947436466562998
15:29:28.370763		TRACK	STATE	CURSOR	Y	0.033264952907458845
15:29:28.390951		TRACK	STATE	CURSOR	X	-0.03757425292532629
15:29:28.391095		TRACK	STATE	CURSOR	Y	0.03402250907907556
15:29:28.411282		TRACK	STATE	CURSOR	X	-0.03567336471732088
15:29:28.411442		TRACK	STATE	CURSOR	Y	0.034757911677854636
15:29:28.431659		TRACK	STATE	CURSOR	X	-0.03367675903996656
15:29:28.431801		TRACK	STATE	CURSOR	Y	0.03550604362154941
15:29:28.452231		TRACK	STATE	CURSOR	X	-0.0317747440259141
15:29:28.452363		TRACK	STATE	CURSOR	Y	0.03619546880203239
15:29:28.472463		TRACK	STATE	CURSOR	X	-0.029872406802751023
15:29:28.472614		TRACK	STATE	CURSOR	Y	0.03686219766925147
15:29:28.492743		TRACK	STATE	CURSOR	X	-0.027874769573879188
15:29:28.492880		TRACK	STATE	CURSOR	Y	0.03753764806024437
15:29:28.513080		TRACK	STATE	CURSOR	X	-0.025972239630705413
15:29:28.513209		TRACK	STATE	CURSOR	Y	0.03815731552752974
15:29:28.533293		TRACK	STATE	CURSOR	X	-0.024069844417115405
15:29:28.533418		TRACK	STATE	CURSOR	Y	0.03875377206083358
15:29:28.553684		TRACK	STATE	CURSOR	X	-0.022072638924814536
15:29:28.553830		TRACK	STATE	CURSOR	Y	0.039354892923233076
15:29:28.573976		TRACK	STATE	CURSOR	X	-0.020170990078608647
15:29:28.574105		TRACK	STATE	CURSOR	Y	0.039903262552739294
15:29:28.594256		TRACK	STATE	CURSOR	X	-0.018269935099087198
15:29:28.594400		TRACK	STATE	CURSOR	Y	0.04042793555138516
15:29:28.603158		MAIN	INPUT	KEY_RELEASE	56
15:29:28.603317		RESMAN	STATE	PUMP8	OFF
15:29:28.614965		TRACK	STATE	CURSOR	X	-0.016274631671405443
15:29:28.615096		TRACK	STATE	CURSOR	Y	-0.05904682846649484
15:29:28.635284		TRACK	STATE	CURSOR	X	-0.014375266156702676
15:29:28.635420		TRACK	STATE	CURSOR	Y	-0.05857120778635541
15:29:28.655677		TRACK	STATE	CURSOR	X	-0.012382070220325614
15:29:28.655840		TRACK	STATE	CURSOR	Y	-0.05809780292457925
15:29:28.675960		TRACK	STATE	CURSOR	X	-0.010485029809671892
15:29:28.676090		TRACK	STATE	CURSOR	Y	-0.05767184890961577
15:29:28.696316		TRACK	STATE	CURSOR	X	-0.00858935458600027
15:29:28.696458		TRACK	STATE	CURSOR	Y	-0.057270336974147656
15:29:28.716658		TRACK	STATE	CURSOR	X	-0.00660053076886738
15:29:28.716800		TRACK	STATE	CURSOR	Y	-0.05687520414728847
15:29:28.737083		TRACK	STATE	CURSOR	X	-0.004708128219213875
15:29:28.737224		TRACK	STATE	CURSOR	Y	-0.05652422042307895
15:29:28.757590		TRACK	STATE	CURSOR	X	-0.0028175534789912082
15:29:28.757805		TRACK	STATE	CURSOR	Y	-0.05619808352348496
15:29:28.777472		TRACK	STATE	CURSOR	X	-0.0009289583394635204
15:29:28.777656		TRACK	STATE	CURSOR	Y	-0.055896919313890375
15:29:28.797797		TRACK	STATE	CURSOR	X	0.0010517698951333088
15:29:28.797934		TRACK	STATE	CURSOR	Y	-0.055607707688093116
15:29:28.818132		TRACK	STATE	CURSOR	X	0.0029358322255532143
15:29:28.818277		TRACK	STATE	CURSOR	Y	-0.05535811654221118
15:29:28.838541		TRACK	STATE	CURSOR	X	0.0049114660466084425
15:29:28.838668		TRACK	STATE	CURSOR	Y	-0.055123315079644825
15:29:28.858835		TRACK	STATE	CURSOR	X	0.006790357580685885
15:29:28.858964		TRACK	STATE	CURSOR	Y	-0.05492578186276381
15:29:28.879282		TRACK	STATE	CURSOR	X	0.00866649534500899
15:29:28.879526		TRACK	STATE	CURSOR	Y	-0.05475380966730445
15:29:28.899645		TRACK	STATE	CURSOR	X	0.010633310288950482
15:29:28.899775		TRACK	STATE	CURSOR	Y	-0.05460086342518239
15:29:28.919880		TRACK	STATE	CURSOR	X	0.01250332872781973
15:29:28.920015		TRACK	STATE	CURSOR	Y	-0.05448161476819219
15:29:28.940177		TRACK	STATE	CURSOR	X	0.014370131047032358
15:29:28.940335		TRACK	STATE	CURSOR	Y	-0.05438823537525542
15:29:28.960644		TRACK	STATE	CURSOR	X	0.01632664649794316
15:29:28.960788		TRACK	STATE	CURSOR	Y	-0.05431813143524042
15:29:28.981135		TRACK	STATE	CURSOR	X	0.018186382668843593
15:29:28.981278		TRACK	STATE	CURSOR	Y	-0.05427807345635535
15:29:29.001507		TRACK	STATE	CURSOR	X	0.020042441449836107
15:29:29.001696		TRACK	STATE	CURSOR	Y	-0.05426415967685644
15:29:29.021883		TRACK	STATE	CURSOR	X	0.02198718024933835
15:29:29.022015		TRACK	STATE	CURSOR	Y	-0.05427777845913104
15:29:29.042174		TRACK	STATE	CURSOR	X	0.02383522877928082
15:29:29.042314		TRACK	STATE	CURSOR	Y	-0.05431771516760811
15:29:29.062540		TRACK	STATE	CURSOR	X	0.025771224499832185
15:29:29.062716		TRACK	STATE	CURSOR	Y	-0.054388047221181596
15:29:29.082915		TRACK	STATE	CURSOR	X	0.02761063025333524
15:29:29.083056		TRACK	STATE	CURSOR	Y	-0.0544821508679568
15:29:29.103339		TRACK	STATE	CURSOR	X	0.029445591075991512
15:29:29.103469		TRACK	STATE	CURSOR	Y	-0.054602782685133244
15:29:29.123696		TRACK	STATE	CURSOR	X	0.03136735219465567
15:29:29.123825		TRACK	STATE	CURSOR	Y	-0.054758067039209685
15:29:29.144000		TRACK	STATE	CURSOR	X	0.03319273294744293
15:29:29.144143		TRACK	STATE	CURSOR	Y	-0.054933277679724724
15:29:29.164448		TRACK	STATE	CURSOR	X	0.03501321280656003
15:29:29.164631		TRACK	STATE	CURSOR	Y	-0.05513520009315487
15:29:29.184885		TRACK	STATE	CURSOR	X	0.03691927916153587
15:29:29.185024		TRACK	STATE	CURSOR	Y	-0.055376024688725684
15:29:29.205327		TRACK	STATE	CURSOR	X	0.03872924707687761
15:29:29.205462		TRACK	STATE	CURSOR	Y	-0.05563286659251751
15:29:29.225747		TRACK	STATE	CURSOR	X	0.040623948526686354
15:29:29.225900		TRACK	STATE	CURSOR	Y	-0.05593145990277845
15:29:29.246229		TRACK	STATE	CURSOR	X	0.042422781704531676
15:29:29.246366		TRACK	STATE	CURSOR	Y	-0.05624340987652615
15:29:29.266474		TRACK	STATE	CURSOR	X	0.04421595825693175
15:29:29.266609		TRACK	STATE	CURSOR	Y	-0.05658230043165399
15:29:29.286795		TRACK	STATE	CURSOR	X	0.04609254481021602
15:29:29.286948		TRACK	STATE	CURSOR	Y	-0.05696716667768395
15:29:29.307061		TRACK	STATE	CURSOR	X	0.04787366605138829
15:29:29.307198		TRACK	STATE	CURSOR	Y	-0.05736138528404308
15:29:29.327434		TRACK	STATE	CURSOR	X	0.04964868351178367
15:29:29.327578		TRACK	STATE	CURSOR	Y	-0.05778263401625092
15:29:29.347821		TRACK	STATE	CURSOR	X	0.051505723211759336
15:29:29.347951		TRACK	STATE	CURSOR	Y	-0.05825405993281982
15:29:29.368126		TRACK	STATE	CURSOR	X	0.05326777287341644
15:29:29.368254		TRACK	STATE	CURSOR	Y	-0.058730783718555696
15:29:29.388419		TRACK	STATE	CURSOR	X	0.055023275784240655
15:29:29.388551		TRACK	STATE	CURSOR	Y	-0.059234591450040563
15:29:29.408715		TRACK	STATE	CURSOR	X	0.0568593500769739
15:29:29.408843		TRACK	STATE	CURSOR	Y	-0.05979274936957718
15:29:29.429065		TRACK	STATE	CURSOR	X	0.058600981772613525
15:29:29.429211		TRACK	STATE	CURSOR	Y	-0.060352105691618696
15:29:29.449380		TRACK	STATE	CURSOR	X	0.06033562841093376
15:29:29.449517		TRACK	STATE	CURSOR	Y	-0.06093856384074847
15:29:29.469789		TRACK	STATE	CURSOR	X	0.06214933367700515
15:29:29.469928		TRACK	STATE	CURSOR	Y	-0.06158351100806922
15:29:29.490232		TRACK	STATE	CURSOR	X	0.06386921573058407
15:29:29.490392		TRACK	STATE	CURSOR	Y	-0.06222551742863708
15:29:29.510816		TRACK	STATE	CURSOR	X	0.06566710549176746
15:29:29.510960		TRACK	STATE	CURSOR	Y	-0.06292877266556435
15:29:29.531190		TRACK	STATE	CURSOR	X	0.06737162862868423
15:29:29.531319		TRACK	STATE	CURSOR	Y	-0.06362628548842383
15:29:29.551502		TRACK	STATE	CURSOR	X	0.06906844551384622
15:29:29.551632		TRACK	STATE	CURSOR	Y	-0.06435084931295873
15:29:29.571850		TRACK	STATE	CURSOR	X	0.07084165671721948
15:29:29.571992		TRACK	STATE	CURSOR	Y	-0.06514073100823756
15:29:29.592180		TRACK	STATE	CURSOR	X	0.07252224026751092
15:29:29.592309		TRACK	STATE	CURSOR	Y	-0.06592067680854877
15:29:29.612397		TRACK	STATE	CURSOR	X	0.07419469403017331
15:29:29.612539		TRACK	STATE	CURSOR	Y	-0.06672759476730086
15:29:29.632914		TRACK	STATE	CURSOR	X	0.07594187035735495
15:29:29.633048		TRACK	STATE	CURSOR	Y	-0.06760385042051278
15:29:29.653291		TRACK	STATE	CURSOR	X	0.07759722896810184
15:29:29.653420		TRACK	STATE	CURSOR	Y	-0.06846595150079043
15:29:29.673856		TRACK	STATE	CURSOR	X	0.07932615442612467
15:29:29.673989		TRACK	STATE	CURSOR	Y	-0.06940006167202592
15:29:29.694328		TRACK	STATE	CURSOR	X	0.08096384617944252
15:29:29.694505		TRACK	STATE	CURSOR	Y	-0.07031717037150373
15:29:29.715071		TRACK	STATE	CURSOR	X	0.08267392379811667
15:29:29.715312		TRACK	STATE	CURSOR	Y	-0.07130893312567793
15:29:29.735941		TRACK	STATE	CURSOR	X	0.08437411867004269
15:29:29.736077		TRACK	STATE	CURSOR	Y	-0.07233013560096377
15:29:29.756234		TRACK	STATE	CURSOR	X	0.08598402305068009
15:29:29.756365		TRACK	STATE	CURSOR	Y	-0.07333001842248038
15:29:29.776588		TRACK	STATE	CURSOR	X	0.08766448047029846
15:29:29.776788		TRACK	STATE	CURSOR	Y	-0.07440850109004105
15:29:29.797274		TRACK	STATE	CURSOR	X	0.08925531057928776
15:29:29.797479		TRACK	STATE	CURSOR	Y	-0.07546280236170715
15:29:29.817951		TRACK	STATE	CURSOR	X	0.09091545135500212
15:29:29.818110		TRACK	STATE	CURSOR	Y	-0.07659827471546134
15:29:29.838218		TRACK	STATE	CURSOR	X	0.09248665915585103
15:29:29.838347		TRACK	STATE	CURSOR	Y	-0.07770670102157318
15:29:29.858514		TRACK	STATE	CURSOR	X	0.09412591167355194
15:29:29.858642		TRACK	STATE	CURSOR	Y	-0.07889883741682285
15:29:29.879050		TRACK	STATE	CURSOR	X	0.09567695647998586
15:29:29.879180		TRACK	STATE	CURSOR	Y	-0.08006106192073265
15:29:29.899467		TRACK	STATE	CURSOR	X	0.09721797175689428
15:29:29.899608		TRACK	STATE	CURSOR	Y	-0.08124940081524269
15:29:29.919836		TRACK	STATE	CURSOR	X	0.09882510572291425
15:29:29.919963		TRACK	STATE	CURSOR	Y	-0.0825251642205415
15:29:29.940162		TRACK	STATE	CURSOR	X	0.100345167740518
15:29:29.940438		TRACK	STATE	CURSOR	Y	-0.08376675342052374
15:29:29.960772		TRACK	STATE	CURSOR	X	0.10193002606371093
15:29:29.960915		TRACK	STATE	CURSOR	Y	-0.08509821896801815
15:29:29.981287		TRACK	STATE	CURSOR	X	0.1034286135604976
15:29:29.981458		TRACK	STATE	CURSOR	Y	-0.08639264898485155
15:29:30.001690		TRACK	STATE	CURSOR	X	0.10499065321759604
15:29:30.001827		TRACK	STATE	CURSOR	Y	-0.08777936937940961
15:29:30.022090		TRACK	STATE	CURSOR	X	0.10646725318770278
15:29:30.022223		TRACK	STATE	CURSOR	Y	-0.08912619775137881
15:29:30.042322		TRACK	STATE	CURSOR	X	0.10793294392605696
15:29:30.042450		TRACK	STATE	CURSOR	Y	-0.0904984158588026
15:29:30.062601		TRACK	STATE	CURSOR	X	0.1094600478998018
15:29:30.062750		TRACK	STATE	CURSOR	Y	-0.09196644262925235
15:29:30.082867		TRACK	STATE	CURSOR	X	0.11090300367553962
15:29:30.083075		TRACK	STATE	CURSOR	Y	-0.09339034014910698
15:29:30.103291		TRACK	STATE	CURSOR	X	0.11233469035170307
15:29:30.103420		TRACK	STATE	CURSOR	Y	-0.09483925910396557
15:29:30.123776		TRACK	STATE	CURSOR	X	0.11382570621226684
15:29:30.123901		TRACK	STATE	CURSOR	Y	-0.09638741280910214
15:29:30.144191		TRACK	STATE	CURSOR	X	0.11523393012579036
15:29:30.144429		TRACK	STATE	CURSOR	Y	-0.0978872202814829
15:29:30.164310		TRACK	STATE	CURSOR	X	0.11663053484360514
15:29:30.164438		TRACK	STATE	CURSOR	Y	-0.09941164596491613
15:29:30.184547		TRACK	STATE	CURSOR	X	0.11808434145367697
15:29:30.184675		TRACK	STATE	CURSOR	Y	-0.1010386353266182
15:29:30.204905		TRACK	STATE	CURSOR	X	0.11945677603060795
15:29:30.205037		TRACK	STATE	CURSOR	Y	-0.10261308742501503
15:29:30.225184		TRACK	STATE	CURSOR	X	0.12081725146523148
15:29:30.225364		TRACK	STATE	CURSOR	Y	-0.10421171997335128
15:29:30.245838		TRACK	STATE	CURSOR	X	0.12223276019001844
15:29:30.245971		TRACK	STATE	CURSOR	Y	-0.10591614311377774
15:29:30.266145		TRACK	STATE	CURSOR	X	0.12356837929033915
15:29:30.266303		TRACK	STATE	CURSOR	Y	-0.10756386960605867
15:29:30.286895		TRACK	STATE	CURSOR	X	0.12495755186881236
15:29:30.287052		TRACK	STATE	CURSOR	Y	-0.1093194958949286
15:29:30.307592		TRACK	STATE	CURSOR	X	0.12626786569862325
15:29:30.307722		TRACK	STATE	CURSOR	Y	-0.11101565050821839
15:29:30.327879		TRACK	STATE	CURSOR	X	0.12763023603437296
15:29:30.328007		TRACK	STATE	CURSOR	Y	-0.1128217644820473
15:29:30.348212		TRACK	STATE	CURSOR	X	0.12891480578068498
15:29:30.348355		TRACK	STATE	CURSOR	Y	-0.11456565033011118
15:29:30.368612		TRACK	STATE	CURSOR	X	0.13024991851924095
15:29:30.368773		TRACK	STATE	CURSOR	Y	-0.11642150407745834
15:29:30.389094		TRACK	STATE	CURSOR	X	0.13150831570539168
15:29:30.389324		TRACK	STATE	CURSOR	Y	-0.11821239353636022
15:29:30.409771		TRACK	STATE	CURSOR	X	0.1328157264552382
15:29:30.410030		TRACK	STATE	CURSOR	Y	-0.1201172070494852
15:29:30.430645		TRACK	STATE	CURSOR	X	0.13404753314873646
15:29:30.430854		TRACK	STATE	CURSOR	Y	-0.12195434210176881
15:29:30.450724		TRACK	STATE	CURSOR	X	0.13532680869673797
15:29:30.450870		TRACK	STATE	CURSOR	Y	-0.12390730364770937
15:29:30.471032		TRACK	STATE	CURSOR	X	0.13653161771172523
15:29:30.471163		TRACK	STATE	CURSOR	Y	-0.12578989624498504
15:29:30.491293		TRACK	STATE	CURSOR	X	0.13772311265390047
15:29:30.491451		TRACK	STATE	CURSOR	Y	-0.12769436835045084
15:29:30.511831		TRACK	STATE	CURSOR	X	0.1389597513270644
15:29:30.511981		TRACK	STATE	CURSOR	Y	-0.12971739519961267
15:29:30.532304		TRACK	STATE	CURSOR	X	0.1401236630885826
15:29:30.532434		TRACK	STATE	CURSOR	Y	-0.13166609763413462
15:29:30.552733		TRACK	STATE	CURSOR	X	0.14133113865442154
15:29:30.552866		TRACK	STATE	CURSOR	Y	-0.13373511802235133
15:29:30.573089		TRACK	STATE	CURSOR	X	0.14246708762742827
15:29:30.573248		TRACK	STATE	CURSOR	Y	-0.1357271897172484
15:29:30.594026		TRACK	STATE	CURSOR	X	0.1436450074640523
15:29:30.594158		TRACK	STATE	CURSOR	Y	-0.1378412844377396
15:29:30.614646		TRACK	STATE	CURSOR	X	0.1448076408579121
15:29:30.614808		TRACK	STATE	CURSOR	Y	-0.13997810033948696
15:29:30.635012		TRACK	STATE	CURSOR	X	0.14590060900857188
15:29:30.635211		TRACK	STATE	CURSOR	Y	-0.1420340557190518
15:29:30.655523		TRACK	STATE	CURSOR	X	0.14697953939441483
15:29:30.655655		TRACK	STATE	CURSOR	Y	-0.14411016867101778
15:29:30.676000		TRACK	STATE	CURSOR	X	0.14809721838267786
15:29:30.676130		TRACK	STATE	CURSOR	Y	-0.1463115356048667
15:29:30.696617		TRACK	STATE	CURSOR	X	0.14919923691426423
15:29:30.696761		TRACK	STATE	CURSOR	Y	-0.14853461389950912
15:29:30.717208		TRACK	STATE	CURSOR	X	0.1502341348706232
15:29:30.717337		TRACK	STATE	CURSOR	Y	-0.1506717712508167
15:29:30.737456		TRACK	STATE	CURSOR	X	0.15125466741227628
15:29:30.737626		TRACK	STATE	CURSOR	Y	-0.15282814354211055
15:29:30.757802		TRACK	STATE	CURSOR	X	0.15231068228124983
15:29:30.757945		TRACK	STATE	CURSOR	Y	-0.15511275421600468
15:29:30.778079		TRACK	STATE	CURSOR	X	0.15330152858175639
15:29:30.778326		TRACK	STATE	CURSOR	Y	-0.1573077701585395
15:29:30.798490		TRACK	STATE	CURSOR	X	0.15427778103404455
15:29:30.798620		TRACK	STATE	CURSOR	Y	-0.15952126601297772
15:29:30.819002		TRACK	STATE	CURSOR	X	0.15528706071103898
15:29:30.819147		TRACK	STATE	CURSOR	Y	-0.161865055239053
15:29:30.839307		TRACK	STATE	CURSOR	X	0.15623317224135258
15:29:30.839457		TRACK	STATE	CURSOR	Y	-0.1641156591326207
15:29:30.859903		TRACK	STATE	CURSOR	X	0.15721064999257095
15:29:30.860049		TRACK	STATE	CURSOR	Y	-0.16649785652911428
15:29:30.880286		TRACK	STATE	CURSOR	X	0.15812633045236657
15:29:30.880418		TRACK	STATE	CURSOR	Y	-0.16878450455923938
15:29:30.900577		TRACK	STATE	CURSOR	X	0.15907170821202937
15:29:30.900707		TRACK	STATE	CURSOR	Y	-0.17120397988149433
15:29:30.921081		TRACK	STATE	CURSOR	X	0.15995668003863134
15:29:30.921228		TRACK	STATE	CURSOR	Y	-0.17352558324202372
15:29:30.941801		TRACK	STATE	CURSOR	X	0.16086967302538824
15:29:30.941985		TRACK	STATE	CURSOR	Y	-0.17598118039134208
15:29:30.962631		TRACK	STATE	CURSOR	X	0.16172367137230892
15:29:30.962792		TRACK	STATE	CURSOR	Y	-0.17833662593769864
15:29:30.983054		TRACK	STATE	CURSOR	X	0.16260400822263604
15:29:30.983184		TRACK	STATE	CURSOR	Y	-0.18082716356272968
15:29:31.003441		TRACK	STATE	CURSOR	X	0.1634267810833296
15:29:31.003585		TRACK	STATE	CURSOR	Y	-0.18321531439218008
15:29:31.023757		TRACK	STATE	CURSOR	X	0.16427420397800024
15:29:31.023890		TRACK	STATE	CURSOR	Y	-0.18573958650601463
15:29:31.044090		TRACK	STATE	CURSOR	X	0.16506551230298494
15:29:31.044238		TRACK	STATE	CURSOR	Y	-0.18815928255273578
