#	date	

10:48:34.579941		MAIN	INFO	SCENARIO	FILENAME	complete_track.txt
10:48:34.580245		MAIN	INFO	SCREENSIZE	WIDTH	1920
10:48:34.580386		MAIN	INFO	SCREENSIZE	HEIGHT	1080
10:48:34.586235		MAIN	INFO	COMMUNICATIONS	AOI_X	[0, 563]
10:48:34.586294		MAIN	INFO	COMMUNICATIONS	AOI_Y	[580, 1080]
10:48:34.586542		MAIN	INFO	SYSMON	AOI_X	[0, 668]
10:48:34.586587		MAIN	INFO	SYSMON	AOI_Y	[40, 540]
10:48:34.586684		MAIN	INFO	TRACK	AOI_X	[563, 1585]
10:48:34.586735		MAIN	INFO	TRACK	AOI_Y	[40, 540]
10:48:34.586829		MAIN	INFO	RESMAN	AOI_X	[563, 1585]
10:48:34.586859		MAIN	INFO	RESMAN	AOI_Y	[580, 1080]
10:48:34.586939		MAIN	INFO	PUMPSTATUS	AOI_X	[1576, 1919]
10:48:34.586976		MAIN	INFO	PUMPSTATUS	AOI_Y	[580, 1080]
10:48:34.587049		MAIN	INFO	SCHEDULING	AOI_X	[1576, 1919]
10:48:34.587081		MAIN	INFO	SCHEDULING	AOI_Y	[40, 540]
10:48:34.608247		MAIN	SCENARIO	TRACK	CURSORCOLOR	#009900
10:48:34.608606		TRACK	STATE	TARGET	X	0.5
10:48:34.608669		TRACK	STATE	TARGET	Y	0.5
10:48:34.608695		TRACK	STATE	TARGET	RADIUS	0.1
10:48:34.608719		TRACK	STATE		MODE	MANUAL
10:48:34.608739		MAIN	STATE	TRACK	START
10:48:34.608787		MAIN	SCENARIO	TRACK	AUTOMATICSOLVER	True
10:48:34.650018		TRACK	STATE	CURSOR	X	-0.005471493663948233
10:48:34.650140		TRACK	STATE	CURSOR	Y	0.10323516252851762
10:48:34.670600		TRACK	STATE	CURSOR	X	-0.005420135586415316
10:48:34.670717		TRACK	STATE	CURSOR	Y	0.09276840495240178
10:48:34.690803		TRACK	STATE	CURSOR	X	-0.005375956291845174
10:48:34.690909		TRACK	STATE	CURSOR	Y	0.08230304786550513
10:48:34.710989		TRACK	STATE	CURSOR	X	-0.005336423584104799
10:48:34.711110		TRACK	STATE	CURSOR	Y	0.07181747085341751
10:48:34.731192		TRACK	STATE	CURSOR	X	-0.005299945170088675
10:48:34.731302		TRACK	STATE	CURSOR	Y	0.06128596257305837
10:48:34.751445		TRACK	STATE	CURSOR	X	-0.0052700228164659635
10:48:34.751564		TRACK	STATE	CURSOR	Y	0.05075925030759093
10:48:34.771877		TRACK	STATE	CURSOR	X	-0.005244827916426433
10:48:34.771995		TRACK	STATE	CURSOR	Y	0.04021263257711514
10:48:34.792166		TRACK	STATE	CURSOR	X	-0.005223488117378577
10:48:34.792282		TRACK	STATE	CURSOR	Y	0.029617380589856288
10:48:34.812523		TRACK	STATE	CURSOR	X	-0.00520806042314161
10:48:34.812695		TRACK	STATE	CURSOR	Y	0.01903030250331921
10:48:34.832925		TRACK	STATE	CURSOR	X	-0.005197432298496239
10:48:34.833092		TRACK	STATE	CURSOR	Y	0.018423662810806075
10:48:34.853245		TRACK	STATE	CURSOR	X	-0.005191462043121727
10:48:34.853374		TRACK	STATE	CURSOR	Y	0.017765768258923766
10:48:34.873585		TRACK	STATE	CURSOR	X	-0.0051907398401356926
10:48:34.873709		TRACK	STATE	CURSOR	Y	0.0171194028210234
10:48:34.893909		TRACK	STATE	CURSOR	X	-0.0051948803828186785
10:48:34.894036		TRACK	STATE	CURSOR	Y	0.016453848485389937
10:48:34.914271		TRACK	STATE	CURSOR	X	-0.00520448197124454
10:48:34.914373		TRACK	STATE	CURSOR	Y	0.015734504895972744
10:48:34.934470		TRACK	STATE	CURSOR	X	-0.00521864864090299
10:48:34.934599		TRACK	STATE	CURSOR	Y	0.01503001797135809
10:48:34.954768		TRACK	STATE	CURSOR	X	-0.00523773211605195
10:48:34.954901		TRACK	STATE	CURSOR	Y	0.014306743117133584
10:48:34.975150		TRACK	STATE	CURSOR	X	-0.005263078655180174
10:48:34.975279		TRACK	STATE	CURSOR	Y	0.013527234514853596
10:48:34.995539		TRACK	STATE	CURSOR	X	-0.005292289604017962
10:48:34.995669		TRACK	STATE	CURSOR	Y	0.01276587752563272
10:48:35.015890		TRACK	STATE	CURSOR	X	-0.00532646213872288
10:48:35.015999		TRACK	STATE	CURSOR	Y	0.011986161206619099
10:48:35.036527		TRACK	STATE	CURSOR	X	-0.005367697019646983
10:48:35.036639		TRACK	STATE	CURSOR	Y	0.011147860102065942
10:48:35.056875		TRACK	STATE	CURSOR	X	-0.005412079195282711
10:48:35.057006		TRACK	STATE	CURSOR	Y	0.010330968072706441
10:48:35.077172		TRACK	STATE	CURSOR	X	-0.00546405860820733
10:48:35.077279		TRACK	STATE	CURSOR	Y	0.009453965285862377
10:48:35.097424		TRACK	STATE	CURSOR	X	-0.0055186947262252746
10:48:35.097527		TRACK	STATE	CURSOR	Y	0.00860053753532216
10:48:35.117662		TRACK	STATE	CURSOR	X	-0.005578346174397092
10:48:35.117786		TRACK	STATE	CURSOR	Y	0.007729527022686276
10:48:35.137904		TRACK	STATE	CURSOR	X	-0.005643020345292534
10:48:35.138026		TRACK	STATE	CURSOR	Y	0.006841094573297145
10:48:35.158230		TRACK	STATE	CURSOR	X	-0.005716340865009374
10:48:35.158344		TRACK	STATE	CURSOR	Y	0.0058896691547290145
10:48:35.178573		TRACK	STATE	CURSOR	X	-0.00579133032841229
10:48:35.178740		TRACK	STATE	CURSOR	Y	0.004966036066155359
10:48:35.199138		TRACK	STATE	CURSOR	X	-0.005875492356791208
10:48:35.199246		TRACK	STATE	CURSOR	Y	0.003978020069883591
10:48:35.219332		TRACK	STATE	CURSOR	X	-0.005960814774435737
10:48:35.219456		TRACK	STATE	CURSOR	Y	0.003019896995610248
10:48:35.239642		TRACK	STATE	CURSOR	X	-0.006051181334012741
10:48:35.239795		TRACK	STATE	CURSOR	Y	0.002045214298104385
10:48:35.259888		TRACK	STATE	CURSOR	X	-0.0061465930163094595
10:48:35.259987		TRACK	STATE	CURSOR	Y	0.0010541491142703127
10:48:35.280062		TRACK	STATE	CURSOR	X	-0.006247049738839948
10:48:35.280177		TRACK	STATE	CURSOR	Y	4.688115484854233e-05
10:48:35.300277		TRACK	STATE	CURSOR	X	-0.006357957750499521
10:48:35.300394		TRACK	STATE	CURSOR	Y	-0.001027988983808882
10:48:35.320544		TRACK	STATE	CURSOR	X	-0.006468752044477342
10:48:35.320669		TRACK	STATE	CURSOR	Y	-0.002067900106106045
10:48:35.340869		TRACK	STATE	CURSOR	X	-0.006584584529991565
10:48:35.340997		TRACK	STATE	CURSOR	Y	-0.003123450295796505
10:48:35.361199		TRACK	STATE	CURSOR	X	-0.0067116261451727515
10:48:35.361316		TRACK	STATE	CURSOR	Y	-0.004248401796605759
10:48:35.381398		TRACK	STATE	CURSOR	X	-0.006837771935216323
10:48:35.381503		TRACK	STATE	CURSOR	Y	-0.005335415963200953
10:48:35.401448		TRACK	STATE	CURSOR	X	-0.006968939075488327
10:48:35.401560		TRACK	STATE	CURSOR	Y	-0.006437482671997015
10:48:35.421599		TRACK	STATE	CURSOR	X	-0.00710511985842117
10:48:35.421708		TRACK	STATE	CURSOR	Y	-0.007554404801011945
10:48:35.441758		TRACK	STATE	CURSOR	X	-0.007246305493880288
10:48:35.441874		TRACK	STATE	CURSOR	Y	-0.008685982901957635
10:48:35.462035		TRACK	STATE	CURSOR	X	-0.007392486107552544
10:48:35.462162		TRACK	STATE	CURSOR	Y	-0.00983201523240703
10:48:35.482233		TRACK	STATE	CURSOR	X	-0.0075513395901258456
10:48:35.482337		TRACK	STATE	CURSOR	Y	-0.011050682294618579
10:48:35.502431		TRACK	STATE	CURSOR	X	-0.007707724456367859
10:48:35.502594		TRACK	STATE	CURSOR	Y	-0.01222570558958281
10:48:35.522626		TRACK	STATE	CURSOR	X	-0.00786906747393859
10:48:35.522766		TRACK	STATE	CURSOR	Y	-0.013414553970173194
10:48:35.542834		TRACK	STATE	CURSOR	X	-0.008035354364644476
10:48:35.542941		TRACK	STATE	CURSOR	Y	-0.014617016738524079
10:48:35.562985		TRACK	STATE	CURSOR	X	-0.008206569760588478
10:48:35.563088		TRACK	STATE	CURSOR	Y	-0.015832881070124503
10:48:35.583029		TRACK	STATE	CURSOR	X	-0.008382697203595487
10:48:35.583133		TRACK	STATE	CURSOR	Y	-0.01706193204795018
10:48:35.603120		TRACK	STATE	CURSOR	X	-0.008572898392746553
10:48:35.603238		TRACK	STATE	CURSOR	Y	-0.018366390263464073
10:48:35.623305		TRACK	STATE	CURSOR	X	-0.008759039476465447
10:48:35.623414		TRACK	STATE	CURSOR	Y	-0.019621793334230427
10:48:35.643442		TRACK	STATE	CURSOR	X	-0.00895003567272635
10:48:35.643560		TRACK	STATE	CURSOR	Y	-0.010889714990082277
10:48:35.663703		TRACK	STATE	CURSOR	X	-0.009145866105414522
10:48:35.663853		TRACK	STATE	CURSOR	Y	-0.012169932194622842
10:48:35.684041		TRACK	STATE	CURSOR	X	-0.009346508807874465
10:48:35.684147		TRACK	STATE	CURSOR	Y	-0.0134622199959015
10:48:35.704270		TRACK	STATE	CURSOR	X	-0.009562337607516522
10:48:35.704404		TRACK	STATE	CURSOR	Y	-0.014831864945381386
10:48:35.724728		TRACK	STATE	CURSOR	X	-0.009772772189897519
10:48:35.724848		TRACK	STATE	CURSOR	Y	-0.016148186321118793
10:48:35.745065		TRACK	STATE	CURSOR	X	-0.009987945314120969
10:48:35.745180		TRACK	STATE	CURSOR	Y	-0.01747588073403368
10:48:35.765320		TRACK	STATE	CURSOR	X	-0.010218948074267866
10:48:35.765423		TRACK	STATE	CURSOR	Y	-0.018881945851710075
10:48:35.785476		TRACK	STATE	CURSOR	X	-0.010443751560334039
10:48:35.785596		TRACK	STATE	CURSOR	Y	-0.010232226744354792
10:48:35.805774		TRACK	STATE	CURSOR	X	-0.010673209744379186
10:48:35.805908		TRACK	STATE	CURSOR	Y	-0.011593166665481417
10:48:35.826073		TRACK	STATE	CURSOR	X	-0.010907292940587232
10:48:35.826198		TRACK	STATE	CURSOR	Y	-0.012964528111087588
10:48:35.846318		TRACK	STATE	CURSOR	X	-0.011158024285692228
10:48:35.846444		TRACK	STATE	CURSOR	Y	-0.014415412129730307
10:48:35.866499		TRACK	STATE	CURSOR	X	-0.011401491388200022
10:48:35.866600		TRACK	STATE	CURSOR	Y	-0.015807388421057875
10:48:35.886621		TRACK	STATE	CURSOR	X	-0.011649486288115804
10:48:35.886744		TRACK	STATE	CURSOR	Y	-0.01720905202293447
10:48:35.906891		TRACK	STATE	CURSOR	X	-0.011901974930866662
10:48:35.907001		TRACK	STATE	CURSOR	Y	-0.01862015911790245
10:48:35.927051		TRACK	STATE	CURSOR	X	-0.012158922188792609
10:48:35.927169		TRACK	STATE	CURSOR	Y	-0.010040464426714345
10:48:35.947276		TRACK	STATE	CURSOR	X	-0.012433475771995115
10:48:35.947384		TRACK	STATE	CURSOR	Y	-0.01154141462117995
10:48:35.967396		TRACK	STATE	CURSOR	X	-0.012699448858185238
10:48:35.967498		TRACK	STATE	CURSOR	Y	-0.012979803502177764
10:48:35.987512		TRACK	STATE	CURSOR	X	-0.012969766820195175
10:48:35.987632		TRACK	STATE	CURSOR	Y	-0.014426633872360812
10:48:36.007783		TRACK	STATE	CURSOR	X	-0.013244390212456547
10:48:36.007904		TRACK	STATE	CURSOR	Y	-0.015881654932062304
10:48:36.027980		TRACK	STATE	CURSOR	X	-0.013523278531061519
10:48:36.028100		TRACK	STATE	CURSOR	Y	-0.017344614618287027
10:48:36.048232		TRACK	STATE	CURSOR	X	-0.01382065590505635
10:48:36.048328		TRACK	STATE	CURSOR	Y	-0.01888898907647025
10:48:36.068400		TRACK	STATE	CURSOR	X	-0.014108156249179474
10:48:36.068519		TRACK	STATE	CURSOR	Y	-0.01036742981603093
10:48:36.088727		TRACK	STATE	CURSOR	X	-0.014399791482812424
10:48:36.088840		TRACK	STATE	CURSOR	Y	-0.011853033002925355
10:48:36.108939		TRACK	STATE	CURSOR	X	-0.014695516852702595
10:48:36.109058		TRACK	STATE	CURSOR	Y	-0.013345541867337671
10:48:36.129103		TRACK	STATE	CURSOR	X	-0.01501038038049679
10:48:36.129210		TRACK	STATE	CURSOR	Y	-0.014919826282007
10:48:36.149323		TRACK	STATE	CURSOR	X	-0.015314346238579543
10:48:36.149435		TRACK	STATE	CURSOR	Y	-0.016425684629447435
10:48:36.169507		TRACK	STATE	CURSOR	X	-0.015622259335217372
10:48:36.169645		TRACK	STATE	CURSOR	Y	-0.01793765913064791
10:48:36.189822		TRACK	STATE	CURSOR	X	-0.015934070735477812
10:48:36.189944		TRACK	STATE	CURSOR	Y	-0.01945548897424852
10:48:36.209980		TRACK	STATE	CURSOR	X	-0.016249730483619728
10:48:36.210079		TRACK	STATE	CURSOR	Y	-0.010978912454537122
10:48:36.230252		TRACK	STATE	CURSOR	X	-0.016585259217276455
10:48:36.230384		TRACK	STATE	CURSOR	Y	-0.01258423996058121
10:48:36.250451		TRACK	STATE	CURSOR	X	-0.016908647622861688
10:48:36.250562		TRACK	STATE	CURSOR	Y	-0.01411830868415436
10:48:36.270689		TRACK	STATE	CURSOR	X	-0.017235725759129943
10:48:36.270808		TRACK	STATE	CURSOR	Y	-0.015657167748125575
10:48:36.290866		TRACK	STATE	CURSOR	X	-0.01756643958863636
10:48:36.290970		TRACK	STATE	CURSOR	Y	-0.017200552248097762
10:48:36.311086		TRACK	STATE	CURSOR	X	-0.017917541796206932
10:48:36.311260		TRACK	STATE	CURSOR	Y	-0.018825685860433095
10:48:36.331300		TRACK	STATE	CURSOR	X	-0.018255535673574557
10:48:36.331405		TRACK	STATE	CURSOR	Y	-0.010377516503618471
10:48:36.351406		TRACK	STATE	CURSOR	X	-0.018596994315408805
10:48:36.351508		TRACK	STATE	CURSOR	Y	-0.011933060572457648
10:48:36.371497		TRACK	STATE	CURSOR	X	-0.018941859695065105
10:48:36.371618		TRACK	STATE	CURSOR	Y	-0.013492050648509975
10:48:36.392008		TRACK	STATE	CURSOR	X	-0.019290072816397413
10:48:36.392120		TRACK	STATE	CURSOR	Y	-0.015054218798697342
10:48:36.412219		TRACK	STATE	CURSOR	X	-0.019659233981080382
10:48:36.412355		TRACK	STATE	CURSOR	Y	-0.016697622066711278
10:48:36.432623		TRACK	STATE	CURSOR	X	-0.010014121479013509
10:48:36.432811		TRACK	STATE	CURSOR	Y	-0.018265465695942028
10:48:36.453224		TRACK	STATE	CURSOR	X	-0.010390155205532705
10:48:36.453352		TRACK	STATE	CURSOR	Y	-0.01991423461901961
10:48:36.473651		TRACK	STATE	CURSOR	X	-0.010751456900277992
10:48:36.473767		TRACK	STATE	CURSOR	Y	-0.011486622285712
10:48:36.494179		TRACK	STATE	CURSOR	X	-0.011115790619483921
10:48:36.494419		TRACK	STATE	CURSOR	Y	-0.013060815118002795
10:48:36.514259		TRACK	STATE	CURSOR	X	-0.01150153336394232
10:48:36.514370		TRACK	STATE	CURSOR	Y	-0.014715364796349585
10:48:36.534515		TRACK	STATE	CURSOR	X	-0.011871879256696962
10:48:36.534638		TRACK	STATE	CURSOR	Y	-0.01629241340751563
10:48:36.554842		TRACK	STATE	CURSOR	X	-0.012245056773819261
10:48:36.554989		TRACK	STATE	CURSOR	Y	-0.017870442584415405
10:48:36.575589		TRACK	STATE	CURSOR	X	-0.012639866780829215
10:48:36.575727		TRACK	STATE	CURSOR	Y	-0.01952813238243308
10:48:36.596026		TRACK	STATE	CURSOR	X	-0.013018636977155265
10:48:36.596199		TRACK	STATE	CURSOR	Y	-0.011107325426659742
10:48:36.616327		TRACK	STATE	CURSOR	X	-0.013419167226815817
10:48:36.616437		TRACK	STATE	CURSOR	Y	-0.012765639855463414
10:48:36.636902		TRACK	STATE	CURSOR	X	-0.013803238555493027
10:48:36.637029		TRACK	STATE	CURSOR	Y	-0.014344858766567563
10:48:36.657315		TRACK	STATE	CURSOR	X	-0.01420917894408255
10:48:36.657443		TRACK	STATE	CURSOR	Y	-0.016002602943209945
10:48:36.677699		TRACK	STATE	CURSOR	X	-0.014598252314748714
10:48:36.677814		TRACK	STATE	CURSOR	Y	-0.017580709940587202
10:48:36.698311		TRACK	STATE	CURSOR	X	-0.01500928489593256
10:48:36.698419		TRACK	STATE	CURSOR	Y	-0.019236689607698167
10:48:36.718567		TRACK	STATE	CURSOR	X	-0.015403053824744993
10:48:36.718683		TRACK	STATE	CURSOR	Y	-0.010812547882362104
10:48:36.738887		TRACK	STATE	CURSOR	X	-0.015798999868837427
10:48:36.739002		TRACK	STATE	CURSOR	Y	-0.01238689718422941
10:48:36.759533		TRACK	STATE	CURSOR	X	-0.016217003734837282
10:48:36.759662		TRACK	STATE	CURSOR	Y	-0.014038044662889033
10:48:36.779883		TRACK	STATE	CURSOR	X	-0.016617176001459122
10:48:36.779994		TRACK	STATE	CURSOR	Y	-0.015608457306014116
10:48:36.800077		TRACK	STATE	CURSOR	X	-0.017039448100241904
10:48:36.800184		TRACK	STATE	CURSOR	Y	-0.017254877028562925
10:48:36.820662		TRACK	STATE	CURSOR	X	-0.01744352239699267
10:48:36.820790		TRACK	STATE	CURSOR	Y	-0.018820221877165835
10:48:36.841047		TRACK	STATE	CURSOR	X	-0.017849380418632915
10:48:36.841169		TRACK	STATE	CURSOR	Y	-0.010382685215352521
10:48:36.861388		TRACK	STATE	CURSOR	X	-0.018277364023937308
10:48:36.861509		TRACK	STATE	CURSOR	Y	-0.01201987743975686
10:48:36.882049		TRACK	STATE	CURSOR	X	-0.018686629153448236
10:48:36.882157		TRACK	STATE	CURSOR	Y	-0.01357559693365283
10:48:36.902285		TRACK	STATE	CURSOR	X	-0.019118012113726917
10:48:36.902413		TRACK	STATE	CURSOR	Y	-0.015205119022278257
10:48:36.922613		TRACK	STATE	CURSOR	X	-0.019530343490157025
10:48:36.922723		TRACK	STATE	CURSOR	Y	-0.016752973833695763
10:48:36.943357		TRACK	STATE	CURSOR	X	-0.019964764522921195
10:48:36.943499		TRACK	STATE	CURSOR	Y	-0.018373651662876796
10:48:36.963747		TRACK	STATE	CURSOR	X	-0.010379814895390029
10:48:36.963884		TRACK	STATE	CURSOR	Y	-0.01991252638725954
10:48:36.983920		TRACK	STATE	CURSOR	X	-0.010796063722784114
10:48:36.984024		TRACK	STATE	CURSOR	Y	-0.011446617652908912
10:48:37.004447		TRACK	STATE	CURSOR	X	-0.01123432201791801
10:48:37.004576		TRACK	STATE	CURSOR	Y	-0.013051977329983316
10:48:37.024848		TRACK	STATE	CURSOR	X	-0.011652761773287139
10:48:37.024962		TRACK	STATE	CURSOR	Y	-0.014575440645641145
10:48:37.044979		TRACK	STATE	CURSOR	X	-0.012072139149384672
10:48:37.045088		TRACK	STATE	CURSOR	Y	-0.016093320423468394
10:48:37.065465		TRACK	STATE	CURSOR	X	-0.01251339942296102
10:48:37.065570		TRACK	STATE	CURSOR	Y	-0.01768079983635132
10:48:37.085890		TRACK	STATE	CURSOR	X	-0.012934426553002495
10:48:37.086265		TRACK	STATE	CURSOR	Y	-0.01918641987204637
10:48:37.106604		TRACK	STATE	CURSOR	X	-0.013377225128061524
10:48:37.106735		TRACK	STATE	CURSOR	Y	-0.010760454984042546
10:48:37.127464		TRACK	STATE	CURSOR	X	-0.013820660085800377
10:48:37.127593		TRACK	STATE	CURSOR	Y	-0.01232716336420288
10:48:37.147743		TRACK	STATE	CURSOR	X	-0.014243475914130213
10:48:37.147856		TRACK	STATE	CURSOR	Y	-0.01381218332323086
10:48:37.167913		TRACK	STATE	CURSOR	X	-0.014666684786102049
10:48:37.168015		TRACK	STATE	CURSOR	Y	-0.015290033282695218
10:48:37.188432		TRACK	STATE	CURSOR	X	-0.015111377793740713
10:48:37.188544		TRACK	STATE	CURSOR	Y	-0.016833781035224052
10:48:37.208727		TRACK	STATE	CURSOR	X	-0.01553510801077909
10:48:37.208836		TRACK	STATE	CURSOR	Y	-0.018296139492525433
10:48:37.228992		TRACK	STATE	CURSOR	X	-0.015958952616908904
10:48:37.229114		TRACK	STATE	CURSOR	Y	-0.019750556793234432
10:48:37.249757		TRACK	STATE	CURSOR	X	-0.01640401132449023
10:48:37.249868		TRACK	STATE	CURSOR	Y	-0.01126887442411797
10:48:37.270023		TRACK	STATE	CURSOR	X	-0.016827800590258006
10:48:37.270136		TRACK	STATE	CURSOR	Y	-0.012706231272153147
10:48:37.290260		TRACK	STATE	CURSOR	X	-0.017272595208649738
10:48:37.290364		TRACK	STATE	CURSOR	Y	-0.014206087698302715
10:48:37.310881		TRACK	STATE	CURSOR	X	-0.017695935652941155
10:48:37.310996		TRACK	STATE	CURSOR	Y	-0.015625343742004326
10:48:37.331137		TRACK	STATE	CURSOR	X	-0.018140050653637572
10:48:37.331250		TRACK	STATE	CURSOR	Y	-0.017105652915115815
10:48:37.351298		TRACK	STATE	CURSOR	X	-0.018562544329830635
10:48:37.351402		TRACK	STATE	CURSOR	Y	-0.01850578001290204
10:48:37.371488		TRACK	STATE	CURSOR	X	-0.018984479256780554
10:48:37.371604		TRACK	STATE	CURSOR	Y	-0.01989620667991881
10:48:37.391799		TRACK	STATE	CURSOR	X	-0.01940575925622523
10:48:37.391912		TRACK	STATE	CURSOR	Y	-0.011276692878726216
10:48:37.412000		TRACK	STATE	CURSOR	X	-0.019826287690145293
10:48:37.412116		TRACK	STATE	CURSOR	Y	-0.01264700016475716
10:48:37.432287		TRACK	STATE	CURSOR	X	-0.010266927438536801
10:48:37.432394		TRACK	STATE	CURSOR	Y	-0.01407460866403948
10:48:37.452961		TRACK	STATE	CURSOR	X	-0.010685611177922662
10:48:37.453277		TRACK	STATE	CURSOR	Y	-0.01542331066487278
10:48:37.472751		TRACK	STATE	CURSOR	X	-0.011103245902674566
10:48:37.472862		TRACK	STATE	CURSOR	Y	-0.016761116725823158
10:48:37.492976		TRACK	STATE	CURSOR	X	-0.011519733247399975
10:48:37.493098		TRACK	STATE	CURSOR	Y	-0.018087795236618548
10:48:37.513337		TRACK	STATE	CURSOR	X	-0.011955702026380086
10:48:37.513459		TRACK	STATE	CURSOR	Y	-0.019468580195333512
10:48:37.533812		TRACK	STATE	CURSOR	X	-0.012369528084329453
10:48:37.533920		TRACK	STATE	CURSOR	Y	-0.010771730712849531
10:48:37.553977		TRACK	STATE	CURSOR	X	-0.012781904378751376
10:48:37.554105		TRACK	STATE	CURSOR	Y	-0.012063058421067247
10:48:37.574215		TRACK	STATE	CURSOR	X	-0.013213229895971465
10:48:37.574325		TRACK	STATE	CURSOR	Y	-0.01340598295393445
10:48:37.594381		TRACK	STATE	CURSOR	X	-0.013622321579452425
10:48:37.594494		TRACK	STATE	CURSOR	Y	-0.014672375187390946
10:48:37.614457		TRACK	STATE	CURSOR	X	-0.014029657847883655
10:48:37.614557		TRACK	STATE	CURSOR	Y	-0.01592626694239469
10:48:37.634577		TRACK	STATE	CURSOR	X	-0.014435137842349769
10:48:37.634693		TRACK	STATE	CURSOR	Y	-0.017167440031246727
10:48:37.654950		TRACK	STATE	CURSOR	X	-0.014838660408733469
10:48:37.655076		TRACK	STATE	CURSOR	Y	-0.01839567829969043
10:48:37.675246		TRACK	STATE	CURSOR	X	-0.015260141428565252
10:48:37.675365		TRACK	STATE	CURSOR	Y	-0.019671173159070236
10:48:37.695494		TRACK	STATE	CURSOR	X	-0.01565933386335542
10:48:37.695614		TRACK	STATE	CURSOR	Y	-0.010872228058383547
10:48:37.716100		TRACK	STATE	CURSOR	X	-0.016076043556152962
10:48:37.716212		TRACK	STATE	CURSOR	Y	-0.012118715229513787
10:48:37.736389		TRACK	STATE	CURSOR	X	-0.01647047735711559
10:48:37.736516		TRACK	STATE	CURSOR	Y	-0.013291705360193586
10:48:37.756765		TRACK	STATE	CURSOR	X	-0.016862433771703655
10:48:37.756888		TRACK	STATE	CURSOR	Y	-0.014450691168547776
10:48:37.776979		TRACK	STATE	CURSOR	X	-0.017251810151635703
10:48:37.777092		TRACK	STATE	CURSOR	Y	-0.015595469637702199
10:48:37.797338		TRACK	STATE	CURSOR	X	-0.017657766056933137
10:48:37.797461		TRACK	STATE	CURSOR	Y	-0.01678197675909969
10:48:37.817546		TRACK	STATE	CURSOR	X	-0.018041531658525317
10:48:37.817663		TRACK	STATE	CURSOR	Y	-0.017897005120838028
10:48:37.837778		TRACK	STATE	CURSOR	X	-0.018422403010623957
10:48:37.837900		TRACK	STATE	CURSOR	Y	-0.018997221102224668
10:48:37.858049		TRACK	STATE	CURSOR	X	-0.01880027676853973
10:48:37.858164		TRACK	STATE	CURSOR	Y	-0.010082431080075569
10:48:37.878190		TRACK	STATE	CURSOR	X	-0.019193704825609136
10:48:37.878310		TRACK	STATE	CURSOR	Y	-0.011205542143245659
10:48:37.898627		TRACK	STATE	CURSOR	X	-0.01956510988010421
10:48:37.898730		TRACK	STATE	CURSOR	Y	-0.012259394657015763
10:48:37.918725		TRACK	STATE	CURSOR	X	-0.01993320136658088
10:48:37.918823		TRACK	STATE	CURSOR	Y	-0.013297665560759767
10:48:37.938855		TRACK	STATE	CURSOR	X	-0.01029787548397835
10:48:37.938984		TRACK	STATE	CURSOR	Y	-0.014320171134125198
10:48:37.959193		TRACK	STATE	CURSOR	X	-0.010676991702598186
10:48:37.959297		TRACK	STATE	CURSOR	Y	-0.015376636317814616
10:48:37.979246		TRACK	STATE	CURSOR	X	-0.011034335403611028
10:48:37.979350		TRACK	STATE	CURSOR	Y	-0.016366259279214763
10:48:37.999451		TRACK	STATE	CURSOR	X	-0.011387944739432736
10:48:37.999574		TRACK	STATE	CURSOR	Y	-0.01733957225482364
10:48:38.019810		TRACK	STATE	CURSOR	X	-0.011737715695575199
10:48:38.019935		TRACK	STATE	CURSOR	Y	-0.01829640191209892
10:48:38.040099		TRACK	STATE	CURSOR	X	-0.012083544242534121
10:48:38.040215		TRACK	STATE	CURSOR	Y	-0.019236577555150174
10:48:38.060392		TRACK	STATE	CURSOR	X	-0.012442307371308145
10:48:38.060510		TRACK	STATE	CURSOR	Y	-0.010205654276205624
10:48:38.080833		TRACK	STATE	CURSOR	X	-0.012779728773715764
10:48:38.080961		TRACK	STATE	CURSOR	Y	-0.011111166826690515
10:48:38.101082		TRACK	STATE	CURSOR	X	-0.01311289054017223
10:48:38.101193		TRACK	STATE	CURSOR	Y	-0.011999521310290974
10:48:38.121254		TRACK	STATE	CURSOR	X	-0.013458012236231167
10:48:38.121373		TRACK	STATE	CURSOR	Y	-0.012913652402019736
10:48:38.141554		TRACK	STATE	CURSOR	X	-0.013782116883518119
10:48:38.141663		TRACK	STATE	CURSOR	Y	-0.01376633649802106
10:48:38.162016		TRACK	STATE	CURSOR	X	-0.01410164509470656
10:48:38.162152		TRACK	STATE	CURSOR	Y	-0.0146013840174951
10:48:38.182270		TRACK	STATE	CURSOR	X	-0.01443211085725417
10:48:38.182377		TRACK	STATE	CURSOR	Y	-0.015459037140266545
10:48:38.202459		TRACK	STATE	CURSOR	X	-0.014741933288150691
10:48:38.202571		TRACK	STATE	CURSOR	Y	-0.01625746009226249
10:48:38.223142		TRACK	STATE	CURSOR	X	-0.01504686333798934
10:48:38.223271		TRACK	STATE	CURSOR	Y	-0.017037794226794065
10:48:38.243365		TRACK	STATE	CURSOR	X	-0.015361661405123137
10:48:38.243482		TRACK	STATE	CURSOR	Y	-0.01783752116212063
10:48:38.263562		TRACK	STATE	CURSOR	X	-0.01565623920705908
10:48:38.263709		TRACK	STATE	CURSOR	Y	-0.018580331115049586
10:48:38.283883		TRACK	STATE	CURSOR	X	-0.015945609968025527
10:48:38.283991		TRACK	STATE	CURSOR	Y	-0.019304626967594274
10:48:38.304046		TRACK	STATE	CURSOR	X	-0.016229670873293835
10:48:38.304158		TRACK	STATE	CURSOR	Y	-0.010010275262249646
10:48:38.324230		TRACK	STATE	CURSOR	X	-0.01652210781434888
10:48:38.324333		TRACK	STATE	CURSOR	Y	-0.010730993823141322
10:48:38.344381		TRACK	STATE	CURSOR	X	-0.01679496295015496
10:48:38.344498		TRACK	STATE	CURSOR	Y	-0.011398010047432317
10:48:38.364544		TRACK	STATE	CURSOR	X	-0.017062195942263915
10:48:38.364648		TRACK	STATE	CURSOR	Y	-0.012045990228849677
10:48:38.384699		TRACK	STATE	CURSOR	X	-0.017323704878136316
10:48:38.384804		TRACK	STATE	CURSOR	Y	-0.01267481315285981
10:48:38.405011		TRACK	STATE	CURSOR	X	-0.01757938810631378
10:48:38.405173		TRACK	STATE	CURSOR	Y	-0.013284360680222257
10:48:38.425386		TRACK	STATE	CURSOR	X	-0.017841474658444767
10:48:38.425501		TRACK	STATE	CURSOR	Y	-0.013903514601002443
10:48:38.445742		TRACK	STATE	CURSOR	X	-0.018084898580620304
10:48:38.445871		TRACK	STATE	CURSOR	Y	-0.014473191316556467
10:48:38.466116		TRACK	STATE	CURSOR	X	-0.01833389020571967
10:48:38.466220		TRACK	STATE	CURSOR	Y	-0.01505023767822534
10:48:38.486308		TRACK	STATE	CURSOR	X	-0.018564631388331684
10:48:38.486418		TRACK	STATE	CURSOR	Y	-0.015579587046361818
10:48:38.506488		TRACK	STATE	CURSOR	X	-0.018789033059568895
10:48:38.506602		TRACK	STATE	CURSOR	Y	-0.016089107055678682
10:48:38.526673		TRACK	STATE	CURSOR	X	-0.019006995488375762
10:48:38.526789		TRACK	STATE	CURSOR	Y	-0.01657869873809665
10:48:38.546885		TRACK	STATE	CURSOR	X	-0.019218419312095378
10:48:38.547006		TRACK	STATE	CURSOR	Y	-0.01704826633137623
10:48:38.567218		TRACK	STATE	CURSOR	X	-0.019433268856856714
10:48:38.567326		TRACK	STATE	CURSOR	Y	-0.017519660166605215
10:48:38.587379		TRACK	STATE	CURSOR	X	-0.01963097954252139
10:48:38.587490		TRACK	STATE	CURSOR	Y	-0.01794789261773467
10:48:38.607559		TRACK	STATE	CURSOR	X	-0.019821850998478385
10:48:38.607684		TRACK	STATE	CURSOR	Y	-0.018355828873667997
10:48:38.627889		TRACK	STATE	CURSOR	X	-0.010005785507540313
10:48:38.628021		TRACK	STATE	CURSOR	Y	-0.018743386319263262
10:48:38.648155		TRACK	STATE	CURSOR	X	-0.010191344424121016
10:48:38.648289		TRACK	STATE	CURSOR	Y	-0.019128302184538266
10:48:38.668629		TRACK	STATE	CURSOR	X	-0.01036075459416068
10:48:38.668742		TRACK	STATE	CURSOR	Y	-0.019473838669166584
10:48:38.689242		TRACK	STATE	CURSOR	X	-0.010522932585055165
10:48:38.689676		TRACK	STATE	CURSOR	Y	-0.019798764709246817
10:48:38.709836		TRACK	STATE	CURSOR	X	-0.010685330996677326
10:48:38.709996		TRACK	STATE	CURSOR	Y	-0.010117679355325955
10:48:38.730557		TRACK	STATE	CURSOR	X	-0.010839539952722419
10:48:38.730680		TRACK	STATE	CURSOR	Y	-0.010413718510008234
10:48:38.750785		TRACK	STATE	CURSOR	X	-0.010978691466974758
10:48:38.750893		TRACK	STATE	CURSOR	Y	-0.010674327077859926
10:48:38.771040		TRACK	STATE	CURSOR	X	-0.011110221179365396
10:48:38.771158		TRACK	STATE	CURSOR	Y	-0.01091406262255608
10:48:38.791680		TRACK	STATE	CURSOR	X	-0.011240021931238542
10:48:38.791813		TRACK	STATE	CURSOR	Y	-0.01114325970402909
10:48:38.812102		TRACK	STATE	CURSOR	X	-0.011355634739890244
10:48:38.812225		TRACK	STATE	CURSOR	Y	-0.011340035838169867
10:48:38.832326		TRACK	STATE	CURSOR	X	-0.01146851801995004
10:48:38.832452		TRACK	STATE	CURSOR	Y	-0.011524014674611506
10:48:38.852966		TRACK	STATE	CURSOR	X	-0.011567825229489981
10:48:38.853070		TRACK	STATE	CURSOR	Y	-0.011677627490024172
10:48:38.873372		TRACK	STATE	CURSOR	X	-0.011663385594138419
10:48:38.873483		TRACK	STATE	CURSOR	Y	-0.011816189372870713
10:48:38.893587		TRACK	STATE	CURSOR	X	-0.011746003689461314
10:48:38.893751		TRACK	STATE	CURSOR	Y	-0.011926464324188537
10:48:38.914264		TRACK	STATE	CURSOR	X	-0.011823841267571808
10:48:38.914414		TRACK	STATE	CURSOR	Y	-0.012019441455870155
10:48:38.934557		TRACK	STATE	CURSOR	X	-0.011889392166997257
10:48:38.934664		TRACK	STATE	CURSOR	Y	-0.012086233508416493
10:48:38.954778		TRACK	STATE	CURSOR	X	-0.011946482107965716
10:48:38.954903		TRACK	STATE	CURSOR	Y	-0.012131770675675795
10:48:38.975468		TRACK	STATE	CURSOR	X	-0.01199722423074825
10:48:38.975590		TRACK	STATE	CURSOR	Y	-0.012156682907031148
10:48:38.995815		TRACK	STATE	CURSOR	X	-0.012036695058831393
10:48:38.995950		TRACK	STATE	CURSOR	Y	-0.012158576280571378
10:48:39.016165		TRACK	STATE	CURSOR	X	-0.012067438913500867
10:48:39.016376		TRACK	STATE	CURSOR	Y	-0.01213915234952752
10:48:39.036639		TRACK	STATE	CURSOR	X	-0.012090233715701207
10:48:39.036750		TRACK	STATE	CURSOR	Y	-0.012095799800615011
10:48:39.057061		TRACK	STATE	CURSOR	X	-0.012102819938915476
10:48:39.057187		TRACK	STATE	CURSOR	Y	-0.012032637136306036
10:48:39.077329		TRACK	STATE	CURSOR	X	-0.012106362514909578
10:48:39.077507		TRACK	STATE	CURSOR	Y	-0.011943341045842716
10:48:39.097906		TRACK	STATE	CURSOR	X	-0.012100437083459628
10:48:39.098053		TRACK	STATE	CURSOR	Y	-0.011836413032534259
10:48:39.118162		TRACK	STATE	CURSOR	X	-0.012084359172474158
10:48:39.118268		TRACK	STATE	CURSOR	Y	-0.01170116118188787
10:48:39.138402		TRACK	STATE	CURSOR	X	-0.012059574719737886
10:48:39.138525		TRACK	STATE	CURSOR	Y	-0.011550471172981776
10:48:39.159096		TRACK	STATE	CURSOR	X	-0.012025466757807158
10:48:39.159208		TRACK	STATE	CURSOR	Y	-0.011378444094405431
10:48:39.179315		TRACK	STATE	CURSOR	X	-0.011979531228885851
10:48:39.179434		TRACK	STATE	CURSOR	Y	-0.011174864186401042
10:48:39.199631		TRACK	STATE	CURSOR	X	-0.011926060261255833
10:48:39.199777		TRACK	STATE	CURSOR	Y	-0.010959135637183539
10:48:39.220062		TRACK	STATE	CURSOR	X	-0.011863023796095185
10:48:39.220183		TRACK	STATE	CURSOR	Y	-0.01072211575150714
10:48:39.240341		TRACK	STATE	CURSOR	X	-0.01178645572634711
10:48:39.240449		TRACK	STATE	CURSOR	Y	-0.010450354246426237
10:48:39.260513		TRACK	STATE	CURSOR	X	-0.011703568299800191
10:48:39.260633		TRACK	STATE	CURSOR	Y	-0.010169759869766233
10:48:39.280799		TRACK	STATE	CURSOR	X	-0.011610881390982862
10:48:39.280921		TRACK	STATE	CURSOR	Y	-0.009867952300417331
10:48:39.301165		TRACK	STATE	CURSOR	X	-0.011502931488037502
10:48:39.301274		TRACK	STATE	CURSOR	Y	-0.009528259447896483
10:48:39.321377		TRACK	STATE	CURSOR	X	-0.011389922443437334
10:48:39.321493		TRACK	STATE	CURSOR	Y	-0.009183070769941364
10:48:39.341637		TRACK	STATE	CURSOR	X	-0.011266888298333522
10:48:39.341748		TRACK	STATE	CURSOR	Y	-0.008816779405628432
10:48:39.361884		TRACK	STATE	CURSOR	X	-0.011133756960860818
10:48:39.362007		TRACK	STATE	CURSOR	Y	-0.008429428616866881
10:48:39.382130		TRACK	STATE	CURSOR	X	-0.010983024123587837
10:48:39.382239		TRACK	STATE	CURSOR	Y	-0.008000096258334118
10:48:39.402300		TRACK	STATE	CURSOR	X	-0.01082897218658123
10:48:39.402405		TRACK	STATE	CURSOR	Y	-0.007569723515001655
10:48:39.423005		TRACK	STATE	CURSOR	X	-0.010664609094378429
10:48:39.423177		TRACK	STATE	CURSOR	Y	-0.007118444675030618
10:48:39.443349		TRACK	STATE	CURSOR	X	-0.010480855889027517
10:48:39.443462		TRACK	STATE	CURSOR	Y	-0.006622164409572225
10:48:39.463652		TRACK	STATE	CURSOR	X	-0.010295142902979603
10:48:39.463829		TRACK	STATE	CURSOR	Y	-0.006128210854493251
10:48:39.484119		TRACK	STATE	CURSOR	X	-0.010088825313633054
10:48:39.484229		TRACK	STATE	CURSOR	Y	-0.005587260176154881
10:48:39.504376		TRACK	STATE	CURSOR	X	-0.009881484613737607
10:48:39.504499		TRACK	STATE	CURSOR	Y	-0.005050902164749975
10:48:39.524759		TRACK	STATE	CURSOR	X	-0.009663495652239439
10:48:39.524873		TRACK	STATE	CURSOR	Y	-0.004493966003147292
10:48:39.544998		TRACK	STATE	CURSOR	X	-0.009434795471203303
10:48:39.545113		TRACK	STATE	CURSOR	Y	-0.0039165264294704644
10:48:39.565357		TRACK	STATE	CURSOR	X	-0.009183064614186014
10:48:39.565466		TRACK	STATE	CURSOR	Y	-0.0032882336251472567
10:48:39.585557		TRACK	STATE	CURSOR	X	-0.008932214083170667
10:48:39.585666		TRACK	STATE	CURSOR	Y	-0.002669010049913269
10:48:39.606089		TRACK	STATE	CURSOR	X	-0.008670466884436833
10:48:39.606526		TRACK	STATE	CURSOR	Y	-0.002029531978319012
10:48:39.609431		MAIN	SCENARIO	TRACK	AUTOMATICSOLVER	False
10:48:39.626709		TRACK	STATE	CURSOR	X	-0.008383840671728019
10:48:39.626794		TRACK	STATE	CURSOR	Y	-0.0013363779291386563
10:48:39.647002		TRACK	STATE	CURSOR	X	-0.008099573279054565
10:48:39.647131		TRACK	STATE	CURSOR	Y	-0.000655658334414418
10:48:39.667336		TRACK	STATE	CURSOR	X	-0.0077891753079363125
10:48:39.667443		TRACK	STATE	CURSOR	Y	8.059275313218421e-05
10:48:39.687495		TRACK	STATE	CURSOR	X	-0.007482150955928213
10:48:39.687612		TRACK	STATE	CURSOR	Y	0.0008021532852050938
10:48:39.707721		TRACK	STATE	CURSOR	X	-0.007163942647589511
10:48:39.707841		TRACK	STATE	CURSOR	Y	0.001543482225651786
10:48:39.727940		TRACK	STATE	CURSOR	X	-0.006834497496196615
10:48:39.728053		TRACK	STATE	CURSOR	Y	0.0023044741204432517
10:48:39.748188		TRACK	STATE	CURSOR	X	-0.0064764298447309385
10:48:39.748299		TRACK	STATE	CURSOR	Y	0.003124558828767802
10:48:39.768405		TRACK	STATE	CURSOR	X	-0.006123788706373682
10:48:39.768516		TRACK	STATE	CURSOR	Y	0.0039255162172402835
10:48:39.788562		TRACK	STATE	CURSOR	X	-0.005759756585087159
10:48:39.788667		TRACK	STATE	CURSOR	Y	0.004745794640275245
10:48:39.808738		TRACK	STATE	CURSOR	X	-0.005384285325400246
10:48:39.808849		TRACK	STATE	CURSOR	Y	0.00558527539247086
10:48:39.828912		TRACK	STATE	CURSOR	X	-0.004997327964232573
10:48:39.829023		TRACK	STATE	CURSOR	Y	0.006443836534974127
10:48:39.849114		TRACK	STATE	CURSOR	X	-0.004578610763268995
10:48:39.849239		TRACK	STATE	CURSOR	Y	0.007365724016648782
10:48:39.869220		TRACK	STATE	CURSOR	X	-0.004167965157459307
10:48:39.869325		TRACK	STATE	CURSOR	Y	0.008263005188432397
10:48:39.889599		TRACK	STATE	CURSOR	X	-0.003745697673033852
10:48:39.889706		TRACK	STATE	CURSOR	Y	0.009178975037845856
10:48:39.909747		TRACK	STATE	CURSOR	X	-0.003311766269519118
10:48:39.909864		TRACK	STATE	CURSOR	Y	0.010113498701689176
10:48:39.929937		TRACK	STATE	CURSOR	X	-0.0028661301442099874
10:48:39.930059		TRACK	STATE	CURSOR	Y	0.011066438170292596
10:48:39.950105		TRACK	STATE	CURSOR	X	-0.0023855717408177383
10:48:39.950209		TRACK	STATE	CURSOR	Y	0.012086690148792876
10:48:39.970197		TRACK	STATE	CURSOR	X	-0.0019158186455770863
10:48:39.970302		TRACK	STATE	CURSOR	Y	0.01307693738503883
10:48:39.990304		TRACK	STATE	CURSOR	X	-0.001434244112925651
10:48:39.990424		TRACK	STATE	CURSOR	Y	0.014085160259967392
10:48:40.010498		TRACK	STATE	CURSOR	X	-0.0009408124387504189
10:48:40.010611		TRACK	STATE	CURSOR	Y	0.015111208216724485
10:48:40.030645		TRACK	STATE	CURSOR	X	-0.00043548919820137096
10:48:40.030760		TRACK	STATE	CURSOR	Y	0.016154927651193057
10:48:40.050847		TRACK	STATE	CURSOR	X	8.175874656700215e-05
10:48:40.050944		TRACK	STATE	CURSOR	Y	0.01721616193305779
10:48:40.071142		TRACK	STATE	CURSOR	X	0.0006377378761972165
10:48:40.071261		TRACK	STATE	CURSOR	Y	0.01834913357206655
10:48:40.091399		TRACK	STATE	CURSOR	X	0.001179529589865327
10:48:40.091515		TRACK	STATE	CURSOR	Y	0.019445770968911397
10:48:40.111612		TRACK	STATE	CURSOR	X	0.0017333390513550647
10:48:40.111765		TRACK	STATE	CURSOR	Y	0.020559427026400873
10:48:40.131971		TRACK	STATE	CURSOR	X	0.0022991941102933674
10:48:40.132102		TRACK	STATE	CURSOR	Y	0.021689933083033616
10:48:40.152242		TRACK	STATE	CURSOR	X	0.0029063350026653067
10:48:40.152355		TRACK	STATE	CURSOR	Y	0.02289491148003224
10:48:40.172446		TRACK	STATE	CURSOR	X	0.003496965007478958
10:48:40.172568		TRACK	STATE	CURSOR	Y	0.02405942048994912
10:48:40.192697		TRACK	STATE	CURSOR	X	0.004099717347692119
10:48:40.192810		TRACK	STATE	CURSOR	Y	0.02524024719220419
10:48:40.212878		TRACK	STATE	CURSOR	X	0.00471461447120093
10:48:40.212990		TRACK	STATE	CURSOR	Y	0.026437211277395678
10:48:40.233082		TRACK	STATE	CURSOR	X	0.005341677475942544
10:48:40.233197		TRACK	STATE	CURSOR	Y	0.027650129622506514
10:48:40.253262		TRACK	STATE	CURSOR	X	0.006013208743331505
10:48:40.253368		TRACK	STATE	CURSOR	Y	0.028940661197731227
10:48:40.273425		TRACK	STATE	CURSOR	X	0.006665272032440479
10:48:40.273550		TRACK	STATE	CURSOR	Y	0.030185701549512153
10:48:40.293558		TRACK	STATE	CURSOR	X	0.007329557151575334
10:48:40.293664		TRACK	STATE	CURSOR	Y	0.031446120526805704
10:48:40.313760		TRACK	STATE	CURSOR	X	0.008006079671013458
10:48:40.313872		TRACK	STATE	CURSOR	Y	0.03272172387764448
10:48:40.334079		TRACK	STATE	CURSOR	X	0.008729614327640014
10:48:40.334181		TRACK	STATE	CURSOR	Y	0.03407723406120508
10:48:40.354158		TRACK	STATE	CURSOR	X	0.009431266369075387
10:48:40.354262		TRACK	STATE	CURSOR	Y	0.03538334681754228
10:48:40.374268		TRACK	STATE	CURSOR	X	0.010145194762148048
10:48:40.374379		TRACK	STATE	CURSOR	Y	0.03670403504404535
10:48:40.394470		TRACK	STATE	CURSOR	X	0.010871409461327466
10:48:40.394582		TRACK	STATE	CURSOR	Y	0.03803909380772841
10:48:40.414733		TRACK	STATE	CURSOR	X	0.011609919022239136
10:48:40.414855		TRACK	STATE	CURSOR	Y	0.039388315610424315
10:48:40.435072		TRACK	STATE	CURSOR	X	0.01236073059717988
10:48:40.435179		TRACK	STATE	CURSOR	Y	0.040751490418153874
10:48:40.455237		TRACK	STATE	CURSOR	X	0.013162329059907682
10:48:40.455353		TRACK	STATE	CURSOR	Y	0.042197608295351186
10:48:40.475361		TRACK	STATE	CURSOR	X	0.01393837617808298
10:48:40.475470		TRACK	STATE	CURSOR	Y	0.04358871960145266
10:48:40.495563		TRACK	STATE	CURSOR	X	0.014726738413692783
10:48:40.495685		TRACK	STATE	CURSOR	Y	0.04499312795864255
10:48:40.515875		TRACK	STATE	CURSOR	X	0.015527417193407595
10:48:40.515986		TRACK	STATE	CURSOR	Y	0.04641061337129254
10:48:40.536045		TRACK	STATE	CURSOR	X	0.016340412520677347
10:48:40.536178		TRACK	STATE	CURSOR	Y	0.04784095346220986
10:48:40.556255		TRACK	STATE	CURSOR	X	0.017207311721863287
10:48:40.556372		TRACK	STATE	CURSOR	Y	0.04935639947982224
10:48:40.576448		TRACK	STATE	CURSOR	X	0.01804554995793324
10:48:40.576556		TRACK	STATE	CURSOR	Y	0.050812386572502234
10:48:40.596575		TRACK	STATE	CURSOR	X	0.01889609592764629
10:48:40.596694		TRACK	STATE	CURSOR	Y	0.052280535715292224
10:48:40.616707		TRACK	STATE	CURSOR	X	0.019758943837650825
10:48:40.616807		TRACK	STATE	CURSOR	Y	0.053760615213532
10:48:40.636745		TRACK	STATE	CURSOR	X	0.020634086456135906
10:48:40.636844		TRACK	STATE	CURSOR	Y	0.05525239115474911
10:48:40.656806		TRACK	STATE	CURSOR	X	0.02152151511037205
10:48:40.656916		TRACK	STATE	CURSOR	Y	0.05675562744216233
10:48:40.676849		TRACK	STATE	CURSOR	X	0.022421219684438966
10:48:40.676964		TRACK	STATE	CURSOR	Y	0.05827008582853042
10:48:40.697048		TRACK	STATE	CURSOR	X	0.023333188617138526
10:48:40.697159		TRACK	STATE	CURSOR	Y	0.05979552595034045
10:48:40.717213		TRACK	STATE	CURSOR	X	0.024303941259037606
10:48:40.717320		TRACK	STATE	CURSOR	Y	0.06140879186235002
10:48:40.737242		TRACK	STATE	CURSOR	X	0.02524100987412509
10:48:40.737340		TRACK	STATE	CURSOR	Y	0.06295598435811714
10:48:40.757402		TRACK	STATE	CURSOR	X	0.026190298641047775
10:48:40.757509		TRACK	STATE	CURSOR	Y	0.06451341277068286
10:48:40.777585		TRACK	STATE	CURSOR	X	0.02715179012776002
10:48:40.777719		TRACK	STATE	CURSOR	Y	0.06608082852209796
10:48:40.798047		TRACK	STATE	CURSOR	X	0.028125465449266137
10:48:40.798175		TRACK	STATE	CURSOR	Y	0.06765798109581755
10:48:40.818369		TRACK	STATE	CURSOR	X	0.02916091511458613
10:48:40.818471		TRACK	STATE	CURSOR	Y	0.06932419433389975
10:48:40.838445		TRACK	STATE	CURSOR	X	0.030159502121271272
10:48:40.838558		TRACK	STATE	CURSOR	Y	0.07092051622719649
10:48:40.858516		TRACK	STATE	CURSOR	X	0.0311702063808687
10:48:40.858628		TRACK	STATE	CURSOR	Y	0.07252579927147176
10:48:40.878655		TRACK	STATE	CURSOR	X	0.03219300311619323
10:48:40.878776		TRACK	STATE	CURSOR	Y	0.07413978547161912
10:48:40.898817		TRACK	STATE	CURSOR	X	0.0332278660942511
10:48:40.898928		TRACK	STATE	CURSOR	Y	0.07576221507952424
10:48:40.918862		TRACK	STATE	CURSOR	X	0.03427476762624776
10:48:40.918962		TRACK	STATE	CURSOR	Y	0.07739282663169607
10:48:40.938920		TRACK	STATE	CURSOR	X	0.03533367856778602
10:48:40.939029		TRACK	STATE	CURSOR	Y	0.07903135698717553
10:48:40.959044		TRACK	STATE	CURSOR	X	0.03640456831925423
10:48:40.959152		TRACK	STATE	CURSOR	Y	0.0806775413657186
10:48:40.979191		TRACK	STATE	CURSOR	X	0.03754185965923927
10:48:40.979296		TRACK	STATE	CURSOR	Y	0.08241398111319774
10:48:40.999531		TRACK	STATE	CURSOR	X	0.03863720417068543
10:48:40.999646		TRACK	STATE	CURSOR	Y	0.0840750217564526
10:48:41.019817		TRACK	STATE	CURSOR	X	0.03974442518251324
10:48:41.019921		TRACK	STATE	CURSOR	Y	0.08574289911954247
10:48:41.040091		TRACK	STATE	CURSOR	X	0.04086348620939469
10:48:41.040229		TRACK	STATE	CURSOR	Y	0.08741734217902197
10:48:41.060323		TRACK	STATE	CURSOR	X	0.0420512015752654
10:48:41.060445		TRACK	STATE	CURSOR	Y	0.08918227557411151
10:48:41.080564		TRACK	STATE	CURSOR	X	0.043194414451382245
10:48:41.080685		TRACK	STATE	CURSOR	Y	0.09086932498023825
10:48:41.100748		TRACK	STATE	CURSOR	X	0.04434934711134482
10:48:41.100853		TRACK	STATE	CURSOR	Y	0.09256210471999747
10:48:41.120911		TRACK	STATE	CURSOR	X	0.04551595720626565
10:48:41.121020		TRACK	STATE	CURSOR	Y	0.09426033817418242
10:48:41.141109		TRACK	STATE	CURSOR	X	0.046694200944335254
10:48:41.141225		TRACK	STATE	CURSOR	Y	0.09596374744338657
10:48:41.161356		TRACK	STATE	CURSOR	X	0.047943828065323955
10:48:41.161470		TRACK	STATE	CURSOR	Y	0.09775759220008913
10:48:41.181600		TRACK	STATE	CURSOR	X	0.04914577779047874
10:48:41.181732		TRACK	STATE	CURSOR	Y	0.09947073792080346
10:48:41.201991		TRACK	STATE	CURSOR	X	0.05035921870697601
10:48:41.202103		TRACK	STATE	CURSOR	Y	0.10118820438008093
10:48:41.222406		TRACK	STATE	CURSOR	X	0.05164564476176449
10:48:41.222514		TRACK	STATE	CURSOR	Y	0.1029958850522342
10:48:41.242606		TRACK	STATE	CURSOR	X	0.052882485963326356
10:48:41.242720		TRACK	STATE	CURSOR	Y	0.10472132416593234
10:48:41.262797		TRACK	STATE	CURSOR	X	0.05413066258091891
10:48:41.262909		TRACK	STATE	CURSOR	Y	0.10645021857666029
10:48:41.283248		TRACK	STATE	CURSOR	X	0.05545338871027648
10:48:41.283362		TRACK	STATE	CURSOR	Y	0.10826896373019443
10:48:41.303463		TRACK	STATE	CURSOR	X	0.056724632689272726
10:48:41.303570		TRACK	STATE	CURSOR	Y	0.11000404695710607
10:48:41.323618		TRACK	STATE	CURSOR	X	0.05800704307841723
10:48:41.323781		TRACK	STATE	CURSOR	Y	0.11174171085577922
10:48:41.343850		TRACK	STATE	CURSOR	X	0.05930056160386311
10:48:41.343994		TRACK	STATE	CURSOR	Y	0.11348166686638496
10:48:41.364035		TRACK	STATE	CURSOR	X	0.06060512858535076
10:48:41.364145		TRACK	STATE	CURSOR	Y	0.11522362561287354
10:48:41.384166		TRACK	STATE	CURSOR	X	0.06198674796216446
10:48:41.384282		TRACK	STATE	CURSOR	Y	0.11705452025298621
10:48:41.404377		TRACK	STATE	CURSOR	X	0.06331377179120193
10:48:41.404490		TRACK	STATE	CURSOR	Y	0.1187996767287642
10:48:41.424570		TRACK	STATE	CURSOR	X	0.0646516534120665
10:48:41.424677		TRACK	STATE	CURSOR	Y	0.12054594874647406
10:48:41.444725		TRACK	STATE	CURSOR	X	0.06600032749565209
10:48:41.444845		TRACK	STATE	CURSOR	Y	0.12229304406199466
10:48:41.464985		TRACK	STATE	CURSOR	X	0.06735972733065876
10:48:41.465095		TRACK	STATE	CURSOR	Y	0.12404066983178422
10:48:41.485230		TRACK	STATE	CURSOR	X	0.06879856622742353
10:48:41.485341		TRACK	STATE	CURSOR	Y	0.1258759267501189
10:48:41.505441		TRACK	STATE	CURSOR	X	0.07017973949192705
10:48:41.505557		TRACK	STATE	CURSOR	Y	0.1276237221501492
10:48:41.525632		TRACK	STATE	CURSOR	X	0.07157142655828382
10:48:41.525750		TRACK	STATE	CURSOR	Y	0.1293711515804217
10:48:41.545818		TRACK	STATE	CURSOR	X	0.07297355517399773
10:48:41.545926		TRACK	STATE	CURSOR	Y	0.13111792021385815
10:48:41.566109		TRACK	STATE	CURSOR	X	0.07438605173330703
10:48:41.566212		TRACK	STATE	CURSOR	Y	0.1328637328438057
10:48:41.586206		TRACK	STATE	CURSOR	X	0.0758802495891643
10:48:41.586308		TRACK	STATE	CURSOR	Y	0.1346954838235899
10:48:41.606340		TRACK	STATE	CURSOR	X	0.07731376464511955
10:48:41.606454		TRACK	STATE	CURSOR	Y	0.13643841238823062
10:48:41.626500		TRACK	STATE	CURSOR	X	0.07875741485524135
10:48:41.626613		TRACK	STATE	CURSOR	Y	0.1381794826808249
10:48:41.646688		TRACK	STATE	CURSOR	X	0.08021112119913743
10:48:41.646800		TRACK	STATE	CURSOR	Y	0.13991839840643905
10:48:41.666848		TRACK	STATE	CURSOR	X	0.08167480333670732
10:48:41.666956		TRACK	STATE	CURSOR	Y	0.14165486311265957
10:48:41.686955		TRACK	STATE	CURSOR	X	0.08314837961532623
10:48:41.687058		TRACK	STATE	CURSOR	Y	0.1433885802337648
10:48:41.707158		TRACK	STATE	CURSOR	X	0.08470619248804057
10:48:41.707276		TRACK	STATE	CURSOR	Y	0.14520570154789667
10:48:41.727418		TRACK	STATE	CURSOR	X	0.08619979098929739
10:48:41.727532		TRACK	STATE	CURSOR	Y	0.14693285873841455
10:48:41.747613		TRACK	STATE	CURSOR	X	0.08770302656211161
10:48:41.747730		TRACK	STATE	CURSOR	Y	0.14865636357856676
10:48:41.767882		TRACK	STATE	CURSOR	X	0.08921581231525963
10:48:41.767992		TRACK	STATE	CURSOR	Y	0.15037591949640566
10:48:41.787993		TRACK	STATE	CURSOR	X	0.09073806008396848
10:48:41.788092		TRACK	STATE	CURSOR	Y	0.15209123003038755
10:48:41.808111		TRACK	STATE	CURSOR	X	0.09234650586487347
10:48:41.808228		TRACK	STATE	CURSOR	Y	0.1538874127841472
10:48:41.828293		TRACK	STATE	CURSOR	X	0.09388786980954317
10:48:41.828411		TRACK	STATE	CURSOR	Y	0.15559309417074974
10:48:41.848552		TRACK	STATE	CURSOR	X	0.09543841908807615
10:48:41.848678		TRACK	STATE	CURSOR	Y	0.1572936271091126
10:48:41.868793		TRACK	STATE	CURSOR	X	0.09699806046390236
10:48:41.868901		TRACK	STATE	CURSOR	Y	0.15898871603873815
10:48:41.888925		TRACK	STATE	CURSOR	X	0.09856669947027433
10:48:41.889037		TRACK	STATE	CURSOR	Y	0.1606780657336923
10:48:41.909068		TRACK	STATE	CURSOR	X	0.10022334940981886
10:48:41.909177		TRACK	STATE	CURSOR	Y	0.1624453834498526
10:48:41.929182		TRACK	STATE	CURSOR	X	0.10181013308892445
10:48:41.929290		TRACK	STATE	CURSOR	Y	0.16412204641205738
10:48:41.949393		TRACK	STATE	CURSOR	X	0.1034056187725994
10:48:41.949525		TRACK	STATE	CURSOR	Y	0.16579207222802858
10:48:41.969557		TRACK	STATE	CURSOR	X	0.10500970710665111
10:48:41.969657		TRACK	STATE	CURSOR	Y	0.1674551674803056
10:48:41.989657		TRACK	STATE	CURSOR	X	0.10662229755434727
10:48:41.989766		TRACK	STATE	CURSOR	Y	0.169111039309777
10:48:42.009812		TRACK	STATE	CURSOR	X	0.10824328840634495
10:48:42.009921		TRACK	STATE	CURSOR	Y	0.17075939545988336
10:48:42.029979		TRACK	STATE	CURSOR	X	0.10987257679077644
10:48:42.030086		TRACK	STATE	CURSOR	Y	0.17239994432075784
10:48:42.050033		TRACK	STATE	CURSOR	X	0.11151005868349667
10:48:42.050127		TRACK	STATE	CURSOR	Y	0.17403239497331516
10:48:42.070328		TRACK	STATE	CURSOR	X	0.1132381178473055
10:48:42.070525		TRACK	STATE	CURSOR	Y	0.17573743495631688
10:48:42.091155		TRACK	STATE	CURSOR	X	0.11489206641903403
10:48:42.091337		TRACK	STATE	CURSOR	Y	0.17735237794589198
10:48:42.112022		TRACK	STATE	CURSOR	X	0.11663717973179243
10:48:42.112135		TRACK	STATE	CURSOR	Y	0.179038397348103
10:48:42.132164		TRACK	STATE	CURSOR	X	0.11839084312677227
10:48:42.132276		TRACK	STATE	CURSOR	Y	0.18071418244996457
10:48:42.152373		TRACK	STATE	CURSOR	X	0.12006883155442508
10:48:42.152472		TRACK	STATE	CURSOR	Y	0.18230034971477285
10:48:42.172559		TRACK	STATE	CURSOR	X	0.121754349041044
10:48:42.172677		TRACK	STATE	CURSOR	Y	0.18387664742980842
10:48:42.192734		TRACK	STATE	CURSOR	X	0.12344728363611206
10:48:42.192845		TRACK	STATE	CURSOR	Y	0.18544279089280175
10:48:42.212943		TRACK	STATE	CURSOR	X	0.12514752232611875
10:48:42.213042		TRACK	STATE	CURSOR	Y	0.18699849644852956
10:48:42.233089		TRACK	STATE	CURSOR	X	0.12694050916021019
10:48:42.233191		TRACK	STATE	CURSOR	Y	0.1886204443207238
10:48:42.253193		TRACK	STATE	CURSOR	X	0.12865536351226087
10:48:42.253281		TRACK	STATE	CURSOR	Y	0.1901538700386932
10:48:42.273358		TRACK	STATE	CURSOR	X	0.1303771708245574
10:48:42.273451		TRACK	STATE	CURSOR	Y	0.19167599961671972
10:48:42.293561		TRACK	STATE	CURSOR	X	0.13210581389903922
10:48:42.293654		TRACK	STATE	CURSOR	Y	0.1931865540810237
10:48:42.313787		TRACK	STATE	CURSOR	X	0.13384117453492256
10:48:42.313889		TRACK	STATE	CURSOR	Y	0.1946852557219234
10:48:42.334034		TRACK	STATE	CURSOR	X	0.13558313354106444
10:48:42.334149		TRACK	STATE	CURSOR	Y	0.19617182813638806
10:48:42.354348		TRACK	STATE	CURSOR	X	0.13741916049284997
10:48:42.354469		TRACK	STATE	CURSOR	Y	0.19771937414991908
10:48:42.374639		TRACK	STATE	CURSOR	X	0.1391742694237226
10:48:42.374751		TRACK	STATE	CURSOR	Y	0.19918022328559537
10:48:42.394882		TRACK	STATE	CURSOR	X	0.14093560720585407
10:48:42.395000		TRACK	STATE	CURSOR	Y	0.20062810867574438
10:48:42.415169		TRACK	STATE	CURSOR	X	0.14279158100078793
10:48:42.415287		TRACK	STATE	CURSOR	Y	0.20213413995112745
10:48:42.435403		TRACK	STATE	CURSOR	X	0.14456530215862762
10:48:42.435515		TRACK	STATE	CURSOR	Y	0.20355460511473145
10:48:42.455631		TRACK	STATE	CURSOR	X	0.14634487391550838
10:48:42.455788		TRACK	STATE	CURSOR	Y	0.20496128575555272
10:48:42.475934		TRACK	STATE	CURSOR	X	0.1481301704160603
10:48:42.476057		TRACK	STATE	CURSOR	Y	0.206353915957072
10:48:42.496584		TRACK	STATE	CURSOR	X	0.15001075430703165
10:48:42.496750		TRACK	STATE	CURSOR	Y	0.20780076674381914
10:48:42.517299		TRACK	STATE	CURSOR	X	0.15189736223606104
10:48:42.517424		TRACK	STATE	CURSOR	Y	0.20923153165238567
10:48:42.537678		TRACK	STATE	CURSOR	X	0.15369959614414752
10:48:42.537787		TRACK	STATE	CURSOR	Y	0.21057893359703245
10:48:42.557977		TRACK	STATE	CURSOR	X	0.15550702968056287
10:48:42.558128		TRACK	STATE	CURSOR	Y	0.21191121248480513
10:48:42.578284		TRACK	STATE	CURSOR	X	0.1574102884896674
10:48:42.578406		TRACK	STATE	CURSOR	Y	0.21329354783536922
10:48:42.598611		TRACK	STATE	CURSOR	X	0.15922797325007187
10:48:42.598737		TRACK	STATE	CURSOR	Y	0.2145940227205187
10:48:42.619420		TRACK	STATE	CURSOR	X	0.1611417057682749
10:48:42.619592		TRACK	STATE	CURSOR	Y	0.21594240296922018
10:48:42.640128		TRACK	STATE	CURSOR	X	0.16296908753310252
10:48:42.640261		TRACK	STATE	CURSOR	Y	0.21721000955919
10:48:42.660696		TRACK	STATE	CURSOR	X	0.16489270827750535
10:48:42.660847		TRACK	STATE	CURSOR	Y	0.21852332594332496
10:48:42.681460		TRACK	STATE	CURSOR	X	0.16682116473370606
10:48:42.681630		TRACK	STATE	CURSOR	Y	0.21981825921648754
10:48:42.701341		TRACK	STATE	CURSOR	X	0.16866214270718982
10:48:42.701455		TRACK	STATE	CURSOR	Y	0.22103417856302687
10:48:42.721864		TRACK	STATE	CURSOR	X	0.17050722926530282
10:48:42.721994		TRACK	STATE	CURSOR	Y	0.22223292368650324
10:48:42.742544		TRACK	STATE	CURSOR	X	0.17244884266709268
10:48:42.742686		TRACK	STATE	CURSOR	Y	0.223472858901768
10:48:42.763180		TRACK	STATE	CURSOR	X	0.17439467648171056
10:48:42.763286		TRACK	STATE	CURSOR	Y	0.22469331798545442
10:48:42.783478		TRACK	STATE	CURSOR	X	0.17625162922245186
10:48:42.783579		TRACK	STATE	CURSOR	Y	0.22583730268896182
10:48:42.803716		TRACK	STATE	CURSOR	X	0.17811212661198889
10:48:42.803820		TRACK	STATE	CURSOR	Y	0.22696314001291884
10:48:42.823864		TRACK	STATE	CURSOR	X	0.17997602941145677
10:48:42.823967		TRACK	STATE	CURSOR	Y	0.22807059833329368
10:48:42.844096		TRACK	STATE	CURSOR	X	0.18193663936872653
10:48:42.844205		TRACK	STATE	CURSOR	Y	0.2292133983005849
10:48:42.864253		TRACK	STATE	CURSOR	X	0.1838070853083346
10:48:42.864358		TRACK	STATE	CURSOR	Y	0.23028246539207745
10:48:42.884500		TRACK	STATE	CURSOR	X	0.18568050813462603
10:48:42.884588		TRACK	STATE	CURSOR	Y	0.23133246152555229
10:48:42.904515		TRACK	STATE	CURSOR	X	0.18755676614057648
10:48:42.904600		TRACK	STATE	CURSOR	Y	0.2323631647075055
10:48:42.924544		TRACK	STATE	CURSOR	X	0.1894357170491953
10:48:42.924627		TRACK	STATE	CURSOR	Y	0.23337435541270612
10:48:42.944576		TRACK	STATE	CURSOR	X	0.19131721802932597
10:48:42.944662		TRACK	STATE	CURSOR	Y	0.23436581661933759
10:48:42.964674		TRACK	STATE	CURSOR	X	0.193201125711528
10:48:42.964768		TRACK	STATE	CURSOR	Y	0.23533733384380362
10:48:42.984909		TRACK	STATE	CURSOR	X	0.19508729620404244
10:48:42.985011		TRACK	STATE	CURSOR	Y	0.23628869517520412
10:48:43.005104		TRACK	STATE	CURSOR	X	0.19707005256550794
10:48:43.005195		TRACK	STATE	CURSOR	Y	0.2372657028113936
10:48:43.025446		TRACK	STATE	CURSOR	X	0.19896040985869493
10:48:43.025528		TRACK	STATE	CURSOR	Y	0.238175093114941
10:48:43.045593		TRACK	STATE	CURSOR	X	0.20085258803354308
10:48:43.045686		TRACK	STATE	CURSOR	Y	0.23906369743980405
10:48:43.065818		TRACK	STATE	CURSOR	X	0.20274644124773614
10:48:43.065923		TRACK	STATE	CURSOR	Y	0.23993131463992226
10:48:43.086044		TRACK	STATE	CURSOR	X	0.20473662981701277
10:48:43.086129		TRACK	STATE	CURSOR	Y	0.24081950825307766
10:48:43.106100		TRACK	STATE	CURSOR	X	0.20663345908121047
10:48:43.106179		TRACK	STATE	CURSOR	Y	0.24164348462063917
10:48:43.126175		TRACK	STATE	CURSOR	X	0.20853151591409763
10:48:43.126270		TRACK	STATE	CURSOR	Y	0.24244587743605922
10:48:43.146354		TRACK	STATE	CURSOR	X	0.21043065279076975
10:48:43.146485		TRACK	STATE	CURSOR	Y	0.24322649685438485
10:48:43.167001		TRACK	STATE	CURSOR	X	0.21233072181262763
10:48:43.167114		TRACK	STATE	CURSOR	Y	0.24398515590078224
10:48:43.187204		TRACK	STATE	CURSOR	X	0.21432663528267912
10:48:43.187321		TRACK	STATE	CURSOR	Y	0.24475791167785466
10:48:43.207592		TRACK	STATE	CURSOR	X	0.21622815134586967
10:48:43.207726		TRACK	STATE	CURSOR	Y	0.24547097970857962
10:48:43.228160		TRACK	STATE	CURSOR	X	0.2182252559740859
10:48:43.228264		TRACK	STATE	CURSOR	Y	0.2461954688020324
10:48:43.248480		TRACK	STATE	CURSOR	X	0.22012759319724898
10:48:43.248585		TRACK	STATE	CURSOR	Y	0.2468621976692515
10:48:43.268672		TRACK	STATE	CURSOR	X	0.22203010308545362
10:48:43.268782		TRACK	STATE	CURSOR	Y	0.247506058356772
10:48:43.288861		TRACK	STATE	CURSOR	X	0.22393263582342285
10:48:43.288964		TRACK	STATE	CURSOR	Y	0.24812688205002192
10:48:43.308951		TRACK	STATE	CURSOR	X	0.2258350413416517
10:48:43.309050		TRACK	STATE	CURSOR	Y	0.24872450301464893
10:48:43.329090		TRACK	STATE	CURSOR	X	0.22773716933343086
10:48:43.329203		TRACK	STATE	CURSOR	Y	0.24929875862446035
10:48:43.349325		TRACK	STATE	CURSOR	X	0.22973394032953695
10:48:43.349421		TRACK	STATE	CURSOR	Y	0.2498764055823052
10:48:43.369457		TRACK	STATE	CURSOR	X	0.2316350285856003
10:48:43.369556		TRACK	STATE	CURSOR	Y	0.25040226706856056
10:48:43.389573		TRACK	STATE	CURSOR	X	0.23353537959233325
10:48:43.389668		TRACK	STATE	CURSOR	Y	0.2509042866707248
10:48:43.409784		TRACK	STATE	CURSOR	X	0.23543484225725303
10:48:43.409879		TRACK	STATE	CURSOR	Y	0.2513823146276296
10:48:43.430015		TRACK	STATE	CURSOR	X	0.23733326533723134
10:48:43.430124		TRACK	STATE	CURSOR	Y	0.2518362044208512
10:48:43.450380		TRACK	STATE	CURSOR	X	0.23932532508197385
10:48:43.450512		TRACK	STATE	CURSOR	Y	0.25228665330730227
10:48:43.470541		TRACK	STATE	CURSOR	X	0.2412211436451087
10:48:43.470649		TRACK	STATE	CURSOR	Y	0.2526906156320192
10:48:43.490682		TRACK	STATE	CURSOR	X	0.2431154605807527
10:48:43.490782		TRACK	STATE	CURSOR	Y	0.2530700132008399
10:48:43.510870		TRACK	STATE	CURSOR	X	0.2450081242122751
10:48:43.510986		TRACK	STATE	CURSOR	Y	0.2534247128828514
10:48:43.531134		TRACK	STATE	CURSOR	X	0.24699347562420132
10:48:43.531252		TRACK	STATE	CURSOR	Y	0.25377042450751874
10:48:43.551410		TRACK	STATE	CURSOR	X	0.24888227555528122
10:48:43.551512		TRACK	STATE	CURSOR	Y	0.25407409155290117
10:48:43.571539		TRACK	STATE	CURSOR	X	0.2507689592508461
10:48:43.571642		TRACK	STATE	CURSOR	Y	0.25435267554867835
10:48:43.591774		TRACK	STATE	CURSOR	X	0.25265337488520223
10:48:43.591898		TRACK	STATE	CURSOR	Y	0.2546060571369322
10:48:43.612021		TRACK	STATE	CURSOR	X	0.2545353706397725
10:48:43.612143		TRACK	STATE	CURSOR	Y	0.2548341204162812
10:48:43.632312		TRACK	STATE	CURSOR	X	0.256508695695837
10:48:43.632434		TRACK	STATE	CURSOR	Y	0.2550462150648307
10:48:43.652551		TRACK	STATE	CURSOR	X	0.2583852561968746
10:48:43.652660		TRACK	STATE	CURSOR	Y	0.2552220281744789
10:48:43.672683		TRACK	STATE	CURSOR	X	0.26025893399655764
10:48:43.672790		TRACK	STATE	CURSOR	Y	0.2553721910417696
10:48:43.692808		TRACK	STATE	CURSOR	X	0.26212957748333
10:48:43.692923		TRACK	STATE	CURSOR	Y	0.25549660197558133
10:48:43.712966		TRACK	STATE	CURSOR	X	0.2639970351407773
10:48:43.713077		TRACK	STATE	CURSOR	Y	0.255595162843214
10:48:43.733211		TRACK	STATE	CURSOR	X	0.2659542712698316
10:48:43.733345		TRACK	STATE	CURSOR	Y	0.2556707272081054
10:48:43.753505		TRACK	STATE	CURSOR	X	0.26781472479340473
10:48:43.753608		TRACK	STATE	CURSOR	Y	0.2557160037699303
10:48:43.773635		TRACK	STATE	CURSOR	X	0.2696715311314523
10:48:43.773750		TRACK	STATE	CURSOR	Y	0.2557351531303885
10:48:43.793902		TRACK	STATE	CURSOR	X	0.2715245393311351
10:48:43.794039		TRACK	STATE	CURSOR	Y	0.2557280917545377
10:48:43.814212		TRACK	STATE	CURSOR	X	0.2734659452267545
10:48:43.814328		TRACK	STATE	CURSOR	Y	0.2556923806435226
10:48:43.834390		TRACK	STATE	CURSOR	X	0.27531069611864456
10:48:43.834492		TRACK	STATE	CURSOR	Y	0.25563134152044475
10:48:43.854496		TRACK	STATE	CURSOR	X	0.277151189670482
10:48:43.854595		TRACK	STATE	CURSOR	Y	0.25554385947708635
10:48:43.874640		TRACK	STATE	CURSOR	X	0.27898727577848753
10:48:43.874756		TRACK	STATE	CURSOR	Y	0.2554298658500176
10:48:43.894823		TRACK	STATE	CURSOR	X	0.2808188045923652
10:48:43.894942		TRACK	STATE	CURSOR	Y	0.2552892956860563
10:48:43.915063		TRACK	STATE	CURSOR	X	0.28264562653262115
10:48:43.915177		TRACK	STATE	CURSOR	Y	0.25512208775639056
10:48:43.935301		TRACK	STATE	CURSOR	X	0.284558560448511
10:48:43.935402		TRACK	STATE	CURSOR	Y	0.25491778768041984
10:48:43.955413		TRACK	STATE	CURSOR	X	0.2863752669099945
10:48:43.955519		TRACK	STATE	CURSOR	Y	0.2546957967048783
10:48:43.975566		TRACK	STATE	CURSOR	X	0.2881868121326373
10:48:43.975692		TRACK	STATE	CURSOR	Y	0.254447004357099
10:48:43.995786		TRACK	STATE	CURSOR	X	0.28999304781029533
10:48:43.995893		TRACK	STATE	CURSOR	Y	0.2541713646257181
10:48:44.016050		TRACK	STATE	CURSOR	X	0.29179382599468384
10:48:44.016175		TRACK	STATE	CURSOR	Y	0.2538688352871339
10:48:44.036198		TRACK	STATE	CURSOR	X	0.29367860799363454
10:48:44.036292		TRACK	STATE	CURSOR	Y	0.25352219754992833
10:48:44.056367		TRACK	STATE	CURSOR	X	0.29546773739510424
10:48:44.056481		TRACK	STATE	CURSOR	Y	0.2531644285589111
10:48:44.076538		TRACK	STATE	CURSOR	X	0.29725096044926647
10:48:44.076653		TRACK	STATE	CURSOR	Y	0.25277966468409346
