#	date	

17:08:59.896829		MAIN	INFO	SCENARIO	FILENAME	complete_sysmon.txt
17:08:59.897050		MAIN	INFO	SCREENSIZE	WIDTH	1920
17:08:59.897149		MAIN	INFO	SCREENSIZE	HEIGHT	1080
17:08:59.912221		MAIN	INFO	COMMUNICATIONS	AOI_X	[0, 563]
17:08:59.912372		MAIN	INFO	COMMUNICATIONS	AOI_Y	[580, 1080]
17:08:59.915332		MAIN	INFO	SYSMON	AOI_X	[0, 668]
17:08:59.915451		MAIN	INFO	SYSMON	AOI_Y	[40, 540]
17:08:59.915678		MAIN	INFO	TRACK	AOI_X	[563, 1585]
17:08:59.915758		MAIN	INFO	TRACK	AOI_Y	[40, 540]
17:08:59.915931		MAIN	INFO	RESMAN	AOI_X	[563, 1585]
17:08:59.916012		MAIN	INFO	RESMAN	AOI_Y	[580, 1080]
17:08:59.916177		MAIN	INFO	PUMPSTATUS	AOI_X	[1576, 1919]
17:08:59.916257		MAIN	INFO	PUMPSTATUS	AOI_Y	[580, 1080]
17:08:59.916420		MAIN	INFO	SCHEDULING	AOI_X	[1576, 1919]
17:08:59.916497		MAIN	INFO	SCHEDULING	AOI_Y	[40, 540]
17:08:59.966935		MAIN	STATE	SYSMON	START
17:09:03.967989		MAIN	SCENARIO	SYSMON	LIGHTS-2-FAILURE	True
17:09:03.976000		SYSMON	STATE	E	FAILURE
17:09:06.843751		SYSMON	ACTION	E	MISS
17:09:06.843892		SYSMON	STATE	E	SAFE
17:09:08.967907		MAIN	SCENARIO	SYSMON	SCALES-1-FAILURE	down
17:09:08.985923		SYSMON	STATE	A	FAILURE
17:09:09.618842		MAIN	INPUT	KEY_RELEASE	65
17:09:09.618991		SYSMON	ACTION	A	HIT
17:09:09.619039		SYSMON	STATE	A	SAFE
17:09:13.967460		MAIN	SCENARIO	SYSMON	LIGHTS-1-FAILURE	True
17:09:13.995486		SYSMON	STATE	W	FAILURE
17:09:16.426608		MAIN	INPUT	KEY_RELEASE	70
17:09:16.426753		SYSMON	ACTION	W	MISS
17:09:16.426797		SYSMON	STATE	W	SAFE
17:09:18.967397		MAIN	SCENARIO	SYSMON	SCALES-2-FAILURE	up
17:09:19.004425		SYSMON	STATE	S	FAILURE
17:09:20.607359		MAIN	INPUT	KEY_RELEASE	70
17:09:20.607510		SYSMON	ACTION	S	MISS
17:09:20.607555		SYSMON	STATE	S	SAFE
17:09:23.967729		MAIN	SCENARIO	SYSMON	SCALES-3-FAILURE	down
17:09:24.013764		SYSMON	STATE	D	FAILURE
17:09:26.863720		SYSMON	ACTION	D	MISS
17:09:26.863871		SYSMON	STATE	D	SAFE
17:09:27.967649		MAIN	STATE	SYSMON	STOP
17:09:34.990435		MAIN	STATE		END
17:09:34.990927		MAIN	STATE		END
