#	date	

15:07:40.338321		MAIN	INFO	SCENARIO	FILENAME	complete_comm.txt
15:07:40.338635		MAIN	INFO	SCREENSIZE	WIDTH	1920
15:07:40.338781		MAIN	INFO	SCREENSIZE	HEIGHT	1080
15:07:40.344628		MAIN	INFO	COMMUNICATIONS	AOI_X	[0, 563]
15:07:40.344693		MAIN	INFO	COMMUNICATIONS	AOI_Y	[580, 1080]
15:07:40.344969		MAIN	INFO	SYSMON	AOI_X	[0, 668]
15:07:40.345023		MAIN	INFO	SYSMON	AOI_Y	[40, 540]
15:07:40.345135		MAIN	INFO	TRACK	AOI_X	[563, 1585]
15:07:40.345198		MAIN	INFO	TRACK	AOI_Y	[40, 540]
15:07:40.345302		MAIN	INFO	RESMAN	AOI_X	[563, 1585]
15:07:40.345340		MAIN	INFO	RESMAN	AOI_Y	[580, 1080]
15:07:40.345442		MAIN	INFO	PUMPSTATUS	AOI_X	[1576, 1919]
15:07:40.345480		MAIN	INFO	PUMPSTATUS	AOI_Y	[580, 1080]
15:07:40.345563		MAIN	INFO	SCHEDULING	AOI_X	[1576, 1919]
15:07:40.345601		MAIN	INFO	SCHEDULING	AOI_Y	[40, 540]
15:07:40.373454		MAIN	SCENARIO	COMMUNICATIONS	CALLSIGNREGEX	[A-Z][A-Z]\d\d
15:07:40.373571		MAIN	SCENARIO	COMMUNICATIONS	OTHERCALLSIGNNUMBER	5
15:07:40.373604		MAIN	SCENARIO	COMMUNICATIONS	VOICEGENDER	male
15:07:40.373639		MAIN	SCENARIO	COMMUNICATIONS	VOICEIDIOM	english
15:07:40.375515		COMMUN	STATE	OWNCALLSIGN		VX67
15:07:40.394189		COMMUN	STATE	OTHERCALLSIGN		['NK34', 'AF20', 'PZ91', 'OB85', 'UG60']
15:07:40.396481		MAIN	STATE	COMMUNICATIONS	START
15:07:45.397473		MAIN	SCENARIO	COMMUNICATIONS	RADIOPROMPT	own
15:07:45.402494		COMMUN	STATE	OWN	NAV_2	TARGET	116.1
15:07:45.440289		COMMUN	STATE	OWN	NAV_2	START_PROMPT
15:07:52.511683		MAIN	INPUT	KEY_RELEASE	16777237
15:07:52.511872		COMMUN	STATE	OWN	{'name': 'NAV_2', 'currentfreq': 121.9, 'targetfreq': 116.1, 'lasttarget': 116.1, 'index': 1, 'ui': <Helpers.WCom.WCom(0x557785f36b20) at 0x7fbd33ebc0c0>}	SELECTED
15:07:52.511971		COMMUN	STATE	OWN	NAV_1	131.4
15:07:56.962258		COMMUN	STATE	OWN	NAV_2	END_PROMPT
15:07:59.128438		MAIN	INPUT	KEY_RELEASE	16777234
15:07:59.128674		COMMUN	STATE	OWN	NAV_2	121.8
15:07:59.158995		MAIN	INPUT	KEY_RELEASE	16777234
15:07:59.159231		COMMUN	STATE	OWN	NAV_2	121.7
15:07:59.189081		MAIN	INPUT	KEY_RELEASE	16777234
15:07:59.189304		COMMUN	STATE	OWN	NAV_2	121.6
15:07:59.219427		MAIN	INPUT	KEY_RELEASE	16777234
15:07:59.219642		COMMUN	STATE	OWN	NAV_2	121.5
15:07:59.249713		MAIN	INPUT	KEY_RELEASE	16777234
15:07:59.249889		COMMUN	STATE	OWN	NAV_2	121.4
15:07:59.279830		MAIN	INPUT	KEY_RELEASE	16777234
15:07:59.279986		COMMUN	STATE	OWN	NAV_2	121.3
15:07:59.309509		MAIN	INPUT	KEY_RELEASE	16777234
15:07:59.309702		COMMUN	STATE	OWN	NAV_2	121.2
15:07:59.339373		MAIN	INPUT	KEY_RELEASE	16777234
15:07:59.339503		COMMUN	STATE	OWN	NAV_2	121.1
15:07:59.369354		MAIN	INPUT	KEY_RELEASE	16777234
15:07:59.369485		COMMUN	STATE	OWN	NAV_2	121.0
15:07:59.399537		MAIN	INPUT	KEY_RELEASE	16777234
15:07:59.399672		COMMUN	STATE	OWN	NAV_2	120.9
15:07:59.429122		MAIN	INPUT	KEY_RELEASE	16777234
15:07:59.429234		COMMUN	STATE	OWN	NAV_2	120.8
15:07:59.459583		MAIN	INPUT	KEY_RELEASE	16777234
15:07:59.459754		COMMUN	STATE	OWN	NAV_2	120.7
15:07:59.489217		MAIN	INPUT	KEY_RELEASE	16777234
15:07:59.489411		COMMUN	STATE	OWN	NAV_2	120.6
15:07:59.519596		MAIN	INPUT	KEY_RELEASE	16777234
15:07:59.519737		COMMUN	STATE	OWN	NAV_2	120.5
15:07:59.549852		MAIN	INPUT	KEY_RELEASE	16777234
15:07:59.550031		COMMUN	STATE	OWN	NAV_2	120.4
15:07:59.579244		MAIN	INPUT	KEY_RELEASE	16777234
15:07:59.579407		COMMUN	STATE	OWN	NAV_2	120.3
15:07:59.609213		MAIN	INPUT	KEY_RELEASE	16777234
15:07:59.609402		COMMUN	STATE	OWN	NAV_2	120.2
15:07:59.639630		MAIN	INPUT	KEY_RELEASE	16777234
15:07:59.639793		COMMUN	STATE	OWN	NAV_2	120.1
15:07:59.669838		MAIN	INPUT	KEY_RELEASE	16777234
15:07:59.669977		COMMUN	STATE	OWN	NAV_2	120.0
15:07:59.699265		MAIN	INPUT	KEY_RELEASE	16777234
15:07:59.699418		COMMUN	STATE	OWN	NAV_2	119.9
15:07:59.729692		MAIN	INPUT	KEY_RELEASE	16777234
15:07:59.729904		COMMUN	STATE	OWN	NAV_2	119.8
15:07:59.759712		MAIN	INPUT	KEY_RELEASE	16777234
15:07:59.759894		COMMUN	STATE	OWN	NAV_2	119.7
15:07:59.790097		MAIN	INPUT	KEY_RELEASE	16777234
15:07:59.790291		COMMUN	STATE	OWN	NAV_2	119.6
15:07:59.820294		MAIN	INPUT	KEY_RELEASE	16777234
15:07:59.820444		COMMUN	STATE	OWN	NAV_2	119.5
15:07:59.850800		MAIN	INPUT	KEY_RELEASE	16777234
15:07:59.850968		COMMUN	STATE	OWN	NAV_2	119.4
15:07:59.880300		MAIN	INPUT	KEY_RELEASE	16777234
15:07:59.880412		COMMUN	STATE	OWN	NAV_2	119.3
15:07:59.910900		MAIN	INPUT	KEY_RELEASE	16777234
15:07:59.911064		COMMUN	STATE	OWN	NAV_2	119.2
15:07:59.940480		MAIN	INPUT	KEY_RELEASE	16777234
15:07:59.940599		COMMUN	STATE	OWN	NAV_2	119.1
15:07:59.970736		MAIN	INPUT	KEY_RELEASE	16777234
15:07:59.970876		COMMUN	STATE	OWN	NAV_2	119.0
15:08:00.000401		MAIN	INPUT	KEY_RELEASE	16777234
15:08:00.000530		COMMUN	STATE	OWN	NAV_2	118.9
15:08:00.030307		MAIN	INPUT	KEY_RELEASE	16777234
15:08:00.030480		COMMUN	STATE	OWN	NAV_2	118.8
15:08:00.061015		MAIN	INPUT	KEY_RELEASE	16777234
15:08:00.061177		COMMUN	STATE	OWN	NAV_2	118.7
15:08:00.090930		MAIN	INPUT	KEY_RELEASE	16777234
15:08:00.091074		COMMUN	STATE	OWN	NAV_2	118.6
15:08:00.120278		MAIN	INPUT	KEY_RELEASE	16777234
15:08:00.120392		COMMUN	STATE	OWN	NAV_2	118.5
15:08:00.150570		MAIN	INPUT	KEY_RELEASE	16777234
15:08:00.150744		COMMUN	STATE	OWN	NAV_2	118.4
15:08:00.180348		MAIN	INPUT	KEY_RELEASE	16777234
15:08:00.180519		COMMUN	STATE	OWN	NAV_2	118.3
15:08:00.211103		MAIN	INPUT	KEY_RELEASE	16777234
15:08:00.211254		COMMUN	STATE	OWN	NAV_2	118.2
15:08:00.241909		MAIN	INPUT	KEY_RELEASE	16777234
15:08:00.242081		COMMUN	STATE	OWN	NAV_2	118.1
15:08:00.272091		MAIN	INPUT	KEY_RELEASE	16777234
15:08:00.272262		COMMUN	STATE	OWN	NAV_2	118.0
15:08:00.303038		MAIN	INPUT	KEY_RELEASE	16777234
15:08:00.303219		COMMUN	STATE	OWN	NAV_2	117.9
15:08:00.333170		MAIN	INPUT	KEY_RELEASE	16777234
15:08:00.333280		COMMUN	STATE	OWN	NAV_2	117.8
15:08:00.363889		MAIN	INPUT	KEY_RELEASE	16777234
15:08:00.364067		COMMUN	STATE	OWN	NAV_2	117.7
15:08:00.393330		MAIN	INPUT	KEY_RELEASE	16777234
15:08:00.393470		COMMUN	STATE	OWN	NAV_2	117.6
15:08:00.423970		MAIN	INPUT	KEY_RELEASE	16777234
15:08:00.424119		COMMUN	STATE	OWN	NAV_2	117.5
15:08:00.453212		MAIN	INPUT	KEY_RELEASE	16777234
15:08:00.453403		COMMUN	STATE	OWN	NAV_2	117.4
15:08:00.483414		MAIN	INPUT	KEY_RELEASE	16777234
15:08:00.483595		COMMUN	STATE	OWN	NAV_2	117.3
15:08:00.513274		MAIN	INPUT	KEY_RELEASE	16777234
15:08:00.513475		COMMUN	STATE	OWN	NAV_2	117.2
15:08:00.543905		MAIN	INPUT	KEY_RELEASE	16777234
15:08:00.544107		COMMUN	STATE	OWN	NAV_2	117.1
15:08:00.573528		MAIN	INPUT	KEY_RELEASE	16777234
15:08:00.573686		COMMUN	STATE	OWN	NAV_2	117.0
15:08:00.603743		MAIN	INPUT	KEY_RELEASE	16777234
15:08:00.603918		COMMUN	STATE	OWN	NAV_2	116.9
15:08:00.609551		MAIN	INPUT	KEY_RELEASE	16777234
15:08:00.609669		COMMUN	STATE	OWN	NAV_2	116.8
15:08:00.830595		MAIN	INPUT	KEY_RELEASE	16777234
15:08:00.830751		COMMUN	STATE	OWN	NAV_2	116.7
15:08:01.012406		MAIN	INPUT	KEY_RELEASE	16777234
15:08:01.012566		COMMUN	STATE	OWN	NAV_2	116.6
15:08:01.540291		MAIN	INPUT	KEY_RELEASE	16777234
15:08:01.540473		COMMUN	STATE	OWN	NAV_2	116.5
15:08:01.779687		MAIN	INPUT	KEY_RELEASE	16777234
15:08:01.779850		COMMUN	STATE	OWN	NAV_2	116.4
15:08:02.153325		MAIN	INPUT	KEY_RELEASE	16777234
15:08:02.153479		COMMUN	STATE	OWN	NAV_2	116.3
15:08:02.560095		MAIN	INPUT	KEY_RELEASE	16777234
15:08:02.560270		COMMUN	STATE	OWN	NAV_2	116.2
15:08:02.972152		MAIN	INPUT	KEY_RELEASE	16777234
15:08:02.972309		COMMUN	STATE	OWN	NAV_2	116.1
15:08:03.575875		MAIN	INPUT	KEY_RELEASE	16777220
15:08:03.575986		COMMUN	INPUT	KEY_RELEASE	RETURN	RESPONSE_END
15:08:10.397243		MAIN	SCENARIO	COMMUNICATIONS	RADIOPROMPT	other
15:08:10.427293		COMMUN	STATE	OTHER	COM_2	TARGET	135.4
15:08:10.454314		COMMUN	STATE	OTHER	COM_2	START_PROMPT
15:08:22.135582		COMMUN	STATE	OTHER	COM_2	END_PROMPT
15:08:30.397359		MAIN	SCENARIO	COMMUNICATIONS	RADIOPROMPT	own
15:08:30.441420		COMMUN	STATE	OWN	NAV_2	TARGET	110.5
15:08:30.467654		COMMUN	STATE	OWN	NAV_2	START_PROMPT
15:08:42.350119		COMMUN	STATE	OWN	NAV_2	END_PROMPT
15:08:42.835902		MAIN	INPUT	KEY_RELEASE	16777234
15:08:42.836068		COMMUN	STATE	OWN	NAV_2	116.0
15:08:42.865242		MAIN	INPUT	KEY_RELEASE	16777234
15:08:42.865378		COMMUN	STATE	OWN	NAV_2	115.9
15:08:42.895923		MAIN	INPUT	KEY_RELEASE	16777234
15:08:42.896068		COMMUN	STATE	OWN	NAV_2	115.8
15:08:42.925423		MAIN	INPUT	KEY_RELEASE	16777234
15:08:42.925555		COMMUN	STATE	OWN	NAV_2	115.7
15:08:42.955405		MAIN	INPUT	KEY_RELEASE	16777234
15:08:42.955635		COMMUN	STATE	OWN	NAV_2	115.6
15:08:42.985739		MAIN	INPUT	KEY_RELEASE	16777234
15:08:42.985937		COMMUN	STATE	OWN	NAV_2	115.5
15:08:43.016001		MAIN	INPUT	KEY_RELEASE	16777234
15:08:43.016161		COMMUN	STATE	OWN	NAV_2	115.4
15:08:43.046122		MAIN	INPUT	KEY_RELEASE	16777234
15:08:43.046282		COMMUN	STATE	OWN	NAV_2	115.3
15:08:43.076397		MAIN	INPUT	KEY_RELEASE	16777234
15:08:43.076582		COMMUN	STATE	OWN	NAV_2	115.2
15:08:43.106665		MAIN	INPUT	KEY_RELEASE	16777234
15:08:43.106843		COMMUN	STATE	OWN	NAV_2	115.1
15:08:43.137076		MAIN	INPUT	KEY_RELEASE	16777234
15:08:43.137241		COMMUN	STATE	OWN	NAV_2	115.0
15:08:43.167956		MAIN	INPUT	KEY_RELEASE	16777234
15:08:43.168120		COMMUN	STATE	OWN	NAV_2	114.9
15:08:43.197602		MAIN	INPUT	KEY_RELEASE	16777234
15:08:43.197755		COMMUN	STATE	OWN	NAV_2	114.8
15:08:43.227749		MAIN	INPUT	KEY_RELEASE	16777234
15:08:43.227890		COMMUN	STATE	OWN	NAV_2	114.7
15:08:43.257171		MAIN	INPUT	KEY_RELEASE	16777234
15:08:43.257328		COMMUN	STATE	OWN	NAV_2	114.6
15:08:43.287571		MAIN	INPUT	KEY_RELEASE	16777234
15:08:43.287713		COMMUN	STATE	OWN	NAV_2	114.5
15:08:43.317783		MAIN	INPUT	KEY_RELEASE	16777234
15:08:43.317894		COMMUN	STATE	OWN	NAV_2	114.4
15:08:43.347906		MAIN	INPUT	KEY_RELEASE	16777234
15:08:43.348045		COMMUN	STATE	OWN	NAV_2	114.3
15:08:43.377332		MAIN	INPUT	KEY_RELEASE	16777234
15:08:43.377473		COMMUN	STATE	OWN	NAV_2	114.2
15:08:43.407553		MAIN	INPUT	KEY_RELEASE	16777234
15:08:43.407673		COMMUN	STATE	OWN	NAV_2	114.1
15:08:43.437884		MAIN	INPUT	KEY_RELEASE	16777234
15:08:43.438036		COMMUN	STATE	OWN	NAV_2	114.0
15:08:43.467558		MAIN	INPUT	KEY_RELEASE	16777234
15:08:43.467760		COMMUN	STATE	OWN	NAV_2	113.9
15:08:43.497182		MAIN	INPUT	KEY_RELEASE	16777234
15:08:43.497350		COMMUN	STATE	OWN	NAV_2	113.8
15:08:43.527546		MAIN	INPUT	KEY_RELEASE	16777234
15:08:43.527732		COMMUN	STATE	OWN	NAV_2	113.7
15:08:43.558037		MAIN	INPUT	KEY_RELEASE	16777234
15:08:43.558209		COMMUN	STATE	OWN	NAV_2	113.6
15:08:43.588259		MAIN	INPUT	KEY_RELEASE	16777234
15:08:43.588390		COMMUN	STATE	OWN	NAV_2	113.5
15:08:43.618806		MAIN	INPUT	KEY_RELEASE	16777234
15:08:43.618994		COMMUN	STATE	OWN	NAV_2	113.4
15:08:43.648247		MAIN	INPUT	KEY_RELEASE	16777234
15:08:43.648418		COMMUN	STATE	OWN	NAV_2	113.3
15:08:43.678986		MAIN	INPUT	KEY_RELEASE	16777234
15:08:43.679147		COMMUN	STATE	OWN	NAV_2	113.2
15:08:43.708334		MAIN	INPUT	KEY_RELEASE	16777234
15:08:43.708501		COMMUN	STATE	OWN	NAV_2	113.1
15:08:43.738719		MAIN	INPUT	KEY_RELEASE	16777234
15:08:43.738894		COMMUN	STATE	OWN	NAV_2	113.0
15:08:43.768847		MAIN	INPUT	KEY_RELEASE	16777234
15:08:43.769009		COMMUN	STATE	OWN	NAV_2	112.9
15:08:43.798193		MAIN	INPUT	KEY_RELEASE	16777234
15:08:43.798313		COMMUN	STATE	OWN	NAV_2	112.8
15:08:43.828672		MAIN	INPUT	KEY_RELEASE	16777234
15:08:43.828816		COMMUN	STATE	OWN	NAV_2	112.7
15:08:43.858881		MAIN	INPUT	KEY_RELEASE	16777234
15:08:43.859036		COMMUN	STATE	OWN	NAV_2	112.6
15:08:43.888884		MAIN	INPUT	KEY_RELEASE	16777234
15:08:43.889035		COMMUN	STATE	OWN	NAV_2	112.5
15:08:43.918953		MAIN	INPUT	KEY_RELEASE	16777234
15:08:43.919070		COMMUN	STATE	OWN	NAV_2	112.4
15:08:43.948350		MAIN	INPUT	KEY_RELEASE	16777234
15:08:43.948500		COMMUN	STATE	OWN	NAV_2	112.3
15:08:43.978974		MAIN	INPUT	KEY_RELEASE	16777234
15:08:43.979161		COMMUN	STATE	OWN	NAV_2	112.2
15:08:44.008432		MAIN	INPUT	KEY_RELEASE	16777234
15:08:44.008597		COMMUN	STATE	OWN	NAV_2	112.1
15:08:44.038365		MAIN	INPUT	KEY_RELEASE	16777234
15:08:44.038533		COMMUN	STATE	OWN	NAV_2	112.0
15:08:44.068799		MAIN	INPUT	KEY_RELEASE	16777234
15:08:44.068956		COMMUN	STATE	OWN	NAV_2	111.9
15:08:44.098413		MAIN	INPUT	KEY_RELEASE	16777234
15:08:44.098581		COMMUN	STATE	OWN	NAV_2	111.8
15:08:44.129088		MAIN	INPUT	KEY_RELEASE	16777234
15:08:44.129242		COMMUN	STATE	OWN	NAV_2	111.7
15:08:44.159773		MAIN	INPUT	KEY_RELEASE	16777234
15:08:44.159969		COMMUN	STATE	OWN	NAV_2	111.6
15:08:44.189633		MAIN	INPUT	KEY_RELEASE	16777234
15:08:44.189794		COMMUN	STATE	OWN	NAV_2	111.5
15:08:44.220142		MAIN	INPUT	KEY_RELEASE	16777234
15:08:44.220266		COMMUN	STATE	OWN	NAV_2	111.4
15:08:44.250408		MAIN	INPUT	KEY_RELEASE	16777234
15:08:44.250586		COMMUN	STATE	OWN	NAV_2	111.3
15:08:44.280892		MAIN	INPUT	KEY_RELEASE	16777234
15:08:44.281059		COMMUN	STATE	OWN	NAV_2	111.2
15:08:44.310456		MAIN	INPUT	KEY_RELEASE	16777234
15:08:44.310587		COMMUN	STATE	OWN	NAV_2	111.1
15:08:44.340193		MAIN	INPUT	KEY_RELEASE	16777234
15:08:44.340322		COMMUN	STATE	OWN	NAV_2	111.0
15:08:44.370699		MAIN	INPUT	KEY_RELEASE	16777234
15:08:44.370892		COMMUN	STATE	OWN	NAV_2	110.9
15:08:44.400800		MAIN	INPUT	KEY_RELEASE	16777234
15:08:44.400930		COMMUN	STATE	OWN	NAV_2	110.8
15:08:44.430227		MAIN	INPUT	KEY_RELEASE	16777234
15:08:44.430391		COMMUN	STATE	OWN	NAV_2	110.7
15:08:44.460838		MAIN	INPUT	KEY_RELEASE	16777234
15:08:44.461001		COMMUN	STATE	OWN	NAV_2	110.6
15:08:44.490550		MAIN	INPUT	KEY_RELEASE	16777234
15:08:44.490776		COMMUN	STATE	OWN	NAV_2	110.5
15:08:44.521087		MAIN	INPUT	KEY_RELEASE	16777234
15:08:44.521262		COMMUN	STATE	OWN	NAV_2	110.4
15:08:44.551364		MAIN	INPUT	KEY_RELEASE	16777234
15:08:44.551484		COMMUN	STATE	OWN	NAV_2	110.3
15:08:44.581745		MAIN	INPUT	KEY_RELEASE	16777234
15:08:44.581900		COMMUN	STATE	OWN	NAV_2	110.2
15:08:44.611293		MAIN	INPUT	KEY_RELEASE	16777234
15:08:44.611432		COMMUN	STATE	OWN	NAV_2	110.1
15:08:44.641906		MAIN	INPUT	KEY_RELEASE	16777234
15:08:44.642058		COMMUN	STATE	OWN	NAV_2	110.0
15:08:44.671435		MAIN	INPUT	KEY_RELEASE	16777234
15:08:44.671578		COMMUN	STATE	OWN	NAV_2	109.9
15:08:44.701861		MAIN	INPUT	KEY_RELEASE	16777234
15:08:44.702019		COMMUN	STATE	OWN	NAV_2	109.8
15:08:44.731338		MAIN	INPUT	KEY_RELEASE	16777234
15:08:44.731481		COMMUN	STATE	OWN	NAV_2	109.7
15:08:44.731793		MAIN	INPUT	KEY_RELEASE	16777234
15:08:44.731885		COMMUN	STATE	OWN	NAV_2	109.6
15:08:45.102171		MAIN	INPUT	KEY_RELEASE	16777236
15:08:45.102402		COMMUN	STATE	OWN	NAV_2	109.7
15:08:45.298970		MAIN	INPUT	KEY_RELEASE	16777236
15:08:45.299139		COMMUN	STATE	OWN	NAV_2	109.8
15:08:45.475659		MAIN	INPUT	KEY_RELEASE	16777236
15:08:45.475832		COMMUN	STATE	OWN	NAV_2	109.9
15:08:45.748271		MAIN	INPUT	KEY_RELEASE	16777236
15:08:45.748415		COMMUN	STATE	OWN	NAV_2	110.0
15:08:46.319636		MAIN	INPUT	KEY_RELEASE	16777236
15:08:46.319799		COMMUN	STATE	OWN	NAV_2	110.1
15:08:46.334638		MAIN	INPUT	KEY_RELEASE	16777236
15:08:46.334761		COMMUN	STATE	OWN	NAV_2	110.2
15:08:46.935527		MAIN	INPUT	KEY_RELEASE	16777236
15:08:46.935735		COMMUN	STATE	OWN	NAV_2	110.3
15:08:47.169610		MAIN	INPUT	KEY_RELEASE	16777236
15:08:47.169782		COMMUN	STATE	OWN	NAV_2	110.4
15:08:47.631893		MAIN	INPUT	KEY_RELEASE	16777236
15:08:47.632073		COMMUN	STATE	OWN	NAV_2	110.5
15:08:48.491981		MAIN	INPUT	KEY_RELEASE	16777220
15:08:48.492092		COMMUN	INPUT	KEY_RELEASE	RETURN	RESPONSE_END
15:08:55.397164		MAIN	STATE	COMMUNICATIONS	STOP
15:09:00.423699		MAIN	STATE		END
15:09:00.424310		MAIN	STATE		END
