#	date	

14:04:57.357230		MAIN	INFO	SCENARIO	FILENAME	complete_comm.txt
14:04:57.357539		MAIN	INFO	SCREENSIZE	WIDTH	1920
14:04:57.357711		MAIN	INFO	SCREENSIZE	HEIGHT	1080
14:04:57.376638		MAIN	INFO	COMMUNICATIONS	AOI_X	[0, 563]
14:04:57.376703		MAIN	INFO	COMMUNICATIONS	AOI_Y	[580, 1080]
14:04:57.377972		MAIN	INFO	SYSMON	AOI_X	[0, 668]
14:04:57.378029		MAIN	INFO	SYSMON	AOI_Y	[40, 540]
14:04:57.378137		MAIN	INFO	TRACK	AOI_X	[563, 1585]
14:04:57.378177		MAIN	INFO	TRACK	AOI_Y	[40, 540]
14:04:57.378253		MAIN	INFO	RESMAN	AOI_X	[563, 1585]
14:04:57.378289		MAIN	INFO	RESMAN	AOI_Y	[580, 1080]
14:04:57.378361		MAIN	INFO	PUMPSTATUS	AOI_X	[1576, 1919]
14:04:57.378397		MAIN	INFO	PUMPSTATUS	AOI_Y	[580, 1080]
14:04:57.378468		MAIN	INFO	SCHEDULING	AOI_X	[1576, 1919]
14:04:57.378504		MAIN	INFO	SCHEDULING	AOI_Y	[40, 540]
14:04:57.400497		MAIN	SCENARIO	COMMUNICATIONS	CALLSIGNREGEX	[A-Z][A-Z]\d\d
14:04:57.400606		MAIN	SCENARIO	COMMUNICATIONS	OTHERCALLSIGNNUMBER	5
14:04:57.400635		MAIN	SCENARIO	COMMUNICATIONS	VOICEGENDER	male
14:04:57.400657		MAIN	SCENARIO	COMMUNICATIONS	VOICEIDIOM	english
14:04:57.402120		COMMUN	STATE	OWNCALLSIGN		CK05
14:04:57.422373		COMMUN	STATE	OTHERCALLSIGN		['RB37', 'MI61', 'HW49', 'TJ28', 'GY91']
14:04:57.424275		MAIN	STATE	COMMUNICATIONS	START
14:05:02.425770		MAIN	SCENARIO	COMMUNICATIONS	RADIOPROMPT	other
14:05:02.429817		COMMUN	STATE	OTHER	COM_1	TARGET	119.4
14:05:02.452249		COMMUN	STATE	OTHER	COM_1	START_PROMPT
14:05:08.937535		COMMUN	STATE	OTHER	COM_1	END_PROMPT
14:05:12.215359		MAIN	INPUT	KEY_RELEASE	16777249
14:05:12.266809		MAIN	INPUT	KEY_RELEASE	67
14:05:13.921388		MAIN	STATE		END
