#	date	

15:13:34.548694		MAIN	INFO	SCENARIO	FILENAME	complete_sysmon.txt
15:13:34.549653		MAIN	INFO	SCREENSIZE	WIDTH	1600
15:13:34.550152		MAIN	INFO	SCREENSIZE	HEIGHT	900
15:13:34.567409		MAIN	INFO	COMMUNICATIONS	AOI_X	[0, 469]
15:13:34.567709		MAIN	INFO	COMMUNICATIONS	AOI_Y	[483, 900]
15:13:34.568707		MAIN	INFO	SCHEDULING	AOI_X	[1313, 1600]
15:13:34.569013		MAIN	INFO	SCHEDULING	AOI_Y	[33, 450]
15:13:34.569558		MAIN	INFO	RESMAN	AOI_X	[469, 1321]
15:13:34.569802		MAIN	INFO	RESMAN	AOI_Y	[483, 900]
15:13:34.570289		MAIN	INFO	SYSMON	AOI_X	[0, 557]
15:13:34.570522		MAIN	INFO	SYSMON	AOI_Y	[33, 450]
15:13:34.571068		MAIN	INFO	TRACK	AOI_X	[469, 1321]
15:13:34.571307		MAIN	INFO	TRACK	AOI_Y	[33, 450]
15:13:34.571870		MAIN	INFO	PUMPSTATUS	AOI_X	[1313, 1600]
15:13:34.572111		MAIN	INFO	PUMPSTATUS	AOI_Y	[483, 900]
15:13:34.696263		MAIN	STATE	SYSMON	START
15:13:38.696863		MAIN	SCENARIO	SYSMON	LIGHTS-2-FAILURE	True
15:13:38.705899		SYSMON	STATE	E	FAILURE
15:13:39.588698		MAIN	INPUT	KEY_RELEASE	69
15:13:39.588914		SYSMON	ACTION	E	HIT
15:13:39.588987		SYSMON	STATE	E	SAFE
15:13:43.697501		MAIN	SCENARIO	SYSMON	SCALES-1-FAILURE	down
15:13:43.714579		SYSMON	STATE	A	FAILURE
15:13:46.756482		SYSMON	ACTION	A	MISS
15:13:46.756675		SYSMON	STATE	A	SAFE
15:13:48.697328		MAIN	SCENARIO	SYSMON	LIGHTS-1-FAILURE	True
15:13:48.722405		SYSMON	STATE	W	FAILURE
15:13:49.844785		MAIN	INPUT	KEY_RELEASE	87
15:13:49.844984		SYSMON	ACTION	W	HIT
15:13:49.845069		SYSMON	STATE	W	SAFE
15:13:53.697005		MAIN	SCENARIO	SYSMON	SCALES-2-FAILURE	up
15:13:53.727097		SYSMON	STATE	S	FAILURE
15:13:55.828919		MAIN	INPUT	KEY_RELEASE	83
15:13:55.829117		SYSMON	ACTION	S	HIT
15:13:55.829195		SYSMON	STATE	S	SAFE
15:13:57.444962		MAIN	INPUT	KEY_RELEASE	65
15:13:57.445141		SYSMON	ACTION	A	FA
15:13:58.697393		MAIN	SCENARIO	SYSMON	SCALES-3-FAILURE	down
15:13:58.732508		SYSMON	STATE	D	FAILURE
15:14:01.756472		SYSMON	ACTION	D	MISS
15:14:01.756688		SYSMON	STATE	D	SAFE
15:14:02.697283		MAIN	STATE	SYSMON	STOP
15:14:02.852990		MAIN	INPUT	KEY_RELEASE	68
15:14:09.710316		MAIN	STATE		END
15:14:09.711015		MAIN	STATE		END
