#	date	

15:41:26.665800		MAIN	INFO	SCENARIO	FILENAME	complete_track.txt
15:41:26.666310		MAIN	INFO	SCREENSIZE	WIDTH	1600
15:41:26.666609		MAIN	INFO	SCREENSIZE	HEIGHT	900
15:41:26.689157		MAIN	INFO	COMMUNICATIONS	AOI_X	[0, 469]
15:41:26.689473		MAIN	INFO	COMMUNICATIONS	AOI_Y	[483, 900]
15:41:26.690521		MAIN	INFO	SCHEDULING	AOI_X	[1313, 1600]
15:41:26.691116		MAIN	INFO	SCHEDULING	AOI_Y	[33, 450]
15:41:26.691738		MAIN	INFO	RESMAN	AOI_X	[469, 1321]
15:41:26.691956		MAIN	INFO	RESMAN	AOI_Y	[483, 900]
15:41:26.692309		MAIN	INFO	SYSMON	AOI_X	[0, 557]
15:41:26.692480		MAIN	INFO	SYSMON	AOI_Y	[33, 450]
15:41:26.692869		MAIN	INFO	TRACK	AOI_X	[469, 1321]
15:41:26.693170		MAIN	INFO	TRACK	AOI_Y	[33, 450]
15:41:26.693612		MAIN	INFO	PUMPSTATUS	AOI_X	[1313, 1600]
15:41:26.693788		MAIN	INFO	PUMPSTATUS	AOI_Y	[483, 900]
15:41:26.744720		MAIN	SCENARIO	TRACK	CURSORCOLOR	#009900
15:41:26.745263		TRACK	STATE	TARGET	X	0.5
15:41:26.745355		TRACK	STATE	TARGET	Y	0.5
15:41:26.745482		TRACK	STATE	TARGET	RADIUS	0.1
15:41:26.745543		TRACK	STATE		MODE	MANUAL
15:41:26.745591		MAIN	STATE	TRACK	START
15:41:26.766231		TRACK	STATE	CURSOR	X	-0.0055251087259057625
15:41:26.766371		TRACK	STATE	CURSOR	Y	0.11365877026351329
15:41:26.786101		TRACK	STATE	CURSOR	X	-0.005471493663948233
15:41:26.786200		TRACK	STATE	CURSOR	Y	0.11323516252851762
15:41:26.806148		TRACK	STATE	CURSOR	X	-0.0054224660187912055
15:41:26.806221		TRACK	STATE	CURSOR	Y	0.11279114028693811
15:41:26.826318		TRACK	STATE	CURSOR	X	-0.005378055132373272
15:41:26.826431		TRACK	STATE	CURSOR	Y	0.11232679675924297
15:41:26.846218		TRACK	STATE	CURSOR	X	-0.005338289435310052
15:41:26.846287		TRACK	STATE	CURSOR	Y	0.11184222839910386
15:41:26.866268		TRACK	STATE	CURSOR	X	-0.005303196439486263
15:41:26.866338		TRACK	STATE	CURSOR	Y	0.11133753487643346
15:41:26.886341		TRACK	STATE	CURSOR	X	-0.00527280273079093
15:41:26.886428		TRACK	STATE	CURSOR	Y	0.11081281905994611
15:41:26.906383		TRACK	STATE	CURSOR	X	-0.0052471339619933515
15:41:26.906468		TRACK	STATE	CURSOR	Y	0.1102681869992454
15:41:26.926475		TRACK	STATE	CURSOR	X	-0.005226214845765048
15:41:26.926558		TRACK	STATE	CURSOR	Y	0.10970374790643961
15:41:26.946501		TRACK	STATE	CURSOR	X	-0.005210069147845664
15:41:26.946585		TRACK	STATE	CURSOR	Y	0.10911961413728917
15:41:26.966556		TRACK	STATE	CURSOR	X	-0.005198719680355707
15:41:26.966639		TRACK	STATE	CURSOR	Y	0.10851590117189062
15:41:26.986624		TRACK	STATE	CURSOR	X	-0.005192188295256407
15:41:26.986776		TRACK	STATE	CURSOR	Y	0.10789272759489689
15:41:27.006685		TRACK	STATE	CURSOR	X	-0.005190495877958418
15:41:27.006781		TRACK	STATE	CURSOR	Y	0.10725021507527736
15:41:27.026746		TRACK	STATE	CURSOR	X	-0.005193662341079717
15:41:27.026837		TRACK	STATE	CURSOR	Y	0.10658848834562444
15:41:27.046834		TRACK	STATE	CURSOR	X	-0.0052017066183541
15:41:27.046957		TRACK	STATE	CURSOR	Y	0.10590767518100512
15:41:27.066913		TRACK	STATE	CURSOR	X	-0.005215422482913475
15:41:27.066996		TRACK	STATE	CURSOR	Y	0.10517242273888326
15:41:27.087013		TRACK	STATE	CURSOR	X	-0.005233521307990328
15:41:27.087127		TRACK	STATE	CURSOR	Y	0.1044528945643813
15:41:27.107041		TRACK	STATE	CURSOR	X	-0.0052565495883368325
15:41:27.107136		TRACK	STATE	CURSOR	Y	0.10371468823303187
15:41:27.127086		TRACK	STATE	CURSOR	X	-0.0052845222340569264
15:41:27.127178		TRACK	STATE	CURSOR	Y	0.10295794361643691
15:41:27.147141		TRACK	STATE	CURSOR	X	-0.005317453147945507
15:41:27.147219		TRACK	STATE	CURSOR	Y	0.10218280351507443
15:41:27.167184		TRACK	STATE	CURSOR	X	-0.005355355220329251
15:41:27.167278		TRACK	STATE	CURSOR	Y	0.10138941363448035
15:41:27.187235		TRACK	STATE	CURSOR	X	-0.0053982403240645516
15:41:27.187310		TRACK	STATE	CURSOR	Y	0.10057792256100284
15:41:27.207306		TRACK	STATE	CURSOR	X	-0.005446119309693594
15:41:27.207386		TRACK	STATE	CURSOR	Y	0.09974848173712873
15:41:27.227437		TRACK	STATE	CURSOR	X	-0.005499002000759913
15:41:27.227545		TRACK	STATE	CURSOR	Y	0.09890124543639282
15:41:27.247552		TRACK	STATE	CURSOR	X	-0.00555689718928315
15:41:27.247701		TRACK	STATE	CURSOR	Y	0.09803637073786471
15:41:27.267623		TRACK	STATE	CURSOR	X	-0.005619812631395003
15:41:27.267798		TRACK	STATE	CURSOR	Y	0.09715401750022364
15:41:27.287661		TRACK	STATE	CURSOR	X	-0.005687755043136382
15:41:27.287787		TRACK	STATE	CURSOR	Y	0.09625434833542477
15:41:27.307895		TRACK	STATE	CURSOR	X	-0.005760730096416672
15:41:27.308120		TRACK	STATE	CURSOR	Y	0.09533752858195721
15:41:27.327881		TRACK	STATE	CURSOR	X	-0.0058387424151356655
15:41:27.328009		TRACK	STATE	CURSOR	Y	0.09440372627770072
15:41:27.347990		TRACK	STATE	CURSOR	X	-0.005921795571469592
15:41:27.348086		TRACK	STATE	CURSOR	Y	0.093453112132384
15:41:27.367960		TRACK	STATE	CURSOR	X	-0.006014429326595359
15:41:27.368061		TRACK	STATE	CURSOR	Y	0.09243706325309896
15:41:27.497506		TRACK	STATE	CURSOR	X	-0.006705450789581337
15:41:27.497819		TRACK	STATE	CURSOR	Y	0.08580555027878628
15:41:27.521444		TRACK	STATE	CURSOR	X	-0.0068571270713093475
15:41:27.521653		TRACK	STATE	CURSOR	Y	0.08450022883937519
15:41:27.541677		TRACK	STATE	CURSOR	X	-0.006989046775773777
15:41:27.542013		TRACK	STATE	CURSOR	Y	0.08339592119380916
15:41:27.562171		TRACK	STATE	CURSOR	X	-0.00712597887343384
15:41:27.562551		TRACK	STATE	CURSOR	Y	0.08227678789774809
15:41:27.582661		TRACK	STATE	CURSOR	X	-0.0072751423534341
15:41:27.582808		TRACK	STATE	CURSOR	Y	0.0810859604745433
15:41:27.603332		TRACK	STATE	CURSOR	X	-0.0074298104658220565
15:41:27.603464		TRACK	STATE	CURSOR	Y	0.07987924206911994
15:41:27.623769		TRACK	STATE	CURSOR	X	-0.0075822192625105604
15:41:27.623903		TRACK	STATE	CURSOR	Y	0.07871542909441574
15:41:27.644197		TRACK	STATE	CURSOR	X	-0.0077475959231989395
15:41:27.644372		TRACK	STATE	CURSOR	Y	0.07747837022332488
15:41:27.664783		TRACK	STATE	CURSOR	X	-0.007910176290189244
15:41:27.664917		TRACK	STATE	CURSOR	Y	0.07628609840921677
15:41:27.685356		TRACK	STATE	CURSOR	X	-0.008086202218137125
15:41:27.685533		TRACK	STATE	CURSOR	Y	0.07501962138757119
15:41:27.705939		TRACK	STATE	CURSOR	X	-0.008258893005928173
15:41:27.706115		TRACK	STATE	CURSOR	Y	0.07379977840150469
15:41:27.726426		TRACK	STATE	CURSOR	X	-0.008445499064936884
15:41:27.726569		TRACK	STATE	CURSOR	Y	0.07250482485740038
15:41:27.746908		TRACK	STATE	CURSOR	X	-0.008628229732725312
15:41:27.747049		TRACK	STATE	CURSOR	Y	0.07125831645941132
15:41:27.767422		TRACK	STATE	CURSOR	X	-0.008825336921670516
15:41:27.767556		TRACK	STATE	CURSOR	Y	0.06993584669944593
15:41:27.787843		TRACK	STATE	CURSOR	X	-0.00901802753116914
15:41:27.787984		TRACK	STATE	CURSOR	Y	0.0686635961323554
15:41:27.808446		TRACK	STATE	CURSOR	X	-0.009225546980791052
15:41:27.808597		TRACK	STATE	CURSOR	Y	0.06731458849562119
15:41:27.829084		TRACK	STATE	CURSOR	X	-0.009438361923738018
15:41:27.829219		TRACK	STATE	CURSOR	Y	0.06595237282983195
15:41:27.849598		TRACK	STATE	CURSOR	X	-0.009645941172567516
15:41:27.849731		TRACK	STATE	CURSOR	Y	0.06464298606539835
15:41:27.870142		TRACK	STATE	CURSOR	X	-0.009869015253708646
15:41:27.870389		TRACK	STATE	CURSOR	Y	0.06325574475016109
15:41:27.890809		TRACK	STATE	CURSOR	X	-0.010086312181363308
15:41:27.890943		TRACK	STATE	CURSOR	Y	0.0619230081669733
15:41:27.911440		TRACK	STATE	CURSOR	X	-0.01031953177022829
15:41:27.911576		TRACK	STATE	CURSOR	Y	0.06051176191978116
15:41:27.931931		TRACK	STATE	CURSOR	X	-0.010546433474769523
15:41:27.932068		TRACK	STATE	CURSOR	Y	0.05915665517813103
15:41:27.952649		TRACK	STATE	CURSOR	X	-0.010789675113603098
15:41:27.952799		TRACK	STATE	CURSOR	Y	0.05772244039466504
15:41:27.973266		TRACK	STATE	CURSOR	X	-0.011037999006503763
15:41:27.973402		TRACK	STATE	CURSOR	Y	0.05627686749075326
15:41:27.993859		TRACK	STATE	CURSOR	X	-0.011279189775843615
15:41:27.993995		TRACK	STATE	CURSOR	Y	0.05488982581885527
15:41:28.014404		TRACK	STATE	CURSOR	X	-0.01153733042068932
15:41:28.014545		TRACK	STATE	CURSOR	Y	0.053422879847832096
15:41:28.034897		TRACK	STATE	CURSOR	X	-0.011787801162085915
15:41:28.035036		TRACK	STATE	CURSOR	Y	0.05201599205798296
15:41:28.055540		TRACK	STATE	CURSOR	X	-0.012055610544536013
15:41:28.055676		TRACK	STATE	CURSOR	Y	0.050528745724952674
15:41:28.076035		TRACK	STATE	CURSOR	X	-0.012328311736497696
15:41:28.076170		TRACK	STATE	CURSOR	Y	0.04903152138231439
15:41:28.096552		TRACK	STATE	CURSOR	X	-0.012592536065294877
15:41:28.096704		TRACK	STATE	CURSOR	Y	0.04759657903034898
15:41:28.117059		TRACK	STATE	CURSOR	X	-0.012874663749300722
15:41:28.117201		TRACK	STATE	CURSOR	Y	0.046080701313013624
15:41:28.137520		TRACK	STATE	CURSOR	X	-0.013147784794190745
15:41:28.137742		TRACK	STATE	CURSOR	Y	0.044628518386304154
15:41:28.158162		TRACK	STATE	CURSOR	X	-0.013439166670600855
15:41:28.158295		TRACK	STATE	CURSOR	Y	0.0430950917960627
15:41:28.178773		TRACK	STATE	CURSOR	X	-0.01372101577277863
15:41:28.178920		TRACK	STATE	CURSOR	Y	0.04162672570551657
15:41:28.199318		TRACK	STATE	CURSOR	X	-0.014021469973532116
15:41:28.199463		TRACK	STATE	CURSOR	Y	0.040076866117396186
15:41:28.219830		TRACK	STATE	CURSOR	X	-0.014311869392008847
15:41:28.220007		TRACK	STATE	CURSOR	Y	0.03859338475317136
15:41:28.240349		TRACK	STATE	CURSOR	X	-0.014621204546512131
15:41:28.240484		TRACK	STATE	CURSOR	Y	0.03702821867369142
15:41:28.260861		TRACK	STATE	CURSOR	X	-0.014919967523946809
15:41:28.261023		TRACK	STATE	CURSOR	Y	0.03553069969561775
15:41:28.281417		TRACK	STATE	CURSOR	X	-0.01523798283142271
15:41:28.281554		TRACK	STATE	CURSOR	Y	0.03395136351453155
15:41:28.302057		TRACK	STATE	CURSOR	X	-0.015560363270951607
15:41:28.302220		TRACK	STATE	CURSOR	Y	0.03236521255608746
15:41:28.322608		TRACK	STATE	CURSOR	X	-0.01587139897435147
15:41:28.322834		TRACK	STATE	CURSOR	Y	0.030848532872535608
15:41:28.343224		TRACK	STATE	CURSOR	X	-0.016202138181592534
15:41:28.343372		TRACK	STATE	CURSOR	Y	0.02924994734937833
15:41:28.363927		TRACK	STATE	CURSOR	X	-0.01652102898882345
15:41:28.364062		TRACK	STATE	CURSOR	Y	0.027721975682368536
15:41:28.384451		TRACK	STATE	CURSOR	X	-0.01685990283425638
15:41:28.384584		TRACK	STATE	CURSOR	Y	0.026112113472844218
15:41:28.404995		TRACK	STATE	CURSOR	X	-0.017202853439880178
15:41:28.405130		TRACK	STATE	CURSOR	Y	0.02449692617931747
15:41:28.425493		TRACK	STATE	CURSOR	X	-0.01753320616012193
15:41:28.425696		TRACK	STATE	CURSOR	Y	0.022953982282407026
15:41:28.446045		TRACK	STATE	CURSOR	X	-0.017883935175459525
15:41:28.446179		TRACK	STATE	CURSOR	Y	0.021329282686250613
15:41:28.466551		TRACK	STATE	CURSOR	X	-0.018221579422429534
15:41:28.466701		TRACK	STATE	CURSOR	Y	0.01977783807257454
15:41:28.487066		TRACK	STATE	CURSOR	X	-0.018579839987007952
15:41:28.487211		TRACK	STATE	CURSOR	Y	0.018144800698726902
15:41:28.507627		TRACK	STATE	CURSOR	X	-0.01892453642289854
15:41:28.507882		TRACK	STATE	CURSOR	Y	0.016585976563731623
15:41:28.528205		TRACK	STATE	CURSOR	X	-0.019290072816397413
15:41:28.528338		TRACK	STATE	CURSOR	Y	0.014945781201302641
15:41:28.548693		TRACK	STATE	CURSOR	X	-0.019641573720215955
15:41:28.548857		TRACK	STATE	CURSOR	Y	0.013380703382511183
15:41:28.569196		TRACK	STATE	CURSOR	X	-0.02001412147901351
15:41:28.569344		TRACK	STATE	CURSOR	Y	0.011734534304057959
15:41:28.589754		TRACK	STATE	CURSOR	X	-0.02037217086048061
15:41:28.589900		TRACK	STATE	CURSOR	Y	0.01016433253617986
15:41:28.610319		TRACK	STATE	CURSOR	X	-0.020751456900277993
15:41:28.610463		TRACK	STATE	CURSOR	Y	0.008513377714287987
15:41:28.630830		TRACK	STATE	CURSOR	X	-0.02111579061948392
15:41:28.630962		TRACK	STATE	CURSOR	Y	0.006939184881997191
15:41:28.651290		TRACK	STATE	CURSOR	X	-0.02150153336394232
15:41:28.651431		TRACK	STATE	CURSOR	Y	0.0052846352036504006
15:41:28.671867		TRACK	STATE	CURSOR	X	-0.021871879256696963
15:41:28.672013		TRACK	STATE	CURSOR	Y	0.0037075865924843542
15:41:28.692404		TRACK	STATE	CURSOR	X	-0.022263788772018494
15:41:28.692540		TRACK	STATE	CURSOR	Y	0.002050635071711612
15:41:28.712912		TRACK	STATE	CURSOR	X	-0.022639866780829215
15:41:28.713045		TRACK	STATE	CURSOR	Y	0.00047186761756690923
15:41:28.733520		TRACK	STATE	CURSOR	X	-0.02303764491621013
15:41:28.733711		TRACK	STATE	CURSOR	Y	-0.0011862913931452099
15:41:28.754141		TRACK	STATE	CURSOR	X	-0.023438310842170147
15:41:28.754287		TRACK	STATE	CURSOR	Y	-0.0028446061287370674
15:41:28.774649		TRACK	STATE	CURSOR	X	-0.023822507760695166
15:41:28.774791		TRACK	STATE	CURSOR	Y	-0.004423811454504376
15:41:28.795175		TRACK	STATE	CURSOR	X	-0.0242285761634643
15:41:28.795321		TRACK	STATE	CURSOR	Y	-0.006081526799056499
15:41:28.815710		TRACK	STATE	CURSOR	X	-0.024617767736107448
15:41:28.815856		TRACK	STATE	CURSOR	Y	-0.007659592469435063
15:41:28.836406		TRACK	STATE	CURSOR	X	-0.0250289204800479
15:41:28.836572		TRACK	STATE	CURSOR	Y	-0.009315514190695703
15:41:28.856883		TRACK	STATE	CURSOR	X	-0.02542280004455662
15:41:28.857030		TRACK	STATE	CURSOR	Y	-0.01089130342978481
15:41:28.877495		TRACK	STATE	CURSOR	X	-0.025838711315711638
15:41:28.877666		TRACK	STATE	CURSOR	Y	-0.012544238729379634
15:41:28.898135		TRACK	STATE	CURSOR	X	-0.026256931260524908
15:41:28.898280		TRACK	STATE	CURSOR	Y	-0.014195183153402574
15:41:28.918661		TRACK	STATE	CURSOR	X	-0.02665730144756263
15:41:28.918823		TRACK	STATE	CURSOR	Y	-0.015765374803800917
15:41:28.939176		TRACK	STATE	CURSOR	X	-0.027079773011197673
15:41:28.939311		TRACK	STATE	CURSOR	Y	-0.017411533537962126
15:41:28.959643		TRACK	STATE	CURSOR	X	-0.027484029238020114
15:41:28.959789		TRACK	STATE	CURSOR	Y	-0.01897660230214235
15:41:28.980172		TRACK	STATE	CURSOR	X	-0.027910408061204695
15:41:28.980320		TRACK	STATE	CURSOR	Y	-0.02061678962357049
15:41:29.000693		TRACK	STATE	CURSOR	X	-0.028318218977230265
15:41:29.000823		TRACK	STATE	CURSOR	Y	-0.02217560814502187
15:41:29.021324		TRACK	STATE	CURSOR	X	-0.028748153628874507
15:41:29.021471		TRACK	STATE	CURSOR	Y	-0.023808642525059626
15:41:29.041942		TRACK	STATE	CURSOR	X	-0.02915918123571039
15:41:29.042088		TRACK	STATE	CURSOR	Y	-0.025360087813914422
15:41:29.062539		TRACK	STATE	CURSOR	X	-0.029592313397427145
15:41:29.062675		TRACK	STATE	CURSOR	Y	-0.026984792698906534
15:41:29.083019		TRACK	STATE	CURSOR	X	-0.03002694236273105
15:41:29.083155		TRACK	STATE	CURSOR	Y	-0.02860477744875635
15:41:29.103644		TRACK	STATE	CURSOR	X	-0.03044217788270943
15:41:29.103791		TRACK	STATE	CURSOR	Y	-0.030142951463014978
15:41:29.124193		TRACK	STATE	CURSOR	X	-0.030879449851585018
15:41:29.124345		TRACK	STATE	CURSOR	Y	-0.031752838717181486
15:41:29.144761		TRACK	STATE	CURSOR	X	-0.03129702481065175
15:41:29.144896		TRACK	STATE	CURSOR	Y	-0.033280842509597154
15:41:29.165288		TRACK	STATE	CURSOR	X	-0.031736565009821895
15:41:29.165446		TRACK	STATE	CURSOR	Y	-0.03487947163494563
15:41:29.185937		TRACK	STATE	CURSOR	X	-0.03215611950423322
15:41:29.186072		TRACK	STATE	CURSOR	Y	-0.03639620341021262
15:41:29.206436		TRACK	STATE	CURSOR	X	-0.032597546960570746
15:41:29.206580		TRACK	STATE	CURSOR	Y	-0.03798242146259229
15:41:29.226985		TRACK	STATE	CURSOR	X	-0.03303979156962248
15:41:29.227131		TRACK	STATE	CURSOR	Y	-0.039561838834702906
15:41:29.247503		TRACK	STATE	CURSOR	X	-0.033461643026748124
15:41:29.247657		TRACK	STATE	CURSOR	Y	-0.04105944959897074
15:41:29.268015		TRACK	STATE	CURSOR	X	-0.03390518747133958
15:41:29.268150		TRACK	STATE	CURSOR	Y	-0.042624728721073334
15:41:29.288640		TRACK	STATE	CURSOR	X	-0.03432808914093117
15:41:29.288802		TRACK	STATE	CURSOR	Y	-0.04410833506248323
15:41:29.309293		TRACK	STATE	CURSOR	X	-0.03477253779373363
15:41:29.309441		TRACK	STATE	CURSOR	Y	-0.04565834565938429
15:41:29.330004		TRACK	STATE	CURSOR	X	-0.03521729458546174
15:41:29.330139		TRACK	STATE	CURSOR	Y	-0.04720010139591693
15:41:29.350515		TRACK	STATE	CURSOR	X	-0.035641062042814024
15:41:29.350648		TRACK	STATE	CURSOR	Y	-0.04866049810088755
15:41:29.371019		TRACK	STATE	CURSOR	X	-0.03608611448762031
15:41:29.371166		TRACK	STATE	CURSOR	Y	-0.050185296002893544
15:41:29.391699		TRACK	STATE	CURSOR	X	-0.03650996940184004
15:41:29.391867		TRACK	STATE	CURSOR	Y	-0.05162901578660625
15:41:29.412228		TRACK	STATE	CURSOR	X	-0.03695490859174843
15:41:29.412364		TRACK	STATE	CURSOR	Y	-0.053135752969890794
15:41:29.432755		TRACK	STATE	CURSOR	X	-0.03737845917073173
15:41:29.432892		TRACK	STATE	CURSOR	Y	-0.05456175118561918
15:41:29.453339		TRACK	STATE	CURSOR	X	-0.037822871308294335
15:41:29.453476		TRACK	STATE	CURSOR	Y	-0.05604933695959888
15:41:29.473883		TRACK	STATE	CURSOR	X	-0.03824572121333108
15:41:29.474019		TRACK	STATE	CURSOR	Y	-0.05745658091908023
15:41:29.494451		TRACK	STATE	CURSOR	X	-0.0386891878436706
15:41:29.494591		TRACK	STATE	CURSOR	Y	-0.05892393751034828
15:41:29.514926		TRACK	STATE	CURSOR	X	-0.03911093641225741
15:41:29.515083		TRACK	STATE	CURSOR	Y	-0.060311407169089386
15:41:29.535509		TRACK	STATE	CURSOR	X	-0.03955303465889739
15:41:29.535644		TRACK	STATE	CURSOR	Y	-0.06175747043688346
15:41:29.556194		TRACK	STATE	CURSOR	X	-0.03999426689310195
15:41:29.556331		TRACK	STATE	CURSOR	Y	-0.06319221988161626
15:41:29.576661		TRACK	STATE	CURSOR	X	-0.040413579935439946
15:41:29.576807		TRACK	STATE	CURSOR	Y	-0.0645478792146735
15:41:29.597211		TRACK	STATE	CURSOR	X	-0.04085279644908531
15:41:29.597345		TRACK	STATE	CURSOR	Y	-0.0659597536116779
15:41:29.617741		TRACK	STATE	CURSOR	X	-0.0412699840479737
15:41:29.617885		TRACK	STATE	CURSOR	Y	-0.06729313634689314
15:41:29.638217		TRACK	STATE	CURSOR	X	-0.0417067519209507
15:41:29.638353		TRACK	STATE	CURSOR	Y	-0.06868110890188764
15:41:29.658665		TRACK	STATE	CURSOR	X	-0.04212140004379797
15:41:29.658814		TRACK	STATE	CURSOR	Y	-0.06999124471322675
15:41:29.679299		TRACK	STATE	CURSOR	X	-0.04255528279069362
15:41:29.679432		TRACK	STATE	CURSOR	Y	-0.07135430470684845
15:41:29.699842		TRACK	STATE	CURSOR	X	-0.04296697412862823
15:41:29.700015		TRACK	STATE	CURSOR	Y	-0.0726402388996596
15:41:29.720312		TRACK	STATE	CURSOR	X	-0.04339753194992074
15:41:29.720456		TRACK	STATE	CURSOR	Y	-0.0739773923609413
15:41:29.741040		TRACK	STATE	CURSOR	X	-0.04382621543714844
15:41:29.741188		TRACK	STATE	CURSOR	Y	-0.0753008973086841
15:41:29.761536		TRACK	STATE	CURSOR	X	-0.044232636194740056
15:41:29.761721		TRACK	STATE	CURSOR	Y	-0.07654845687779423
15:41:29.782015		TRACK	STATE	CURSOR	X	-0.04465732396475377
15:41:29.782171		TRACK	STATE	CURSOR	Y	-0.07784458549939811
15:41:29.802642		TRACK	STATE	CURSOR	X	-0.04505972672630881
15:41:29.802774		TRACK	STATE	CURSOR	Y	-0.07906561822867594
15:41:29.823125		TRACK	STATE	CURSOR	X	-0.0454799717816885
15:41:29.823262		TRACK	STATE	CURSOR	Y	-0.08033342152900137
15:41:29.843582		TRACK	STATE	CURSOR	X	-0.04587792965674608
15:41:29.843727		TRACK	STATE	CURSOR	Y	-0.08152703259902576
15:41:29.864223		TRACK	STATE	CURSOR	X	-0.046293282591071454
15:41:29.864385		TRACK	STATE	CURSOR	Y	-0.08276558061095457
15:41:29.884818		TRACK	STATE	CURSOR	X	-0.04668636652011471
15:41:29.884965		TRACK	STATE	CURSOR	Y	-0.08393089362233236
15:41:29.905382		TRACK	STATE	CURSOR	X	-0.04709637578155418
15:41:29.905565		TRACK	STATE	CURSOR	Y	-0.08513927602973319
15:41:29.926083		TRACK	STATE	CURSOR	X	-0.04750347254746773
15:41:29.926213		TRACK	STATE	CURSOR	Y	-0.0863318617710187
15:41:29.946545		TRACK	STATE	CURSOR	X	-0.047888366945399885
15:41:29.946690		TRACK	STATE	CURSOR	Y	-0.08745276033899697
15:41:29.967058		TRACK	STATE	CURSOR	X	-0.0482894337207729
15:41:29.967230		TRACK	STATE	CURSOR	Y	-0.08861384258089693
15:41:29.987601		TRACK	STATE	CURSOR	X	-0.048668368400874275
15:41:29.987777		TRACK	STATE	CURSOR	Y	-0.08970432653520405
15:41:30.008134		TRACK	STATE	CURSOR	X	-0.04906294942209316
15:41:30.008281		TRACK	STATE	CURSOR	Y	-0.09083304699451482
15:41:30.028570		TRACK	STATE	CURSOR	X	-0.04943548971864196
15:41:30.028712		TRACK	STATE	CURSOR	Y	-0.09189230920593904
15:41:30.049092		TRACK	STATE	CURSOR	X	-0.04982312801985326
15:41:30.049235		TRACK	STATE	CURSOR	Y	-0.09298783133853382
15:41:30.069658		TRACK	STATE	CURSOR	X	-0.05018883825185821
15:41:30.069793		TRACK	STATE	CURSOR	Y	-0.09401508565223253
15:41:30.090313		TRACK	STATE	CURSOR	X	-0.05056907593780909
15:41:30.090446		TRACK	STATE	CURSOR	Y	-0.09507659521761021
15:41:30.110932		TRACK	STATE	CURSOR	X	-0.05092751966964434
15:41:30.111094		TRACK	STATE	CURSOR	Y	-0.0960710769841731
15:41:30.131394		TRACK	STATE	CURSOR	X	-0.05129989819013458
15:41:30.131538		TRACK	STATE	CURSOR	Y	-0.09709778259605865
15:41:30.151965		TRACK	STATE	CURSOR	X	-0.051668073568041865
15:41:30.152136		TRACK	STATE	CURSOR	Y	-0.0981063628777053
15:41:30.172506		TRACK	STATE	CURSOR	X	-0.05201469891941531
15:41:30.172684		TRACK	STATE	CURSOR	Y	-0.09904988285178133
15:41:30.193091		TRACK	STATE	CURSOR	X	-0.05237432108434631
15:41:30.193237		TRACK	STATE	CURSOR	Y	-0.10002250704873623
15:41:30.213595		TRACK	STATE	CURSOR	X	-0.052712581937231114
15:41:30.213753		TRACK	STATE	CURSOR	Y	-0.1009314318017986
15:41:30.234208		TRACK	STATE	CURSOR	X	-0.05306319191362562
15:41:30.234390		TRACK	STATE	CURSOR	Y	-0.10186736827546013
15:41:30.254710		TRACK	STATE	CURSOR	X	-0.05339265126700796
15:41:30.254857		TRACK	STATE	CURSOR	Y	-0.102741012698734
15:41:30.275248		TRACK	STATE	CURSOR	X	-0.05373379039868659
15:41:30.275416		TRACK	STATE	CURSOR	Y	-0.10363955448309764
15:41:30.295819		TRACK	STATE	CURSOR	X	-0.054054011688817134
15:41:30.295952		TRACK	STATE	CURSOR	Y	-0.1044772571976344
15:41:30.316336		TRACK	STATE	CURSOR	X	-0.0543852219186744
15:41:30.316483		TRACK	STATE	CURSOR	Y	-0.10533772248280589
15:41:30.337118		TRACK	STATE	CURSOR	X	-0.05469576928579923
15:41:30.337253		TRACK	STATE	CURSOR	Y	-0.10613884629251603
15:41:30.357597		TRACK	STATE	CURSOR	X	-0.05501659343620302
15:41:30.357758		TRACK	STATE	CURSOR	Y	-0.10696057889248811
15:41:30.378151		TRACK	STATE	CURSOR	X	-0.055331921201627755
15:41:30.378295		TRACK	STATE	CURSOR	Y	-0.10776222711810811
15:41:30.398690		TRACK	STATE	CURSOR	X	-0.05562701404561849
15:41:30.398851		TRACK	STATE	CURSOR	Y	-0.10850688102643874
15:41:30.419260		TRACK	STATE	CURSOR	X	-0.055931266685186255
15:41:30.419394		TRACK	STATE	CURSOR	Y	-0.10926885395718351
15:41:30.439769		TRACK	STATE	CURSOR	X	-0.056215595522069305
15:41:30.439917		TRACK	STATE	CURSOR	Y	-0.10997543775327262
15:41:30.460274		TRACK	STATE	CURSOR	X	-0.056508319307745546
15:41:30.460426		TRACK	STATE	CURSOR	Y	-0.110697145531925
15:41:30.480796		TRACK	STATE	CURSOR	X	-0.056781452871056626
15:41:30.480930		TRACK	STATE	CURSOR	Y	-0.11136511032159112
15:41:30.501535		TRACK	STATE	CURSOR	X	-0.057062195942263916
15:41:30.501679		TRACK	STATE	CURSOR	Y	-0.1120459902288497
15:41:30.522130		TRACK	STATE	CURSOR	X	-0.05733662824392909
15:41:30.522265		TRACK	STATE	CURSOR	Y	-0.11270574928877752
15:41:30.542759		TRACK	STATE	CURSOR	X	-0.05759201752326151
15:41:30.542905		TRACK	STATE	CURSOR	Y	-0.11331433000058805
15:41:30.563331		TRACK	STATE	CURSOR	X	-0.05785378998221344
15:41:30.563576		TRACK	STATE	CURSOR	Y	-0.11393246266484121
15:41:30.584015		TRACK	STATE	CURSOR	X	-0.058108905264058604
15:41:30.584151		TRACK	STATE	CURSOR	Y	-0.11452908184458531
15:41:30.604520		TRACK	STATE	CURSOR	X	-0.05834557628458842
15:41:30.604654		TRACK	STATE	CURSOR	Y	-0.11507717452973715
15:41:30.625063		TRACK	STATE	CURSOR	X	-0.05858735848184867
15:41:30.625201		TRACK	STATE	CURSOR	Y	-0.11563143302646313
15:41:30.645486		TRACK	STATE	CURSOR	X	-0.0588111207107797
15:41:30.645694		TRACK	STATE	CURSOR	Y	-0.11613896460388877
15:41:30.666107		TRACK	STATE	CURSOR	X	-0.05903912832121939
15:41:30.666240		TRACK	STATE	CURSOR	Y	-0.11665041271071412
15:41:30.686608		TRACK	STATE	CURSOR	X	-0.059249562807650626
15:41:30.686755		TRACK	STATE	CURSOR	Y	-0.11711696863009662
15:41:30.707216		TRACK	STATE	CURSOR	X	-0.05946335760697768
15:41:30.707347		TRACK	STATE	CURSOR	Y	-0.11758518557723385
15:41:30.727820		TRACK	STATE	CURSOR	X	-0.05966004865469507
15:41:30.727967		TRACK	STATE	CURSOR	Y	-0.11801037899450173
15:41:30.748362		TRACK	STATE	CURSOR	X	-0.05985919597527186
15:41:30.748509		TRACK	STATE	CURSOR	Y	-0.11843497325358908
15:41:30.768901		TRACK	STATE	CURSOR	X	-0.0600417314077046
15:41:30.769034		TRACK	STATE	CURSOR	Y	-0.11881844531204956
15:41:30.789370		TRACK	STATE	CURSOR	X	-0.06022580041619833
15:41:30.789512		TRACK	STATE	CURSOR	Y	-0.11919905488215034
15:41:30.810085		TRACK	STATE	CURSOR	X	-0.0604019808604026
15:41:30.810233		TRACK	STATE	CURSOR	Y	-0.11955700516958988
15:41:30.830582		TRACK	STATE	CURSOR	X	-0.06056233581408151
15:41:30.830728		TRACK	STATE	CURSOR	Y	-0.11987676765116044
15:41:30.851024		TRACK	STATE	CURSOR	X	-0.060722794339563825
15:41:30.851165		TRACK	STATE	CURSOR	Y	-0.12019024250936465
15:41:30.871639		TRACK	STATE	CURSOR	X	-0.0608679754851116
15:41:30.871797		TRACK	STATE	CURSOR	Y	-0.12046750728939458
15:41:30.892072		TRACK	STATE	CURSOR	X	-0.06101229210737791
15:41:30.892255		TRACK	STATE	CURSOR	Y	-0.12073622003451989
15:41:30.912586		TRACK	STATE	CURSOR	X	-0.061141901712006196
15:41:30.912728		TRACK	STATE	CURSOR	Y	-0.12097072852409364
15:41:30.933211		TRACK	STATE	CURSOR	X	-0.06126966124517733
15:41:30.933347		TRACK	STATE	CURSOR	Y	-0.12119442285636857
15:41:30.953774		TRACK	STATE	CURSOR	X	-0.061383306275379024
15:41:30.953921		TRACK	STATE	CURSOR	Y	-0.121385945501867
15:41:30.974295		TRACK	STATE	CURSOR	X	-0.06149409860297423
15:41:30.974445		TRACK	STATE	CURSOR	Y	-0.12156439570674536
15:41:30.995097		TRACK	STATE	CURSOR	X	-0.061596043305644
15:41:30.995232		TRACK	STATE	CURSOR	Y	-0.12171959464901692
15:41:31.015615		TRACK	STATE	CURSOR	X	-0.061684811325234255
15:41:31.015747		TRACK	STATE	CURSOR	Y	-0.12184574330239556
15:41:31.036126		TRACK	STATE	CURSOR	X	-0.061769178872486646
15:41:31.036273		TRACK	STATE	CURSOR	Y	-0.12195541528749067
15:41:31.056786		TRACK	STATE	CURSOR	X	-0.061841017372550496
15:41:31.057006		TRACK	STATE	CURSOR	Y	-0.12203813067168057
15:41:31.077409		TRACK	STATE	CURSOR	X	-0.061907411564301046
15:41:31.077564		TRACK	STATE	CURSOR	Y	-0.12210212758077184
15:41:31.098220		TRACK	STATE	CURSOR	X	-0.06196444839149281
15:41:31.098356		TRACK	STATE	CURSOR	Y	-0.12214268267036947
15:41:31.118668		TRACK	STATE	CURSOR	X	-0.06200997667876246
15:41:31.118842		TRACK	STATE	CURSOR	Y	-0.12215948829637756
15:41:31.139215		TRACK	STATE	CURSOR	X	-0.06204845250704095
15:41:31.139398		TRACK	STATE	CURSOR	Y	-0.12215420350994503
15:41:31.159774		TRACK	STATE	CURSOR	X	-0.06207612162003066
15:41:31.159909		TRACK	STATE	CURSOR	Y	-0.12212731516654457
15:41:31.180248		TRACK	STATE	CURSOR	X	-0.06209565582586196
15:41:31.180395		TRACK	STATE	CURSOR	Y	-0.12207612082123208
15:41:31.200835		TRACK	STATE	CURSOR	X	-0.06210510640352451
15:41:31.200994		TRACK	STATE	CURSOR	Y	-0.12200548708099342
15:41:31.221500		TRACK	STATE	CURSOR	X	-0.062105325016508096
15:41:31.221679		TRACK	STATE	CURSOR	Y	-0.12190834488069043
15:41:31.242071		TRACK	STATE	CURSOR	X	-0.06209550767960237
15:41:31.242205		TRACK	STATE	CURSOR	Y	-0.1217876637797589
15:41:31.262553		TRACK	STATE	CURSOR	X	-0.062076740111537354
15:41:31.262690		TRACK	STATE	CURSOR	Y	-0.12165084734060712
15:41:31.283092		TRACK	STATE	CURSOR	X	-0.06204705486577331
15:41:31.283259		TRACK	STATE	CURSOR	Y	-0.12148422022833148
15:41:31.303621		TRACK	STATE	CURSOR	X	-0.06200919499785962
15:41:31.303758		TRACK	STATE	CURSOR	Y	-0.12130366132494781
15:41:31.324153		TRACK	STATE	CURSOR	X	-0.06195928569816467
15:41:31.324289		TRACK	STATE	CURSOR	Y	-0.12109112899342055
15:41:31.344623		TRACK	STATE	CURSOR	X	-0.06190199790080755
15:41:31.344778		TRACK	STATE	CURSOR	Y	-0.12086688148646486
15:41:31.365246		TRACK	STATE	CURSOR	X	-0.0618315159315256
15:41:31.365379		TRACK	STATE	CURSOR	Y	-0.12060851625206064
15:41:31.385792		TRACK	STATE	CURSOR	X	-0.06175447186163543
15:41:31.385924		TRACK	STATE	CURSOR	Y	-0.12034066402501244
15:41:31.406349		TRACK	STATE	CURSOR	X	-0.06166307637845858
15:41:31.406493		TRACK	STATE	CURSOR	Y	-0.12003656972273195
15:41:31.427051		TRACK	STATE	CURSOR	X	-0.06156595520815128
15:41:31.427208		TRACK	STATE	CURSOR	Y	-0.11972522666703196
15:41:31.447561		TRACK	STATE	CURSOR	X	-0.061453313376421674
15:41:31.447735		TRACK	STATE	CURSOR	Y	-0.11937553862495244
15:41:31.468101		TRACK	STATE	CURSOR	X	-0.06132966303630762
15:41:31.468236		TRACK	STATE	CURSOR	Y	-0.11900256030097243
15:41:31.488602		TRACK	STATE	CURSOR	X	-0.06120158924742667
15:41:31.488760		TRACK	STATE	CURSOR	Y	-0.11862573360003233
15:41:31.509221		TRACK	STATE	CURSOR	X	-0.061056204982275576
15:41:31.509358		TRACK	STATE	CURSOR	Y	-0.11820742589199161
15:41:31.529875		TRACK	STATE	CURSOR	X	-0.06090728275014796
15:41:31.530022		TRACK	STATE	CURSOR	Y	-0.11778752659302223
15:41:31.550525		TRACK	STATE	CURSOR	X	-0.06073985287298641
15:41:31.550659		TRACK	STATE	CURSOR	Y	-0.11732410370110648
15:41:31.571030		TRACK	STATE	CURSOR	X	-0.06056101348421228
15:41:31.571175		TRACK	STATE	CURSOR	Y	-0.11683766612260098
15:41:31.591805		TRACK	STATE	CURSOR	X	-0.060380011163741615
15:41:31.591953		TRACK	STATE	CURSOR	Y	-0.11635305806617813
15:41:31.612411		TRACK	STATE	CURSOR	X	-0.06017867164815218
15:41:31.612556		TRACK	STATE	CURSOR	Y	-0.11582188853017701
15:41:31.632942		TRACK	STATE	CURSOR	X	-0.05997610184695982
15:41:31.633078		TRACK	STATE	CURSOR	Y	-0.11529481416141335
15:41:31.653409		TRACK	STATE	CURSOR	X	-0.05975197308109079
15:41:31.653596		TRACK	STATE	CURSOR	Y	-0.11471920513885525
15:41:31.674046		TRACK	STATE	CURSOR	X	-0.059516062830918086
15:41:31.674229		TRACK	STATE	CURSOR	Y	-0.11412095772650761
15:41:31.694315		TRACK	STATE	CURSOR	X	-0.05928036709610882
15:41:31.694451		TRACK	STATE	CURSOR	Y	-0.11353023262471273
15:41:31.714946		TRACK	STATE	CURSOR	X	-0.059033858576792
15:41:31.715089		TRACK	STATE	CURSOR	Y	-0.112919134859694
15:41:31.735637		TRACK	STATE	CURSOR	X	-0.058763321589879784
15:41:31.735773		TRACK	STATE	CURSOR	Y	-0.11225564778967358
15:41:31.756152		TRACK	STATE	CURSOR	X	-0.05848072889822085
15:41:31.756297		TRACK	STATE	CURSOR	Y	-0.11156989313323311
15:41:31.776979		TRACK	STATE	CURSOR	X	-0.058186013512323886
15:41:31.777126		TRACK	STATE	CURSOR	Y	-0.11086197590916665
15:41:31.797519		TRACK	STATE	CURSOR	X	-0.05789400158621005
15:41:31.797742		TRACK	STATE	CURSOR	Y	-0.11016726414345164
15:41:31.818239		TRACK	STATE	CURSOR	X	-0.05757543014059798
15:41:31.818386		TRACK	STATE	CURSOR	Y	-0.10941639526903087
15:41:31.838737		TRACK	STATE	CURSOR	X	-0.0572605826244795
15:41:31.838883		TRACK	STATE	CURSOR	Y	-0.10868098592867204
15:41:31.859323		TRACK	STATE	CURSOR	X	-0.05691791508705499
15:41:31.859468		TRACK	STATE	CURSOR	Y	-0.10788761136422202
15:41:31.879730		TRACK	STATE	CURSOR	X	-0.05658000828987759
15:41:31.879905		TRACK	STATE	CURSOR	Y	-0.10711194344005896
15:41:31.900272		TRACK	STATE	CURSOR	X	-0.056213014988473524
15:41:31.900403		TRACK	STATE	CURSOR	Y	-0.10627653904252336
15:41:31.920731		TRACK	STATE	CURSOR	X	-0.055851835173866375
15:41:31.920875		TRACK	STATE	CURSOR	Y	-0.10546107987615416
15:41:31.941310		TRACK	STATE	CURSOR	X	-0.05546029697988314
15:41:31.941456		TRACK	STATE	CURSOR	Y	-0.10458415113766839
15:41:31.961811		TRACK	STATE	CURSOR	X	-0.055075640538510134
15:41:31.961942		TRACK	STATE	CURSOR	Y	-0.10372939616345449
15:41:31.982523		TRACK	STATE	CURSOR	X	-0.05465934904518527
15:41:31.982721		TRACK	STATE	CURSOR	Y	-0.10281147793102274
15:41:32.003005		TRACK	STATE	CURSOR	X	-0.05423030184954167
15:41:32.003266		TRACK	STATE	CURSOR	Y	-0.10187278164477237
15:41:32.024040		TRACK	STATE	CURSOR	X	-0.05380978035712325
15:41:32.024300		TRACK	STATE	CURSOR	Y	-0.10095960657660753
15:41:32.043767		TRACK	STATE	CURSOR	X	-0.0533776011729897
15:41:32.043904		TRACK	STATE	CURSOR	Y	-0.10002785726349532
15:41:32.064472		TRACK	STATE	CURSOR	X	-0.052911221606385554
15:41:32.064621		TRACK	STATE	CURSOR	Y	-0.0990296804897921
15:41:32.085081		TRACK	STATE	CURSOR	X	-0.052431898283869814
15:41:32.085216		TRACK	STATE	CURSOR	Y	-0.09801134020969371
15:41:32.105630		TRACK	STATE	CURSOR	X	-0.05196332531962724
15:41:32.105789		TRACK	STATE	CURSOR	Y	-0.09702289870000624
15:41:32.126190		TRACK	STATE	CURSOR	X	-0.051458604155049915
15:41:32.126325		TRACK	STATE	CURSOR	Y	-0.09596567549335956
15:41:32.146648		TRACK	STATE	CURSOR	X	-0.050965766166206655
15:41:32.146789		TRACK	STATE	CURSOR	Y	-0.09494051516784192
15:41:32.167229		TRACK	STATE	CURSOR	X	-0.05043548919820137
15:41:32.167363		TRACK	STATE	CURSOR	Y	-0.09384507234880697
15:41:32.187765		TRACK	STATE	CURSOR	X	-0.049918241253433
15:41:32.187902		TRACK	STATE	CURSOR	Y	-0.09278383806694224
15:41:32.208383		TRACK	STATE	CURSOR	X	-0.049362262123802784
15:41:32.208516		TRACK	STATE	CURSOR	Y	-0.09165086642793348
15:41:32.228991		TRACK	STATE	CURSOR	X	-0.048820470410134674
15:41:32.229130		TRACK	STATE	CURSOR	Y	-0.09055422903108863
15:41:32.249513		TRACK	STATE	CURSOR	X	-0.048238654504509725
15:41:32.249657		TRACK	STATE	CURSOR	Y	-0.08938444644380024
15:41:32.270078		TRACK	STATE	CURSOR	X	-0.047643556843199875
15:41:32.270270		TRACK	STATE	CURSOR	Y	-0.0881960961418563
15:41:32.290597		TRACK	STATE	CURSOR	X	-0.04706442104070698
15:41:32.290743		TRACK	STATE	CURSOR	Y	-0.08704725336593104
15:41:32.311176		TRACK	STATE	CURSOR	X	-0.046443305644535214
15:41:32.311318		TRACK	STATE	CURSOR	Y	-0.08582322818304226
15:41:32.331702		TRACK	STATE	CURSOR	X	-0.04583933981392178
15:41:32.331848		TRACK	STATE	CURSOR	Y	-0.08464077958194716
15:41:32.352206		TRACK	STATE	CURSOR	X	-0.04519210215081465
15:41:32.352339		TRACK	STATE	CURSOR	Y	-0.08338186354309203
15:41:32.372692		TRACK	STATE	CURSOR	X	-0.04456321252793232
15:41:32.372835		TRACK	STATE	CURSOR	Y	-0.08216656802602822
15:41:32.393244		TRACK	STATE	CURSOR	X	-0.04388976025435254
15:41:32.393381		TRACK	STATE	CURSOR	Y	-0.0808735706977506
15:41:32.413805		TRACK	STATE	CURSOR	X	-0.043235864737402346
15:41:32.414081		TRACK	STATE	CURSOR	Y	-0.07962621127470515
15:41:32.434581		TRACK	STATE	CURSOR	X	-0.04253611781057542
15:41:32.434721		TRACK	STATE	CURSOR	Y	-0.07829996728950477
15:41:32.455134		TRACK	STATE	CURSOR	X	-0.04182287591190221
15:41:32.455268		TRACK	STATE	CURSOR	Y	-0.07695702574575224
15:41:32.475705		TRACK	STATE	CURSOR	X	-0.04113103684750639
15:41:32.475856		TRACK	STATE	CURSOR	Y	-0.07566271917499214
15:41:32.507736		MAIN	STATE		END
