#	date	

18:16:39.388011		MAIN	INFO	SCENARIO	FILENAME	complete_comm.txt
18:16:39.388011		MAIN	INFO	SCREENSIZE	WIDTH	1920
18:16:39.388011		MAIN	INFO	SCREENSIZE	HEIGHT	1080
18:16:39.428438		MAIN	INFO	COMMUNICATIONS	AOI_X	[0, 563]
18:16:39.429485		MAIN	INFO	COMMUNICATIONS	AOI_Y	[580, 1080]
18:16:39.430184		MAIN	INFO	PUMPSTATUS	AOI_X	[1576, 1919]
18:16:39.431223		MAIN	INFO	PUMPSTATUS	AOI_Y	[580, 1080]
18:16:39.431223		MAIN	INFO	RESMAN	AOI_X	[563, 1585]
18:16:39.431223		MAIN	INFO	RESMAN	AOI_Y	[580, 1080]
18:16:39.431983		MAIN	INFO	SCHEDULING	AOI_X	[1576, 1919]
18:16:39.434587		MAIN	INFO	SCHEDULING	AOI_Y	[40, 540]
18:16:39.435586		MAIN	INFO	SYSMON	AOI_X	[0, 668]
18:16:39.435586		MAIN	INFO	SYSMON	AOI_Y	[40, 540]
18:16:39.436832		MAIN	INFO	TRACK	AOI_X	[563, 1585]
18:16:39.436832		MAIN	INFO	TRACK	AOI_Y	[40, 540]
18:16:39.461459		MAIN	SCENARIO	COMMUNICATIONS	CALLSIGNREGEX	[A-Z][A-Z]\d\d
18:16:39.461956		MAIN	SCENARIO	COMMUNICATIONS	OTHERCALLSIGNNUMBER	5
18:16:39.462116		MAIN	SCENARIO	COMMUNICATIONS	VOICEGENDER	male
18:16:39.462709		MAIN	SCENARIO	COMMUNICATIONS	VOICEIDIOM	english
18:16:39.464971		COMMUN	STATE	OWNCALLSIGN		NL62
18:16:39.473028		COMMUN	STATE	OTHERCALLSIGN		['YV54', 'IO79', 'DJ81', 'FZ30', 'AM09']
18:16:39.475721		MAIN	STATE	COMMUNICATIONS	START
18:16:44.476548		MAIN	SCENARIO	COMMUNICATIONS	RADIOPROMPT	own
18:16:44.493446		COMMUN	STATE	OWN	COM_1	TARGET	127.3
18:16:44.611879		COMMUN	STATE	OWN	COM_1	START_PROMPT
18:16:48.614748		MAIN	INPUT	KEY_RELEASE	16777330
18:16:52.792921		MAIN	INPUT	KEY_RELEASE	16777237
18:16:52.793771		COMMUN	STATE	OWN	{'name': 'NAV_2', 'currentfreq': 121.1, 'targetfreq': None, 'lasttarget': None, 'index': 1, 'ui': <Helpers.WCom.WCom(0x18d2eedb430) at 0x0000018D2FA91880>}	SELECTED
18:16:52.796214		COMMUN	STATE	OWN	NAV_1	118.3
18:16:52.964811		MAIN	INPUT	KEY_RELEASE	16777237
18:16:52.964811		COMMUN	STATE	OWN	{'name': 'COM_1', 'currentfreq': 121.8, 'targetfreq': 127.3, 'lasttarget': 127.3, 'index': 2, 'ui': <Helpers.WCom.WCom(0x18d2eedab70) at 0x0000018D2FA918C0>}	SELECTED
18:16:52.965813		COMMUN	STATE	OWN	NAV_2	121.1
18:16:53.176546		MAIN	INPUT	KEY_RELEASE	16777237
18:16:53.176546		COMMUN	STATE	OWN	{'name': 'COM_2', 'currentfreq': 127.9, 'targetfreq': None, 'lasttarget': None, 'index': 3, 'ui': <Helpers.WCom.WCom(0x18d2eedb7b0) at 0x0000018D2FA91BC0>}	SELECTED
18:16:53.177518		COMMUN	STATE	OWN	COM_1	121.8
18:16:53.753103		MAIN	INPUT	KEY_RELEASE	16777235
18:16:53.753632		COMMUN	STATE	OWN	{'name': 'COM_1', 'currentfreq': 121.8, 'targetfreq': 127.3, 'lasttarget': 127.3, 'index': 2, 'ui': <Helpers.WCom.WCom(0x18d2eedab70) at 0x0000018D2FA918C0>}	SELECTED
18:16:53.754034		COMMUN	STATE	OWN	COM_2	127.9
18:16:56.634116		COMMUN	STATE	OWN	COM_1	END_PROMPT
18:16:59.695989		MAIN	STATE		END
