#	date	

18:12:02.661062		MAIN	INFO	SCENARIO	FILENAME	sample_scenario_complete.txt
18:12:02.661561		MAIN	INFO	SCREENSIZE	WIDTH	1600
18:12:02.661836		MAIN	INFO	SCREENSIZE	HEIGHT	900
18:12:02.669451		MAIN	INFO	COMMUNICATIONS	AOI_X	[0, 469]
18:12:02.669563		MAIN	INFO	COMMUNICATIONS	AOI_Y	[483, 900]
18:12:02.669954		MAIN	INFO	SCHEDULING	AOI_X	[1313, 1600]
18:12:02.670048		MAIN	INFO	SCHEDULING	AOI_Y	[33, 450]
18:12:02.670230		MAIN	INFO	RESMAN	AOI_X	[469, 1321]
18:12:02.670310		MAIN	INFO	RESMAN	AOI_Y	[483, 900]
18:12:02.670474		MAIN	INFO	SYSMON	AOI_X	[0, 557]
18:12:02.670552		MAIN	INFO	SYSMON	AOI_Y	[33, 450]
18:12:02.670735		MAIN	INFO	TRACK	AOI_X	[469, 1321]
18:12:02.670813		MAIN	INFO	TRACK	AOI_Y	[33, 450]
18:12:02.671005		MAIN	INFO	PUMPSTATUS	AOI_X	[1313, 1600]
18:12:02.671086		MAIN	INFO	PUMPSTATUS	AOI_Y	[483, 900]
18:12:02.716926		MAIN	SCENARIO	COMMUNICATIONS	CALLSIGNREGEX	[A-Z][A-Z]\d\d
18:12:02.717037		MAIN	SCENARIO	COMMUNICATIONS	OTHERCALLSIGNNUMBER	5
18:12:02.717094		MAIN	SCENARIO	COMMUNICATIONS	VOICEGENDER	male
18:12:02.717144		MAIN	SCENARIO	COMMUNICATIONS	VOICEIDIOM	english
18:12:02.719626		COMMUN	STATE	OWNCALLSIGN		CI34
18:12:02.720817		COMMUN	STATE	OTHERCALLSIGN		['QP07', 'GS16', 'EL95', 'AR82', 'ZF59']
18:12:02.723261		MAIN	STATE	COMMUNICATIONS	START
18:12:07.724083		MAIN	SCENARIO	COMMUNICATIONS	RADIOPROMPT	other
18:12:07.740132		COMMUN	STATE	OTHER	COM_2	TARGET	120.1
18:12:07.796527		COMMUN	STATE	OTHER	COM_2	START_PROMPT
18:12:19.581959		COMMUN	STATE	OTHER	COM_2	END_PROMPT
18:12:27.723620		MAIN	SCENARIO	COMMUNICATIONS	RADIOPROMPT	own
18:12:27.755741		COMMUN	STATE	OWN	NAV_1	TARGET	128.9
18:12:27.791609		COMMUN	STATE	OWN	NAV_1	START_PROMPT
18:12:30.433393		MAIN	STATE		END
