#	date	

18:21:05.953653		MAIN	INFO	SCENARIO	FILENAME	sample_scenario_complete.txt
18:21:05.954082		MAIN	INFO	SCREENSIZE	WIDTH	1600
18:21:05.954976		MAIN	INFO	SCREENSIZE	HEIGHT	900
18:21:05.973200		MAIN	INFO	COMMUNICATIONS	AOI_X	[0, 469]
18:21:05.973534		MAIN	INFO	COMMUNICATIONS	AOI_Y	[483, 900]
18:21:05.974575		MAIN	INFO	SCHEDULING	AOI_X	[1313, 1600]
18:21:05.974881		MAIN	INFO	SCHEDULING	AOI_Y	[33, 450]
18:21:05.975475		MAIN	INFO	RESMAN	AOI_X	[469, 1321]
18:21:05.975751		MAIN	INFO	RESMAN	AOI_Y	[483, 900]
18:21:05.976292		MAIN	INFO	SYSMON	AOI_X	[0, 557]
18:21:05.976560		MAIN	INFO	SYSMON	AOI_Y	[33, 450]
18:21:05.977169		MAIN	INFO	TRACK	AOI_X	[469, 1321]
18:21:05.977455		MAIN	INFO	TRACK	AOI_Y	[33, 450]
18:21:05.978087		MAIN	INFO	PUMPSTATUS	AOI_X	[1313, 1600]
18:21:05.978342		MAIN	INFO	PUMPSTATUS	AOI_Y	[483, 900]
18:21:06.053054		MAIN	SCENARIO	COMMUNICATIONS	CALLSIGNREGEX	[A-Z][A-Z]\d\d
18:21:06.053171		MAIN	SCENARIO	COMMUNICATIONS	OTHERCALLSIGNNUMBER	5
18:21:06.053264		MAIN	SCENARIO	COMMUNICATIONS	VOICEGENDER	male
18:21:06.053350		MAIN	SCENARIO	COMMUNICATIONS	VOICEIDIOM	english
18:21:06.055139		COMMUN	STATE	OWNCALLSIGN		ZB48
18:21:06.069444		COMMUN	STATE	OTHERCALLSIGN		['PL39', 'DA71', 'EG26', 'XS50', 'QK65']
18:21:06.071197		MAIN	STATE	COMMUNICATIONS	START
18:21:11.071572		MAIN	SCENARIO	COMMUNICATIONS	RADIOPROMPT	own
18:21:11.094712		COMMUN	STATE	OWN	COM_2	TARGET	131.4
18:21:11.139211		COMMUN	STATE	OWN	COM_2	START_PROMPT
18:21:17.709987		MAIN	STATE		END
18:21:29.312102		MAIN	INFO	SCENARIO	FILENAME	sample_scenario_complete.txt
18:21:29.312619		MAIN	INFO	SCREENSIZE	WIDTH	1600
18:21:29.312886		MAIN	INFO	SCREENSIZE	HEIGHT	900
18:21:29.330898		MAIN	INFO	COMMUNICATIONS	AOI_X	[0, 469]
18:21:29.331235		MAIN	INFO	COMMUNICATIONS	AOI_Y	[483, 900]
18:21:29.332297		MAIN	INFO	SCHEDULING	AOI_X	[1313, 1600]
18:21:29.332646		MAIN	INFO	SCHEDULING	AOI_Y	[33, 450]
18:21:29.333270		MAIN	INFO	RESMAN	AOI_X	[469, 1321]
18:21:29.333574		MAIN	INFO	RESMAN	AOI_Y	[483, 900]
18:21:29.334129		MAIN	INFO	SYSMON	AOI_X	[0, 557]
18:21:29.334392		MAIN	INFO	SYSMON	AOI_Y	[33, 450]
18:21:29.335008		MAIN	INFO	TRACK	AOI_X	[469, 1321]
18:21:29.335280		MAIN	INFO	TRACK	AOI_Y	[33, 450]
18:21:29.335887		MAIN	INFO	PUMPSTATUS	AOI_X	[1313, 1600]
18:21:29.336120		MAIN	INFO	PUMPSTATUS	AOI_Y	[483, 900]
18:21:29.425674		MAIN	SCENARIO	COMMUNICATIONS	CALLSIGNREGEX	[A-Z][A-Z]\d\d
18:21:29.425821		MAIN	SCENARIO	COMMUNICATIONS	OTHERCALLSIGNNUMBER	5
18:21:29.425880		MAIN	SCENARIO	COMMUNICATIONS	VOICEGENDER	male
18:21:29.425933		MAIN	SCENARIO	COMMUNICATIONS	VOICEIDIOM	english
18:21:29.427736		COMMUN	STATE	OWNCALLSIGN		JM93
18:21:29.430439		COMMUN	STATE	OTHERCALLSIGN		['IT67', 'FV80', 'AD54', 'UW12', 'QY13']
18:21:29.432621		MAIN	STATE	COMMUNICATIONS	START
18:21:34.433655		MAIN	SCENARIO	COMMUNICATIONS	RADIOPROMPT	own
18:21:34.463788		COMMUN	STATE	OWN	NAV_2	TARGET	128.8
18:21:34.512266		COMMUN	STATE	OWN	NAV_2	START_PROMPT
18:21:41.772239		MAIN	INPUT	KEY_RELEASE	16777237
18:21:41.772456		COMMUN	STATE	OWN	{'name': 'NAV_2', 'currentfreq': 134.2, 'targetfreq': 128.8, 'lasttarget': 128.8, 'index': 1, 'ui': <Helpers.WCom.WCom(0x181def0) at 0x7f5071bb1780>}	SELECTED
18:21:41.772614		COMMUN	STATE	OWN	NAV_1	127.5
18:21:46.004438		COMMUN	STATE	OWN	NAV_2	END_PROMPT
18:21:46.732307		MAIN	INPUT	KEY_RELEASE	16777234
18:21:46.732516		COMMUN	STATE	OWN	NAV_2	134.1
18:21:46.892296		MAIN	INPUT	KEY_RELEASE	16777234
18:21:46.892493		COMMUN	STATE	OWN	NAV_2	134.0
18:21:47.052313		MAIN	INPUT	KEY_RELEASE	16777234
18:21:47.052535		COMMUN	STATE	OWN	NAV_2	133.9
18:21:47.632866		MAIN	INPUT	KEY_RELEASE	16777234
18:21:47.633165		COMMUN	STATE	OWN	NAV_2	133.8
18:21:47.682648		MAIN	INPUT	KEY_RELEASE	16777234
18:21:47.682901		COMMUN	STATE	OWN	NAV_2	133.7
18:21:47.732840		MAIN	INPUT	KEY_RELEASE	16777234
18:21:47.733157		COMMUN	STATE	OWN	NAV_2	133.6
18:21:47.782848		MAIN	INPUT	KEY_RELEASE	16777234
18:21:47.783119		COMMUN	STATE	OWN	NAV_2	133.5
18:21:47.832757		MAIN	INPUT	KEY_RELEASE	16777234
18:21:47.833046		COMMUN	STATE	OWN	NAV_2	133.4
18:21:47.882675		MAIN	INPUT	KEY_RELEASE	16777234
18:21:47.882933		COMMUN	STATE	OWN	NAV_2	133.3
18:21:47.932848		MAIN	INPUT	KEY_RELEASE	16777234
18:21:47.933128		COMMUN	STATE	OWN	NAV_2	133.2
18:21:47.982761		MAIN	INPUT	KEY_RELEASE	16777234
18:21:47.983043		COMMUN	STATE	OWN	NAV_2	133.1
18:21:48.032821		MAIN	INPUT	KEY_RELEASE	16777234
18:21:48.033114		COMMUN	STATE	OWN	NAV_2	133.0
18:21:48.082825		MAIN	INPUT	KEY_RELEASE	16777234
18:21:48.083106		COMMUN	STATE	OWN	NAV_2	132.9
18:21:48.132677		MAIN	INPUT	KEY_RELEASE	16777234
18:21:48.132992		COMMUN	STATE	OWN	NAV_2	132.8
18:21:48.182687		MAIN	INPUT	KEY_RELEASE	16777234
18:21:48.182929		COMMUN	STATE	OWN	NAV_2	132.7
18:21:48.232796		MAIN	INPUT	KEY_RELEASE	16777234
18:21:48.233053		COMMUN	STATE	OWN	NAV_2	132.6
18:21:48.282850		MAIN	INPUT	KEY_RELEASE	16777234
18:21:48.283106		COMMUN	STATE	OWN	NAV_2	132.5
18:21:48.332906		MAIN	INPUT	KEY_RELEASE	16777234
18:21:48.333209		COMMUN	STATE	OWN	NAV_2	132.4
18:21:48.382796		MAIN	INPUT	KEY_RELEASE	16777234
18:21:48.383053		COMMUN	STATE	OWN	NAV_2	132.3
18:21:48.432893		MAIN	INPUT	KEY_RELEASE	16777234
18:21:48.433198		COMMUN	STATE	OWN	NAV_2	132.2
18:21:48.482714		MAIN	INPUT	KEY_RELEASE	16777234
18:21:48.482976		COMMUN	STATE	OWN	NAV_2	132.1
18:21:48.532814		MAIN	INPUT	KEY_RELEASE	16777234
18:21:48.533122		COMMUN	STATE	OWN	NAV_2	132.0
18:21:48.582732		MAIN	INPUT	KEY_RELEASE	16777234
18:21:48.582990		COMMUN	STATE	OWN	NAV_2	131.9
18:21:48.632817		MAIN	INPUT	KEY_RELEASE	16777234
18:21:48.633133		COMMUN	STATE	OWN	NAV_2	131.8
18:21:48.682817		MAIN	INPUT	KEY_RELEASE	16777234
18:21:48.683083		COMMUN	STATE	OWN	NAV_2	131.7
18:21:48.733150		MAIN	INPUT	KEY_RELEASE	16777234
18:21:48.733411		COMMUN	STATE	OWN	NAV_2	131.6
18:21:48.782786		MAIN	INPUT	KEY_RELEASE	16777234
18:21:48.783058		COMMUN	STATE	OWN	NAV_2	131.5
18:21:48.832847		MAIN	INPUT	KEY_RELEASE	16777234
18:21:48.833145		COMMUN	STATE	OWN	NAV_2	131.4
18:21:48.882816		MAIN	INPUT	KEY_RELEASE	16777234
18:21:48.883089		COMMUN	STATE	OWN	NAV_2	131.3
18:21:48.932770		MAIN	INPUT	KEY_RELEASE	16777234
18:21:48.933064		COMMUN	STATE	OWN	NAV_2	131.2
18:21:48.982811		MAIN	INPUT	KEY_RELEASE	16777234
18:21:48.983056		COMMUN	STATE	OWN	NAV_2	131.1
18:21:49.032791		MAIN	INPUT	KEY_RELEASE	16777234
18:21:49.033055		COMMUN	STATE	OWN	NAV_2	131.0
18:21:49.082868		MAIN	INPUT	KEY_RELEASE	16777234
18:21:49.083139		COMMUN	STATE	OWN	NAV_2	130.9
18:21:49.132861		MAIN	INPUT	KEY_RELEASE	16777234
18:21:49.133144		COMMUN	STATE	OWN	NAV_2	130.8
18:21:49.182825		MAIN	INPUT	KEY_RELEASE	16777234
18:21:49.183124		COMMUN	STATE	OWN	NAV_2	130.7
18:21:49.232966		MAIN	INPUT	KEY_RELEASE	16777234
18:21:49.233224		COMMUN	STATE	OWN	NAV_2	130.6
18:21:49.282850		MAIN	INPUT	KEY_RELEASE	16777234
18:21:49.283128		COMMUN	STATE	OWN	NAV_2	130.5
18:21:49.332792		MAIN	INPUT	KEY_RELEASE	16777234
18:21:49.333091		COMMUN	STATE	OWN	NAV_2	130.4
18:21:49.382797		MAIN	INPUT	KEY_RELEASE	16777234
18:21:49.383080		COMMUN	STATE	OWN	NAV_2	130.3
18:21:49.432782		MAIN	INPUT	KEY_RELEASE	16777234
18:21:49.433053		COMMUN	STATE	OWN	NAV_2	130.2
18:21:49.482894		MAIN	INPUT	KEY_RELEASE	16777234
18:21:49.483202		COMMUN	STATE	OWN	NAV_2	130.1
18:21:49.532847		MAIN	INPUT	KEY_RELEASE	16777234
18:21:49.533164		COMMUN	STATE	OWN	NAV_2	130.0
18:21:49.582925		MAIN	INPUT	KEY_RELEASE	16777234
18:21:49.583239		COMMUN	STATE	OWN	NAV_2	129.9
18:21:49.632652		MAIN	INPUT	KEY_RELEASE	16777234
18:21:49.632933		COMMUN	STATE	OWN	NAV_2	129.8
18:21:49.682836		MAIN	INPUT	KEY_RELEASE	16777234
18:21:49.683140		COMMUN	STATE	OWN	NAV_2	129.7
18:21:49.732739		MAIN	INPUT	KEY_RELEASE	16777234
18:21:49.733009		COMMUN	STATE	OWN	NAV_2	129.6
18:21:49.782891		MAIN	INPUT	KEY_RELEASE	16777234
18:21:49.783181		COMMUN	STATE	OWN	NAV_2	129.5
18:21:49.832833		MAIN	INPUT	KEY_RELEASE	16777234
18:21:49.833097		COMMUN	STATE	OWN	NAV_2	129.4
18:21:49.882839		MAIN	INPUT	KEY_RELEASE	16777234
18:21:49.883129		COMMUN	STATE	OWN	NAV_2	129.3
18:21:49.932823		MAIN	INPUT	KEY_RELEASE	16777234
18:21:49.933121		COMMUN	STATE	OWN	NAV_2	129.2
18:21:49.982876		MAIN	INPUT	KEY_RELEASE	16777234
18:21:49.983177		COMMUN	STATE	OWN	NAV_2	129.1
18:21:50.032988		MAIN	INPUT	KEY_RELEASE	16777234
18:21:50.033285		COMMUN	STATE	OWN	NAV_2	129.0
18:21:50.082841		MAIN	INPUT	KEY_RELEASE	16777234
18:21:50.083120		COMMUN	STATE	OWN	NAV_2	128.9
18:21:50.132811		MAIN	INPUT	KEY_RELEASE	16777234
18:21:50.133085		COMMUN	STATE	OWN	NAV_2	128.8
18:21:50.182859		MAIN	INPUT	KEY_RELEASE	16777234
18:21:50.183066		COMMUN	STATE	OWN	NAV_2	128.7
18:21:50.232783		MAIN	INPUT	KEY_RELEASE	16777234
18:21:50.233034		COMMUN	STATE	OWN	NAV_2	128.6
18:21:50.236285		MAIN	INPUT	KEY_RELEASE	16777234
18:21:50.236420		COMMUN	STATE	OWN	NAV_2	128.5
18:21:50.444298		MAIN	INPUT	KEY_RELEASE	16777234
18:21:50.444512		COMMUN	STATE	OWN	NAV_2	128.4
18:21:51.052287		MAIN	INPUT	KEY_RELEASE	16777236
18:21:51.052532		COMMUN	STATE	OWN	NAV_2	128.5
18:21:51.244295		MAIN	INPUT	KEY_RELEASE	16777236
18:21:51.244502		COMMUN	STATE	OWN	NAV_2	128.6
18:21:51.484353		MAIN	INPUT	KEY_RELEASE	16777236
18:21:51.484565		COMMUN	STATE	OWN	NAV_2	128.7
18:21:52.012397		MAIN	INPUT	KEY_RELEASE	16777236
18:21:52.012608		COMMUN	STATE	OWN	NAV_2	128.8
18:21:54.433305		MAIN	SCENARIO	COMMUNICATIONS	RADIOPROMPT	other
18:21:54.443335		COMMUN	STATE	OTHER	COM_1	TARGET	132.5
18:21:54.475391		COMMUN	STATE	OTHER	COM_1	START_PROMPT
18:22:03.895821		MAIN	STATE		END
