#	date	

18:15:14.063129		MAIN	INFO	SCENARIO	FILENAME	sample_scenario.txt
18:15:14.064775		MAIN	INFO	SCREENSIZE	WIDTH	1920
18:15:14.065794		MAIN	INFO	SCREENSIZE	HEIGHT	1080
18:15:14.129575		MAIN	INFO	COMMUNICATIONS	AOI_X	[0, 563]
18:15:14.129575		MAIN	INFO	COMMUNICATIONS	AOI_Y	[580, 1080]
18:15:14.136044		MAIN	INFO	PUMPSTATUS	AOI_X	[1576, 1919]
18:15:14.136044		MAIN	INFO	PUMPSTATUS	AOI_Y	[580, 1080]
18:15:14.137043		MAIN	INFO	RESMAN	AOI_X	[563, 1585]
18:15:14.137159		MAIN	INFO	RESMAN	AOI_Y	[580, 1080]
18:15:14.137338		MAIN	INFO	SCHEDULING	AOI_X	[1576, 1919]
18:15:14.138158		MAIN	INFO	SCHEDULING	AOI_Y	[40, 540]
18:15:14.139006		MAIN	INFO	SYSMON	AOI_X	[0, 668]
18:15:14.139006		MAIN	INFO	SYSMON	AOI_Y	[40, 540]
18:15:14.139006		MAIN	INFO	TRACK	AOI_X	[563, 1585]
18:15:14.140055		MAIN	INFO	TRACK	AOI_Y	[40, 540]
18:15:14.175240		MAIN	SCENARIO	SYSMON	FEEDBACKS-POSITIVE-COLOR	#00ff00
18:15:14.175540		MAIN	SCENARIO	SYSMON	FEEDBACKS-NEGATIVE-COLOR	#ff0000
18:15:14.788373		MAIN	STATE	SYSMON	START
18:15:14.790066		RESMAN	STATE	TANK	TOLERANCE	500
18:15:14.790066		RESMAN	STATE	TANKA	TARGET	2500
18:15:14.790743		RESMAN	STATE	TANKB	TARGET	2500
18:15:14.797011		MAIN	STATE	RESMAN	START
18:15:15.797551		MAIN	SCENARIO	SYSMON	FEEDBACKS-NEGATIVE-TRIGGER	2
18:15:16.798266		RESMAN	STATE	TANKA	LEVEL	2474
18:15:16.799262		RESMAN	STATE	TANKB	LEVEL	2474
18:15:18.798267		RESMAN	STATE	TANKA	LEVEL	2448
18:15:18.799327		RESMAN	STATE	TANKB	LEVEL	2448
18:15:20.799207		RESMAN	STATE	TANKA	LEVEL	2422
18:15:20.799207		RESMAN	STATE	TANKB	LEVEL	2422
18:15:22.800062		RESMAN	STATE	TANKA	LEVEL	2396
18:15:22.800596		RESMAN	STATE	TANKB	LEVEL	2396
18:15:24.797789		MAIN	SCENARIO	SYSMON	LIGHTS-1-FAILURE	True
18:15:24.800561		RESMAN	STATE	TANKA	LEVEL	2370
18:15:24.801102		RESMAN	STATE	TANKB	LEVEL	2370
18:15:24.821289		SYSMON	STATE	W	FAILURE
18:15:26.801387		RESMAN	STATE	TANKA	LEVEL	2344
18:15:26.801387		RESMAN	STATE	TANKB	LEVEL	2344
18:15:27.797805		MAIN	SCENARIO	SYSMON	LIGHTS-2-FAILURE	True
18:15:27.838330		SYSMON	ACTION	W	MISS
18:15:27.838330		SYSMON	STATE	W	SAFE
18:15:28.031085		SYSMON	STATE	E	FAILURE
18:15:29.970761		RESMAN	STATE	TANKA	LEVEL	2318
18:15:29.971719		RESMAN	STATE	TANKB	LEVEL	2318
18:15:31.041167		SYSMON	ACTION	E	MISS
18:15:31.041755		SYSMON	STATE	E	SAFE
18:15:31.798123		MAIN	STATE	SYSMON	STOP
18:15:31.798123		MAIN	STATE	RESMAN	STOP
18:15:34.859479		MAIN	STATE		END
18:15:34.872817		MAIN	STATE		END
