#	date	

18:11:22.800062		MAIN	INFO	SCENARIO	FILENAME	sample_scenario_complete.txt
18:11:22.800492		MAIN	INFO	SCREENSIZE	WIDTH	1600
18:11:22.800745		MAIN	INFO	SCREENSIZE	HEIGHT	900
18:11:22.818838		MAIN	INFO	COMMUNICATIONS	AOI_X	[0, 469]
18:11:22.819166		MAIN	INFO	COMMUNICATIONS	AOI_Y	[483, 900]
18:11:22.820149		MAIN	INFO	SCHEDULING	AOI_X	[1313, 1600]
18:11:22.820420		MAIN	INFO	SCHEDULING	AOI_Y	[33, 450]
18:11:22.820958		MAIN	INFO	RESMAN	AOI_X	[469, 1321]
18:11:22.821200		MAIN	INFO	RESMAN	AOI_Y	[483, 900]
18:11:22.821704		MAIN	INFO	SYSMON	AOI_X	[0, 557]
18:11:22.821936		MAIN	INFO	SYSMON	AOI_Y	[33, 450]
18:11:22.822466		MAIN	INFO	TRACK	AOI_X	[469, 1321]
18:11:22.822699		MAIN	INFO	TRACK	AOI_Y	[33, 450]
18:11:22.823258		MAIN	INFO	PUMPSTATUS	AOI_X	[1313, 1600]
18:11:22.823497		MAIN	INFO	PUMPSTATUS	AOI_Y	[483, 900]
18:11:22.883279		MAIN	SCENARIO	COMMUNICATIONS	CALLSIGNREGEX	[A-Z][A-Z]\d\d
18:11:22.883411		MAIN	SCENARIO	COMMUNICATIONS	OTHERCALLSIGNNUMBER	5
18:11:22.883487		MAIN	SCENARIO	COMMUNICATIONS	VOICEGENDER	male
18:11:22.883539		MAIN	SCENARIO	COMMUNICATIONS	VOICEIDIOM	english
18:11:22.885330		COMMUN	STATE	OWNCALLSIGN		CL79
18:11:22.890037		COMMUN	STATE	OTHERCALLSIGN		['AH02', 'VU45', 'ZJ83', 'MW16', 'FR18']
18:11:22.892011		MAIN	STATE	COMMUNICATIONS	START
18:11:27.892323		MAIN	SCENARIO	COMMUNICATIONS	RADIOPROMPT	other
18:11:27.909419		COMMUN	STATE	OTHER	COM_2	TARGET	123.5
18:11:27.984334		COMMUN	STATE	OTHER	COM_2	START_PROMPT
18:11:40.027181		COMMUN	STATE	OTHER	COM_2	END_PROMPT
18:11:47.892980		MAIN	SCENARIO	COMMUNICATIONS	RADIOPROMPT	own
18:11:47.904052		COMMUN	STATE	OWN	COM_1	TARGET	117.9
18:11:47.941849		COMMUN	STATE	OWN	COM_1	START_PROMPT
18:11:53.681529		MAIN	STATE		END
