#	date	

18:04:22.727658		MAIN	INFO	SCENARIO	FILENAME	sample_scenario.txt
18:04:22.732887		MAIN	INFO	SCREENSIZE	WIDTH	1280
18:04:22.734146		MAIN	INFO	SCREENSIZE	HEIGHT	720
18:04:22.927786		MAIN	INFO	COMMUNICATIONS	AOI_X	[0, 375]
18:04:22.928739		MAIN	INFO	COMMUNICATIONS	AOI_Y	[386, 720]
18:04:22.943623		MAIN	INFO	PUMPSTATUS	AOI_X	[1050, 1280]
18:04:22.945092		MAIN	INFO	PUMPSTATUS	AOI_Y	[386, 720]
18:04:22.946616		MAIN	INFO	RESMAN	AOI_X	[375, 1057]
18:04:22.947801		MAIN	INFO	RESMAN	AOI_Y	[386, 720]
18:04:22.949306		MAIN	INFO	SCHEDULING	AOI_X	[1050, 1280]
18:04:22.950382		MAIN	INFO	SCHEDULING	AOI_Y	[26, 360]
18:04:22.951971		MAIN	INFO	SYSMON	AOI_X	[0, 445]
18:04:22.952866		MAIN	INFO	SYSMON	AOI_Y	[26, 360]
18:04:22.954210		MAIN	INFO	TRACK	AOI_X	[375, 1057]
18:04:22.954924		MAIN	INFO	TRACK	AOI_Y	[26, 360]
18:04:23.070316		MAIN	SCENARIO	SYSMON	FEEDBACKS-POSITIVE-COLOR	#00ff00
18:04:23.071360		MAIN	SCENARIO	SYSMON	FEEDBACKS-NEGATIVE-COLOR	#ff0000
18:04:23.493563		MAIN	STATE	SYSMON	START
18:04:23.495163		RESMAN	STATE	TANK	TOLERANCE	500
18:04:23.496000		RESMAN	STATE	TANKA	TARGET	2500
18:04:23.498828		RESMAN	STATE	TANKB	TARGET	2500
18:04:23.506250		MAIN	STATE	RESMAN	START
18:04:24.508117		MAIN	SCENARIO	SYSMON	FEEDBACKS-NEGATIVE-TRIGGER	2
18:04:25.508746		RESMAN	STATE	TANKA	LEVEL	2474
18:04:25.509840		RESMAN	STATE	TANKB	LEVEL	2474
18:04:27.510166		RESMAN	STATE	TANKA	LEVEL	2448
18:04:27.512096		RESMAN	STATE	TANKB	LEVEL	2448
18:04:28.773875		MAIN	INPUT	KEY_RELEASE	16777248
18:04:29.510371		RESMAN	STATE	TANKA	LEVEL	2422
18:04:29.512140		RESMAN	STATE	TANKB	LEVEL	2422
18:04:31.511007		RESMAN	STATE	TANKA	LEVEL	2396
18:04:31.512831		RESMAN	STATE	TANKB	LEVEL	2396
18:04:33.507483		MAIN	SCENARIO	SYSMON	LIGHTS-1-FAILURE	True
18:04:33.511341		RESMAN	STATE	TANKA	LEVEL	2370
18:04:33.512833		RESMAN	STATE	TANKB	LEVEL	2370
18:04:33.533703		SYSMON	STATE	W	FAILURE
18:04:35.094369		MAIN	INPUT	KEY_RELEASE	81
18:04:35.095999		MAIN	INPUT	KEY_RELEASE	87
18:04:35.096923		SYSMON	ACTION	W	HIT
18:04:35.098182		SYSMON	STATE	W	SAFE
18:04:35.512049		RESMAN	STATE	TANKA	LEVEL	2344
18:04:35.513621		RESMAN	STATE	TANKB	LEVEL	2344
18:04:36.507934		MAIN	SCENARIO	SYSMON	LIGHTS-2-FAILURE	True
18:04:36.540733		SYSMON	STATE	E	FAILURE
18:04:37.512716		RESMAN	STATE	TANKA	LEVEL	2318
18:04:37.514014		RESMAN	STATE	TANKB	LEVEL	2318
18:04:39.513033		RESMAN	STATE	TANKA	LEVEL	2292
18:04:39.514826		RESMAN	STATE	TANKB	LEVEL	2292
18:04:39.675853		SYSMON	ACTION	E	MISS
18:04:39.677891		SYSMON	STATE	E	SAFE
18:04:40.508007		MAIN	STATE	SYSMON	STOP
18:04:40.510401		MAIN	STATE	RESMAN	STOP
18:04:41.530579		MAIN	STATE		END
