#	date	

17:39:32.416185		MAIN	INFO	SCENARIO	FILENAME	sample_scenario_complete.txt
17:39:32.416315		MAIN	INFO	SCREENSIZE	WIDTH	1920
17:39:32.416355		MAIN	INFO	SCREENSIZE	HEIGHT	1080
17:39:32.422461		MAIN	INFO	COMMUNICATIONS	AOI_X	[0, 563]
17:39:32.422525		MAIN	INFO	COMMUNICATIONS	AOI_Y	[580, 1080]
17:39:32.425464		MAIN	INFO	SYSMON	AOI_X	[0, 668]
17:39:32.425518		MAIN	INFO	SYSMON	AOI_Y	[40, 540]
17:39:32.425616		MAIN	INFO	TRACK	AOI_X	[563, 1585]
17:39:32.425649		MAIN	INFO	TRACK	AOI_Y	[40, 540]
17:39:32.425716		MAIN	INFO	RESMAN	AOI_X	[563, 1585]
17:39:32.425746		MAIN	INFO	RESMAN	AOI_Y	[580, 1080]
17:39:32.425807		MAIN	INFO	PUMPSTATUS	AOI_X	[1576, 1919]
17:39:32.425836		MAIN	INFO	PUMPSTATUS	AOI_Y	[580, 1080]
17:39:32.425896		MAIN	INFO	SCHEDULING	AOI_X	[1576, 1919]
17:39:32.425925		MAIN	INFO	SCHEDULING	AOI_Y	[40, 540]
17:39:32.447704		MAIN	SCENARIO	COMMUNICATIONS	CALLSIGNREGEX	[A-Z][A-Z]\d\d
17:39:32.447866		MAIN	SCENARIO	COMMUNICATIONS	OTHERCALLSIGNNUMBER	5
17:39:32.447931		MAIN	SCENARIO	COMMUNICATIONS	VOICEGENDER	male
17:39:32.447984		MAIN	SCENARIO	COMMUNICATIONS	VOICEIDIOM	english
17:39:32.450616		COMMUN	STATE	OWNCALLSIGN		OF25
17:39:32.472289		COMMUN	STATE	OTHERCALLSIGN		['IH60', 'LD81', 'QR94', 'ZP37', 'UX28']
17:39:32.474250		MAIN	STATE	COMMUNICATIONS	START
17:39:32.492232		MAIN	STATE	SYSMON	START
17:39:32.492570		TRACK	STATE	TARGET	X	0.5
17:39:32.492622		TRACK	STATE	TARGET	Y	0.5
17:39:32.492644		TRACK	STATE	TARGET	RADIUS	0.1
17:39:32.492664		TRACK	STATE		MODE	MANUAL
17:39:32.492681		MAIN	STATE	TRACK	START
17:39:32.515923		TRACK	STATE	CURSOR	X	-0.005519541640908158
17:39:32.516252		TRACK	STATE	CURSOR	Y	0.11361733073252023
17:39:32.536069		TRACK	STATE	CURSOR	X	-0.005463846342058191
17:39:32.536318		TRACK	STATE	CURSOR	Y	0.11316985837565015
17:39:32.556505		TRACK	STATE	CURSOR	X	-0.0054155093623492285
17:39:32.556634		TRACK	STATE	CURSOR	Y	0.11272278191914864
17:39:32.576916		TRACK	STATE	CURSOR	X	-0.005371793464251262
17:39:32.577028		TRACK	STATE	CURSOR	Y	0.11225539843887423
17:39:32.597226		TRACK	STATE	CURSOR	X	-0.005330896155917725
17:39:32.597330		TRACK	STATE	CURSOR	Y	0.11174289646172385
17:39:32.617505		TRACK	STATE	CURSOR	X	-0.005296740920406699
17:39:32.617605		TRACK	STATE	CURSOR	Y	0.11123419014874374
17:39:32.637735		TRACK	STATE	CURSOR	X	-0.005267290177452931
17:39:32.637833		TRACK	STATE	CURSOR	Y	0.11070548249797763
17:39:32.658053		TRACK	STATE	CURSOR	X	-0.005241457958423873
17:39:32.658161		TRACK	STATE	CURSOR	Y	0.11012892979998469
17:39:32.678357		TRACK	STATE	CURSOR	X	-0.005221730005872292
17:39:32.678475		TRACK	STATE	CURSOR	Y	0.10955955638236183
17:39:32.698850		TRACK	STATE	CURSOR	X	-0.005206781264319542
17:39:32.698950		TRACK	STATE	CURSOR	Y	0.10897051686627719
17:39:32.718920		TRACK	STATE	CURSOR	X	-0.005196634306453692
17:39:32.719030		TRACK	STATE	CURSOR	Y	0.10836192750983815
17:39:32.739224		TRACK	STATE	CURSOR	X	-0.005191171553557601
17:39:32.739334		TRACK	STATE	CURSOR	Y	0.10770199881171026
17:39:32.759504		TRACK	STATE	CURSOR	X	-0.00519093475398331
17:39:32.759602		TRACK	STATE	CURSOR	Y	0.10705370879331289
17:39:32.779798		TRACK	STATE	CURSOR	X	-0.0051955626180044305
17:39:32.779908		TRACK	STATE	CURSOR	Y	0.10638624257891653
17:39:32.800085		TRACK	STATE	CURSOR	X	-0.005205677850397735
17:39:32.800197		TRACK	STATE	CURSOR	Y	0.10566490551814782
17:39:32.820315		TRACK	STATE	CURSOR	X	-0.005220335465083381
17:39:32.820421		TRACK	STATE	CURSOR	Y	0.10495853369703316
17:39:32.840594		TRACK	STATE	CURSOR	X	-0.005239911501457288
17:39:32.840700		TRACK	STATE	CURSOR	Y	0.10423338756417072
17:39:32.860810		TRACK	STATE	CURSOR	X	-0.005264421571586149
17:39:32.860918		TRACK	STATE	CURSOR	Y	0.10348960492700952
17:39:32.881028		TRACK	STATE	CURSOR	X	-0.005295483369661708
17:39:32.881135		TRACK	STATE	CURSOR	Y	0.10268872967015134
17:39:32.901366		TRACK	STATE	CURSOR	X	-0.005330152774726695
17:39:32.901465		TRACK	STATE	CURSOR	Y	0.1019071854240753
17:39:32.921441		TRACK	STATE	CURSOR	X	-0.005369797609775055
17:39:32.921550		TRACK	STATE	CURSOR	Y	0.10110744307755117
17:39:32.941794		TRACK	STATE	CURSOR	X	-0.005414429390396112
17:39:32.941939		TRACK	STATE	CURSOR	Y	0.10028965221940374
17:39:32.962563		TRACK	STATE	CURSOR	X	-0.005466671425960736
17:39:32.962656		TRACK	STATE	CURSOR	Y	0.09941171394019727
17:39:32.982927		TRACK	STATE	CURSOR	X	-0.005521558118881109
17:39:32.983036		TRACK	STATE	CURSOR	Y	0.09855740327461258
17:39:33.003335		TRACK	STATE	CURSOR	X	-0.005584587455995503
17:39:33.003437		TRACK	STATE	CURSOR	Y	0.0976414650874256
17:39:33.023815		TRACK	STATE	CURSOR	X	-0.005649764265690971
17:39:33.023940		TRACK	STATE	CURSOR	Y	0.09675129939562895
17:39:33.044327		TRACK	STATE	CURSOR	X	-0.005723613175983411
17:39:33.044432		TRACK	STATE	CURSOR	Y	0.09579807184285337
17:39:33.064552		TRACK	STATE	CURSOR	X	-0.005799106349643174
17:39:33.064661		TRACK	STATE	CURSOR	Y	0.09487273964161574
17:39:33.084761		TRACK	STATE	CURSOR	X	-0.005879638706520908
17:39:33.084866		TRACK	STATE	CURSOR	Y	0.09393050991220875
17:39:33.105164		TRACK	STATE	CURSOR	X	-0.005969624419504077
17:39:33.105275		TRACK	STATE	CURSOR	Y	0.09292317100645049
17:39:33.125232		TRACK	STATE	CURSOR	X	-0.00606049546473759
17:39:33.125342		TRACK	STATE	CURSOR	Y	0.09194684204645508
17:39:33.145462		TRACK	STATE	CURSOR	X	-0.006156411672339944
17:39:33.145567		TRACK	STATE	CURSOR	Y	0.0909541484558633
17:39:33.165628		TRACK	STATE	CURSOR	X	-0.00625737285333125
17:39:33.165733		TRACK	STATE	CURSOR	Y	0.08994527020119482
17:39:33.185816		TRACK	STATE	CURSOR	X	-0.006363377752191812
17:39:33.185922		TRACK	STATE	CURSOR	Y	0.08892038979059802
17:39:33.206032		TRACK	STATE	CURSOR	X	-0.006480108638870071
17:39:33.206136		TRACK	STATE	CURSOR	Y	0.08782724551986003
17:39:33.226243		TRACK	STATE	CURSOR	X	-0.006596444718324092
17:39:33.226347		TRACK	STATE	CURSOR	Y	0.08677014182396219
17:39:33.246434		TRACK	STATE	CURSOR	X	-0.006717814070930916
17:39:33.246529		TRACK	STATE	CURSOR	Y	0.08569760800924031
17:39:33.266635		TRACK	STATE	CURSOR	X	-0.006844211094848331
17:39:33.266735		TRACK	STATE	CURSOR	Y	0.08460983657016341
17:39:33.286844		TRACK	STATE	CURSOR	X	-0.006975629109299987
17:39:33.286948		TRACK	STATE	CURSOR	Y	0.08350702238924218
17:39:33.307329		TRACK	STATE	CURSOR	X	-0.00711901335802731
17:39:33.307438		TRACK	STATE	CURSOR	Y	0.08233309359675396
17:39:33.327427		TRACK	STATE	CURSOR	X	-0.007260698953553792
17:39:33.327540		TRACK	STATE	CURSOR	Y	0.0812000609568763
17:39:33.347656		TRACK	STATE	CURSOR	X	-0.007407378480175382
17:39:33.347763		TRACK	STATE	CURSOR	Y	0.08005259438666602
17:39:33.367845		TRACK	STATE	CURSOR	X	-0.007559040869324268
17:39:33.367939		TRACK	STATE	CURSOR	Y	0.0788908981145481
17:39:33.387950		TRACK	STATE	CURSOR	X	-0.007715673965425625
17:39:33.388059		TRACK	STATE	CURSOR	Y	0.07771517859444442
17:39:33.408131		TRACK	STATE	CURSOR	X	-0.007885473933745649
17:39:33.408238		TRACK	STATE	CURSOR	Y	0.0764658089053922
17:39:33.428327		TRACK	STATE	CURSOR	X	-0.008052254384516427
17:39:33.428429		TRACK	STATE	CURSOR	Y	0.07526199636881843
17:39:33.448590		TRACK	STATE	CURSOR	X	-0.008223961743778244
17:39:33.448684		TRACK	STATE	CURSOR	Y	0.07404480366710016
17:39:33.468863		TRACK	STATE	CURSOR	X	-0.008400579444303261
17:39:33.468958		TRACK	STATE	CURSOR	Y	0.07281444592462406
17:39:33.489125		TRACK	STATE	CURSOR	X	-0.008591293448623416
17:39:33.489232		TRACK	STATE	CURSOR	Y	0.07150863908217021
17:39:33.509529		TRACK	STATE	CURSOR	X	-0.008777920951934248
17:39:33.509642		TRACK	STATE	CURSOR	Y	0.0702519741715881
17:39:33.529731		TRACK	STATE	CURSOR	X	-0.008969401529259893
17:39:33.529829		TRACK	STATE	CURSOR	Y	0.06898281289234298
17:39:33.549980		TRACK	STATE	CURSOR	X	-0.009165714195415184
17:39:33.550087		TRACK	STATE	CURSOR	Y	0.0677013784739942
17:39:33.570251		TRACK	STATE	CURSOR	X	-0.009377018860630776
17:39:33.570359		TRACK	STATE	CURSOR	Y	0.06634290974157524
17:39:33.590528		TRACK	STATE	CURSOR	X	-0.009583167102101988
17:39:33.590636		TRACK	STATE	CURSOR	Y	0.06503702128903094
17:39:33.610831		TRACK	STATE	CURSOR	X	-0.009794076694632697
17:39:33.610936		TRACK	STATE	CURSOR	Y	0.06371955220439382
17:39:33.631125		TRACK	STATE	CURSOR	X	-0.010020628365853101
17:39:33.631230		TRACK	STATE	CURSOR	Y	0.06232399851815704
17:39:33.651430		TRACK	STATE	CURSOR	X	-0.010241218137799065
17:39:33.651549		TRACK	STATE	CURSOR	Y	0.06098351245014972
17:39:33.671859		TRACK	STATE	CURSOR	X	-0.010466488398659324
17:39:33.671978		TRACK	STATE	CURSOR	Y	0.05963215501384378
17:39:33.692153		TRACK	STATE	CURSOR	X	-0.010708028118949895
17:39:33.692262		TRACK	STATE	CURSOR	Y	0.05820178766443468
17:39:33.712695		TRACK	STATE	CURSOR	X	-0.010942802439691562
17:39:33.712794		TRACK	STATE	CURSOR	Y	0.056828883575328996
17:39:33.732762		TRACK	STATE	CURSOR	X	-0.011182166296716181
17:39:33.732860		TRACK	STATE	CURSOR	Y	0.05544583308808109
17:39:33.752965		TRACK	STATE	CURSOR	X	-0.011426087680787242
17:39:33.753065		TRACK	STATE	CURSOR	Y	0.05405287713637396
17:39:33.773213		TRACK	STATE	CURSOR	X	-0.01168707395473854
17:39:33.773310		TRACK	STATE	CURSOR	Y	0.052579877957826336
17:39:33.793470		TRACK	STATE	CURSOR	X	-0.011940233655344653
17:39:33.793572		TRACK	STATE	CURSOR	Y	0.05116737545901695
17:39:33.813698		TRACK	STATE	CURSOR	X	-0.012197846609579779
17:39:33.813806		TRACK	STATE	CURSOR	Y	0.04974571166192978
17:39:33.833894		TRACK	STATE	CURSOR	X	-0.01245987645892461
17:39:33.834004		TRACK	STATE	CURSOR	Y	0.04831513347878027
17:39:33.854126		TRACK	STATE	CURSOR	X	-0.012739720518621128
17:39:33.854232		TRACK	STATE	CURSOR	Y	0.04680370397284809
17:39:33.874388		TRACK	STATE	CURSOR	X	-0.013010686835724677
17:39:33.874495		TRACK	STATE	CURSOR	Y	0.045355628979436347
17:39:33.894622		TRACK	STATE	CURSOR	X	-0.013285952574880485
17:39:33.894727		TRACK	STATE	CURSOR	Y	0.04389940102639117
17:39:33.915246		TRACK	STATE	CURSOR	X	-0.013579564347294718
17:39:33.915359		TRACK	STATE	CURSOR	Y	0.042361863077410127
17:39:33.935375		TRACK	STATE	CURSOR	X	-0.013863515627305173
17:39:33.935488		TRACK	STATE	CURSOR	Y	0.04088971148230546
17:39:33.955666		TRACK	STATE	CURSOR	X	-0.014151639016902964
17:39:33.955768		TRACK	STATE	CURSOR	Y	0.039410180049384014
17:39:33.975853		TRACK	STATE	CURSOR	X	-0.014443890649438185
17:39:33.975952		TRACK	STATE	CURSOR	Y	0.037923524615419146
17:39:33.996045		TRACK	STATE	CURSOR	X	-0.014755148731535161
17:39:33.996154		TRACK	STATE	CURSOR	Y	0.036355150349315475
17:39:34.016210		TRACK	STATE	CURSOR	X	-0.015055721727694113
17:39:34.016300		TRACK	STATE	CURSOR	Y	0.03485469509788668
17:39:34.036427		TRACK	STATE	CURSOR	X	-0.015360282750895848
17:39:34.036530		TRACK	STATE	CURSOR	Y	0.0333479027369706
17:39:34.056634		TRACK	STATE	CURSOR	X	-0.015668783737680214
17:39:34.056772		TRACK	STATE	CURSOR	Y	0.03183503328536458
17:39:34.076968		TRACK	STATE	CURSOR	X	-0.01599689643377013
17:39:34.077075		TRACK	STATE	CURSOR	Y	0.030240265430770047
17:39:34.097357		TRACK	STATE	CURSOR	X	-0.01631331976731652
17:39:34.097492		TRACK	STATE	CURSOR	Y	0.02871575470362743
17:39:34.117996		TRACK	STATE	CURSOR	X	-0.016649639159685037
17:39:34.118094		TRACK	STATE	CURSOR	Y	0.027109342213275864
17:39:34.138154		TRACK	STATE	CURSOR	X	-0.016973769786499338
17:39:34.138259		TRACK	STATE	CURSOR	Y	0.025574294263538452
17:39:34.158390		TRACK	STATE	CURSOR	X	-0.017301579416301283
17:39:34.158499		TRACK	STATE	CURSOR	Y	0.024034508897504248
17:39:34.178503		TRACK	STATE	CURSOR	X	-0.017633013812388132
17:39:34.178599		TRACK	STATE	CURSOR	Y	0.022490251159846087
17:39:34.198635		TRACK	STATE	CURSOR	X	-0.017968017745197257
17:39:34.198739		TRACK	STATE	CURSOR	Y	0.020941786771538542
17:39:34.218855		TRACK	STATE	CURSOR	X	-0.018306534998142453
17:39:34.218948		TRACK	STATE	CURSOR	Y	0.01938938208799086
17:39:34.239048		TRACK	STATE	CURSOR	X	-0.01866569672627062
17:39:34.239152		TRACK	STATE	CURSOR	Y	0.017755408526193884
17:39:34.259219		TRACK	STATE	CURSOR	X	-0.019011236404865184
17:39:34.259318		TRACK	STATE	CURSOR	Y	0.01619576138494216
17:39:34.279434		TRACK	STATE	CURSOR	X	-0.019360111910131938
17:39:34.279545		TRACK	STATE	CURSOR	Y	0.014632989814216289
17:39:34.299897		TRACK	STATE	CURSOR	X	-0.019712263091061166
17:39:34.299995		TRACK	STATE	CURSOR	Y	0.013067362308969538
17:39:34.319968		TRACK	STATE	CURSOR	X	-0.02006762884155903
17:39:34.320076		TRACK	STATE	CURSOR	Y	0.011499147785899102
17:39:34.340201		TRACK	STATE	CURSOR	X	-0.02044415464806996
17:39:34.340306		TRACK	STATE	CURSOR	Y	0.009850032923907693
17:39:34.360518		TRACK	STATE	CURSOR	X	-0.02080591523883137
17:39:34.360633		TRACK	STATE	CURSOR	Y	0.008277357269490396
17:39:34.380686		TRACK	STATE	CURSOR	X	-0.021170698198347142
17:39:34.380792		TRACK	STATE	CURSOR	Y	0.006702916957660268
17:39:34.400842		TRACK	STATE	CURSOR	X	-0.02153843862367812
17:39:34.400945		TRACK	STATE	CURSOR	Y	0.005126982179834563
17:39:34.421006		TRACK	STATE	CURSOR	X	-0.021927677008713425
17:39:34.421111		TRACK	STATE	CURSOR	Y	0.0034709381135944023
17:39:34.441217		TRACK	STATE	CURSOR	X	-0.022301273465538517
17:39:34.441322		TRACK	STATE	CURSOR	Y	0.0018927851951059046
17:39:34.461431		TRACK	STATE	CURSOR	X	-0.022677623789806284
17:39:34.461534		TRACK	STATE	CURSOR	Y	0.0003139629966226094
17:39:34.481548		TRACK	STATE	CURSOR	X	-0.023056659403744562
17:39:34.481645		TRACK	STATE	CURSOR	Y	-0.0012652577127468395
17:39:34.501829		TRACK	STATE	CURSOR	X	-0.023438310842170147
17:39:34.501920		TRACK	STATE	CURSOR	Y	-0.0028446061287370674
17:39:34.521874		TRACK	STATE	CURSOR	X	-0.023822507760695166
17:39:34.521970		TRACK	STATE	CURSOR	Y	-0.004423811454504376
17:39:34.541991		TRACK	STATE	CURSOR	X	-0.0242285761634643
17:39:34.542095		TRACK	STATE	CURSOR	Y	-0.006081526799056499
17:39:34.562170		TRACK	STATE	CURSOR	X	-0.024617767736107448
17:39:34.562271		TRACK	STATE	CURSOR	Y	-0.007659592469435063
17:39:34.582481		TRACK	STATE	CURSOR	X	-0.02500928489593256
17:39:34.582596		TRACK	STATE	CURSOR	Y	-0.009236689607698183
17:39:34.602886		TRACK	STATE	CURSOR	X	-0.025403053824744993
17:39:34.602992		TRACK	STATE	CURSOR	Y	-0.01081254788236212
17:39:34.623182		TRACK	STATE	CURSOR	X	-0.025818852969890144
17:39:34.623292		TRACK	STATE	CURSOR	Y	-0.012465570197213732
17:39:34.643434		TRACK	STATE	CURSOR	X	-0.02621700373483728
17:39:34.643548		TRACK	STATE	CURSOR	Y	-0.014038044662889049
17:39:34.663734		TRACK	STATE	CURSOR	X	-0.02661717600145912
17:39:34.663836		TRACK	STATE	CURSOR	Y	-0.015608457306014132
17:39:34.684018		TRACK	STATE	CURSOR	X	-0.027039448100241902
17:39:34.684115		TRACK	STATE	CURSOR	Y	-0.01725487702856294
17:39:34.704397		TRACK	STATE	CURSOR	X	-0.02744352239699267
17:39:34.704495		TRACK	STATE	CURSOR	Y	-0.01882022187716585
17:39:34.724459		TRACK	STATE	CURSOR	X	-0.027849380418632913
17:39:34.724570		TRACK	STATE	CURSOR	Y	-0.020382685215352535
17:39:34.744667		TRACK	STATE	CURSOR	X	-0.028256942616821518
17:39:34.744772		TRACK	STATE	CURSOR	Y	-0.02194199920772416
17:39:34.765026		TRACK	STATE	CURSOR	X	-0.028686629153448235
17:39:34.765122		TRACK	STATE	CURSOR	Y	-0.023575596933652843
17:39:34.785370		TRACK	STATE	CURSOR	X	-0.029097432995601635
17:39:34.785479		TRACK	STATE	CURSOR	Y	-0.025127619699170933
17:39:34.805731		TRACK	STATE	CURSOR	X	-0.02950969369140898
17:39:34.805851		TRACK	STATE	CURSOR	Y	-0.02667567962639637
17:39:34.826070		TRACK	STATE	CURSOR	X	-0.029944044975470818
17:39:34.826174		TRACK	STATE	CURSOR	Y	-0.028296587092384595
17:39:34.846346		TRACK	STATE	CURSOR	X	-0.030359033211435904
17:39:34.846454		TRACK	STATE	CURSOR	Y	-0.02983569406713178
17:39:34.866659		TRACK	STATE	CURSOR	X	-0.030775224124582484
17:39:34.866757		TRACK	STATE	CURSOR	Y	-0.03137003076283252
17:39:34.886970		TRACK	STATE	CURSOR	X	-0.03119253293693432
17:39:34.887067		TRACK	STATE	CURSOR	Y	-0.03289933396202694
17:39:34.907304		TRACK	STATE	CURSOR	X	-0.03163181679757101
17:39:34.907430		TRACK	STATE	CURSOR	Y	-0.03449939791918271
17:39:34.927445		TRACK	STATE	CURSOR	X	-0.03205114935079894
17:39:34.927627		TRACK	STATE	CURSOR	Y	-0.0360175630695182
17:39:34.947862		TRACK	STATE	CURSOR	X	-0.032471336992715906
17:39:34.947968		TRACK	STATE	CURSOR	Y	-0.03752989714299426
17:39:34.968171		TRACK	STATE	CURSOR	X	-0.032913358534907206
17:39:34.968267		TRACK	STATE	CURSOR	Y	-0.039111288135929484
17:39:34.988418		TRACK	STATE	CURSOR	X	-0.03333502479321548
17:39:34.988521		TRACK	STATE	CURSOR	Y	-0.04061085786323848
17:39:35.008657		TRACK	STATE	CURSOR	X	-0.033757277192845096
17:39:35.008762		TRACK	STATE	CURSOR	Y	-0.04210380771967163
17:39:35.028916		TRACK	STATE	CURSOR	X	-0.034180026273114554
17:39:35.029064		TRACK	STATE	CURSOR	Y	-0.043589881192441275
17:39:35.049296		TRACK	STATE	CURSOR	X	-0.03462434879407709
17:39:35.049420		TRACK	STATE	CURSOR	Y	-0.045142578187194825
17:39:35.069615		TRACK	STATE	CURSOR	X	-0.03504783381875102
17:39:35.069717		TRACK	STATE	CURSOR	Y	-0.046613757876479776
17:39:35.089821		TRACK	STATE	CURSOR	X	-0.03547153893233076
17:39:35.089964		TRACK	STATE	CURSOR	Y	-0.04807728583881348
17:39:35.110258		TRACK	STATE	CURSOR	X	-0.03591656564120841
17:39:35.110371		TRACK	STATE	CURSOR	Y	-0.04960547955915386
17:39:35.130330		TRACK	STATE	CURSOR	X	-0.03634043411001308
17:39:35.130486		TRACK	STATE	CURSOR	Y	-0.051052535769079366
17:39:35.150721		TRACK	STATE	CURSOR	X	-0.03676424071182468
17:39:35.150869		TRACK	STATE	CURSOR	Y	-0.05249117636335313
17:39:35.171079		TRACK	STATE	CURSOR	X	-0.03720906868678823
17:39:35.171202		TRACK	STATE	CURSOR	Y	-0.05399242059086732
17:39:35.191275		TRACK	STATE	CURSOR	X	-0.037632455412539005
17:39:35.191422		TRACK	STATE	CURSOR	Y	-0.05541303609840226
17:39:35.211542		TRACK	STATE	CURSOR	X	-0.03805549329904168
17:39:35.211691		TRACK	STATE	CURSOR	Y	-0.05682448467705622
17:39:35.231868		TRACK	STATE	CURSOR	X	-0.03847808722506524
17:39:35.232017		TRACK	STATE	CURSOR	Y	-0.05822652291900074
17:39:35.252211		TRACK	STATE	CURSOR	X	-0.0389212284137507
17:39:35.252344		TRACK	STATE	CURSOR	Y	-0.05968827053661913
17:39:35.272483		TRACK	STATE	CURSOR	X	-0.03934261280190677
17:39:35.272630		TRACK	STATE	CURSOR	Y	-0.061070263045851926
17:39:35.292741		TRACK	STATE	CURSOR	X	-0.03976326014903772
17:39:35.292855		TRACK	STATE	CURSOR	Y	-0.062442112305963034
17:39:35.313099		TRACK	STATE	CURSOR	X	-0.04020404046066307
17:39:35.313258		TRACK	STATE	CURSOR	Y	-0.06387137799071345
17:39:35.333314		TRACK	STATE	CURSOR	X	-0.040622873093164445
17:39:35.333410		TRACK	STATE	CURSOR	Y	-0.06522169429785131
17:39:35.353554		TRACK	STATE	CURSOR	X	-0.041040671431128835
17:39:35.353660		TRACK	STATE	CURSOR	Y	-0.0665611495579763
17:39:35.373875		TRACK	STATE	CURSOR	X	-0.04145733716924716
17:39:35.373980		TRACK	STATE	CURSOR	Y	-0.06788951189685505
17:39:35.394181		TRACK	STATE	CURSOR	X	-0.04189350923196425
17:39:35.394291		TRACK	STATE	CURSOR	Y	-0.069272101849516
17:39:35.414419		TRACK	STATE	CURSOR	X	-0.04230754416197543
17:39:35.414524		TRACK	STATE	CURSOR	Y	-0.0705770063360462
17:39:35.434702		TRACK	STATE	CURSOR	X	-0.04272014427936893
17:39:35.434806		TRACK	STATE	CURSOR	Y	-0.07187012180337594
17:39:35.454985		TRACK	STATE	CURSOR	X	-0.04315172095830816
17:39:35.455089		TRACK	STATE	CURSOR	Y	-0.07321495953695842
17:39:35.475283		TRACK	STATE	CURSOR	X	-0.04356106727389323
17:39:35.475393		TRACK	STATE	CURSOR	Y	-0.07448320789948894
17:39:35.495630		TRACK	STATE	CURSOR	X	-0.04396867327693984
17:39:35.495736		TRACK	STATE	CURSOR	Y	-0.07573898868496394
17:39:35.516297		TRACK	STATE	CURSOR	X	-0.044394676255873934
17:39:35.516451		TRACK	STATE	CURSOR	Y	-0.07704390123882861
17:39:35.536476		TRACK	STATE	CURSOR	X	-0.04479839912512451
17:39:35.536583		TRACK	STATE	CURSOR	Y	-0.07827344265758938
17:39:35.556706		TRACK	STATE	CURSOR	X	-0.04520007328679695
17:39:35.556809		TRACK	STATE	CURSOR	Y	-0.07948985648413917
17:39:35.576900		TRACK	STATE	CURSOR	X	-0.045599597064642304
17:39:35.577009		TRACK	STATE	CURSOR	Y	-0.08069293052227298
17:39:35.597212		TRACK	STATE	CURSOR	X	-0.04601667114634959
17:39:35.597318		TRACK	STATE	CURSOR	Y	-0.08194157149532033
17:39:35.617625		TRACK	STATE	CURSOR	X	-0.04641146771455406
17:39:35.617730		TRACK	STATE	CURSOR	Y	-0.0831166446253551
17:39:35.638012		TRACK	STATE	CURSOR	X	-0.04682335253653891
17:39:35.638122		TRACK	STATE	CURSOR	Y	-0.0843354285858891
17:39:35.658322		TRACK	STATE	CURSOR	X	-0.04721299154475413
17:39:35.658433		TRACK	STATE	CURSOR	Y	-0.08548163686025712
17:39:35.678658		TRACK	STATE	CURSOR	X	-0.04759995796849992
17:39:35.678766		TRACK	STATE	CURSOR	Y	-0.08661345702087732
17:39:35.698994		TRACK	STATE	CURSOR	X	-0.04800328363565506
17:39:35.699104		TRACK	STATE	CURSOR	Y	-0.08778616562638476
17:39:35.719835		TRACK	STATE	CURSOR	X	-0.048384449060857614
17:39:35.719945		TRACK	STATE	CURSOR	Y	-0.0888878715981611
17:39:35.739963		TRACK	STATE	CURSOR	X	-0.04876262723266881
17:39:35.740108		TRACK	STATE	CURSOR	Y	-0.08997459082128705
17:39:35.760292		TRACK	STATE	CURSOR	X	-0.04915638606764749
17:39:35.760448		TRACK	STATE	CURSOR	Y	-0.09109930705104162
17:39:35.780951		TRACK	STATE	CURSOR	X	-0.049528116773230636
17:39:35.781060		TRACK	STATE	CURSOR	Y	-0.0921547075250264
17:39:35.801264		TRACK	STATE	CURSOR	X	-0.04991487709159619
17:39:35.801366		TRACK	STATE	CURSOR	Y	-0.0932461249251596
17:39:35.821534		TRACK	STATE	CURSOR	X	-0.05027972454394672
17:39:35.821636		TRACK	STATE	CURSOR	Y	-0.09426942308960724
17:39:35.841805		TRACK	STATE	CURSOR	X	-0.05064105594615503
17:39:35.841914		TRACK	STATE	CURSOR	Y	-0.09527678372374583
17:39:35.862181		TRACK	STATE	CURSOR	X	-0.05101655604521609
17:39:35.862302		TRACK	STATE	CURSOR	Y	-0.0963171640413207
17:39:35.882546		TRACK	STATE	CURSOR	X	-0.05137035456945282
17:39:35.882653		TRACK	STATE	CURSOR	Y	-0.09729129665466509
17:39:35.902642		TRACK	STATE	CURSOR	X	-0.05172031991521589
17:39:35.902750		TRACK	STATE	CURSOR	Y	-0.09824895455391454
17:39:35.922808		TRACK	STATE	CURSOR	X	-0.05206634805339613
17:39:35.922945		TRACK	STATE	CURSOR	Y	-0.09918996691068539
17:39:35.943140		TRACK	STATE	CURSOR	X	-0.052425326350776374
17:39:35.943285		TRACK	STATE	CURSOR	Y	-0.10015993115237169
17:39:35.963517		TRACK	STATE	CURSOR	X	-0.05276295800575456
17:39:35.963629		TRACK	STATE	CURSOR	Y	-0.10106629736368178
17:39:35.983845		TRACK	STATE	CURSOR	X	-0.053096335222949244
17:39:35.984008		TRACK	STATE	CURSOR	Y	-0.10195551356736106
17:39:36.004245		TRACK	STATE	CURSOR	X	-0.053441688733900795
17:39:36.004353		TRACK	STATE	CURSOR	Y	-0.1028705579880085
17:39:36.024650		TRACK	STATE	CURSOR	X	-0.05376601947905748
17:39:36.024762		TRACK	STATE	CURSOR	Y	-0.10372411989295331
17:39:36.044964		TRACK	STATE	CURSOR	X	-0.05408577897583894
17:39:36.045065		TRACK	STATE	CURSOR	Y	-0.10456005285593728
17:39:36.065246		TRACK	STATE	CURSOR	X	-0.054416493166113154
17:39:36.065343		TRACK	STATE	CURSOR	Y	-0.10541864375592691
17:39:36.085585		TRACK	STATE	CURSOR	X	-0.054726557501113576
17:39:36.085692		TRACK	STATE	CURSOR	Y	-0.10621796735765904
17:39:36.105957		TRACK	STATE	CURSOR	X	-0.05504686333798934
17:39:36.106060		TRACK	STATE	CURSOR	Y	-0.10703779422679409
17:39:36.126186		TRACK	STATE	CURSOR	X	-0.055346797677002145
17:39:36.126306		TRACK	STATE	CURSOR	Y	-0.10779989710389004
17:39:36.146483		TRACK	STATE	CURSOR	X	-0.05564163312872696
17:39:36.146582		TRACK	STATE	CURSOR	Y	-0.10854362920523913
17:39:36.166759		TRACK	STATE	CURSOR	X	-0.055931266685186255
17:39:36.166873		TRACK	STATE	CURSOR	Y	-0.10926885395718351
17:39:36.187086		TRACK	STATE	CURSOR	X	-0.056229670873293836
17:39:36.187179		TRACK	STATE	CURSOR	Y	-0.11001027526224967
17:39:36.207310		TRACK	STATE	CURSOR	X	-0.056508319307745546
17:39:36.207440		TRACK	STATE	CURSOR	Y	-0.110697145531925
17:39:36.227726		TRACK	STATE	CURSOR	X	-0.056781452871056626
17:39:36.227833		TRACK	STATE	CURSOR	Y	-0.11136511032159112
17:39:36.248022		TRACK	STATE	CURSOR	X	-0.057048969392878845
17:39:36.248119		TRACK	STATE	CURSOR	Y	-0.11201404520947549
17:39:36.268337		TRACK	STATE	CURSOR	X	-0.05732370487813632
17:39:36.268461		TRACK	STATE	CURSOR	Y	-0.11267481315285983
17:39:36.288659		TRACK	STATE	CURSOR	X	-0.05757938810631378
17:39:36.288773		TRACK	STATE	CURSOR	Y	-0.11328436068022228
17:39:36.309083		TRACK	STATE	CURSOR	X	-0.05784147465844477
17:39:36.309193		TRACK	STATE	CURSOR	Y	-0.11390351460100247
17:39:36.329239		TRACK	STATE	CURSOR	X	-0.058084898580620305
17:39:36.329346		TRACK	STATE	CURSOR	Y	-0.11447319131655649
17:39:36.349724		TRACK	STATE	CURSOR	X	-0.05832218852821319
17:39:36.349842		TRACK	STATE	CURSOR	Y	-0.1150232515080501
17:39:36.370456		TRACK	STATE	CURSOR	X	-0.058564631388331685
17:39:36.370574		TRACK	STATE	CURSOR	Y	-0.11557958704636184
17:39:36.391201		TRACK	STATE	CURSOR	X	-0.05880008494048692
17:39:36.391323		TRACK	STATE	CURSOR	Y	-0.11611406074660625
17:39:36.411554		TRACK	STATE	CURSOR	X	-0.05901772279577611
17:39:36.411674		TRACK	STATE	CURSOR	Y	-0.11660265347220056
17:39:36.431928		TRACK	STATE	CURSOR	X	-0.05922881708778549
17:39:36.432027		TRACK	STATE	CURSOR	Y	-0.11707121740499571
17:39:36.452781		TRACK	STATE	CURSOR	X	-0.05944331530941521
17:39:36.452917		TRACK	STATE	CURSOR	Y	-0.11754155251116612
17:39:36.473385		TRACK	STATE	CURSOR	X	-0.05965037606919991
17:39:36.473488		TRACK	STATE	CURSOR	Y	-0.11798960096093564
17:39:36.493654		TRACK	STATE	CURSOR	X	-0.05984055822053116
17:39:36.493805		TRACK	STATE	CURSOR	Y	-0.1183955029994412
17:39:36.514173		TRACK	STATE	CURSOR	X	-0.06003277135357713
17:39:36.514302		TRACK	STATE	CURSOR	Y	-0.11879975731680603
17:39:36.535078		TRACK	STATE	CURSOR	X	-0.060208608147935744
17:39:36.535284		TRACK	STATE	CURSOR	Y	-0.11916378126118089
17:39:36.555141		TRACK	STATE	CURSOR	X	-0.060385544691593296
17:39:36.555251		TRACK	STATE	CURSOR	Y	-0.11952389322047445
17:39:36.575475		TRACK	STATE	CURSOR	X	-0.06054662957837346
17:39:36.575608		TRACK	STATE	CURSOR	Y	-0.11984572164134934
17:39:36.596315		TRACK	STATE	CURSOR	X	-0.06070037212790167
17:39:36.596488		TRACK	STATE	CURSOR	Y	-0.12014686029067993
17:39:36.615896		TRACK	STATE	CURSOR	X	-0.060846677093949635
17:39:36.615998		TRACK	STATE	CURSOR	Y	-0.12042724377793608
17:39:36.636215		TRACK	STATE	CURSOR	X	-0.060992188969162454
17:39:36.636332		TRACK	STATE	CURSOR	Y	-0.12069924086011578
17:39:36.656555		TRACK	STATE	CURSOR	X	-0.061122951340473665
17:39:36.656655		TRACK	STATE	CURSOR	Y	-0.12093688599584403
17:39:36.676897		TRACK	STATE	CURSOR	X	-0.06124598890670544
17:39:36.677014		TRACK	STATE	CURSOR	Y	-0.12115359727639514
17:39:36.697631		TRACK	STATE	CURSOR	X	-0.0613667627279057
17:39:36.697733		TRACK	STATE	CURSOR	Y	-0.12135855748368617
17:39:36.717942		TRACK	STATE	CURSOR	X	-0.06147367419351702
17:39:36.718041		TRACK	STATE	CURSOR	Y	-0.1215321962984998
17:39:36.738119		TRACK	STATE	CURSOR	X	-0.061577312311111056
17:39:36.738220		TRACK	STATE	CURSOR	Y	-0.1216918278030193
17:39:36.758391		TRACK	STATE	CURSOR	X	-0.061667711728778885
17:39:36.758496		TRACK	STATE	CURSOR	Y	-0.12182220598006734
17:39:36.778834		TRACK	STATE	CURSOR	X	-0.061749918026734185
17:39:36.778990		TRACK	STATE	CURSOR	Y	-0.1219314219782831
17:39:36.799151		TRACK	STATE	CURSOR	X	-0.06182731839500822
17:39:36.799249		TRACK	STATE	CURSOR	Y	-0.12202328545207353
17:39:36.819329		TRACK	STATE	CURSOR	X	-0.06189244834555905
17:39:36.819434		TRACK	STATE	CURSOR	Y	-0.12208901538387884
17:39:36.839493		TRACK	STATE	CURSOR	X	-0.061949112924568624
17:39:36.839619		TRACK	STATE	CURSOR	Y	-0.12213348914790938
17:39:36.859729		TRACK	STATE	CURSOR	X	-0.06199722423074825
17:39:36.859836		TRACK	STATE	CURSOR	Y	-0.12215668290703117
17:39:36.879928		TRACK	STATE	CURSOR	X	-0.062036695058831394
17:39:36.880027		TRACK	STATE	CURSOR	Y	-0.1221585762805714
17:39:36.900090		TRACK	STATE	CURSOR	X	-0.06206874548153631
17:39:36.900186		TRACK	STATE	CURSOR	Y	-0.12213762131764454
17:39:36.920402		TRACK	STATE	CURSOR	X	-0.06209023371570121
17:39:36.920513		TRACK	STATE	CURSOR	Y	-0.12209579980061504
17:39:36.940419		TRACK	STATE	CURSOR	X	-0.06210281993891548
17:39:36.940517		TRACK	STATE	CURSOR	Y	-0.12203263713630606
17:39:36.960596		TRACK	STATE	CURSOR	X	-0.0621064199064485
17:39:36.960695		TRACK	STATE	CURSOR	Y	-0.12194812699057966
17:39:36.980807		TRACK	STATE	CURSOR	X	-0.062100950139149895
17:39:36.980903		TRACK	STATE	CURSOR	Y	-0.12184226650675097
17:39:37.000921		TRACK	STATE	CURSOR	X	-0.06208632793698362
17:39:37.001009		TRACK	STATE	CURSOR	Y	-0.12171505630817041
17:39:37.021053		TRACK	STATE	CURSOR	X	-0.062061034705540585
17:39:37.021161		TRACK	STATE	CURSOR	Y	-0.12155851250893245
17:39:37.041168		TRACK	STATE	CURSOR	X	-0.06202739483068631
17:39:37.041266		TRACK	STATE	CURSOR	Y	-0.12138755204153114
17:39:37.061341		TRACK	STATE	CURSOR	X	-0.061984355237245825
17:39:37.061454		TRACK	STATE	CURSOR	Y	-0.12119526527281071
17:39:37.081492		TRACK	STATE	CURSOR	X	-0.06193183651724656
17:39:37.081600		TRACK	STATE	CURSOR	Y	-0.1209816669359091
17:39:37.101745		TRACK	STATE	CURSOR	X	-0.06186976010886036
17:39:37.101853		TRACK	STATE	CURSOR	Y	-0.12074677524906226
17:39:37.122216		TRACK	STATE	CURSOR	X	-0.061794208408514094
17:39:37.122332		TRACK	STATE	CURSOR	Y	-0.12047724580452511
17:39:37.142463		TRACK	STATE	CURSOR	X	-0.0617122967752674
17:39:37.142577		TRACK	STATE	CURSOR	Y	-0.12019877441001621
17:39:37.162767		TRACK	STATE	CURSOR	X	-0.06162059320068051
17:39:37.162901		TRACK	STATE	CURSOR	Y	-0.11989908674720462
17:39:37.183160		TRACK	STATE	CURSOR	X	-0.061513683815546415
17:39:37.183257		TRACK	STATE	CURSOR	Y	-0.11956161610585118
17:39:37.203336		TRACK	STATE	CURSOR	X	-0.06140167327974231
17:39:37.203437		TRACK	STATE	CURSOR	Y	-0.11921853994240561
17:39:37.223543		TRACK	STATE	CURSOR	X	-0.061279644904388676
17:39:37.223656		TRACK	STATE	CURSOR	Y	-0.1188543569571528
17:39:37.243785		TRACK	STATE	CURSOR	X	-0.06114752650331329
17:39:37.243895		TRACK	STATE	CURSOR	Y	-0.11846911006526395
17:39:37.264059		TRACK	STATE	CURSOR	X	-0.06099786485781913
17:39:37.264156		TRACK	STATE	CURSOR	Y	-0.11804198159560557
17:39:37.284357		TRACK	STATE	CURSOR	X	-0.060844840248866494
17:39:37.284469		TRACK	STATE	CURSOR	Y	-0.11761370247866344
17:39:37.304805		TRACK	STATE	CURSOR	X	-0.06068151135622966
17:39:37.304939		TRACK	STATE	CURSOR	Y	-0.11716451172839358
17:39:37.325551		TRACK	STATE	CURSOR	X	-0.060498851347342474
17:39:37.325649		TRACK	STATE	CURSOR	Y	-0.1166704176212537
17:39:37.345694		TRACK	STATE	CURSOR	X	-0.060314186336089703
17:39:37.345902		TRACK	STATE	CURSOR	Y	-0.1161785397292101
17:39:37.366016		TRACK	STATE	CURSOR	X	-0.06010897618437277
17:39:37.366116		TRACK	STATE	CURSOR	Y	-0.11563976140331904
17:39:37.386151		TRACK	STATE	CURSOR	X	-0.05990269680759913
17:39:37.386257		TRACK	STATE	CURSOR	Y	-0.11510546518631748
17:39:37.406379		TRACK	STATE	CURSOR	X	-0.05968577552270845
17:39:37.406487		TRACK	STATE	CURSOR	Y	-0.11455058353271613
17:39:37.426613		TRACK	STATE	CURSOR	X	-0.05945814926670245
17:39:37.426714		TRACK	STATE	CURSOR	Y	-0.1139751908400286
17:39:37.446858		TRACK	STATE	CURSOR	X	-0.05921975603224044
17:39:37.446977		TRACK	STATE	CURSOR	Y	-0.11337936490771733
17:39:37.467042		TRACK	STATE	CURSOR	X	-0.05895778850977393
17:39:37.467179		TRACK	STATE	CURSOR	Y	-0.11273184529005287
17:39:37.487276		TRACK	STATE	CURSOR	X	-0.05869713363333833
17:39:37.487409		TRACK	STATE	CURSOR	Y	-0.11209438874333104
17:39:37.493261		MAIN	SCENARIO	SYSMON	LIGHTS-2-FAILURE	True
17:39:37.504275		SYSMON	STATE	E	FAILURE
17:39:37.507768		TRACK	STATE	CURSOR	X	-0.05842552929073345
17:39:37.507865		TRACK	STATE	CURSOR	Y	-0.11143675715460281
17:39:37.527794		TRACK	STATE	CURSOR	X	-0.05814291786216441
17:39:37.527932		TRACK	STATE	CURSOR	Y	-0.11075904199822717
17:39:37.548531		TRACK	STATE	CURSOR	X	-0.057834267669301304
17:39:37.548641		TRACK	STATE	CURSOR	Y	-0.11002592994398892
17:39:37.568760		TRACK	STATE	CURSOR	X	-0.057528916278459664
17:39:37.568858		TRACK	STATE	CURSOR	Y	-0.10930734356428806
17:39:37.589007		TRACK	STATE	CURSOR	X	-0.05721238896315244
17:39:37.589144		TRACK	STATE	CURSOR	Y	-0.10856897324308734
17:39:37.609363		TRACK	STATE	CURSOR	X	-0.056867949152759716
17:39:37.609507		TRACK	STATE	CURSOR	Y	-0.10777250682841182
17:39:37.629699		TRACK	STATE	CURSOR	X	-0.05652834657747899
17:39:37.629809		TRACK	STATE	CURSOR	Y	-0.10699391116082924
17:39:37.650088		TRACK	STATE	CURSOR	X	-0.056159564609597264
17:39:37.650187		TRACK	STATE	CURSOR	Y	-0.10615545089870625
17:39:37.670319		TRACK	STATE	CURSOR	X	-0.05579667377319308
17:39:37.670425		TRACK	STATE	CURSOR	Y	-0.1053370992908743
17:39:37.690523		TRACK	STATE	CURSOR	X	-0.055422348560432495
17:39:37.690638		TRACK	STATE	CURSOR	Y	-0.10449953333757271
17:39:37.710844		TRACK	STATE	CURSOR	X	-0.055036541888575825
17:39:37.710980		TRACK	STATE	CURSOR	Y	-0.10364287465503201
17:39:37.731028		TRACK	STATE	CURSOR	X	-0.054619037775804326
17:39:37.731150		TRACK	STATE	CURSOR	Y	-0.10272297112535689
17:39:37.751310		TRACK	STATE	CURSOR	X	-0.054209551998234316
17:39:37.751441		TRACK	STATE	CURSOR	Y	-0.10182756611712725
17:39:37.771618		TRACK	STATE	CURSOR	X	-0.0537884486138402
17:39:37.771783		TRACK	STATE	CURSOR	Y	-0.1009134591187088
17:39:37.791955		TRACK	STATE	CURSOR	X	-0.053355685458846724
17:39:37.792110		TRACK	STATE	CURSOR	Y	-0.09998078467764522
17:39:37.812302		TRACK	STATE	CURSOR	X	-0.05288869055334075
17:39:37.812451		TRACK	STATE	CURSOR	Y	-0.09898164401232068
17:39:37.832561		TRACK	STATE	CURSOR	X	-0.052431898283869814
17:39:37.832726		TRACK	STATE	CURSOR	Y	-0.09801134020969371
17:39:37.852740		TRACK	STATE	CURSOR	X	-0.05196332531962724
17:39:37.852857		TRACK	STATE	CURSOR	Y	-0.09702289870000624
17:39:37.873012		TRACK	STATE	CURSOR	X	-0.051458604155049915
17:39:37.873118		TRACK	STATE	CURSOR	Y	-0.09596567549335956
17:39:37.893242		TRACK	STATE	CURSOR	X	-0.050965766166206655
17:39:37.893350		TRACK	STATE	CURSOR	Y	-0.09494051516784192
17:39:37.913668		TRACK	STATE	CURSOR	X	-0.050461038301729357
17:39:37.913781		TRACK	STATE	CURSOR	Y	-0.09389767561235778
17:39:37.933807		TRACK	STATE	CURSOR	X	-0.049944387359241026
17:39:37.933905		TRACK	STATE	CURSOR	Y	-0.09283731330641985
17:39:37.954101		TRACK	STATE	CURSOR	X	-0.04938903676118594
17:39:37.954211		TRACK	STATE	CURSOR	Y	-0.0917052485726673
17:39:37.974847		TRACK	STATE	CURSOR	X	-0.04884784518020783
17:39:37.974982		TRACK	STATE	CURSOR	Y	-0.09060946648364981
17:39:37.995391		TRACK	STATE	CURSOR	X	-0.048266660948644936
17:39:37.995516		TRACK	STATE	CURSOR	Y	-0.08944057297359916
17:39:38.016039		TRACK	STATE	CURSOR	X	-0.047700805889706634
17:39:38.016152		TRACK	STATE	CURSOR	Y	-0.08831006691696641
17:39:38.036486		TRACK	STATE	CURSOR	X	-0.047093664997334694
17:39:38.036637		TRACK	STATE	CURSOR	Y	-0.08710508851996779
17:39:38.057004		TRACK	STATE	CURSOR	X	-0.04650303499252104
17:39:38.057132		TRACK	STATE	CURSOR	Y	-0.08594057951005091
17:39:38.077431		TRACK	STATE	CURSOR	X	-0.04586982641559306
17:39:38.077614		TRACK	STATE	CURSOR	Y	-0.08470028635553056
17:39:38.097969		TRACK	STATE	CURSOR	X	-0.045254321487850885
17:39:38.098091		TRACK	STATE	CURSOR	Y	-0.08350252018489146
17:39:38.118234		TRACK	STATE	CURSOR	X	-0.04459494632827343
17:39:38.118332		TRACK	STATE	CURSOR	Y	-0.08222770819224974
17:39:38.138308		TRACK	STATE	CURSOR	X	-0.04395447810465933
17:39:38.138416		TRACK	STATE	CURSOR	Y	-0.08099745499504188
17:39:38.158475		TRACK	STATE	CURSOR	X	-0.04330180411506875
17:39:38.158585		TRACK	STATE	CURSOR	Y	-0.07975164114018563
17:39:38.178610		TRACK	STATE	CURSOR	X	-0.04263690748427251
17:39:38.178715		TRACK	STATE	CURSOR	Y	-0.07849045830834156
17:39:38.198731		TRACK	STATE	CURSOR	X	-0.04195977271081066
17:39:38.198824		TRACK	STATE	CURSOR	Y	-0.0772141008861298
17:39:38.218926		TRACK	STATE	CURSOR	X	-0.04127038567235999
17:39:38.219037		TRACK	STATE	CURSOR	Y	-0.07592276593879495
17:39:38.239195		TRACK	STATE	CURSOR	X	-0.04053332886302632
17:39:38.239309		TRACK	STATE	CURSOR	Y	-0.0745509632455081
17:39:38.259357		TRACK	STATE	CURSOR	X	-0.039818786379457884
17:39:38.259479		TRACK	STATE	CURSOR	Y	-0.07322955160354648
17:39:38.279636		TRACK	STATE	CURSOR	X	-0.039091957128740557
17:39:38.279785		TRACK	STATE	CURSOR	Y	-0.07189377973863294
17:39:38.299934		TRACK	STATE	CURSOR	X	-0.038352832625310786
17:39:38.300044		TRACK	STATE	CURSOR	Y	-0.07054385527642539
17:39:38.320349		TRACK	STATE	CURSOR	X	-0.037563511401168835
17:39:38.320474		TRACK	STATE	CURSOR	Y	-0.06911143284703991
17:39:38.340400		TRACK	STATE	CURSOR	X	-0.03679916103002671
17:39:38.340536		TRACK	STATE	CURSOR	Y	-0.06773315531309279
17:39:38.360772		TRACK	STATE	CURSOR	X	-0.03602249821179385
17:39:38.360944		TRACK	STATE	CURSOR	Y	-0.06634137396666366
17:39:38.381188		TRACK	STATE	CURSOR	X	-0.03519374796404336
17:39:38.381325		TRACK	STATE	CURSOR	Y	-0.0648657083169265
17:39:38.401450		TRACK	STATE	CURSOR	X	-0.034391837506215106
17:39:38.401582		TRACK	STATE	CURSOR	Y	-0.0634469273904532
17:39:38.421677		TRACK	STATE	CURSOR	X	-0.033577610578896445
17:39:38.421784		TRACK	STATE	CURSOR	Y	-0.06201531415320179
17:39:38.441922		TRACK	STATE	CURSOR	X	-0.03275106874808865
17:39:38.442027		TRACK	STATE	CURSOR	Y	-0.0605710935654715
17:39:38.462223		TRACK	STATE	CURSOR	X	-0.03186994920878126
17:39:38.462328		TRACK	STATE	CURSOR	Y	-0.059041342000045155
17:39:38.482522		TRACK	STATE	CURSOR	X	-0.03101817276062387
17:39:38.482615		TRACK	STATE	CURSOR	Y	-0.05757198935859548
17:39:38.502677		TRACK	STATE	CURSOR	X	-0.030154095030583288
17:39:38.502775		TRACK	STATE	CURSOR	Y	-0.056090729653692016
17:39:38.523120		TRACK	STATE	CURSOR	X	-0.029233582249622036
17:39:38.523231		TRACK	STATE	CURSOR	Y	-0.054522848201181966
17:39:38.543328		TRACK	STATE	CURSOR	X	-0.028344311527225042
17:39:38.543437		TRACK	STATE	CURSOR	Y	-0.05301791335855941
17:39:38.563705		TRACK	STATE	CURSOR	X	-0.027442766526992107
17:39:38.563803		TRACK	STATE	CURSOR	Y	-0.051501792337436354
17:39:38.583884		TRACK	STATE	CURSOR	X	-0.02652895902708115
17:39:38.583980		TRACK	STATE	CURSOR	Y	-0.049974725815797254
17:39:38.604136		TRACK	STATE	CURSOR	X	-0.025556278128002614
17:39:38.604237		TRACK	STATE	CURSOR	Y	-0.04835979152012695
17:39:38.624471		TRACK	STATE	CURSOR	X	-0.024617375435935247
17:39:38.624581		TRACK	STATE	CURSOR	Y	-0.04681104786721238
17:39:38.644780		TRACK	STATE	CURSOR	X	-0.02366625511425684
17:39:38.644884		TRACK	STATE	CURSOR	Y	-0.04525210545919408
17:39:38.665013		TRACK	STATE	CURSOR	X	-0.022654448884819118
17:39:38.665110		TRACK	STATE	CURSOR	Y	-0.04360451185869996
17:39:38.685323		TRACK	STATE	CURSOR	X	-0.021678339190482038
17:39:38.685423		TRACK	STATE	CURSOR	Y	-0.04202544215056007
17:39:38.705618		TRACK	STATE	CURSOR	X	-0.02069007024256318
17:39:38.705726		TRACK	STATE	CURSOR	Y	-0.040436938748004476
17:39:38.725961		TRACK	STATE	CURSOR	X	-0.01963932563513508
17:39:38.726071		TRACK	STATE	CURSOR	Y	-0.03875913582572871
17:39:38.746124		TRACK	STATE	CURSOR	X	-0.018626200851632985
17:39:38.746281		TRACK	STATE	CURSOR	Y	-0.03715209145403456
17:39:38.766540		TRACK	STATE	CURSOR	X	-0.017600988722535193
17:39:38.766631		TRACK	STATE	CURSOR	Y	-0.03553639573705089
17:39:38.786881		TRACK	STATE	CURSOR	X	-0.016563715772002652
17:39:38.786991		TRACK	STATE	CURSOR	Y	-0.03391230876898641
17:39:38.807253		TRACK	STATE	CURSOR	X	-0.015461629350080395
17:39:38.807359		TRACK	STATE	CURSOR	Y	-0.032198272851986315
17:39:38.827605		TRACK	STATE	CURSOR	X	-0.014399720780513289
17:39:38.827713		TRACK	STATE	CURSOR	Y	-0.03055780410440123
17:39:38.847903		TRACK	STATE	CURSOR	X	-0.013325841278232173
17:39:38.848002		TRACK	STATE	CURSOR	Y	-0.028909747780451828
17:39:38.868189		TRACK	STATE	CURSOR	X	-0.012185419575532477
17:39:38.868284		TRACK	STATE	CURSOR	Y	-0.027171414434719026
17:39:38.888467		TRACK	STATE	CURSOR	X	-0.01108710259785974
17:39:38.888580		TRACK	STATE	CURSOR	Y	-0.02550863928343002
17:39:38.908798		TRACK	STATE	CURSOR	X	-0.009976918105090401
17:39:38.908904		TRACK	STATE	CURSOR	Y	-0.023839095030771067
17:39:38.929358		TRACK	STATE	CURSOR	X	-0.008798492313069303
17:39:38.929491		TRACK	STATE	CURSOR	Y	-0.022079085288940297
17:39:38.949703		TRACK	STATE	CURSOR	X	-0.007664096197084293
17:39:38.949803		TRACK	STATE	CURSOR	Y	-0.020396514371474207
17:39:38.970020		TRACK	STATE	CURSOR	X	-0.006460334428983898
17:39:38.970129		TRACK	STATE	CURSOR	Y	-0.018623430221870158
17:39:38.990302		TRACK	STATE	CURSOR	X	-0.005301894026204966
17:39:38.990407		TRACK	STATE	CURSOR	Y	-0.016928985263733914
17:39:39.010603		TRACK	STATE	CURSOR	X	-0.004131789174605244
17:39:39.010701		TRACK	STATE	CURSOR	Y	-0.015229169828417821
17:39:39.030906		TRACK	STATE	CURSOR	X	-0.0029500640984287305
17:39:39.031003		TRACK	STATE	CURSOR	Y	-0.013524262191473827
17:39:39.051177		TRACK	STATE	CURSOR	X	-0.0016967964865193992
17:39:39.051283		TRACK	STATE	CURSOR	Y	-0.011728934535580446
17:39:39.071564		TRACK	STATE	CURSOR	X	-0.0004913942800792992
17:39:39.071677		TRACK	STATE	CURSOR	Y	-0.010014462978816427
17:39:39.091964		TRACK	STATE	CURSOR	X	0.0007866286837655834
17:39:39.092071		TRACK	STATE	CURSOR	Y	-0.008209713862983572
17:39:39.112575		TRACK	STATE	CURSOR	X	0.002015503750082276
17:39:39.112737		TRACK	STATE	CURSOR	Y	-0.006486862986234863
17:39:39.132675		TRACK	STATE	CURSOR	X	0.003255751157579182
17:39:39.132772		TRACK	STATE	CURSOR	Y	-0.0047603573314694
17:39:39.152886		TRACK	STATE	CURSOR	X	0.004507317942611472
17:39:39.152995		TRACK	STATE	CURSOR	Y	-0.0030304820204682947
17:39:39.173279		TRACK	STATE	CURSOR	X	0.005833586020227821
17:39:39.173387		TRACK	STATE	CURSOR	Y	-0.0012107994075311508
17:39:39.193669		TRACK	STATE	CURSOR	X	0.007108185957169139
17:39:39.193777		TRACK	STATE	CURSOR	Y	0.0005250882694172638
17:39:39.214045		TRACK	STATE	CURSOR	X	0.008458514037049114
17:39:39.214180		TRACK	STATE	CURSOR	Y	0.0023504495273834834
17:39:39.234379		TRACK	STATE	CURSOR	X	0.00975590638259898
17:39:39.234494		TRACK	STATE	CURSOR	Y	0.004091139452573278
17:39:39.254698		TRACK	STATE	CURSOR	X	0.011064325964646756
17:39:39.254830		TRACK	STATE	CURSOR	Y	0.005833730647084756
17:39:39.275003		TRACK	STATE	CURSOR	X	0.012449967198801601
17:39:39.275104		TRACK	STATE	CURSOR	Y	0.007665179869243348
17:39:39.295297		TRACK	STATE	CURSOR	X	0.013780798599474111
17:39:39.295403		TRACK	STATE	CURSOR	Y	0.009410759988173237
17:39:39.315764		TRACK	STATE	CURSOR	X	0.01512246508433889
17:39:39.315889		TRACK	STATE	CURSOR	Y	0.011157353434481968
17:39:39.335866		TRACK	STATE	CURSOR	X	0.016474900839924117
17:39:39.335981		TRACK	STATE	CURSOR	Y	0.012904667749330745
17:39:39.356264		TRACK	STATE	CURSOR	X	0.017906475269452698
17:39:39.356388		TRACK	STATE	CURSOR	Y	0.014739802963067724
17:39:39.376552		TRACK	STATE	CURSOR	X	0.01928077646101777
17:39:39.376669		TRACK	STATE	CURSOR	Y	0.016487678341126716
17:39:39.396911		TRACK	STATE	CURSOR	X	0.020665637689972743
17:39:39.397035		TRACK	STATE	CURSOR	Y	0.018235379162761117
17:39:39.417260		TRACK	STATE	CURSOR	X	0.022131029110322702
17:39:39.417389		TRACK	STATE	CURSOR	Y	0.020069954852957733
17:39:39.437567		TRACK	STATE	CURSOR	X	0.023537313811740002
17:39:39.437704		TRACK	STATE	CURSOR	Y	0.021816376529581277
17:39:39.457904		TRACK	STATE	CURSOR	X	0.02495393663693407
17:39:39.458037		TRACK	STATE	CURSOR	Y	0.02356172402358887
17:39:39.478183		TRACK	STATE	CURSOR	X	0.02645243439085258
17:39:39.478296		TRACK	STATE	CURSOR	Y	0.02539285928708927
17:39:39.498504		TRACK	STATE	CURSOR	X	0.02789001290616618
17:39:39.498620		TRACK	STATE	CURSOR	Y	0.02713508008638857
17:39:39.518993		TRACK	STATE	CURSOR	X	0.029410343038275732
17:39:39.519136		TRACK	STATE	CURSOR	Y	0.0289622791134266
17:39:39.539256		TRACK	STATE	CURSOR	X	0.030868548510086535
17:39:39.539391		TRACK	STATE	CURSOR	Y	0.030700128574101277
17:39:39.559701		TRACK	STATE	CURSOR	X	0.03233669319387803
17:39:39.559832		TRACK	STATE	CURSOR	Y	0.03243539357218553
17:39:39.580082		TRACK	STATE	CURSOR	X	0.03388885218399901
17:39:39.580208		TRACK	STATE	CURSOR	Y	0.03425431575301163
17:39:39.600526		TRACK	STATE	CURSOR	X	0.03537711372253807
17:39:39.600631		TRACK	STATE	CURSOR	Y	0.035983355296702525
17:39:39.620900		TRACK	STATE	CURSOR	X	0.036875059577026144
17:39:39.621009		TRACK	STATE	CURSOR	Y	0.03770890563558485
17:39:39.641232		TRACK	STATE	CURSOR	X	0.038458231146689004
17:39:39.641331		TRACK	STATE	CURSOR	Y	0.039516653684729446
17:39:39.661525		TRACK	STATE	CURSOR	X	0.039975759007491
17:39:39.661634		TRACK	STATE	CURSOR	Y	0.04123412395969941
17:39:39.681898		TRACK	STATE	CURSOR	X	0.041502704326455996
17:39:39.681997		TRACK	STATE	CURSOR	Y	0.04294720067530939
17:39:39.702179		TRACK	STATE	CURSOR	X	0.043116033891488915
17:39:39.702291		TRACK	STATE	CURSOR	Y	0.04474087854909214
17:39:39.722903		TRACK	STATE	CURSOR	X	0.04466200208042465
17:39:39.723017		TRACK	STATE	CURSOR	Y	0.0464440226758136
17:39:39.743075		TRACK	STATE	CURSOR	X	0.04629510270930254
17:39:39.743181		TRACK	STATE	CURSOR	Y	0.04822661860077491
17:39:39.763332		TRACK	STATE	CURSOR	X	0.04785970455047439
17:39:39.763435		TRACK	STATE	CURSOR	Y	0.04991858746234057
17:39:39.784116		TRACK	STATE	CURSOR	X	0.049512161981144776
17:39:39.784218		TRACK	STATE	CURSOR	Y	0.05168879804457924
17:39:39.804358		TRACK	STATE	CURSOR	X	0.05109499766120911
17:39:39.804459		TRACK	STATE	CURSOR	Y	0.05336835185654281
17:39:39.824722		TRACK	STATE	CURSOR	X	0.052686579666819035
17:39:39.824836		TRACK	STATE	CURSOR	Y	0.05504140073050608
17:39:39.844985		TRACK	STATE	CURSOR	X	0.054286809179119544
17:39:39.845098		TRACK	STATE	CURSOR	Y	0.056707651012181635
17:39:39.865235		TRACK	STATE	CURSOR	X	0.05597624760487968
17:39:39.865336		TRACK	STATE	CURSOR	Y	0.058449576107156814
17:39:39.885409		TRACK	STATE	CURSOR	X	0.057593890574907436
17:39:39.885506		TRACK	STATE	CURSOR	Y	0.06010097355939592
17:39:39.905569		TRACK	STATE	CURSOR	X	0.05921987236496653
17:39:39.905669		TRACK	STATE	CURSOR	Y	0.061744680285923864
17:39:39.925980		TRACK	STATE	CURSOR	X	0.06093601456493256
17:39:39.926081		TRACK	STATE	CURSOR	Y	0.06346197658677805
17:39:39.946215		TRACK	STATE	CURSOR	X	0.06257876591376595
17:39:39.946336		TRACK	STATE	CURSOR	Y	0.0650890077448122
17:39:39.966443		TRACK	STATE	CURSOR	X	0.06422953663962576
17:39:39.966550		TRACK	STATE	CURSOR	Y	0.06670746230531226
17:39:39.986749		TRACK	STATE	CURSOR	X	0.06588821971556763
17:39:39.986859		TRACK	STATE	CURSOR	Y	0.06831705139245209
17:39:40.007105		TRACK	STATE	CURSOR	X	0.0676382342710002
17:39:40.007209		TRACK	STATE	CURSOR	Y	0.0699972633272959
17:39:40.027386		TRACK	STATE	CURSOR	X	0.06931279838412825
17:39:40.027507		TRACK	STATE	CURSOR	Y	0.07158777873637598
17:39:40.037283		MAIN	INPUT	KEY_RELEASE	69
17:39:40.037422		SYSMON	ACTION	E	HIT
17:39:40.037461		SYSMON	STATE	E	SAFE
17:39:40.047805		TRACK	STATE	CURSOR	X	0.07099494158408604
17:39:40.047867		TRACK	STATE	CURSOR	Y	0.07316855304175422
17:39:40.067975		TRACK	STATE	CURSOR	X	0.07268455240246181
17:39:40.068073		TRACK	STATE	CURSOR	Y	0.07473930108413036
17:39:40.088246		TRACK	STATE	CURSOR	X	0.0744665576354609
17:39:40.088359		TRACK	STATE	CURSOR	Y	0.07637748488419123
17:39:40.108496		TRACK	STATE	CURSOR	X	0.07617112409809561
17:39:40.108620		TRACK	STATE	CURSOR	Y	0.07792679199281875
17:39:40.128977		TRACK	STATE	CURSOR	X	0.07796858088709124
17:39:40.129113		TRACK	STATE	CURSOR	Y	0.0795418396242679
17:39:40.149541		TRACK	STATE	CURSOR	X	0.0796876210224919
17:39:40.149642		TRACK	STATE	CURSOR	Y	0.08106852120448131
17:39:40.169825		TRACK	STATE	CURSOR	X	0.08141354392031673
17:39:40.169934		TRACK	STATE	CURSOR	Y	0.08258373911118061
17:39:40.190034		TRACK	STATE	CURSOR	X	0.08323304162587807
17:39:40.190173		TRACK	STATE	CURSOR	Y	0.0841620757268003
17:39:40.210306		TRACK	STATE	CURSOR	X	0.08497270482186448
17:39:40.210415		TRACK	STATE	CURSOR	Y	0.08565292472785528
17:39:40.230597		TRACK	STATE	CURSOR	X	0.08671888838870238
17:39:40.230710		TRACK	STATE	CURSOR	Y	0.0871314655612886
17:39:40.250940		TRACK	STATE	CURSOR	X	0.08847147152855028
17:39:40.251045		TRACK	STATE	CURSOR	Y	0.08859742407266358
17:39:40.271162		TRACK	STATE	CURSOR	X	0.09031843813034339
17:39:40.271274		TRACK	STATE	CURSOR	Y	0.09012284038127609
17:39:40.291477		TRACK	STATE	CURSOR	X	0.09208375872617765
17:39:40.291589		TRACK	STATE	CURSOR	Y	0.09156215409094375
17:39:40.311793		TRACK	STATE	CURSOR	X	0.0938551046057589
17:39:40.311907		TRACK	STATE	CURSOR	Y	0.09298805824636225
17:39:40.332559		TRACK	STATE	CURSOR	X	0.09572136614995934
17:39:40.332662		TRACK	STATE	CURSOR	Y	0.09447053219146251
17:39:40.352668		TRACK	STATE	CURSOR	X	0.09750467336194457
17:39:40.352778		TRACK	STATE	CURSOR	Y	0.09586811019268714
17:39:40.372941		TRACK	STATE	CURSOR	X	0.09929362303603777
17:39:40.373052		TRACK	STATE	CURSOR	Y	0.09725146578848297
17:39:40.393194		TRACK	STATE	CURSOR	X	0.1011779535821401
17:39:40.393305		TRACK	STATE	CURSOR	Y	0.09868839435507955
17:39:40.413479		TRACK	STATE	CURSOR	X	0.10297807136049282
17:39:40.413595		TRACK	STATE	CURSOR	Y	0.10004177312703764
17:39:40.433791		TRACK	STATE	CURSOR	X	0.10478344062673173
17:39:40.433889		TRACK	STATE	CURSOR	Y	0.10138013219203841
17:39:40.454073		TRACK	STATE	CURSOR	X	0.1066845881268743
17:39:40.454174		TRACK	STATE	CURSOR	Y	0.10276896216071778
17:39:40.474358		TRACK	STATE	CURSOR	X	0.10850031595431826
17:39:40.474469		TRACK	STATE	CURSOR	Y	0.10407572679264872
17:39:40.494646		TRACK	STATE	CURSOR	X	0.11032089653334327
17:39:40.494752		TRACK	STATE	CURSOR	Y	0.10536669111633756
17:39:40.515323		TRACK	STATE	CURSOR	X	0.11223758408282843
17:39:40.515508		TRACK	STATE	CURSOR	Y	0.1067049227478551
17:39:40.535882		TRACK	STATE	CURSOR	X	0.11406769817622635
17:39:40.535981		TRACK	STATE	CURSOR	Y	0.10796271042862993
17:39:40.556127		TRACK	STATE	CURSOR	X	0.11599410127291682
17:39:40.556227		TRACK	STATE	CURSOR	Y	0.10926555705868939
17:39:40.576349		TRACK	STATE	CURSOR	X	0.11783318604419074
17:39:40.576460		TRACK	STATE	CURSOR	Y	0.11048912568819097
17:39:40.596566		TRACK	STATE	CURSOR	X	0.11967644058695037
17:39:40.596667		TRACK	STATE	CURSOR	Y	0.11169562913449516
17:39:40.616762		TRACK	STATE	CURSOR	X	0.12152372873519253
17:39:40.616862		TRACK	STATE	CURSOR	Y	0.11288482567352558
17:39:40.636985		TRACK	STATE	CURSOR	X	0.12337491362077457
17:39:40.637085		TRACK	STATE	CURSOR	Y	0.11405647573439708
17:39:40.657193		TRACK	STATE	CURSOR	X	0.12532270109370228
17:39:40.657306		TRACK	STATE	CURSOR	Y	0.11526756419342221
17:39:40.677478		TRACK	STATE	CURSOR	X	0.12718144352353197
17:39:40.677590		TRACK	STATE	CURSOR	Y	0.11640250430389494
17:39:40.697791		TRACK	STATE	CURSOR	X	0.12904366106282042
17:39:40.697899		TRACK	STATE	CURSOR	Y	0.11751918093475462
17:39:40.718385		TRACK	STATE	CURSOR	X	0.1310025768551547
17:39:40.718489		TRACK	STATE	CURSOR	Y	0.11867178318474897
17:39:40.738487		TRACK	STATE	CURSOR	X	0.1328714813937006
17:39:40.738605		TRACK	STATE	CURSOR	Y	0.11975030174603984
17:39:40.758785		TRACK	STATE	CURSOR	X	0.13474343345379114
17:39:40.758893		TRACK	STATE	CURSOR	Y	0.12080986126059763
17:39:40.779152		TRACK	STATE	CURSOR	X	0.13671210826822736
17:39:40.779325		TRACK	STATE	CURSOR	Y	0.12190174987189684
17:39:40.799404		TRACK	STATE	CURSOR	X	0.1385898650132221
17:39:40.799511		TRACK	STATE	CURSOR	Y	0.12292174819863223
17:39:40.819700		TRACK	STATE	CURSOR	X	0.14047023617131374
17:39:40.819820		TRACK	STATE	CURSOR	Y	0.12392211437458495
17:39:40.839975		TRACK	STATE	CURSOR	X	0.1423530786133186
17:39:40.840090		TRACK	STATE	CURSOR	Y	0.12490263276967346
17:39:40.860332		TRACK	STATE	CURSOR	X	0.14433256570012046
17:39:40.860443		TRACK	STATE	CURSOR	Y	0.1259105828040603
17:39:40.880634		TRACK	STATE	CURSOR	X	0.14622002459949632
17:39:40.880756		TRACK	STATE	CURSOR	Y	0.12684974996542098
17:39:40.900979		TRACK	STATE	CURSOR	X	0.14810951503601447
17:39:40.901093		TRACK	STATE	CURSOR	Y	0.1277684276125481
17:39:40.921409		TRACK	STATE	CURSOR	X	0.15009550758166876
17:39:40.921528		TRACK	STATE	CURSOR	Y	0.12871076296170791
17:39:40.941547		TRACK	STATE	CURSOR	X	0.15198870830976333
17:39:40.941647		TRACK	STATE	CURSOR	Y	0.12958679897452502
17:39:40.961789		TRACK	STATE	CURSOR	X	0.15388349635930337
17:39:40.961917		TRACK	STATE	CURSOR	Y	0.13044172848879196
17:39:40.982212		TRACK	STATE	CURSOR	X	0.15587457181882974
17:39:40.982313		TRACK	STATE	CURSOR	Y	0.13131647337282848
17:39:41.002503		TRACK	STATE	CURSOR	X	0.15777215530574448
17:39:41.002609		TRACK	STATE	CURSOR	Y	0.13212752255018226
17:39:41.022826		TRACK	STATE	CURSOR	X	0.1596708778921802
17:39:41.022938		TRACK	STATE	CURSOR	Y	0.13291687392574625
17:39:41.043133		TRACK	STATE	CURSOR	X	0.16166560089135337
17:39:41.043247		TRACK	STATE	CURSOR	Y	0.13372213480456854
17:39:41.063402		TRACK	STATE	CURSOR	X	0.16356619632714486
17:39:41.063512		TRACK	STATE	CURSOR	Y	0.1344664207168245
17:39:41.083695		TRACK	STATE	CURSOR	X	0.1654674791027924
17:39:41.083793		TRACK	STATE	CURSOR	Y	0.1351884441052422
17:39:41.104011		TRACK	STATE	CURSOR	X	0.16736930041014406
17:39:41.104115		TRACK	STATE	CURSOR	Y	0.13588802574873907
17:39:41.124444		TRACK	STATE	CURSOR	X	0.1693666292074536
17:39:41.124567		TRACK	STATE	CURSOR	Y	0.1365982407474615
17:39:41.144673		TRACK	STATE	CURSOR	X	0.17126908799266705
17:39:41.144840		TRACK	STATE	CURSOR	Y	0.13725126913615426
17:39:41.165185		TRACK	STATE	CURSOR	X	0.1732667561495184
17:39:41.165317		TRACK	STATE	CURSOR	Y	0.13791222464959108
17:39:41.185612		TRACK	STATE	CURSOR	X	0.17516922328026294
17:39:41.185779		TRACK	STATE	CURSOR	Y	0.1385179852276497
17:39:41.206074		TRACK	STATE	CURSOR	X	0.17707146551782116
17:39:41.206223		TRACK	STATE	CURSOR	Y	0.13910043701477626
17:39:41.226572		TRACK	STATE	CURSOR	X	0.17906841320064307
17:39:41.226708		TRACK	STATE	CURSOR	Y	0.1396867496312988
17:39:41.246945		TRACK	STATE	CURSOR	X	0.18096972382892015
17:39:41.247092		TRACK	STATE	CURSOR	Y	0.14022091979978576
17:39:41.267279		TRACK	STATE	CURSOR	X	0.1829653606884295
17:39:41.267378		TRACK	STATE	CURSOR	Y	0.14075619316117358
17:39:41.287597		TRACK	STATE	CURSOR	X	0.18486510572990053
17:39:41.287703		TRACK	STATE	CURSOR	Y	0.14124143414412962
17:39:41.307845		TRACK	STATE	CURSOR	X	0.18676385657416084
17:39:41.307945		TRACK	STATE	CURSOR	Y	0.14170258057692522
17:39:41.328200		TRACK	STATE	CURSOR	X	0.18875630936168145
17:39:41.328305		TRACK	STATE	CURSOR	Y	0.14216069479823493
17:39:41.348314		TRACK	STATE	CURSOR	X	0.1906525488477239
17:39:41.348416		TRACK	STATE	CURSOR	Y	0.14257200008885518
17:39:41.368577		TRACK	STATE	CURSOR	X	0.19254733219432718
17:39:41.368687		TRACK	STATE	CURSOR	Y	0.14295878121573657
17:39:41.388900		TRACK	STATE	CURSOR	X	0.19444050774723434
17:39:41.389010		TRACK	STATE	CURSOR	Y	0.14332090404270462
17:39:41.409136		TRACK	STATE	CURSOR	X	0.19642644567592413
17:39:41.409243		TRACK	STATE	CURSOR	Y	0.14367445146727295
17:39:41.429500		TRACK	STATE	CURSOR	X	0.19831585087273182
17:39:41.429599		TRACK	STATE	CURSOR	Y	0.143985619638649
17:39:41.449702		TRACK	STATE	CURSOR	X	0.20020318538051718
17:39:41.449802		TRACK	STATE	CURSOR	Y	0.14427174123860043
17:39:41.469928		TRACK	STATE	CURSOR	X	0.20208829737484704
17:39:41.470042		TRACK	STATE	CURSOR	Y	0.1445326958764418
17:39:41.490183		TRACK	STATE	CURSOR	X	0.20406510686667975
17:39:41.490296		TRACK	STATE	CURSOR	Y	0.1447794843957034
17:39:41.510471		TRACK	STATE	CURSOR	X	0.20594518809457352
17:39:41.510582		TRACK	STATE	CURSOR	Y	0.14498848497435549
17:39:41.530974		TRACK	STATE	CURSOR	X	0.20782258382969213
17:39:41.531145		TRACK	STATE	CURSOR	Y	0.1451719727973183
17:39:41.551568		TRACK	STATE	CURSOR	X	0.20979079309263762
17:39:41.551684		TRACK	STATE	CURSOR	Y	0.1453370606570682
17:39:41.571863		TRACK	STATE	CURSOR	X	0.21166220936631594
17:39:41.571975		TRACK	STATE	CURSOR	Y	0.14546791891351415
17:39:41.592211		TRACK	STATE	CURSOR	X	0.21362380574477988
17:39:41.592324		TRACK	STATE	CURSOR	Y	0.14557752326530812
17:39:41.612538		TRACK	STATE	CURSOR	X	0.2154886057220141
17:39:41.612669		TRACK	STATE	CURSOR	Y	0.14565533582766724
17:39:41.632892		TRACK	STATE	CURSOR	X	0.21734994743578362
17:39:41.632993		TRACK	STATE	CURSOR	Y	0.14570713071160266
17:39:41.653224		TRACK	STATE	CURSOR	X	0.21930046888694818
17:39:41.653342		TRACK	STATE	CURSOR	Y	0.1457334174965077
17:39:41.673557		TRACK	STATE	CURSOR	X	0.22115424878199097
17:39:41.673671		TRACK	STATE	CURSOR	Y	0.14573160477585503
17:39:41.693786		TRACK	STATE	CURSOR	X	0.22300410990741734
17:39:41.693893		TRACK	STATE	CURSOR	Y	0.145703517116585
17:39:41.713980		TRACK	STATE	CURSOR	X	0.22494208171988403
17:39:41.714076		TRACK	STATE	CURSOR	Y	0.1456456625163158
17:39:41.734340		TRACK	STATE	CURSOR	X	0.2267834387558404
17:39:41.734444		TRACK	STATE	CURSOR	Y	0.14556347466856132
17:39:41.754457		TRACK	STATE	CURSOR	X	0.2286204183489973
17:39:41.754562		TRACK	STATE	CURSOR	Y	0.14545478867342362
17:39:41.774734		TRACK	STATE	CURSOR	X	0.2304528705969746
17:39:41.774841		TRACK	STATE	CURSOR	Y	0.14531953883452534
17:39:41.795146		TRACK	STATE	CURSOR	X	0.23228064586473474
17:39:41.795251		TRACK	STATE	CURSOR	Y	0.14515766317707446
17:39:41.815394		TRACK	STATE	CURSOR	X	0.23419461288267196
17:39:41.815511		TRACK	STATE	CURSOR	Y	0.1449589740258428
17:39:41.835696		TRACK	STATE	CURSOR	X	0.23601233376490324
17:39:41.835809		TRACK	STATE	CURSOR	Y	0.14474233747086496
17:39:41.855984		TRACK	STATE	CURSOR	X	0.23782492311095513
17:39:41.856088		TRACK	STATE	CURSOR	Y	0.1444989091994521
17:39:41.876197		TRACK	STATE	CURSOR	X	0.23972245676251172
17:39:41.876306		TRACK	STATE	CURSOR	Y	0.1442144238089277
17:39:41.896382		TRACK	STATE	CURSOR	X	0.24152406298804482
17:39:41.896490		TRACK	STATE	CURSOR	Y	0.14391593045396167
17:39:41.916690		TRACK	STATE	CURSOR	X	0.2433200862584369
17:39:41.916793		TRACK	STATE	CURSOR	Y	0.1435905145880667
17:39:41.937651		TRACK	STATE	CURSOR	X	0.24519974093303817
17:39:41.937768		TRACK	STATE	CURSOR	Y	0.14321981412671778
17:39:41.957855		TRACK	STATE	CURSOR	X	0.24698385927808367
17:39:41.957974		TRACK	STATE	CURSOR	Y	0.14283910128514354
17:39:41.978237		TRACK	STATE	CURSOR	X	0.24885069032511956
17:39:41.978355		TRACK	STATE	CURSOR	Y	0.1424102743610712
17:39:41.998758		TRACK	STATE	CURSOR	X	0.2506222885632005
17:39:41.998855		TRACK	STATE	CURSOR	Y	0.14197414960948188
17:39:42.019118		TRACK	STATE	CURSOR	X	0.2524756520399277
17:39:42.019238		TRACK	STATE	CURSOR	Y	0.1414870928936264
17:39:42.039590		TRACK	STATE	CURSOR	X	0.2542341188692108
17:39:42.039706		TRACK	STATE	CURSOR	Y	0.14099547438566098
17:39:42.060017		TRACK	STATE	CURSOR	X	0.2559859595502905
17:39:42.060155		TRACK	STATE	CURSOR	Y	0.14047676604592452
17:39:42.080915		TRACK	STATE	CURSOR	X	0.2578181033600338
17:39:42.081031		TRACK	STATE	CURSOR	Y	0.13990295848116993
17:39:42.100497		TRACK	STATE	CURSOR	X	0.2595559109557661
17:39:42.100615		TRACK	STATE	CURSOR	Y	0.13932869614024782
17:39:42.121259		TRACK	STATE	CURSOR	X	0.2613730042164652
17:39:42.121394		TRACK	STATE	CURSOR	Y	0.13869655305902082
17:39:42.141450		TRACK	STATE	CURSOR	X	0.26309617836664967
17:39:42.141593		TRACK	STATE	CURSOR	Y	0.13806673774251402
17:39:42.161812		TRACK	STATE	CURSOR	X	0.26481199785912146
17:39:42.161919		TRACK	STATE	CURSOR	Y	0.13740983385880243
17:39:42.182153		TRACK	STATE	CURSOR	X	0.26660553849608
17:39:42.182251		TRACK	STATE	CURSOR	Y	0.1366909440072852
17:39:42.202539		TRACK	STATE	CURSOR	X	0.2683058405008681
17:39:42.202652		TRACK	STATE	CURSOR	Y	0.13597855066295297
17:39:42.222986		TRACK	STATE	CURSOR	X	0.27008277856906204
17:39:42.223089		TRACK	STATE	CURSOR	Y	0.1352014368386676
17:39:42.243334		TRACK	STATE	CURSOR	X	0.2717669754816732
17:39:42.243442		TRACK	STATE	CURSOR	Y	0.13443363848217668
17:39:42.263889		TRACK	STATE	CURSOR	X	0.27344310470558475
17:39:42.263989		TRACK	STATE	CURSOR	Y	0.1336388540509703
17:39:42.284331		TRACK	STATE	CURSOR	X	0.2751942067613065
17:39:42.284446		TRACK	STATE	CURSOR	Y	0.13277532170150916
17:39:42.304885		TRACK	STATE	CURSOR	X	0.2768533671578254
17:39:42.304997		TRACK	STATE	CURSOR	Y	0.13192532012666944
17:39:42.325783		TRACK	STATE	CURSOR	X	0.278586350275868
17:39:42.325883		TRACK	STATE	CURSOR	Y	0.13100389365890713
17:39:42.345995		TRACK	STATE	CURSOR	X	0.28030982078497885
17:39:42.346093		TRACK	STATE	CURSOR	Y	0.13005288708386395
17:39:42.366167		TRACK	STATE	CURSOR	X	0.28194223451672457
17:39:42.366265		TRACK	STATE	CURSOR	Y	0.12911971665601119
17:39:42.386339		TRACK	STATE	CURSOR	X	0.2835657443760335
17:39:42.386446		TRACK	STATE	CURSOR	Y	0.12815981878059368
17:39:42.406614		TRACK	STATE	CURSOR	X	0.28518021707405644
17:39:42.406715		TRACK	STATE	CURSOR	Y	0.1271732494615705
17:39:42.427023		TRACK	STATE	CURSOR	X	0.2867855201129203
17:39:42.427141		TRACK	STATE	CURSOR	Y	0.12616006859954074
17:39:42.447366		TRACK	STATE	CURSOR	X	0.2884610753740913
17:39:42.447468		TRACK	STATE	CURSOR	Y	0.12506765787693205
17:39:42.467656		TRACK	STATE	CURSOR	X	0.2900471698105343
17:39:42.467757		TRACK	STATE	CURSOR	Y	0.12400012704305198
17:39:42.487911		TRACK	STATE	CURSOR	X	0.2916236955143953
17:39:42.488023		TRACK	STATE	CURSOR	Y	0.12290619139187242
17:39:42.492989		MAIN	SCENARIO	TRACK	AUTOMATICSOLVER	False
17:39:42.508243		TRACK	STATE	CURSOR	X	0.29326860786596787
17:39:42.508304		TRACK	STATE	CURSOR	Y	0.1217292235930912
17:39:42.528690		TRACK	STATE	CURSOR	X	0.29482511490107244
17:39:42.528792		TRACK	STATE	CURSOR	Y	0.12058139878129308
17:39:42.548758		TRACK	STATE	CURSOR	X	0.2963716620630633
17:39:42.548856		TRACK	STATE	CURSOR	Y	0.11940741196515064
17:39:42.569026		TRACK	STATE	CURSOR	X	0.2979081229077625
17:39:42.569139		TRACK	STATE	CURSOR	Y	0.11820735058300769
17:39:42.589289		TRACK	STATE	CURSOR	X	0.2995104140537784
17:39:42.589400		TRACK	STATE	CURSOR	Y	0.11691932332336795
17:39:42.609559		TRACK	STATE	CURSOR	X	0.30102580652159516
17:39:42.609658		TRACK	STATE	CURSOR	Y	0.11566609869082926
17:39:42.629763		TRACK	STATE	CURSOR	X	0.3025307327181532
17:39:42.629861		TRACK	STATE	CURSOR	Y	0.11438708994733986
17:39:42.649983		TRACK	STATE	CURSOR	X	0.3040995067040525
17:39:42.650078		TRACK	STATE	CURSOR	Y	0.11301649336592805
17:39:42.670158		TRACK	STATE	CURSOR	X	0.30558259465260434
17:39:42.670263		TRACK	STATE	CURSOR	Y	0.11168495336307464
17:39:42.690379		TRACK	STATE	CURSOR	X	0.3070548452799789
17:39:42.690483		TRACK	STATE	CURSOR	Y	0.11032795531318322
17:39:42.719345		MAIN	STATE		END
