#	date	

21:19:48.565232		MAIN	INFO	SCENARIO	FILENAME	sample_scenario.txt
21:19:48.565688		MAIN	INFO	SCREENSIZE	WIDTH	1600
21:19:48.565927		MAIN	INFO	SCREENSIZE	HEIGHT	900
21:19:48.583402		MAIN	INFO	COMMUNICATIONS	AOI_X	[0, 469]
21:19:48.583704		MAIN	INFO	COMMUNICATIONS	AOI_Y	[483, 900]
21:19:48.584730		MAIN	INFO	SCHEDULING	AOI_X	[1313, 1600]
21:19:48.585119		MAIN	INFO	SCHEDULING	AOI_Y	[33, 450]
21:19:48.585701		MAIN	INFO	RESMAN	AOI_X	[469, 1321]
21:19:48.585958		MAIN	INFO	RESMAN	AOI_Y	[483, 900]
21:19:48.586452		MAIN	INFO	SYSMON	AOI_X	[0, 557]
21:19:48.586688		MAIN	INFO	SYSMON	AOI_Y	[33, 450]
21:19:48.587345		MAIN	INFO	TRACK	AOI_X	[469, 1321]
21:19:48.587516		MAIN	INFO	TRACK	AOI_Y	[33, 450]
21:19:48.587911		MAIN	INFO	PUMPSTATUS	AOI_X	[1313, 1600]
21:19:48.588077		MAIN	INFO	PUMPSTATUS	AOI_Y	[483, 900]
21:19:48.644539		MAIN	SCENARIO	SYSMON	FEEDBACKS-POSITIVE-COLOR	#00ff00
21:19:48.645157		MAIN	SCENARIO	SYSMON	FEEDBACKS-NEGATIVE-COLOR	#ff0000
21:19:48.666636		MAIN	STATE	SYSMON	START
21:19:48.668596		RESMAN	STATE	TANK	TOLERANCE	500
21:19:48.668693		RESMAN	STATE	TANKA	TARGET	2500
21:19:48.669320		RESMAN	STATE	TANKB	TARGET	2500
21:19:48.677869		MAIN	STATE	RESMAN	START
21:19:49.678320		MAIN	SCENARIO	SYSMON	FEEDBACKS-NEGATIVE-TRIGGER	2
21:19:50.679834		RESMAN	STATE	TANKA	LEVEL	2474
21:19:50.680025		RESMAN	STATE	TANKB	LEVEL	2474
21:19:52.679672		RESMAN	STATE	TANKA	LEVEL	2448
21:19:52.679897		RESMAN	STATE	TANKB	LEVEL	2448
21:19:54.679795		RESMAN	STATE	TANKA	LEVEL	2422
21:19:54.679986		RESMAN	STATE	TANKB	LEVEL	2422
21:19:56.680175		RESMAN	STATE	TANKA	LEVEL	2396
21:19:56.680362		RESMAN	STATE	TANKB	LEVEL	2396
21:19:58.679058		MAIN	SCENARIO	SYSMON	LIGHTS-1-FAILURE	True
21:19:58.680748		RESMAN	STATE	TANKA	LEVEL	2370
21:19:58.680879		RESMAN	STATE	TANKB	LEVEL	2370
21:19:58.696318		SYSMON	STATE	W	FAILURE
21:20:00.681137		RESMAN	STATE	TANKA	LEVEL	2344
21:20:00.681336		RESMAN	STATE	TANKB	LEVEL	2344
21:20:01.678664		MAIN	SCENARIO	SYSMON	LIGHTS-2-FAILURE	True
21:20:02.681631		RESMAN	STATE	TANKA	LEVEL	2318
21:20:02.681813		RESMAN	STATE	TANKB	LEVEL	2318
21:20:03.749225		SYSMON	ACTION	W	MISS
21:20:03.749407		SYSMON	STATE	W	SAFE
21:20:03.903565		SYSMON	STATE	E	FAILURE
21:20:04.682439		RESMAN	STATE	TANKA	LEVEL	2292
21:20:04.682612		RESMAN	STATE	TANKB	LEVEL	2292
21:20:05.056116		MAIN	STATE		END
