#	date	

21:17:25.116236		MAIN	INFO	SCENARIO	FILENAME	sample_scenario.txt
21:17:25.116651		MAIN	INFO	SCREENSIZE	WIDTH	1600
21:17:25.116905		MAIN	INFO	SCREENSIZE	HEIGHT	900
21:17:25.140910		MAIN	INFO	COMMUNICATIONS	AOI_X	[0, 469]
21:17:25.141213		MAIN	INFO	COMMUNICATIONS	AOI_Y	[483, 900]
21:17:25.142234		MAIN	INFO	SCHEDULING	AOI_X	[1313, 1600]
21:17:25.142520		MAIN	INFO	SCHEDULING	AOI_Y	[33, 450]
21:17:25.143071		MAIN	INFO	RESMAN	AOI_X	[469, 1321]
21:17:25.143321		MAIN	INFO	RESMAN	AOI_Y	[483, 900]
21:17:25.143804		MAIN	INFO	SYSMON	AOI_X	[0, 557]
21:17:25.144035		MAIN	INFO	SYSMON	AOI_Y	[33, 450]
21:17:25.144568		MAIN	INFO	TRACK	AOI_X	[469, 1321]
21:17:25.144803		MAIN	INFO	TRACK	AOI_Y	[33, 450]
21:17:25.145381		MAIN	INFO	PUMPSTATUS	AOI_X	[1313, 1600]
21:17:25.145619		MAIN	INFO	PUMPSTATUS	AOI_Y	[483, 900]
21:17:25.223039		MAIN	SCENARIO	SYSMON	FEEDBACKS-POSITIVE-COLOR	#00ff00
21:17:25.223183		MAIN	SCENARIO	SYSMON	FEEDBACKS-NEGATIVE-COLOR	#ff0000
21:17:25.244577		MAIN	STATE	SYSMON	START
21:17:25.246371		RESMAN	STATE	TANK	TOLERANCE	500
21:17:25.246455		RESMAN	STATE	TANKA	TARGET	2500
21:17:25.247045		RESMAN	STATE	TANKB	TARGET	2500
21:17:25.254833		MAIN	STATE	RESMAN	START
21:17:26.255905		MAIN	SCENARIO	SYSMON	FEEDBACKS-NEGATIVE-TRIGGER	2
21:17:27.255737		RESMAN	STATE	TANKA	LEVEL	2474
21:17:27.255908		RESMAN	STATE	TANKB	LEVEL	2474
21:17:29.255989		RESMAN	STATE	TANKA	LEVEL	2448
21:17:29.256161		RESMAN	STATE	TANKB	LEVEL	2448
21:17:31.256665		RESMAN	STATE	TANKA	LEVEL	2422
21:17:31.256839		RESMAN	STATE	TANKB	LEVEL	2422
21:17:33.257244		RESMAN	STATE	TANKA	LEVEL	2396
21:17:33.257455		RESMAN	STATE	TANKB	LEVEL	2396
21:17:35.255442		MAIN	SCENARIO	SYSMON	LIGHTS-1-FAILURE	True
21:17:35.258168		RESMAN	STATE	TANKA	LEVEL	2370
21:17:35.258286		RESMAN	STATE	TANKB	LEVEL	2370
21:17:35.273770		SYSMON	STATE	W	FAILURE
21:17:36.638218		MAIN	INPUT	KEY_RELEASE	87
21:17:36.638435		SYSMON	ACTION	W	HIT
21:17:36.638508		SYSMON	STATE	W	SAFE
21:17:37.258781		RESMAN	STATE	TANKA	LEVEL	2344
21:17:37.258959		RESMAN	STATE	TANKB	LEVEL	2344
21:17:38.255437		MAIN	SCENARIO	SYSMON	LIGHTS-2-FAILURE	True
21:17:38.278497		SYSMON	STATE	E	FAILURE
21:17:39.259232		RESMAN	STATE	TANKA	LEVEL	2318
21:17:39.259416		RESMAN	STATE	TANKB	LEVEL	2318
21:17:39.694303		MAIN	INPUT	KEY_RELEASE	69
21:17:39.694500		SYSMON	ACTION	E	HIT
21:17:39.694571		SYSMON	STATE	E	SAFE
21:17:41.259983		RESMAN	STATE	TANKA	LEVEL	2292
21:17:41.260166		RESMAN	STATE	TANKB	LEVEL	2292
21:17:42.256010		MAIN	STATE	SYSMON	STOP
21:17:42.256402		MAIN	STATE	RESMAN	STOP
21:17:45.268843		MAIN	STATE		END
21:17:45.269580		MAIN	STATE		END
