#	date	

00:16:32.121717		MAIN	INFO	SCENARIO	FILENAME	scenario_demo.txt
00:16:32.122262		MAIN	INFO	SCREENSIZE	WIDTH	1920
00:16:32.122262		MAIN	INFO	SCREENSIZE	HEIGHT	1080
00:16:32.163472		MAIN	INFO	COMMUNICATIONS	AOI_X	[0, 563]
00:16:32.163472		MAIN	INFO	COMMUNICATIONS	AOI_Y	[580, 1080]
00:16:32.164472		MAIN	INFO	PUMPSTATUS	AOI_X	[1576, 1919]
00:16:32.164472		MAIN	INFO	PUMPSTATUS	AOI_Y	[580, 1080]
00:16:32.164472		MAIN	INFO	RESMAN	AOI_X	[563, 1585]
00:16:32.164472		MAIN	INFO	RESMAN	AOI_Y	[580, 1080]
00:16:32.165572		MAIN	INFO	SCHEDULING	AOI_X	[1576, 1919]
00:16:32.165572		MAIN	INFO	SCHEDULING	AOI_Y	[40, 540]
00:16:32.165572		MAIN	INFO	SYSMON	AOI_X	[0, 668]
00:16:32.166588		MAIN	INFO	SYSMON	AOI_Y	[40, 540]
00:16:32.166588		MAIN	INFO	TRACK	AOI_X	[563, 1585]
00:16:32.166588		MAIN	INFO	TRACK	AOI_Y	[40, 540]
00:16:32.173315		MAIN	SCENARIO	COMMUNICATIONS	CALLSIGNREGEX	[A-Z][A-Z]\d\d
00:16:32.173315		MAIN	SCENARIO	COMMUNICATIONS	OTHERCALLSIGNNUMBER	5
00:16:32.173815		MAIN	SCENARIO	COMMUNICATIONS	VOICEGENDER	male
00:16:32.173815		MAIN	SCENARIO	COMMUNICATIONS	VOICEIDIOM	english
00:16:32.178571		COMMUN	STATE	OWNCALLSIGN		UD36
00:16:32.191559		COMMUN	STATE	OTHERCALLSIGN		['BR07', 'GE42', 'KX58', 'IS91', 'YL70']
00:16:32.195566		MAIN	STATE	COMMUNICATIONS	START
00:16:32.196555		TRACK	STATE	TARGET	X	0.5
00:16:32.196555		TRACK	STATE	TARGET	Y	0.5
00:16:32.196555		TRACK	STATE	TARGET	RADIUS	0.1
00:16:32.196555		TRACK	STATE		MODE	MANUAL
00:16:32.197553		MAIN	STATE	TRACK	START
00:16:32.197553		MAIN	SCENARIO	TRACK	AUTOMATICSOLVER	True
00:16:32.438666		MAIN	STATE	SYSMON	START
00:16:32.442348		MAIN	STATE	PUMPSTATUS	START
00:16:32.443335		RESMAN	STATE	TANK	TOLERANCE	500
00:16:32.443814		RESMAN	STATE	TANKA	TARGET	2500
00:16:32.444697		RESMAN	STATE	TANKB	TARGET	2500
00:16:32.453675		MAIN	STATE	RESMAN	START
00:16:32.460710		MAIN	STATE	SCHEDULING	START
00:16:32.461711		MAIN	STATE		PAUSE
00:16:32.477908		MAIN	STATE	PARTICIPANTINFO	START
00:16:44.944883		MAIN	INPUT	KEY_RELEASE	16777220
00:16:45.550981		MAIN	INPUT	KEY_RELEASE	16777249
00:16:45.586524		MAIN	INPUT	KEY_RELEASE	16777248
00:17:05.800656		MAIN	STATE		END
