#	date	

14:26:02.486002		MAIN	INFO	SCENARIO	FILENAME	scenario_demo.txt
14:26:02.487098		MAIN	INFO	SCREENSIZE	WIDTH	1920
14:26:02.487098		MAIN	INFO	SCREENSIZE	HEIGHT	1080
14:26:02.502303		MAIN	INFO	COMMUNICATIONS	AOI_X	[0, 563]
14:26:02.502303		MAIN	INFO	COMMUNICATIONS	AOI_Y	[580, 1080]
14:26:02.503326		MAIN	INFO	PUMPSTATUS	AOI_X	[1576, 1919]
14:26:02.504271		MAIN	INFO	PUMPSTATUS	AOI_Y	[580, 1080]
14:26:02.504271		MAIN	INFO	RESMAN	AOI_X	[563, 1585]
14:26:02.504271		MAIN	INFO	RESMAN	AOI_Y	[580, 1080]
14:26:02.505270		MAIN	INFO	SCHEDULING	AOI_X	[1576, 1919]
14:26:02.507381		MAIN	INFO	SCHEDULING	AOI_Y	[40, 540]
14:26:02.508267		MAIN	INFO	SYSMON	AOI_X	[0, 668]
14:26:02.508267		MAIN	INFO	SYSMON	AOI_Y	[40, 540]
14:26:02.508267		MAIN	INFO	TRACK	AOI_X	[563, 1585]
14:26:02.508267		MAIN	INFO	TRACK	AOI_Y	[40, 540]
14:26:02.531247		MAIN	SCENARIO	COMMUNICATIONS	CALLSIGNREGEX	[A-Z][A-Z]\d\d
14:26:02.531748		MAIN	SCENARIO	COMMUNICATIONS	OTHERCALLSIGNNUMBER	5
14:26:02.531748		MAIN	SCENARIO	COMMUNICATIONS	VOICEGENDER	male
14:26:02.532413		MAIN	SCENARIO	COMMUNICATIONS	VOICEIDIOM	english
14:26:02.535719		COMMUN	STATE	OWNCALLSIGN		WG38
14:26:02.554821		COMMUN	STATE	OTHERCALLSIGN		['ED79', 'TN42', 'LU06', 'BA15', 'MI84']
14:26:02.556821		MAIN	STATE	COMMUNICATIONS	START
14:26:02.557817		TRACK	STATE	TARGET	X	0.5
14:26:02.558822		TRACK	STATE	TARGET	Y	0.5
14:26:02.558822		TRACK	STATE	TARGET	RADIUS	0.1
14:26:02.558822		TRACK	STATE		MODE	MANUAL
14:26:02.558822		MAIN	STATE	TRACK	START
14:26:02.559599		MAIN	SCENARIO	TRACK	AUTOMATICSOLVER	True
14:26:02.792969		MAIN	STATE	SYSMON	START
14:26:02.796391		MAIN	STATE	PUMPSTATUS	START
14:26:02.797705		RESMAN	STATE	TANK	TOLERANCE	500
14:26:02.798047		RESMAN	STATE	TANKA	TARGET	2500
14:26:02.798525		RESMAN	STATE	TANKB	TARGET	2500
14:26:02.804469		MAIN	STATE	RESMAN	START
14:26:02.809628		MAIN	STATE	SCHEDULING	START
14:26:02.809628		MAIN	STATE		PAUSE
14:26:02.824573		MAIN	STATE	PARTICIPANTINFO	START
14:26:05.425524		MAIN	INPUT	KEY_RELEASE	68
14:26:05.486280		MAIN	INPUT	KEY_RELEASE	69
14:26:05.547028		MAIN	INPUT	KEY_RELEASE	77
14:26:05.599023		MAIN	INPUT	KEY_RELEASE	79
14:26:05.927432		MAIN	INPUT	KEY_RELEASE	16777220
14:26:06.914037		PARTICIPANTINFO	INPUT	PARTID	demo
14:26:06.915073		MAIN	STATE		RESUME
14:26:07.011398		TRACK	STATE	CURSOR	X	-0.005378055132373272
14:26:07.012406		TRACK	STATE	CURSOR	Y	0.10232679675924297
14:26:07.031136		TRACK	STATE	CURSOR	X	-0.005338289435310052
14:26:07.032136		TRACK	STATE	CURSOR	Y	0.09184222839910387
14:26:07.051788		TRACK	STATE	CURSOR	X	-0.005303196439486263
14:26:07.052788		TRACK	STATE	CURSOR	Y	0.08133753487643347
14:26:07.071787		TRACK	STATE	CURSOR	X	-0.005271406865783303
14:26:07.072788		TRACK	STATE	CURSOR	Y	0.07078605957267013
14:26:07.092787		TRACK	STATE	CURSOR	X	-0.005245975000532255
14:26:07.092787		TRACK	STATE	CURSOR	Y	0.060240434540367864
14:26:07.112787		TRACK	STATE	CURSOR	X	-0.005224385088253514
14:26:07.113788		TRACK	STATE	CURSOR	Y	0.049646218908960996
14:26:07.133823		TRACK	STATE	CURSOR	X	-0.005208718002623551
14:26:07.133823		TRACK	STATE	CURSOR	Y	0.039060121972199845
14:26:07.153788		TRACK	STATE	CURSOR	X	-0.005197849375932835
14:26:07.154789		TRACK	STATE	CURSOR	Y	0.02845445755828123
14:26:07.174126		TRACK	STATE	CURSOR	X	-0.0051916254508250674
14:26:07.174126		TRACK	STATE	CURSOR	Y	0.01779758056091795
14:26:07.194125		TRACK	STATE	CURSOR	X	-0.0051906606200139245
14:26:07.195125		TRACK	STATE	CURSOR	Y	0.017152177883498966
14:26:07.214492		TRACK	STATE	CURSOR	X	-0.005194557572232851
14:26:07.214492		TRACK	STATE	CURSOR	Y	0.016487579968871714
14:26:07.234609		TRACK	STATE	CURSOR	X	-0.005203335093867047
14:26:07.235610		TRACK	STATE	CURSOR	Y	0.015803915046622256
14:26:07.255609		TRACK	STATE	CURSOR	X	-0.005217823668155809
14:26:07.255609		TRACK	STATE	CURSOR	Y	0.015065689661365032
14:26:07.275609		TRACK	STATE	CURSOR	X	-0.0052366609215522
14:26:07.275609		TRACK	STATE	CURSOR	Y	0.014343350962320457
14:26:07.295610		TRACK	STATE	CURSOR	X	-0.005260429930742318
14:26:07.295610		TRACK	STATE	CURSOR	Y	0.01360235489952865
14:26:07.315609		TRACK	STATE	CURSOR	X	-0.005289145455069116
14:26:07.316610		TRACK	STATE	CURSOR	Y	0.012842841785424712
14:26:07.336609		TRACK	STATE	CURSOR	X	-0.005324635475128459
14:26:07.336609		TRACK	STATE	CURSOR	Y	0.012025580807859669
14:26:07.357616		TRACK	STATE	CURSOR	X	-0.0053656088957168375
14:26:07.357616		TRACK	STATE	CURSOR	Y	0.01118823198584127
14:26:07.377801		TRACK	STATE	CURSOR	X	-0.0054120791952827025
14:26:07.378801		TRACK	STATE	CURSOR	Y	0.010330968072706441
14:26:07.398692		TRACK	STATE	CURSOR	X	-0.0054614583079191
14:26:07.398692		TRACK	STATE	CURSOR	Y	0.009496172278903849
14:26:07.418863		TRACK	STATE	CURSOR	X	-0.005515843872110311
14:26:07.418863		TRACK	STATE	CURSOR	Y	0.008643627838550709
14:26:07.439356		TRACK	STATE	CURSOR	X	-0.005578346174397092
14:26:07.439356		TRACK	STATE	CURSOR	Y	0.007729527022686276
14:26:07.459727		TRACK	STATE	CURSOR	X	-0.005643020345292534
14:26:07.459727		TRACK	STATE	CURSOR	Y	0.006841094573297159
14:26:07.479727		TRACK	STATE	CURSOR	X	-0.005716340865009374
14:26:07.480728		TRACK	STATE	CURSOR	Y	0.0058896691547290145
14:26:07.500781		TRACK	STATE	CURSOR	X	-0.00579133032841229
14:26:07.500781		TRACK	STATE	CURSOR	Y	0.004966036066155359
14:26:07.520780		TRACK	STATE	CURSOR	X	-0.005871358612533591
14:26:07.520780		TRACK	STATE	CURSOR	Y	0.004025488391618058
14:26:07.540781		TRACK	STATE	CURSOR	X	-0.005960814774435737
14:26:07.541782		TRACK	STATE	CURSOR	Y	0.003019896995610248
14:26:07.561963		TRACK	STATE	CURSOR	X	-0.006051181334012741
14:26:07.561963		TRACK	STATE	CURSOR	Y	0.002045214298104385
14:26:07.581776		TRACK	STATE	CURSOR	X	-0.0061465930163094595
14:26:07.582777		TRACK	STATE	CURSOR	Y	0.0010541491142703127
14:26:07.602403		TRACK	STATE	CURSOR	X	-0.006252204991216999
14:26:07.602403		TRACK	STATE	CURSOR	Y	-3.904307540582297e-06
14:26:07.622403		TRACK	STATE	CURSOR	X	-0.006357957750499521
14:26:07.623404		TRACK	STATE	CURSOR	Y	-0.001027988983808882
14:26:07.642405		TRACK	STATE	CURSOR	X	-0.006468752044477342
14:26:07.643403		TRACK	STATE	CURSOR	Y	-0.002067900106106045
14:26:07.663406		TRACK	STATE	CURSOR	X	-0.00659050833213969
14:26:07.663406		TRACK	STATE	CURSOR	Y	-0.003176634936065202
14:26:07.683432		TRACK	STATE	CURSOR	X	-0.0067116261451727515
14:26:07.684439		TRACK	STATE	CURSOR	Y	-0.004248401796605759
14:26:07.703678		TRACK	STATE	CURSOR	X	-0.006837771935216323
14:26:07.703678		TRACK	STATE	CURSOR	Y	-0.005335415963200953
14:26:07.723670		TRACK	STATE	CURSOR	X	-0.006968939075488327
14:26:07.723670		TRACK	STATE	CURSOR	Y	-0.006437482671997015
14:26:07.744723		TRACK	STATE	CURSOR	X	-0.007112060352630817
14:26:07.744723		TRACK	STATE	CURSOR	Y	-0.007610637294466878
14:26:07.764812		TRACK	STATE	CURSOR	X	-0.007253495980534226
14:26:07.764812		TRACK	STATE	CURSOR	Y	-0.008742942917202366
14:26:07.784811		TRACK	STATE	CURSOR	X	-0.007399926064448827
14:26:07.784811		TRACK	STATE	CURSOR	Y	-0.009889692622681169
14:26:07.805367		TRACK	STATE	CURSOR	X	-0.007559040869324268
14:26:07.805367		TRACK	STATE	CURSOR	Y	-0.011109101885451896
14:26:07.825326		TRACK	STATE	CURSOR	X	-0.007715673965425625
14:26:07.826326		TRACK	STATE	CURSOR	Y	-0.01228482140555557
14:26:07.845320		TRACK	STATE	CURSOR	X	-0.007877264524815594
14:26:07.846320		TRACK	STATE	CURSOR	Y	-0.013474355527423675
14:26:07.866320		TRACK	STATE	CURSOR	X	-0.008052254384516427
14:26:07.866320		TRACK	STATE	CURSOR	Y	-0.014738003631181558
14:26:07.886320		TRACK	STATE	CURSOR	X	-0.008223961743778244
14:26:07.886320		TRACK	STATE	CURSOR	Y	-0.01595519633289983
14:26:07.906544		TRACK	STATE	CURSOR	X	-0.00840057944430328
14:26:07.906544		TRACK	STATE	CURSOR	Y	-0.017185554075375926
14:26:07.926734		TRACK	STATE	CURSOR	X	-0.00858208982815357
14:26:07.926734		TRACK	STATE	CURSOR	Y	-0.018428859679612143
14:26:07.947807		TRACK	STATE	CURSOR	X	-0.008777920951934248
14:26:07.947807		TRACK	STATE	CURSOR	Y	-0.01974802582841189
14:26:07.967806		TRACK	STATE	CURSOR	X	-0.008969401529259893
14:26:07.967806		TRACK	STATE	CURSOR	Y	-0.011017187107657008
14:26:07.987807		TRACK	STATE	CURSOR	X	-0.009165714195415184
14:26:07.987807		TRACK	STATE	CURSOR	Y	-0.012298621526005792
14:26:08.007806		TRACK	STATE	CURSOR	X	-0.009377018860630776
14:26:08.008807		TRACK	STATE	CURSOR	Y	-0.013657090258424752
14:26:08.028812		TRACK	STATE	CURSOR	X	-0.009583167102101988
14:26:08.028812		TRACK	STATE	CURSOR	Y	-0.014962978710969051
14:26:08.048898		TRACK	STATE	CURSOR	X	-0.009794076694632697
14:26:08.048898		TRACK	STATE	CURSOR	Y	-0.016280447795606168
14:26:08.068893		TRACK	STATE	CURSOR	X	-0.01000972224025574
14:26:08.068893		TRACK	STATE	CURSOR	Y	-0.01760926676240588
14:26:08.088876		TRACK	STATE	CURSOR	X	-0.010241218137799065
14:26:08.089902		TRACK	STATE	CURSOR	Y	-0.019016487549850268
14:26:08.108902		TRACK	STATE	CURSOR	X	-0.010466488398659324
14:26:08.109901		TRACK	STATE	CURSOR	Y	-0.010367844986156208
14:26:08.129900		TRACK	STATE	CURSOR	X	-0.010696410437645113
14:26:08.130868		TRACK	STATE	CURSOR	Y	-0.011729837774389075
14:26:08.150967		TRACK	STATE	CURSOR	X	-0.010942802439691562
14:26:08.150967		TRACK	STATE	CURSOR	Y	-0.013171116424670991
14:26:08.170967		TRACK	STATE	CURSOR	X	-0.011182166296716181
14:26:08.170967		TRACK	STATE	CURSOR	Y	-0.014554166911918897
14:26:08.191004		TRACK	STATE	CURSOR	X	-0.011438402796166999
14:26:08.192003		TRACK	STATE	CURSOR	Y	-0.016017026336809792
14:26:08.211800		TRACK	STATE	CURSOR	X	-0.01168707395473854
14:26:08.211800		TRACK	STATE	CURSOR	Y	-0.01742012204217365
14:26:08.231528		TRACK	STATE	CURSOR	X	-0.011940233655344653
14:26:08.232528		TRACK	STATE	CURSOR	Y	-0.018832624540983035
14:26:08.252535		TRACK	STATE	CURSOR	X	-0.012210843507570115
14:26:08.252535		TRACK	STATE	CURSOR	Y	-0.010325607588951917
14:26:08.272529		TRACK	STATE	CURSOR	X	-0.012473093228101676
14:26:08.272529		TRACK	STATE	CURSOR	Y	-0.011756624985074954
14:26:08.293119		TRACK	STATE	CURSOR	X	-0.012739720518621128
14:26:08.293119		TRACK	STATE	CURSOR	Y	-0.013196296027151897
14:26:08.313120		TRACK	STATE	CURSOR	X	-0.013010686835724697
14:26:08.313120		TRACK	STATE	CURSOR	Y	-0.014644371020563639
14:26:08.333119		TRACK	STATE	CURSOR	X	-0.013299827996783744
14:26:08.334119		TRACK	STATE	CURSOR	Y	-0.016173619866987135
14:26:08.353119		TRACK	STATE	CURSOR	X	-0.013579564347294737
14:26:08.354119		TRACK	STATE	CURSOR	Y	-0.017638136922589857
14:26:08.373119		TRACK	STATE	CURSOR	X	-0.013863515627305173
14:26:08.374119		TRACK	STATE	CURSOR	Y	-0.019110288517694522
14:26:08.394119		TRACK	STATE	CURSOR	X	-0.014151639016902964
14:26:08.394119		TRACK	STATE	CURSOR	Y	-0.01058981995061597
14:26:08.414119		TRACK	STATE	CURSOR	X	-0.014443890649438185
14:26:08.414119		TRACK	STATE	CURSOR	Y	-0.012076475384580837
14:26:08.433506		MAIN	INPUT	KEY_RELEASE	ESC
14:26:08.492771		MAIN	STATE		END
14:26:08.498937		MAIN	STATE		END
