#	date	

00:17:17.002924		MAIN	INFO	SCENARIO	FILENAME	scenario_demo.txt
00:17:17.003425		MAIN	INFO	SCREENSIZE	WIDTH	1920
00:17:17.003425		MAIN	INFO	SCREENSIZE	HEIGHT	1080
00:17:17.033178		MAIN	INFO	COMMUNICATIONS	AOI_X	[0, 563]
00:17:17.033178		MAIN	INFO	COMMUNICATIONS	AOI_Y	[580, 1080]
00:17:17.034172		MAIN	INFO	PUMPSTATUS	AOI_X	[1576, 1919]
00:17:17.034172		MAIN	INFO	PUMPSTATUS	AOI_Y	[580, 1080]
00:17:17.034806		MAIN	INFO	RESMAN	AOI_X	[563, 1585]
00:17:17.034806		MAIN	INFO	RESMAN	AOI_Y	[580, 1080]
00:17:17.034806		MAIN	INFO	SCHEDULING	AOI_X	[1576, 1919]
00:17:17.034806		MAIN	INFO	SCHEDULING	AOI_Y	[40, 540]
00:17:17.036040		MAIN	INFO	SYSMON	AOI_X	[0, 668]
00:17:17.036040		MAIN	INFO	SYSMON	AOI_Y	[40, 540]
00:17:17.036040		MAIN	INFO	TRACK	AOI_X	[563, 1585]
00:17:17.036040		MAIN	INFO	TRACK	AOI_Y	[40, 540]
00:17:17.043535		MAIN	SCENARIO	COMMUNICATIONS	CALLSIGNREGEX	[A-Z][A-Z]\d\d
00:17:17.045035		MAIN	SCENARIO	COMMUNICATIONS	OTHERCALLSIGNNUMBER	5
00:17:17.046536		MAIN	SCENARIO	COMMUNICATIONS	VOICEGENDER	male
00:17:17.047447		MAIN	SCENARIO	COMMUNICATIONS	VOICEIDIOM	english
00:17:17.050472		COMMUN	STATE	OWNCALLSIGN		MA27
00:17:17.070793		COMMUN	STATE	OTHERCALLSIGN		['DI38', 'EL49', 'UV51', 'TO06', 'YG68']
00:17:17.073060		MAIN	STATE	COMMUNICATIONS	START
00:17:17.074061		TRACK	STATE	TARGET	X	0.5
00:17:17.074496		TRACK	STATE	TARGET	Y	0.5
00:17:17.074631		TRACK	STATE	TARGET	RADIUS	0.1
00:17:17.074631		TRACK	STATE		MODE	MANUAL
00:17:17.075371		MAIN	STATE	TRACK	START
00:17:17.075616		MAIN	SCENARIO	TRACK	AUTOMATICSOLVER	True
00:17:17.301871		MAIN	STATE	SYSMON	START
00:17:17.305119		MAIN	STATE	PUMPSTATUS	START
00:17:17.306844		RESMAN	STATE	TANK	TOLERANCE	500
00:17:17.306844		RESMAN	STATE	TANKA	TARGET	2500
00:17:17.307528		RESMAN	STATE	TANKB	TARGET	2500
00:17:17.313804		MAIN	STATE	RESMAN	START
00:17:17.318968		MAIN	STATE	SCHEDULING	START
00:17:17.318968		MAIN	STATE		PAUSE
00:17:17.333380		MAIN	STATE	PARTICIPANTINFO	START
00:17:24.140387		MAIN	STATE		END
