#	date	

22:19:43.457329		MAIN	INFO	SCENARIO	FILENAME	scenario_demo.txt
22:19:43.460368		MAIN	INFO	SCREENSIZE	WIDTH	1920
22:19:43.461329		MAIN	INFO	SCREENSIZE	HEIGHT	1080
22:19:43.538028		MAIN	INFO	COMMUNICATIONS	AOI_X	[0, 563]
22:19:43.539028		MAIN	INFO	COMMUNICATIONS	AOI_Y	[580, 1080]
22:19:43.547986		MAIN	INFO	PUMPSTATUS	AOI_X	[1576, 1919]
22:19:43.547986		MAIN	INFO	PUMPSTATUS	AOI_Y	[580, 1080]
22:19:43.549342		MAIN	INFO	RESMAN	AOI_X	[563, 1585]
22:19:43.549342		MAIN	INFO	RESMAN	AOI_Y	[580, 1080]
22:19:43.549342		MAIN	INFO	SCHEDULING	AOI_X	[1576, 1919]
22:19:43.550677		MAIN	INFO	SCHEDULING	AOI_Y	[40, 540]
22:19:43.550677		MAIN	INFO	SYSMON	AOI_X	[0, 668]
22:19:43.550677		MAIN	INFO	SYSMON	AOI_Y	[40, 540]
22:19:43.551677		MAIN	INFO	TRACK	AOI_X	[563, 1585]
22:19:43.551677		MAIN	INFO	TRACK	AOI_Y	[40, 540]
22:19:43.566786		MAIN	SCENARIO	COMMUNICATIONS	CALLSIGNREGEX	[A-Z][A-Z]\d\d
22:19:43.567432		MAIN	SCENARIO	COMMUNICATIONS	OTHERCALLSIGNNUMBER	5
22:19:43.567432		MAIN	SCENARIO	COMMUNICATIONS	VOICEGENDER	male
22:19:43.567432		MAIN	SCENARIO	COMMUNICATIONS	VOICEIDIOM	english
22:19:43.570508		COMMUN	STATE	OWNCALLSIGN		AN96
22:19:43.594325		COMMUN	STATE	OTHERCALLSIGN		['CT25', 'MQ37', 'JZ08', 'YV14', 'IE61']
22:19:43.600326		MAIN	STATE	COMMUNICATIONS	START
22:19:43.602324		TRACK	STATE	TARGET	X	0.5
22:19:43.603324		TRACK	STATE	TARGET	Y	0.5
22:19:43.603324		TRACK	STATE	TARGET	RADIUS	0.1
22:19:43.603324		TRACK	STATE		MODE	MANUAL
22:19:43.603324		MAIN	STATE	TRACK	START
22:19:43.603324		MAIN	SCENARIO	TRACK	AUTOMATICSOLVER	True
22:19:44.236675		MAIN	STATE	SYSMON	START
22:19:44.241096		MAIN	STATE	PUMPSTATUS	START
22:19:44.242908		RESMAN	STATE	TANK	TOLERANCE	500
22:19:44.242908		RESMAN	STATE	TANKA	TARGET	2500
22:19:44.243922		RESMAN	STATE	TANKB	TARGET	2500
22:19:44.254662		MAIN	STATE	RESMAN	START
22:19:44.263661		MAIN	STATE	SCHEDULING	START
22:19:44.263661		MAIN	STATE		PAUSE
22:19:44.289830		MAIN	STATE	PARTICIPANTINFO	START
22:19:48.226006		MAIN	INPUT	KEY_RELEASE	68
22:19:48.436922		MAIN	INPUT	KEY_RELEASE	69
22:19:48.588630		MAIN	INPUT	KEY_RELEASE	77
22:19:48.654029		MAIN	INPUT	KEY_RELEASE	79
22:19:48.895922		MAIN	INPUT	KEY_RELEASE	16777220
22:19:50.522922		PARTICIPANTINFO	INPUT	PARTID	demo
22:19:50.522922		MAIN	STATE		RESUME
22:19:50.649547		TRACK	STATE	CURSOR	X	-0.005325473986516986
22:19:50.649547		TRACK	STATE	CURSOR	Y	0.10166786970518138
22:19:50.670309		TRACK	STATE	CURSOR	X	-0.005292022764658326
22:19:50.671309		TRACK	STATE	CURSOR	Y	0.09115615651515395
22:19:50.690815		TRACK	STATE	CURSOR	X	-0.005261966825442221
22:19:50.690815		TRACK	STATE	CURSOR	Y	0.08059735013973306
22:19:50.711205		TRACK	STATE	CURSOR	X	-0.005237131146672884
22:19:50.712193		TRACK	STATE	CURSOR	Y	0.07001663388007125
22:19:50.731507		TRACK	STATE	CURSOR	X	-0.005218357184558375
22:19:50.732462		TRACK	STATE	CURSOR	Y	0.05944331809155761
22:19:50.752243		TRACK	STATE	CURSOR	X	-0.005204367024611911
22:19:50.752243		TRACK	STATE	CURSOR	Y	0.048850359207278884
22:19:50.772670		TRACK	STATE	CURSOR	X	-0.005194850399441693
22:19:50.773616		TRACK	STATE	CURSOR	Y	0.03820673942758115
22:19:50.793964		TRACK	STATE	CURSOR	X	-0.005190657347694629
22:19:50.793964		TRACK	STATE	CURSOR	Y	0.027541730998924943
22:19:50.814344		TRACK	STATE	CURSOR	X	-0.005191634912888811
22:19:50.814344		TRACK	STATE	CURSOR	Y	0.016888635033104817
22:19:50.834727		TRACK	STATE	CURSOR	X	-0.005197902398887557
22:19:50.834727		TRACK	STATE	CURSOR	Y	0.01618228251552136
22:19:50.855573		TRACK	STATE	CURSOR	X	-0.0052095596695912365
22:19:50.855573		TRACK	STATE	CURSOR	Y	0.015454973355111236
22:19:50.876463		TRACK	STATE	CURSOR	X	-0.0052256911120180756
22:19:50.876463		TRACK	STATE	CURSOR	Y	0.014742954946866331
22:19:50.897370		TRACK	STATE	CURSOR	X	-0.005247928010648171
22:19:50.897817		TRACK	STATE	CURSOR	Y	0.013975176400705218
22:19:50.917484		TRACK	STATE	CURSOR	X	-0.005275610435226989
22:19:50.917484		TRACK	STATE	CURSOR	Y	0.013186905081127846
22:19:50.938772		TRACK	STATE	CURSOR	X	-0.005307052469015343
22:19:50.939062		TRACK	STATE	CURSOR	Y	0.012417268457829457
22:19:50.958339		TRACK	STATE	CURSOR	X	-0.0053454129893930336
22:19:50.958339		TRACK	STATE	CURSOR	Y	0.011589463944618232
22:19:50.978527		TRACK	STATE	CURSOR	X	-0.005387051278036699
22:19:50.979603		TRACK	STATE	CURSOR	Y	0.010782484082770515
22:19:50.999579		TRACK	STATE	CURSOR	X	-0.005436143515660398
22:19:50.999579		TRACK	STATE	CURSOR	Y	0.00991579851736827
22:19:51.019653		TRACK	STATE	CURSOR	X	-0.005488024729205075
22:19:51.019653		TRACK	STATE	CURSOR	Y	0.009072108835085559
22:19:51.039887		TRACK	STATE	CURSOR	X	-0.0055449167645364355
22:19:51.039887		TRACK	STATE	CURSOR	Y	0.008210749115992226
22:19:51.060497		TRACK	STATE	CURSOR	X	-0.00560682758530522
22:19:51.060998		TRACK	STATE	CURSOR	Y	0.0073318786649397075
22:19:51.081167		TRACK	STATE	CURSOR	X	-0.005677242977258014
22:19:51.081167		TRACK	STATE	CURSOR	Y	0.006390396131273866
22:19:51.101242		TRACK	STATE	CURSOR	X	-0.005753205982207336
22:19:51.101242		TRACK	STATE	CURSOR	Y	0.005429977565746556
22:19:51.122071		TRACK	STATE	CURSOR	X	-0.005830714396252758
22:19:51.122071		TRACK	STATE	CURSOR	Y	0.004497865878498812
22:19:51.142396		TRACK	STATE	CURSOR	X	-0.005913263338125446
22:19:51.142396		TRACK	STATE	CURSOR	Y	0.0035489251597780255
22:19:51.162953		TRACK	STATE	CURSOR	X	-0.0060053674502990595
22:19:51.162953		TRACK	STATE	CURSOR	Y	0.002534614589369426
22:19:51.183308		TRACK	STATE	CURSOR	X	-0.006098256515020366
22:19:51.184093		TRACK	STATE	CURSOR	Y	0.001551718345040247
22:19:51.203620		TRACK	STATE	CURSOR	X	-0.006201219938672804
22:19:51.203620		TRACK	STATE	CURSOR	Y	0.0005021452357462999
22:19:51.224000		TRACK	STATE	CURSOR	X	-0.006309744958237097
22:19:51.225061		TRACK	STATE	CURSOR	Y	-0.0005651812398451486
22:19:51.244982		TRACK	STATE	CURSOR	X	-0.00641827091114978
22:19:51.245220		TRACK	STATE	CURSOR	Y	-0.0015979935016961697
22:19:51.264779		TRACK	STATE	CURSOR	X	-0.006531836692821498
22:19:51.264779		TRACK	STATE	CURSOR	Y	-0.0026465294567151257
22:19:51.285125		TRACK	STATE	CURSOR	X	-0.006650438369521949
22:19:51.285964		TRACK	STATE	CURSOR	Y	-0.0037106003733154216
22:19:51.305111		TRACK	STATE	CURSOR	X	-0.00678038451621311
22:19:51.306120		TRACK	STATE	CURSOR	Y	-0.004844385131808272
22:19:51.326459		TRACK	STATE	CURSOR	X	-0.006909292938006166
22:19:51.326950		TRACK	STATE	CURSOR	Y	-0.005939702450147501
22:19:51.346318		TRACK	STATE	CURSOR	X	-0.007043218604730441
22:19:51.346318		TRACK	STATE	CURSOR	Y	-0.0070499641833889695
22:19:51.366635		TRACK	STATE	CURSOR	X	-0.007189231265046318
22:19:51.366635		TRACK	STATE	CURSOR	Y	-0.008231605805451243
22:19:51.387519		TRACK	STATE	CURSOR	X	-0.007333415141800341
22:19:51.387519		TRACK	STATE	CURSOR	Y	-0.00937188079866711
22:19:51.407881		TRACK	STATE	CURSOR	X	-0.007490176916959042
22:19:51.407881		TRACK	STATE	CURSOR	Y	-0.010584590786344987
22:19:51.428487		TRACK	STATE	CURSOR	X	-0.007644574768730854
22:19:51.428487		TRACK	STATE	CURSOR	Y	-0.01175402553447142
22:19:51.448802		TRACK	STATE	CURSOR	X	-0.007812034298352403
22:19:51.448802		TRACK	STATE	CURSOR	Y	-0.012996897570021017
22:19:51.469722		TRACK	STATE	CURSOR	X	-0.00798495008406457
22:19:51.469722		TRACK	STATE	CURSOR	Y	-0.014254861019593522
22:19:51.489636		TRACK	STATE	CURSOR	X	-0.008154688606928565
22:19:51.489636		TRACK	STATE	CURSOR	Y	-0.01546672735396052
22:19:51.510057		TRACK	STATE	CURSOR	X	-0.008338205779492366
22:19:51.511059		TRACK	STATE	CURSOR	Y	-0.016753444886389045
22:19:51.531276		TRACK	STATE	CURSOR	X	-0.008527124075709713
22:19:51.532373		TRACK	STATE	CURSOR	Y	-0.01805452147649362
22:19:51.552953		TRACK	STATE	CURSOR	X	-0.008721422201880066
22:19:51.553454		TRACK	STATE	CURSOR	Y	-0.019369704130221897
22:19:51.573130		TRACK	STATE	CURSOR	X	-0.008921077538227379
22:19:51.574132		TRACK	STATE	CURSOR	Y	-0.010698737428199394
22:19:51.593782		TRACK	STATE	CURSOR	X	-0.009116184209180173
22:19:51.594784		TRACK	STATE	CURSOR	Y	-0.011977124594716853
22:19:51.614265		TRACK	STATE	CURSOR	X	-0.009326228634064635
22:19:51.615265		TRACK	STATE	CURSOR	Y	-0.013332454489053168
22:19:51.635593		TRACK	STATE	CURSOR	X	-0.009531182696873725
22:19:51.635645		TRACK	STATE	CURSOR	Y	-0.01463541193920745
22:19:51.655791		TRACK	STATE	CURSOR	X	-0.009751515071477942
22:19:51.656791		TRACK	STATE	CURSOR	Y	-0.016016038578462247
22:19:51.676767		TRACK	STATE	CURSOR	X	-0.00997707452032722
22:19:51.677266		TRACK	STATE	CURSOR	Y	-0.017409229483423536
22:19:51.696184		TRACK	STATE	CURSOR	X	-0.010196724844635241
22:19:51.697184		TRACK	STATE	CURSOR	Y	-0.018747513103742786
22:19:51.717593		TRACK	STATE	CURSOR	X	-0.010421061269882431
22:19:51.718460		TRACK	STATE	CURSOR	Y	-0.010096715094203389
22:19:51.738432		TRACK	STATE	CURSOR	X	-0.010661626739988281
22:19:51.738432		TRACK	STATE	CURSOR	Y	-0.011524870177350913
22:19:51.758016		TRACK	STATE	CURSOR	X	-0.010907292940587232
22:19:51.759017		TRACK	STATE	CURSOR	Y	-0.012964528111087588
22:19:51.778594		TRACK	STATE	CURSOR	X	-0.011145970381398881
22:19:51.778594		TRACK	STATE	CURSOR	Y	-0.01434607196011923
22:19:51.799405		TRACK	STATE	CURSOR	X	-0.011401491388200022
22:19:51.799405		TRACK	STATE	CURSOR	Y	-0.015807388421057875
22:19:51.819521		TRACK	STATE	CURSOR	X	-0.011649486288115804
22:19:51.819521		TRACK	STATE	CURSOR	Y	-0.01720905202293447
22:19:51.839878		TRACK	STATE	CURSOR	X	-0.011901974930866662
22:19:51.840844		TRACK	STATE	CURSOR	Y	-0.01862015911790245
22:19:51.860019		TRACK	STATE	CURSOR	X	-0.012171885945585992
22:19:51.861009		TRACK	STATE	CURSOR	Y	-0.010111716726008755
22:19:51.881138		TRACK	STATE	CURSOR	X	-0.012433475771995115
22:19:51.881138		TRACK	STATE	CURSOR	Y	-0.01154141462117995
22:19:51.900916		TRACK	STATE	CURSOR	X	-0.012699448858185256
22:19:51.900916		TRACK	STATE	CURSOR	Y	-0.012979803502177764
22:19:51.921548		TRACK	STATE	CURSOR	X	-0.012983396068245334
22:19:51.922482		TRACK	STATE	CURSOR	Y	-0.014499192486690059
22:19:51.942576		TRACK	STATE	CURSOR	X	-0.0132720878000957
22:19:51.942576		TRACK	STATE	CURSOR	Y	-0.016027597832260147
22:19:51.963333		TRACK	STATE	CURSOR	X	-0.01355140034297575
22:19:51.963333		TRACK	STATE	CURSOR	Y	-0.017491337470223654
22:19:51.983365		TRACK	STATE	CURSOR	X	-0.013849218615513248
22:19:51.984359		TRACK	STATE	CURSOR	Y	-0.01903650354491667
22:19:52.004228		TRACK	STATE	CURSOR	X	-0.0141371344327794
22:19:52.004861		TRACK	STATE	CURSOR	Y	-0.010515672052798625
22:19:52.024693		TRACK	STATE	CURSOR	X	-0.014443890649438185
22:19:52.025270		TRACK	STATE	CURSOR	Y	-0.012076475384580837
22:19:52.044599		TRACK	STATE	CURSOR	X	-0.014740225615505476
22:19:52.045607		TRACK	STATE	CURSOR	Y	-0.013569997888158452
22:19:52.065385		TRACK	STATE	CURSOR	X	-0.015040597967094912
22:19:52.065385		TRACK	STATE	CURSOR	Y	-0.015070129475851258
22:19:52.085368		TRACK	STATE	CURSOR	X	-0.015344960721912012
22:19:52.085368		TRACK	STATE	CURSOR	Y	-0.016576611148839085
22:19:52.105169		TRACK	STATE	CURSOR	X	-0.015668783737680214
22:19:52.106162		TRACK	STATE	CURSOR	Y	-0.018164966714635404
22:19:52.125640		TRACK	STATE	CURSOR	X	-0.015981175599682818
22:19:52.125640		TRACK	STATE	CURSOR	Y	-0.019683652308792324
22:19:52.145937		TRACK	STATE	CURSOR	X	-0.016297408228466276
22:19:52.145937		TRACK	STATE	CURSOR	Y	-0.011207892209192815
22:19:52.166094		TRACK	STATE	CURSOR	X	-0.016617430500517172
22:19:52.167100		TRACK	STATE	CURSOR	Y	-0.012737423732665424
22:19:52.186352		TRACK	STATE	CURSOR	X	-0.01695747543223966
22:19:52.187357		TRACK	STATE	CURSOR	Y	-0.014348838625143493
22:19:52.206493		TRACK	STATE	CURSOR	X	-0.017285102391736345
22:19:52.207516		TRACK	STATE	CURSOR	Y	-0.015888393409374063
22:19:52.226670		TRACK	STATE	CURSOR	X	-0.01761635685298127
22:19:52.227698		TRACK	STATE	CURSOR	Y	-0.017432433833871882
22:19:52.247010		TRACK	STATE	CURSOR	X	-0.017968017745197257
22:19:52.248010		TRACK	STATE	CURSOR	Y	-0.019058213228461438
22:19:52.267657		TRACK	STATE	CURSOR	X	-0.018306534998142453
22:19:52.268192		TRACK	STATE	CURSOR	Y	-0.010610617912009119
22:19:52.288254		TRACK	STATE	CURSOR	X	-0.018648508373612826
22:19:52.288254		TRACK	STATE	CURSOR	Y	-0.01216669594290849
22:19:52.308116		TRACK	STATE	CURSOR	X	-0.019011236404865184
22:19:52.308116		TRACK	STATE	CURSOR	Y	-0.013804238615057819
22:19:52.328292		TRACK	STATE	CURSOR	X	-0.019360111910131938
22:19:52.329292		TRACK	STATE	CURSOR	Y	-0.015367010185783691
22:19:52.349386		TRACK	STATE	CURSOR	X	-0.019712263091061166
22:19:52.349386		TRACK	STATE	CURSOR	Y	-0.01693263769103044
22:19:52.370115		TRACK	STATE	CURSOR	X	-0.010085480402456706
22:19:52.370115		TRACK	STATE	CURSOR	Y	-0.018579326020479545
22:19:52.390024		TRACK	STATE	CURSOR	X	-0.010444154648069961
22:19:52.391080		TRACK	STATE	CURSOR	Y	-0.010149967076092286
22:19:52.410408		TRACK	STATE	CURSOR	X	-0.01082408314131251
22:19:52.411638		TRACK	STATE	CURSOR	Y	-0.011801325080510914
22:19:52.431532		TRACK	STATE	CURSOR	X	-0.011207340233803617
22:19:52.431532		TRACK	STATE	CURSOR	Y	-0.013454613729248475
22:19:52.452101		TRACK	STATE	CURSOR	X	-0.011575372800603547
22:19:52.452101		TRACK	STATE	CURSOR	Y	-0.01503068308478807
22:19:52.473227		TRACK	STATE	CURSOR	X	-0.01196491079436097
22:19:52.473227		TRACK	STATE	CURSOR	Y	-0.016686839345147825
22:19:52.493663		TRACK	STATE	CURSOR	X	-0.012357552120916429
22:19:52.493663		TRACK	STATE	CURSOR	Y	-0.018344002084315202
22:19:52.514610		TRACK	STATE	CURSOR	X	-0.012734309632245708
22:19:52.514610		TRACK	STATE	CURSOR	Y	-0.019922901322302605
22:19:52.534819		TRACK	STATE	CURSOR	X	-0.013132782663883123
22:19:52.534819		TRACK	STATE	CURSOR	Y	-0.011581125845291142
22:19:52.542574		RESMAN	STATE	TANKA	LEVEL	2474
22:19:52.543892		RESMAN	STATE	TANKB	LEVEL	2474
22:19:52.555501		TRACK	STATE	CURSOR	X	-0.01353412420006945
22:19:52.556480		TRACK	STATE	CURSOR	Y	-0.013239431452117513
22:19:52.577463		TRACK	STATE	CURSOR	X	-0.013938252580831598
22:19:52.578196		TRACK	STATE	CURSOR	Y	-0.014897504670945302
22:19:52.597579		TRACK	STATE	CURSOR	X	-0.014345085090243662
22:19:52.597579		TRACK	STATE	CURSOR	Y	-0.0165550321036543
22:19:52.618133		TRACK	STATE	CURSOR	X	-0.014734982039877978
22:19:52.618133		TRACK	STATE	CURSOR	Y	-0.01813283561072368
22:19:52.639070		TRACK	STATE	CURSOR	X	-0.01514685168607908
22:19:52.639070		TRACK	STATE	CURSOR	Y	-0.01978839475589466
22:19:52.658936		TRACK	STATE	CURSOR	X	-0.01554139113959462
22:19:52.658936		TRACK	STATE	CURSOR	Y	-0.0113637556023452
22:19:52.679750		TRACK	STATE	CURSOR	X	-0.01595797099876122
22:19:52.679750		TRACK	STATE	CURSOR	Y	-0.01301615393757183
22:19:52.700414		TRACK	STATE	CURSOR	X	-0.016376834363438307
22:19:52.701414		TRACK	STATE	CURSOR	Y	-0.014666472220648713
22:19:52.720954		TRACK	STATE	CURSOR	X	-0.016777793674942497
22:19:52.720954		TRACK	STATE	CURSOR	Y	-0.016235984746282295
22:19:52.740325		TRACK	STATE	CURSOR	X	-0.01718066626078693
22:19:52.741771		TRACK	STATE	CURSOR	Y	-0.01780305872054195
22:19:52.762060		TRACK	STATE	CURSOR	X	-0.017605655996050566
22:19:52.762060		TRACK	STATE	CURSOR	Y	-0.019445568003690655
22:19:52.783071		TRACK	STATE	CURSOR	X	-0.01803257730220298
22:19:52.783071		TRACK	STATE	CURSOR	Y	-0.011084782244698907
22:19:52.803605		TRACK	STATE	CURSOR	X	-0.01846133771300234
22:19:52.803605		TRACK	STATE	CURSOR	Y	-0.012720391642435465
22:19:52.824192		TRACK	STATE	CURSOR	X	-0.018871305345717803
22:19:52.824192		TRACK	STATE	CURSOR	Y	-0.014274480579557
22:19:52.844483		TRACK	STATE	CURSOR	X	-0.019303386381890046
22:19:52.844483		TRACK	STATE	CURSOR	Y	-0.01590216162451525
22:19:52.864389		TRACK	STATE	CURSOR	X	-0.019716344576734927
22:19:52.865627		TRACK	STATE	CURSOR	Y	-0.017448140543060604
22:19:52.885472		TRACK	STATE	CURSOR	X	-0.010130635458450369
22:19:52.886075		TRACK	STATE	CURSOR	Y	-0.018989758691399104
22:19:52.905172		TRACK	STATE	CURSOR	X	-0.010566983615599665
22:19:52.906177		TRACK	STATE	CURSOR	Y	-0.010603475169666159
22:19:52.925972		TRACK	STATE	CURSOR	X	-0.010983744119205033
22:19:52.925972		TRACK	STATE	CURSOR	Y	-0.012135327969073925
22:19:52.945908		TRACK	STATE	CURSOR	X	-0.011422498348781366
22:19:52.946906		TRACK	STATE	CURSOR	Y	-0.013738210088898436
22:19:52.966233		TRACK	STATE	CURSOR	X	-0.011841370743805908
22:19:52.967267		TRACK	STATE	CURSOR	Y	-0.015259193113720001
22:19:52.987889		TRACK	STATE	CURSOR	X	-0.012261141740273427
22:19:52.987889		TRACK	STATE	CURSOR	Y	-0.016774475241341187
22:19:53.007836		TRACK	STATE	CURSOR	X	-0.012702772994685021
22:19:53.007836		TRACK	STATE	CURSOR	Y	-0.018359101274312804
22:19:53.028158		TRACK	STATE	CURSOR	X	-0.013124112829373464
22:19:53.028158		TRACK	STATE	CURSOR	Y	-0.019861884409167502
22:19:53.047770		TRACK	STATE	CURSOR	X	-0.013546083302150421
22:19:53.048783		TRACK	STATE	CURSOR	Y	-0.011358176332889035
22:19:53.068666		TRACK	STATE	CURSOR	X	-0.013989733467785549
22:19:53.068666		TRACK	STATE	CURSOR	Y	-0.012922015438222733
22:19:53.088775		TRACK	STATE	CURSOR	X	-0.014412717367177806
22:19:53.088775		TRACK	STATE	CURSOR	Y	-0.014404197961655459
22:19:53.108768		TRACK	STATE	CURSOR	X	-0.014836058075794403
22:19:53.108768		TRACK	STATE	CURSOR	Y	-0.015879108713357126
22:19:53.129871		TRACK	STATE	CURSOR	X	-0.015280850255950244
22:19:53.129871		TRACK	STATE	CURSOR	Y	-0.017419661283686633
22:19:53.150400		TRACK	STATE	CURSOR	X	-0.01570463729510059
22:19:53.150400		TRACK	STATE	CURSOR	Y	-0.01887887339783477
22:19:53.170853		TRACK	STATE	CURSOR	X	-0.01614969537902447
22:19:53.170853		TRACK	STATE	CURSOR	Y	-0.010402387037210048
22:19:53.191627		TRACK	STATE	CURSOR	X	-0.016594731470643498
22:19:53.191627		TRACK	STATE	CURSOR	Y	-0.011916745887671854
22:19:53.211466		TRACK	STATE	CURSOR	X	-0.01701845608045588
22:19:53.212597		TRACK	STATE	CURSOR	Y	-0.013350218093826536
22:19:53.231742		TRACK	STATE	CURSOR	X	-0.017441968883578032
22:19:53.232697		TRACK	STATE	CURSOR	Y	-0.014774878914315693
22:19:53.252318		TRACK	STATE	CURSOR	X	-0.01788632608183581
22:19:53.253327		TRACK	STATE	CURSOR	Y	-0.016261020888551782
22:19:53.273479		TRACK	STATE	CURSOR	X	-0.018330235822861682
22:19:53.277057		TRACK	STATE	CURSOR	Y	-0.017736895126204806
22:19:53.293515		TRACK	STATE	CURSOR	X	-0.018752489934029393
22:19:53.294515		TRACK	STATE	CURSOR	Y	-0.019132686835077482
22:19:53.314675		TRACK	STATE	CURSOR	X	-0.019174142073463074
22:19:53.314675		TRACK	STATE	CURSOR	Y	-0.01051866990163665
22:19:53.334753		TRACK	STATE	CURSOR	X	-0.019616123476354233
22:19:53.334753		TRACK	STATE	CURSOR	Y	-0.0119631337253696
22:19:53.357165		TRACK	STATE	CURSOR	X	-0.010078203629998618
22:19:53.357165		TRACK	STATE	CURSOR	Y	-0.013464200074672425
22:19:53.377456		TRACK	STATE	CURSOR	X	-0.010518258068968557
22:19:53.378455		TRACK	STATE	CURSOR	Y	-0.014885124348151738
22:19:53.397649		TRACK	STATE	CURSOR	X	-0.01093632418097096
22:19:53.398649		TRACK	STATE	CURSOR	Y	-0.016227316676783045
22:19:53.418359		TRACK	STATE	CURSOR	X	-0.011374099361641412
22:19:53.419125		TRACK	STATE	CURSOR	Y	-0.017624737933386432
22:19:53.438771		TRACK	STATE	CURSOR	X	-0.011789787974273389
22:19:53.439782		TRACK	STATE	CURSOR	Y	-0.018944060177606338
22:19:53.459630		TRACK	STATE	CURSOR	X	-0.01222484877285355
22:19:53.459630		TRACK	STATE	CURSOR	Y	-0.010316961344139371
22:19:53.479332		TRACK	STATE	CURSOR	X	-0.012637743827314746
22:19:53.480330		TRACK	STATE	CURSOR	Y	-0.011612452632971131
22:19:53.499773		TRACK	STATE	CURSOR	X	-0.013049124240212743
22:19:53.500777		TRACK	STATE	CURSOR	Y	-0.01289597518198714
22:19:53.520135		TRACK	STATE	CURSOR	X	-0.013458889918005265
22:19:53.520684		TRACK	STATE	CURSOR	Y	-0.014167306065379236
22:19:53.540025		TRACK	STATE	CURSOR	X	-0.013887296136008346
22:19:53.541028		TRACK	STATE	CURSOR	Y	-0.01548884045052819
22:19:53.560753		TRACK	STATE	CURSOR	X	-0.014293437317828334
22:19:53.560753		TRACK	STATE	CURSOR	Y	-0.016734489764895902
22:19:53.581375		TRACK	STATE	CURSOR	X	-0.014697656508208918
22:19:53.581375		TRACK	STATE	CURSOR	Y	-0.017967279679383122
22:19:53.601936		TRACK	STATE	CURSOR	X	-0.015119907227777065
22:19:53.602480		TRACK	STATE	CURSOR	Y	-0.01924763414211636
22:19:53.622187		TRACK	STATE	CURSOR	X	-0.015519869228898005
22:19:53.622187		TRACK	STATE	CURSOR	Y	-0.010453393011761675
22:19:53.641996		TRACK	STATE	CURSOR	X	-0.015917599321425092
22:19:53.643305		TRACK	STATE	CURSOR	Y	-0.011645643869704592
22:19:53.662517		TRACK	STATE	CURSOR	X	-0.016332702081297674
22:19:53.662517		TRACK	STATE	CURSOR	Y	-0.012882741346555962
22:19:53.682916		TRACK	STATE	CURSOR	X	-0.016725537246989462
22:19:53.682916		TRACK	STATE	CURSOR	Y	-0.014046651876159203
22:19:53.703993		TRACK	STATE	CURSOR	X	-0.01713527425681389
22:19:53.703993		TRACK	STATE	CURSOR	Y	-0.015253539856210247
22:19:53.724619		TRACK	STATE	CURSOR	X	-0.01754208742961641
22:19:53.724619		TRACK	STATE	CURSOR	Y	-0.016444609075638626
22:19:53.745621		TRACK	STATE	CURSOR	X	-0.01794585756029366
22:19:53.745621		TRACK	STATE	CURSOR	Y	-0.0176196290753916
22:19:53.765998		TRACK	STATE	CURSOR	X	-0.018327462157730116
22:19:53.765998		TRACK	STATE	CURSOR	Y	-0.01872356639706029
22:19:53.787304		TRACK	STATE	CURSOR	X	-0.01872494678969478
22:19:53.787799		TRACK	STATE	CURSOR	Y	-0.019866598778352777
22:19:53.806990		TRACK	STATE	CURSOR	X	-0.01910034797279217
22:19:53.806990		TRACK	STATE	CURSOR	Y	-0.010939666155588891
22:19:53.827519		TRACK	STATE	CURSOR	X	-0.019472565210621434
22:19:53.827519		TRACK	STATE	CURSOR	Y	-0.011997385072970186
22:19:53.847235		TRACK	STATE	CURSOR	X	-0.01985985313599848
22:19:53.847235		TRACK	STATE	CURSOR	Y	-0.013091266763502725
22:19:53.867879		TRACK	STATE	CURSOR	X	-0.01024339630653399
22:19:53.869154		TRACK	STATE	CURSOR	Y	-0.01416780749002042
22:19:53.888485		TRACK	STATE	CURSOR	X	-0.010605083989905813
22:19:53.888485		TRACK	STATE	CURSOR	Y	-0.015176769964469402
22:19:53.908880		TRACK	STATE	CURSOR	X	-0.010963162084593083
22:19:53.908880		TRACK	STATE	CURSOR	Y	-0.016169633893066
22:19:53.928844		TRACK	STATE	CURSOR	X	-0.01131752661386805
22:19:53.928844		TRACK	STATE	CURSOR	Y	-0.0171462228163185
22:19:53.948806		TRACK	STATE	CURSOR	X	-0.011668073568041866
22:19:53.948806		TRACK	STATE	CURSOR	Y	-0.018106362877705284
22:19:53.969712		TRACK	STATE	CURSOR	X	-0.012031925378833243
22:19:53.970695		TRACK	STATE	CURSOR	Y	-0.019096619538131007
22:19:53.990748		TRACK	STATE	CURSOR	X	-0.012391333194294767
22:19:53.990748		TRACK	STATE	CURSOR	Y	-0.01006835751812168
22:19:54.010856		TRACK	STATE	CURSOR	X	-0.012729384574516176
22:19:54.011863		TRACK	STATE	CURSOR	Y	-0.01097642983106178
22:19:54.031382		TRACK	STATE	CURSOR	X	-0.013079769009770517
22:19:54.032514		TRACK	STATE	CURSOR	Y	-0.011911462549143556
22:19:54.051358		TRACK	STATE	CURSOR	X	-0.013409008236308419
22:19:54.052366		TRACK	STATE	CURSOR	Y	-0.012784238116901154
22:19:54.071872		TRACK	STATE	CURSOR	X	-0.013733790398686588
22:19:54.071872		TRACK	STATE	CURSOR	Y	-0.01363955448309761
22:19:54.092578		TRACK	STATE	CURSOR	X	-0.014069901169556491
22:19:54.093077		TRACK	STATE	CURSOR	Y	-0.014518677243067222
22:19:54.111954		TRACK	STATE	CURSOR	X	-0.014385221918674399
22:19:54.112959		TRACK	STATE	CURSOR	Y	-0.015337722482805858
22:19:54.133755		TRACK	STATE	CURSOR	X	-0.014695769285799245
22:19:54.134182		TRACK	STATE	CURSOR	Y	-0.016138846292516003
22:19:54.153533		TRACK	STATE	CURSOR	X	-0.015016593436203022
22:19:54.154532		TRACK	STATE	CURSOR	Y	-0.01696057889248808
22:19:54.174300		TRACK	STATE	CURSOR	X	-0.015331921201627756
22:19:54.175296		TRACK	STATE	CURSOR	Y	-0.017762227118108077
22:19:54.194145		TRACK	STATE	CURSOR	X	-0.01562701404561849
22:19:54.195145		TRACK	STATE	CURSOR	Y	-0.01850688102643875
22:19:54.214898		TRACK	STATE	CURSOR	X	-0.015916910140506675
22:19:54.215928		TRACK	STATE	CURSOR	Y	-0.01923303434376137
22:19:54.235899		TRACK	STATE	CURSOR	X	-0.016215595522069304
22:19:54.235899		TRACK	STATE	CURSOR	Y	-0.01997543775327259
22:19:54.255980		TRACK	STATE	CURSOR	X	-0.016508319307745545
22:19:54.256989		TRACK	STATE	CURSOR	Y	-0.01069714553192497
22:19:54.276724		TRACK	STATE	CURSOR	X	-0.016781452871056625
22:19:54.276724		TRACK	STATE	CURSOR	Y	-0.011365110321591087
22:19:54.297892		TRACK	STATE	CURSOR	X	-0.017062195942263915
22:19:54.297892		TRACK	STATE	CURSOR	Y	-0.01204599022884967
22:19:54.317403		TRACK	STATE	CURSOR	X	-0.017323704878136316
22:19:54.318455		TRACK	STATE	CURSOR	Y	-0.012674813152859803
22:19:54.338447		TRACK	STATE	CURSOR	X	-0.017592017523261512
22:19:54.339764		TRACK	STATE	CURSOR	Y	-0.013314330000588017
22:19:54.359793		TRACK	STATE	CURSOR	X	-0.017853789982213437
22:19:54.360793		TRACK	STATE	CURSOR	Y	-0.013932462664841177
22:19:54.380125		TRACK	STATE	CURSOR	X	-0.018108905264058603
22:19:54.381068		TRACK	STATE	CURSOR	Y	-0.014529081844585278
22:19:54.401162		TRACK	STATE	CURSOR	X	-0.018345576284588418
22:19:54.401162		TRACK	STATE	CURSOR	Y	-0.015077174529737116
22:19:54.421487		TRACK	STATE	CURSOR	X	-0.018576002865760027
22:19:54.421813		TRACK	STATE	CURSOR	Y	-0.015605534829722602
22:19:54.441978		TRACK	STATE	CURSOR	X	-0.0188111207107797
22:19:54.441978		TRACK	STATE	CURSOR	Y	-0.016138964603888736
22:19:54.462170		TRACK	STATE	CURSOR	X	-0.0190284337441885
22:19:54.462170		TRACK	STATE	CURSOR	Y	-0.016626558133652977
22:19:54.687841		RESMAN	STATE	TANKA	LEVEL	2448
22:19:54.688883		RESMAN	STATE	TANKB	LEVEL	2448
22:19:54.689520		TRACK	STATE	CURSOR	X	-0.011005610158959784
22:19:54.689520		TRACK	STATE	CURSOR	Y	-0.010723945852365089
22:19:54.707965		TRACK	STATE	CURSOR	X	-0.011135604253064599
22:19:54.707965		TRACK	STATE	CURSOR	Y	-0.010959500027787472
22:19:54.728817		TRACK	STATE	CURSOR	X	-0.011257864211801272
22:19:54.728817		TRACK	STATE	CURSOR	Y	-0.011174115020739945
22:19:54.748231		TRACK	STATE	CURSOR	X	-0.011377811566181348
22:19:54.749231		TRACK	STATE	CURSOR	Y	-0.011376868763545095
22:19:54.769205		TRACK	STATE	CURSOR	X	-0.011483926478083372
22:19:54.769205		TRACK	STATE	CURSOR	Y	-0.011548401430799294
22:19:54.789575		TRACK	STATE	CURSOR	X	-0.011586718366782755
22:19:54.790737		TRACK	STATE	CURSOR	Y	-0.011705816869121597
22:19:54.810047		TRACK	STATE	CURSOR	X	-0.011680567189989425
22:19:54.811182		TRACK	STATE	CURSOR	Y	-0.011839938346732479
22:19:54.830898		TRACK	STATE	CURSOR	X	-0.011761536747086474
22:19:54.830898		TRACK	STATE	CURSOR	Y	-0.011945976972222392
22:19:54.850560		TRACK	STATE	CURSOR	X	-0.011834209812439817
22:19:54.851524		TRACK	STATE	CURSOR	Y	-0.012030814222117223
22:19:54.871131		TRACK	STATE	CURSOR	X	-0.011901489855710533
22:19:54.871131		TRACK	STATE	CURSOR	Y	-0.012097042150729565
22:19:54.891900		TRACK	STATE	CURSOR	X	-0.011956877030651675
22:19:54.891900		TRACK	STATE	CURSOR	Y	-0.01213832534923578
22:19:54.912104		TRACK	STATE	CURSOR	X	-0.012003697807260372
22:19:54.912104		TRACK	STATE	CURSOR	Y	-0.012158325265250092
22:19:54.932960		TRACK	STATE	CURSOR	X	-0.012043544742837054
22:19:54.933460		TRACK	STATE	CURSOR	Y	-0.012156397359157545
22:19:54.953321		TRACK	STATE	CURSOR	X	-0.01207253288683756
22:19:54.953321		TRACK	STATE	CURSOR	Y	-0.012132708241879281
22:19:54.973566		TRACK	STATE	CURSOR	X	-0.012093465827966181
22:19:54.973566		TRACK	STATE	CURSOR	Y	-0.012084874812279845
22:19:54.994607		TRACK	STATE	CURSOR	X	-0.012104261515319814
22:19:54.994607		TRACK	STATE	CURSOR	Y	-0.012017443047181353
22:19:55.014834		TRACK	STATE	CURSOR	X	-0.012105905996153287
22:19:55.014834		TRACK	STATE	CURSOR	Y	-0.011923663498960924
22:19:55.035101		TRACK	STATE	CURSOR	X	-0.012097528226396636
22:19:55.036463		TRACK	STATE	CURSOR	Y	-0.011806345047778577
22:19:55.056260		TRACK	STATE	CURSOR	X	-0.012080144285400949
22:19:55.056760		TRACK	STATE	CURSOR	Y	-0.01167273057685469
22:19:55.076448		TRACK	STATE	CURSOR	X	-0.012051924955166682
22:19:55.077449		TRACK	STATE	CURSOR	Y	-0.011509464366996925
22:19:55.098044		TRACK	STATE	CURSOR	X	-0.012013404273387084
22:19:55.098044		TRACK	STATE	CURSOR	Y	-0.01132267685869156
22:19:55.118464		TRACK	STATE	CURSOR	X	-0.011964489662989417
22:19:55.119461		TRACK	STATE	CURSOR	Y	-0.011112382384072856
22:19:55.139452		TRACK	STATE	CURSOR	X	-0.011905089565062222
22:19:55.140830		TRACK	STATE	CURSOR	Y	-0.010878599511539572
22:19:55.160830		TRACK	STATE	CURSOR	X	-0.011835113455518896
22:19:55.160830		TRACK	STATE	CURSOR	Y	-0.010621351045432778
22:19:55.181877		TRACK	STATE	CURSOR	X	-0.011758555094028166
22:19:55.182296		TRACK	STATE	CURSOR	Y	-0.010354561114957925
22:19:55.417873		TRACK	STATE	CURSOR	X	-0.010088825313633054
22:19:55.418966		TRACK	STATE	CURSOR	Y	-0.005587260176154874
22:19:55.462031		MAIN	STATE		END
