#	date	

00:10:43.702161		MAIN	INFO	SCENARIO	FILENAME	scenario_demo.txt
00:10:43.705672		MAIN	INFO	SCREENSIZE	WIDTH	1920
00:10:43.705672		MAIN	INFO	SCREENSIZE	HEIGHT	1080
00:10:43.766870		MAIN	INFO	COMMUNICATIONS	AOI_X	[0, 563]
00:10:43.766870		MAIN	INFO	COMMUNICATIONS	AOI_Y	[580, 1080]
00:10:43.775120		MAIN	INFO	PUMPSTATUS	AOI_X	[1576, 1919]
00:10:43.775120		MAIN	INFO	PUMPSTATUS	AOI_Y	[580, 1080]
00:10:43.776127		MAIN	INFO	RESMAN	AOI_X	[563, 1585]
00:10:43.776127		MAIN	INFO	RESMAN	AOI_Y	[580, 1080]
00:10:43.777121		MAIN	INFO	SCHEDULING	AOI_X	[1576, 1919]
00:10:43.777121		MAIN	INFO	SCHEDULING	AOI_Y	[40, 540]
00:10:43.777879		MAIN	INFO	SYSMON	AOI_X	[0, 668]
00:10:43.777879		MAIN	INFO	SYSMON	AOI_Y	[40, 540]
00:10:43.778253		MAIN	INFO	TRACK	AOI_X	[563, 1585]
00:10:43.778253		MAIN	INFO	TRACK	AOI_Y	[40, 540]
00:10:43.787342		MAIN	SCENARIO	COMMUNICATIONS	CALLSIGNREGEX	[A-Z][A-Z]\d\d
00:10:43.787728		MAIN	SCENARIO	COMMUNICATIONS	OTHERCALLSIGNNUMBER	5
00:10:43.787953		MAIN	SCENARIO	COMMUNICATIONS	VOICEGENDER	male
00:10:43.788128		MAIN	SCENARIO	COMMUNICATIONS	VOICEIDIOM	english
00:10:43.794093		COMMUN	STATE	OWNCALLSIGN		RS93
00:10:43.816970		COMMUN	STATE	OTHERCALLSIGN		['WC81', 'VO20', 'IN45', 'ZK76', 'BL19']
00:10:43.822035		MAIN	STATE	COMMUNICATIONS	START
00:10:43.825090		TRACK	STATE	TARGET	X	0.5
00:10:43.826093		TRACK	STATE	TARGET	Y	0.5
00:10:43.826093		TRACK	STATE	TARGET	RADIUS	0.1
00:10:43.827094		TRACK	STATE		MODE	MANUAL
00:10:43.827380		MAIN	STATE	TRACK	START
00:10:43.827818		MAIN	SCENARIO	TRACK	AUTOMATICSOLVER	True
00:10:44.378713		MAIN	STATE	SYSMON	START
00:10:44.384079		MAIN	STATE	PUMPSTATUS	START
00:10:44.386086		RESMAN	STATE	TANK	TOLERANCE	500
00:10:44.386086		RESMAN	STATE	TANKA	TARGET	2500
00:10:44.388104		RESMAN	STATE	TANKB	TARGET	2500
00:10:44.393959		MAIN	STATE	RESMAN	START
00:10:44.401032		MAIN	STATE	SCHEDULING	START
00:10:44.401032		MAIN	STATE		PAUSE
00:10:44.427743		MAIN	STATE	PARTICIPANTINFO	START
00:10:53.267063		MAIN	STATE		END
